<?xml version="1.0" encoding="UTF-8"?>
<testsuite xmlns:xsi="http://www.w3.org/2001/XMLSchema-instance" xsi:noNamespaceSchemaLocation="https://maven.apache.org/surefire/maven-surefire-plugin/xsd/surefire-test-report-3.0.xsd" version="3.0" name="TestSuite" time="422.964" tests="8" errors="0" skipped="0" failures="0">
  <properties>
    <property name="sun.desktop" value="windows"/>
    <property name="awt.toolkit" value="sun.awt.windows.WToolkit"/>
    <property name="file.encoding.pkg" value="sun.io"/>
    <property name="java.specification.version" value="1.8"/>
    <property name="webdriver.chrome.driver" value="E:/SetUp/Selenium/Driver&apos;s/chromedriver_win32/chromedriver.exe"/>
    <property name="sun.cpu.isalist" value="amd64"/>
    <property name="sun.jnu.encoding" value="Cp1252"/>
    <property name="java.class.path" value="E:\Selenium Programs\KolhapurAutomationHybridFramework\target\test-classes;E:\Selenium Programs\KolhapurAutomationHybridFramework\target\classes;C:\Users\adm\.m2\repository\org\seleniumhq\selenium\selenium-java\3.7.0\selenium-java-3.7.0.jar;C:\Users\adm\.m2\repository\org\seleniumhq\selenium\selenium-api\3.7.0\selenium-api-3.7.0.jar;C:\Users\adm\.m2\repository\org\seleniumhq\selenium\selenium-chrome-driver\3.7.0\selenium-chrome-driver-3.7.0.jar;C:\Users\adm\.m2\repository\org\seleniumhq\selenium\selenium-edge-driver\3.7.0\selenium-edge-driver-3.7.0.jar;C:\Users\adm\.m2\repository\org\seleniumhq\selenium\selenium-firefox-driver\3.7.0\selenium-firefox-driver-3.7.0.jar;C:\Users\adm\.m2\repository\org\seleniumhq\selenium\selenium-ie-driver\3.7.0\selenium-ie-driver-3.7.0.jar;C:\Users\adm\.m2\repository\org\seleniumhq\selenium\selenium-opera-driver\3.7.0\selenium-opera-driver-3.7.0.jar;C:\Users\adm\.m2\repository\org\seleniumhq\selenium\selenium-remote-driver\3.7.0\selenium-remote-driver-3.7.0.jar;C:\Users\adm\.m2\repository\org\seleniumhq\selenium\selenium-safari-driver\3.7.0\selenium-safari-driver-3.7.0.jar;C:\Users\adm\.m2\repository\org\seleniumhq\selenium\selenium-support\3.7.0\selenium-support-3.7.0.jar;C:\Users\adm\.m2\repository\net\bytebuddy\byte-buddy\1.7.5\byte-buddy-1.7.5.jar;C:\Users\adm\.m2\repository\org\apache\commons\commons-exec\1.3\commons-exec-1.3.jar;C:\Users\adm\.m2\repository\commons-codec\commons-codec\1.10\commons-codec-1.10.jar;C:\Users\adm\.m2\repository\commons-logging\commons-logging\1.2\commons-logging-1.2.jar;C:\Users\adm\.m2\repository\com\google\code\gson\gson\2.8.2\gson-2.8.2.jar;C:\Users\adm\.m2\repository\com\google\guava\guava\23.0\guava-23.0.jar;C:\Users\adm\.m2\repository\com\google\code\findbugs\jsr305\1.3.9\jsr305-1.3.9.jar;C:\Users\adm\.m2\repository\com\google\errorprone\error_prone_annotations\2.0.18\error_prone_annotations-2.0.18.jar;C:\Users\adm\.m2\repository\com\google\j2objc\j2objc-annotations\1.1\j2objc-annotations-1.1.jar;C:\Users\adm\.m2\repository\org\codehaus\mojo\animal-sniffer-annotations\1.14\animal-sniffer-annotations-1.14.jar;C:\Users\adm\.m2\repository\org\apache\httpcomponents\httpclient\4.5.3\httpclient-4.5.3.jar;C:\Users\adm\.m2\repository\org\apache\httpcomponents\httpcore\4.4.6\httpcore-4.4.6.jar;C:\Users\adm\.m2\repository\org\testng\testng\6.8\testng-6.8.jar;C:\Users\adm\.m2\repository\junit\junit\4.10\junit-4.10.jar;C:\Users\adm\.m2\repository\org\hamcrest\hamcrest-core\1.1\hamcrest-core-1.1.jar;C:\Users\adm\.m2\repository\org\beanshell\bsh\2.0b4\bsh-2.0b4.jar;C:\Users\adm\.m2\repository\com\beust\jcommander\1.27\jcommander-1.27.jar;C:\Users\adm\.m2\repository\org\yaml\snakeyaml\1.6\snakeyaml-1.6.jar;C:\Users\adm\.m2\repository\org\apache\poi\poi\3.9\poi-3.9.jar;C:\Users\adm\.m2\repository\xml-apis\xml-apis\1.4.01\xml-apis-1.4.01.jar;C:\Users\adm\.m2\repository\commons-io\commons-io\2.6\commons-io-2.6.jar;C:\Users\adm\.m2\repository\org\apache\poi\poi-ooxml\3.9\poi-ooxml-3.9.jar;C:\Users\adm\.m2\repository\org\apache\poi\poi-ooxml-schemas\3.9\poi-ooxml-schemas-3.9.jar;C:\Users\adm\.m2\repository\org\apache\xmlbeans\xmlbeans\2.3.0\xmlbeans-2.3.0.jar;C:\Users\adm\.m2\repository\stax\stax-api\1.0.1\stax-api-1.0.1.jar;C:\Users\adm\.m2\repository\dom4j\dom4j\1.6.1\dom4j-1.6.1.jar;C:\Users\adm\.m2\repository\com\relevantcodes\extentreports\2.41.2\extentreports-2.41.2.jar;C:\Users\adm\.m2\repository\org\jsoup\jsoup\1.8.3\jsoup-1.8.3.jar;C:\Users\adm\.m2\repository\org\xerial\sqlite-jdbc\3.8.11.1\sqlite-jdbc-3.8.11.1.jar;C:\Users\adm\.m2\repository\org\freemarker\freemarker\2.3.23\freemarker-2.3.23.jar;C:\Users\adm\.m2\repository\org\mongodb\mongodb-driver\3.0.4\mongodb-driver-3.0.4.jar;C:\Users\adm\.m2\repository\org\mongodb\bson\3.0.4\bson-3.0.4.jar;C:\Users\adm\.m2\repository\org\mongodb\mongodb-driver-core\3.0.4\mongodb-driver-core-3.0.4.jar;"/>
    <property name="java.vm.vendor" value="Oracle Corporation"/>
    <property name="sun.arch.data.model" value="64"/>
    <property name="user.variant" value=""/>
    <property name="java.vendor.url" value="http://java.oracle.com/"/>
    <property name="user.timezone" value="Asia/Calcutta"/>
    <property name="java.vm.specification.version" value="1.8"/>
    <property name="os.name" value="Windows 10"/>
    <property name="user.country" value="US"/>
    <property name="sun.java.launcher" value="SUN_STANDARD"/>
    <property name="sun.boot.library.path" value="C:\Program Files\Java\jdk1.8.0_202\jre\bin"/>
    <property name="sun.java.command" value="C:\Users\adm\AppData\Local\Temp\surefire1118432108416861960\surefirebooter2150764738829015264.jar C:\Users\adm\AppData\Local\Temp\surefire1118432108416861960 2021-12-11T10-41-20_386-jvmRun1 surefire2404314901527753649tmp surefire_01306716254929966340tmp"/>
    <property name="surefire.test.class.path" value="E:\Selenium Programs\KolhapurAutomationHybridFramework\target\test-classes;E:\Selenium Programs\KolhapurAutomationHybridFramework\target\classes;C:\Users\adm\.m2\repository\org\seleniumhq\selenium\selenium-java\3.7.0\selenium-java-3.7.0.jar;C:\Users\adm\.m2\repository\org\seleniumhq\selenium\selenium-api\3.7.0\selenium-api-3.7.0.jar;C:\Users\adm\.m2\repository\org\seleniumhq\selenium\selenium-chrome-driver\3.7.0\selenium-chrome-driver-3.7.0.jar;C:\Users\adm\.m2\repository\org\seleniumhq\selenium\selenium-edge-driver\3.7.0\selenium-edge-driver-3.7.0.jar;C:\Users\adm\.m2\repository\org\seleniumhq\selenium\selenium-firefox-driver\3.7.0\selenium-firefox-driver-3.7.0.jar;C:\Users\adm\.m2\repository\org\seleniumhq\selenium\selenium-ie-driver\3.7.0\selenium-ie-driver-3.7.0.jar;C:\Users\adm\.m2\repository\org\seleniumhq\selenium\selenium-opera-driver\3.7.0\selenium-opera-driver-3.7.0.jar;C:\Users\adm\.m2\repository\org\seleniumhq\selenium\selenium-remote-driver\3.7.0\selenium-remote-driver-3.7.0.jar;C:\Users\adm\.m2\repository\org\seleniumhq\selenium\selenium-safari-driver\3.7.0\selenium-safari-driver-3.7.0.jar;C:\Users\adm\.m2\repository\org\seleniumhq\selenium\selenium-support\3.7.0\selenium-support-3.7.0.jar;C:\Users\adm\.m2\repository\net\bytebuddy\byte-buddy\1.7.5\byte-buddy-1.7.5.jar;C:\Users\adm\.m2\repository\org\apache\commons\commons-exec\1.3\commons-exec-1.3.jar;C:\Users\adm\.m2\repository\commons-codec\commons-codec\1.10\commons-codec-1.10.jar;C:\Users\adm\.m2\repository\commons-logging\commons-logging\1.2\commons-logging-1.2.jar;C:\Users\adm\.m2\repository\com\google\code\gson\gson\2.8.2\gson-2.8.2.jar;C:\Users\adm\.m2\repository\com\google\guava\guava\23.0\guava-23.0.jar;C:\Users\adm\.m2\repository\com\google\code\findbugs\jsr305\1.3.9\jsr305-1.3.9.jar;C:\Users\adm\.m2\repository\com\google\errorprone\error_prone_annotations\2.0.18\error_prone_annotations-2.0.18.jar;C:\Users\adm\.m2\repository\com\google\j2objc\j2objc-annotations\1.1\j2objc-annotations-1.1.jar;C:\Users\adm\.m2\repository\org\codehaus\mojo\animal-sniffer-annotations\1.14\animal-sniffer-annotations-1.14.jar;C:\Users\adm\.m2\repository\org\apache\httpcomponents\httpclient\4.5.3\httpclient-4.5.3.jar;C:\Users\adm\.m2\repository\org\apache\httpcomponents\httpcore\4.4.6\httpcore-4.4.6.jar;C:\Users\adm\.m2\repository\org\testng\testng\6.8\testng-6.8.jar;C:\Users\adm\.m2\repository\junit\junit\4.10\junit-4.10.jar;C:\Users\adm\.m2\repository\org\hamcrest\hamcrest-core\1.1\hamcrest-core-1.1.jar;C:\Users\adm\.m2\repository\org\beanshell\bsh\2.0b4\bsh-2.0b4.jar;C:\Users\adm\.m2\repository\com\beust\jcommander\1.27\jcommander-1.27.jar;C:\Users\adm\.m2\repository\org\yaml\snakeyaml\1.6\snakeyaml-1.6.jar;C:\Users\adm\.m2\repository\org\apache\poi\poi\3.9\poi-3.9.jar;C:\Users\adm\.m2\repository\xml-apis\xml-apis\1.4.01\xml-apis-1.4.01.jar;C:\Users\adm\.m2\repository\commons-io\commons-io\2.6\commons-io-2.6.jar;C:\Users\adm\.m2\repository\org\apache\poi\poi-ooxml\3.9\poi-ooxml-3.9.jar;C:\Users\adm\.m2\repository\org\apache\poi\poi-ooxml-schemas\3.9\poi-ooxml-schemas-3.9.jar;C:\Users\adm\.m2\repository\org\apache\xmlbeans\xmlbeans\2.3.0\xmlbeans-2.3.0.jar;C:\Users\adm\.m2\repository\stax\stax-api\1.0.1\stax-api-1.0.1.jar;C:\Users\adm\.m2\repository\dom4j\dom4j\1.6.1\dom4j-1.6.1.jar;C:\Users\adm\.m2\repository\com\relevantcodes\extentreports\2.41.2\extentreports-2.41.2.jar;C:\Users\adm\.m2\repository\org\jsoup\jsoup\1.8.3\jsoup-1.8.3.jar;C:\Users\adm\.m2\repository\org\xerial\sqlite-jdbc\3.8.11.1\sqlite-jdbc-3.8.11.1.jar;C:\Users\adm\.m2\repository\org\freemarker\freemarker\2.3.23\freemarker-2.3.23.jar;C:\Users\adm\.m2\repository\org\mongodb\mongodb-driver\3.0.4\mongodb-driver-3.0.4.jar;C:\Users\adm\.m2\repository\org\mongodb\bson\3.0.4\bson-3.0.4.jar;C:\Users\adm\.m2\repository\org\mongodb\mongodb-driver-core\3.0.4\mongodb-driver-core-3.0.4.jar;"/>
    <property name="sun.cpu.endian" value="little"/>
    <property name="user.home" value="C:\Users\adm"/>
    <property name="user.language" value="en"/>
    <property name="java.specification.vendor" value="Oracle Corporation"/>
    <property name="java.home" value="C:\Program Files\Java\jdk1.8.0_202\jre"/>
    <property name="basedir" value="E:\Selenium Programs\KolhapurAutomationHybridFramework"/>
    <property name="file.separator" value="\"/>
    <property name="line.separator" value="&#10;"/>
    <property name="java.vm.specification.vendor" value="Oracle Corporation"/>
    <property name="java.specification.name" value="Java Platform API Specification"/>
    <property name="java.awt.graphicsenv" value="sun.awt.Win32GraphicsEnvironment"/>
    <property name="surefire.real.class.path" value="C:\Users\adm\AppData\Local\Temp\surefire1118432108416861960\surefirebooter2150764738829015264.jar"/>
    <property name="sun.boot.class.path" value="C:\Program Files\Java\jdk1.8.0_202\jre\lib\resources.jar;C:\Program Files\Java\jdk1.8.0_202\jre\lib\rt.jar;C:\Program Files\Java\jdk1.8.0_202\jre\lib\sunrsasign.jar;C:\Program Files\Java\jdk1.8.0_202\jre\lib\jsse.jar;C:\Program Files\Java\jdk1.8.0_202\jre\lib\jce.jar;C:\Program Files\Java\jdk1.8.0_202\jre\lib\charsets.jar;C:\Program Files\Java\jdk1.8.0_202\jre\lib\jfr.jar;C:\Program Files\Java\jdk1.8.0_202\jre\classes"/>
    <property name="user.script" value=""/>
    <property name="sun.management.compiler" value="HotSpot 64-Bit Tiered Compilers"/>
    <property name="java.runtime.version" value="1.8.0_202-b08"/>
    <property name="user.name" value="adm"/>
    <property name="path.separator" value=";"/>
    <property name="os.version" value="10.0"/>
    <property name="java.endorsed.dirs" value="C:\Program Files\Java\jdk1.8.0_202\jre\lib\endorsed"/>
    <property name="java.runtime.name" value="Java(TM) SE Runtime Environment"/>
    <property name="file.encoding" value="Cp1252"/>
    <property name="java.vm.name" value="Java HotSpot(TM) 64-Bit Server VM"/>
    <property name="localRepository" value="C:\Users\adm\.m2\repository"/>
    <property name="java.vendor.url.bug" value="http://bugreport.sun.com/bugreport/"/>
    <property name="java.io.tmpdir" value="C:\Users\adm\AppData\Local\Temp\"/>
    <property name="java.version" value="1.8.0_202"/>
    <property name="user.dir" value="E:\Selenium Programs\KolhapurAutomationHybridFramework"/>
    <property name="os.arch" value="amd64"/>
    <property name="java.vm.specification.name" value="Java Virtual Machine Specification"/>
    <property name="java.awt.printerjob" value="sun.awt.windows.WPrinterJob"/>
    <property name="sun.os.patch.level" value=""/>
    <property name="java.library.path" value="C:\Program Files\Java\jdk1.8.0_202\jre\bin;C:\WINDOWS\Sun\Java\bin;C:\WINDOWS\system32;C:\WINDOWS;C:/Program Files/Java/jre1.8.0_202/bin/server;C:/Program Files/Java/jre1.8.0_202/bin;C:/Program Files/Java/jre1.8.0_202/lib/amd64;C:\Program Files (x86)\Common Files\Oracle\Java\javapath;C:\WINDOWS\system32;C:\WINDOWS;C:\WINDOWS\System32\Wbem;C:\WINDOWS\System32\WindowsPowerShell\v1.0\;C:\WINDOWS\System32\OpenSSH\;C:\Program Files\Java\jdk1.8.0_202\bin;C:\Program Files\Git\cmd;C:\Program Files\Git\bin;C:\Users\adm\AppData\Local\Microsoft\WindowsApps;;E:\eclipse-jee-neon-3-win32-x86_64\eclipse;;."/>
    <property name="java.vm.info" value="mixed mode"/>
    <property name="java.vendor" value="Oracle Corporation"/>
    <property name="java.vm.version" value="25.202-b08"/>
    <property name="java.ext.dirs" value="C:\Program Files\Java\jdk1.8.0_202\jre\lib\ext;C:\WINDOWS\Sun\Java\lib\ext"/>
    <property name="sun.io.unicode.encoding" value="UnicodeLittle"/>
    <property name="java.class.version" value="52.0"/>
  </properties>
  <testcase name="verify_directory_link_test" classname="com.kolhapur.testcases.HomePageTest" time="5.494">
    <system-out><![CDATA[Before navigating to: 'https://kolhapur.gov.in/en/'
Navigated to:'https://kolhapur.gov.in/en/'
Trying to find Element By : By.xpath: //a[text()='Directory']
Found Element By : By.xpath: //a[text()='Directory']
Trying to click on: [[ChromeDriver: chrome on WINDOWS (1371c646ce61b795a90fdf37eecac471)] -> xpath: //a[text()='Directory']]
Clicked on: [[ChromeDriver: chrome on WINDOWS (1371c646ce61b795a90fdf37eecac471)] -> xpath: //a[text()='Directory']]
Directory | Kolhapur | India
]]></system-out>
    <system-err><![CDATA[Starting ChromeDriver 96.0.4664.45 (76e4c1bb2ab4671b8beba3444e61c0f17584b2fc-refs/branch-heads/4664@{#947}) on port 28200
Only local connections are allowed.
Please see https://chromedriver.chromium.org/security-considerations for suggestions on keeping ChromeDriver safe.
ChromeDriver was started successfully.
Dec 11, 2021 10:41:23 AM org.openqa.selenium.remote.ProtocolHandshake createSession
INFO: Detected dialect: W3C
]]></system-err>
  </testcase>
  <testcase name="verify_public_utilities_link_test" classname="com.kolhapur.testcases.HomePageTest" time="1.816">
    <system-out><![CDATA[Before navigating to: 'https://kolhapur.gov.in/en/'
Navigated to:'https://kolhapur.gov.in/en/'
Trying to find Element By : By.xpath: //a[text()='Directory']
Found Element By : By.xpath: //a[text()='Directory']
Trying to find Element By : By.xpath: //a[text()='Public Utilities']
Found Element By : By.xpath: //a[text()='Public Utilities']
Trying to click on: [[ChromeDriver: chrome on WINDOWS (da24b2e986212881af829056947f8d76)] -> xpath: //a[text()='Public Utilities']]
Clicked on: [[ChromeDriver: chrome on WINDOWS (da24b2e986212881af829056947f8d76)] -> xpath: //a[text()='Public Utilities']]
Public Utilities | Kolhapur | India
]]></system-out>
    <system-err><![CDATA[Starting ChromeDriver 96.0.4664.45 (76e4c1bb2ab4671b8beba3444e61c0f17584b2fc-refs/branch-heads/4664@{#947}) on port 24720
Only local connections are allowed.
Please see https://chromedriver.chromium.org/security-considerations for suggestions on keeping ChromeDriver safe.
ChromeDriver was started successfully.
Dec 11, 2021 10:41:48 AM org.openqa.selenium.remote.ProtocolHandshake createSession
INFO: Detected dialect: W3C
]]></system-err>
  </testcase>
  <testcase name="verify_howtosearch_link_test" classname="com.kolhapur.testcases.HomePageTest" time="2.964">
    <system-out><![CDATA[Before navigating to: 'https://kolhapur.gov.in/en/'
Navigated to:'https://kolhapur.gov.in/en/'
Trying to find Element By : By.xpath: //a[text()='Directory']
Found Element By : By.xpath: //a[text()='Directory']
Trying to find Element By : By.xpath: //a[text()='Public Utilities']
Found Element By : By.xpath: //a[text()='Public Utilities']
Trying to find Element By : By.xpath: //a[text()='How to Reach']
Found Element By : By.xpath: //a[text()='How to Reach']
Trying to click on: [[ChromeDriver: chrome on WINDOWS (40dec0dc4b3be73dad56598ba37e3783)] -> xpath: //a[text()='How to Reach']]
Clicked on: [[ChromeDriver: chrome on WINDOWS (40dec0dc4b3be73dad56598ba37e3783)] -> xpath: //a[text()='How to Reach']]
How to Reach | Kolhapur | India
]]></system-out>
    <system-err><![CDATA[Starting ChromeDriver 96.0.4664.45 (76e4c1bb2ab4671b8beba3444e61c0f17584b2fc-refs/branch-heads/4664@{#947}) on port 7580
Only local connections are allowed.
Please see https://chromedriver.chromium.org/security-considerations for suggestions on keeping ChromeDriver safe.
ChromeDriver was started successfully.
Dec 11, 2021 10:42:02 AM org.openqa.selenium.remote.ProtocolHandshake createSession
INFO: Detected dialect: W3C
]]></system-err>
  </testcase>
  <testcase name="verify_feedback_link_test" classname="com.kolhapur.testcases.HomePageTest" time="10.273">
    <system-out><![CDATA[Before navigating to: 'https://kolhapur.gov.in/en/'
Navigated to:'https://kolhapur.gov.in/en/'
Trying to find Element By : By.xpath: //a[text()='Feedback']
Found Element By : By.xpath: //a[text()='Feedback']
Trying to click on: [[ChromeDriver: chrome on WINDOWS (0fd3ffdaa1029dde47e15c54ff98dba2)] -> xpath: //a[text()='Feedback']]
Clicked on: [[ChromeDriver: chrome on WINDOWS (0fd3ffdaa1029dde47e15c54ff98dba2)] -> xpath: //a[text()='Feedback']]
]]></system-out>
    <system-err><![CDATA[Starting ChromeDriver 96.0.4664.45 (76e4c1bb2ab4671b8beba3444e61c0f17584b2fc-refs/branch-heads/4664@{#947}) on port 5104
Only local connections are allowed.
Please see https://chromedriver.chromium.org/security-considerations for suggestions on keeping ChromeDriver safe.
ChromeDriver was started successfully.
Dec 11, 2021 10:42:21 AM org.openqa.selenium.remote.ProtocolHandshake createSession
INFO: Detected dialect: W3C
]]></system-err>
  </testcase>
  <testcase name="verify_digital_india_logo_test" classname="com.kolhapur.testcases.HomePageTest" time="0.056">
    <system-out><![CDATA[Before navigating to: 'https://kolhapur.gov.in/en/'
Navigated to:'https://kolhapur.gov.in/en/'
Trying to find Element By : By.xpath: //img[@alt='Digital India']
Found Element By : By.xpath: //img[@alt='Digital India']
]]></system-out>
    <system-err><![CDATA[Starting ChromeDriver 96.0.4664.45 (76e4c1bb2ab4671b8beba3444e61c0f17584b2fc-refs/branch-heads/4664@{#947}) on port 22017
Only local connections are allowed.
Please see https://chromedriver.chromium.org/security-considerations for suggestions on keeping ChromeDriver safe.
ChromeDriver was started successfully.
Dec 11, 2021 10:43:42 AM org.openqa.selenium.remote.ProtocolHandshake createSession
INFO: Detected dialect: W3C
]]></system-err>
  </testcase>
  <testcase name="passdata_test[Ajay, ajay05@gmail.com, Math, hi](1)" classname="com.kolhapur.testcases.FeedBackPageTest" time="29.25">
    <system-out><![CDATA[Before navigating to: 'https://kolhapur.gov.in/en/'
Navigated to:'https://kolhapur.gov.in/en/'
Trying to find Element By : By.xpath: //a[text()='Feedback']
Found Element By : By.xpath: //a[text()='Feedback']
Trying to click on: [[ChromeDriver: chrome on WINDOWS (8f9599a6c841ec6c9d6417072eaf68bb)] -> xpath: //a[text()='Feedback']]
Clicked on: [[ChromeDriver: chrome on WINDOWS (8f9599a6c841ec6c9d6417072eaf68bb)] -> xpath: //a[text()='Feedback']]
Trying to find Element By : By.id: your-name
Found Element By : By.id: your-name
Trying to find Element By : By.id: your-email
Found Element By : By.id: your-email
Trying to find Element By : By.id: your-subject
Found Element By : By.id: your-subject
Trying to find Element By : By.id: your-message
Found Element By : By.id: your-message
]]></system-out>
    <system-err><![CDATA[Starting ChromeDriver 96.0.4664.45 (76e4c1bb2ab4671b8beba3444e61c0f17584b2fc-refs/branch-heads/4664@{#947}) on port 45399
Only local connections are allowed.
Please see https://chromedriver.chromium.org/security-considerations for suggestions on keeping ChromeDriver safe.
ChromeDriver was started successfully.
Dec 11, 2021 10:44:04 AM org.openqa.selenium.remote.ProtocolHandshake createSession
INFO: Detected dialect: W3C
]]></system-err>
  </testcase>
  <testcase name="passdata_test[Kiran, kirangodse@gmailcom, English, hello](2)" classname="com.kolhapur.testcases.FeedBackPageTest" time="51.152">
    <system-out><![CDATA[Before navigating to: 'https://kolhapur.gov.in/en/'
Navigated to:'https://kolhapur.gov.in/en/'
Trying to find Element By : By.xpath: //a[text()='Feedback']
Found Element By : By.xpath: //a[text()='Feedback']
Trying to click on: [[ChromeDriver: chrome on WINDOWS (489f2e02f49dd64bc1ca5c59ee898670)] -> xpath: //a[text()='Feedback']]
Clicked on: [[ChromeDriver: chrome on WINDOWS (489f2e02f49dd64bc1ca5c59ee898670)] -> xpath: //a[text()='Feedback']]
Trying to find Element By : By.id: your-name
Found Element By : By.id: your-name
Trying to find Element By : By.id: your-email
Found Element By : By.id: your-email
Trying to find Element By : By.id: your-subject
Found Element By : By.id: your-subject
Trying to find Element By : By.id: your-message
Found Element By : By.id: your-message
]]></system-out>
    <system-err><![CDATA[Starting ChromeDriver 96.0.4664.45 (76e4c1bb2ab4671b8beba3444e61c0f17584b2fc-refs/branch-heads/4664@{#947}) on port 22717
Only local connections are allowed.
Please see https://chromedriver.chromium.org/security-considerations for suggestions on keeping ChromeDriver safe.
ChromeDriver was started successfully.
Dec 11, 2021 10:45:22 AM org.openqa.selenium.remote.ProtocolHandshake createSession
INFO: Detected dialect: W3C
]]></system-err>
  </testcase>
  <testcase name="passdata_test[Shyam, shyamantarkar@yahoo.com, Bio, wellcome](3)" classname="com.kolhapur.testcases.FeedBackPageTest" time="9.077">
    <system-out><![CDATA[Before navigating to: 'https://kolhapur.gov.in/en/'
Navigated to:'https://kolhapur.gov.in/en/'
Trying to find Element By : By.xpath: //a[text()='Feedback']
Found Element By : By.xpath: //a[text()='Feedback']
Trying to click on: [[ChromeDriver: chrome on WINDOWS (4848ec0d66876797167f24849b9a8d2e)] -> xpath: //a[text()='Feedback']]
Clicked on: [[ChromeDriver: chrome on WINDOWS (4848ec0d66876797167f24849b9a8d2e)] -> xpath: //a[text()='Feedback']]
Trying to find Element By : By.id: your-name
Found Element By : By.id: your-name
Trying to find Element By : By.id: your-email
Found Element By : By.id: your-email
Trying to find Element By : By.id: your-subject
Found Element By : By.id: your-subject
Trying to find Element By : By.id: your-message
Found Element By : By.id: your-message
]]></system-out>
    <system-err><![CDATA[Starting ChromeDriver 96.0.4664.45 (76e4c1bb2ab4671b8beba3444e61c0f17584b2fc-refs/branch-heads/4664@{#947}) on port 41794
Only local connections are allowed.
Please see https://chromedriver.chromium.org/security-considerations for suggestions on keeping ChromeDriver safe.
ChromeDriver was started successfully.
Dec 11, 2021 10:47:20 AM org.openqa.selenium.remote.ProtocolHandshake createSession
INFO: Detected dialect: W3C
]]></system-err>
  </testcase>
</testsuite>