<?xml version="1.0" encoding="UTF-8"?>
<testsuite xmlns:xsi="http://www.w3.org/2001/XMLSchema-instance" xsi:noNamespaceSchemaLocation="https://maven.apache.org/surefire/maven-surefire-plugin/xsd/surefire-test-report-3.0.xsd" version="3.0" name="TestSuite" time="202.347" tests="5" errors="0" skipped="0" failures="0">
  <properties>
    <property name="sun.desktop" value="windows"/>
    <property name="awt.toolkit" value="sun.awt.windows.WToolkit"/>
    <property name="file.encoding.pkg" value="sun.io"/>
    <property name="java.specification.version" value="1.8"/>
    <property name="webdriver.chrome.driver" value="E:/SetUp/Selenium/Driver&apos;s/chromedriver_win32/chromedriver.exe"/>
    <property name="sun.cpu.isalist" value="amd64"/>
    <property name="sun.jnu.encoding" value="Cp1252"/>
    <property name="java.class.path" value="E:\Selenium Programs\KolhapurAutomationHybridFramework\target\test-classes;E:\Selenium Programs\KolhapurAutomationHybridFramework\target\classes;C:\Users\adm\.m2\repository\org\seleniumhq\selenium\selenium-java\3.7.0\selenium-java-3.7.0.jar;C:\Users\adm\.m2\repository\org\seleniumhq\selenium\selenium-api\3.7.0\selenium-api-3.7.0.jar;C:\Users\adm\.m2\repository\org\seleniumhq\selenium\selenium-chrome-driver\3.7.0\selenium-chrome-driver-3.7.0.jar;C:\Users\adm\.m2\repository\org\seleniumhq\selenium\selenium-edge-driver\3.7.0\selenium-edge-driver-3.7.0.jar;C:\Users\adm\.m2\repository\org\seleniumhq\selenium\selenium-firefox-driver\3.7.0\selenium-firefox-driver-3.7.0.jar;C:\Users\adm\.m2\repository\org\seleniumhq\selenium\selenium-ie-driver\3.7.0\selenium-ie-driver-3.7.0.jar;C:\Users\adm\.m2\repository\org\seleniumhq\selenium\selenium-opera-driver\3.7.0\selenium-opera-driver-3.7.0.jar;C:\Users\adm\.m2\repository\org\seleniumhq\selenium\selenium-remote-driver\3.7.0\selenium-remote-driver-3.7.0.jar;C:\Users\adm\.m2\repository\org\seleniumhq\selenium\selenium-safari-driver\3.7.0\selenium-safari-driver-3.7.0.jar;C:\Users\adm\.m2\repository\org\seleniumhq\selenium\selenium-support\3.7.0\selenium-support-3.7.0.jar;C:\Users\adm\.m2\repository\net\bytebuddy\byte-buddy\1.7.5\byte-buddy-1.7.5.jar;C:\Users\adm\.m2\repository\org\apache\commons\commons-exec\1.3\commons-exec-1.3.jar;C:\Users\adm\.m2\repository\commons-codec\commons-codec\1.10\commons-codec-1.10.jar;C:\Users\adm\.m2\repository\commons-logging\commons-logging\1.2\commons-logging-1.2.jar;C:\Users\adm\.m2\repository\com\google\code\gson\gson\2.8.2\gson-2.8.2.jar;C:\Users\adm\.m2\repository\com\google\guava\guava\23.0\guava-23.0.jar;C:\Users\adm\.m2\repository\com\google\code\findbugs\jsr305\1.3.9\jsr305-1.3.9.jar;C:\Users\adm\.m2\repository\com\google\errorprone\error_prone_annotations\2.0.18\error_prone_annotations-2.0.18.jar;C:\Users\adm\.m2\repository\com\google\j2objc\j2objc-annotations\1.1\j2objc-annotations-1.1.jar;C:\Users\adm\.m2\repository\org\codehaus\mojo\animal-sniffer-annotations\1.14\animal-sniffer-annotations-1.14.jar;C:\Users\adm\.m2\repository\org\apache\httpcomponents\httpclient\4.5.3\httpclient-4.5.3.jar;C:\Users\adm\.m2\repository\org\apache\httpcomponents\httpcore\4.4.6\httpcore-4.4.6.jar;C:\Users\adm\.m2\repository\org\testng\testng\6.8\testng-6.8.jar;C:\Users\adm\.m2\repository\junit\junit\4.10\junit-4.10.jar;C:\Users\adm\.m2\repository\org\hamcrest\hamcrest-core\1.1\hamcrest-core-1.1.jar;C:\Users\adm\.m2\repository\org\beanshell\bsh\2.0b4\bsh-2.0b4.jar;C:\Users\adm\.m2\repository\com\beust\jcommander\1.27\jcommander-1.27.jar;C:\Users\adm\.m2\repository\org\yaml\snakeyaml\1.6\snakeyaml-1.6.jar;C:\Users\adm\.m2\repository\org\apache\poi\poi\3.9\poi-3.9.jar;C:\Users\adm\.m2\repository\xml-apis\xml-apis\1.4.01\xml-apis-1.4.01.jar;C:\Users\adm\.m2\repository\commons-io\commons-io\2.6\commons-io-2.6.jar;C:\Users\adm\.m2\repository\org\apache\poi\poi-ooxml\3.9\poi-ooxml-3.9.jar;C:\Users\adm\.m2\repository\org\apache\poi\poi-ooxml-schemas\3.9\poi-ooxml-schemas-3.9.jar;C:\Users\adm\.m2\repository\org\apache\xmlbeans\xmlbeans\2.3.0\xmlbeans-2.3.0.jar;C:\Users\adm\.m2\repository\stax\stax-api\1.0.1\stax-api-1.0.1.jar;C:\Users\adm\.m2\repository\dom4j\dom4j\1.6.1\dom4j-1.6.1.jar;C:\Users\adm\.m2\repository\com\relevantcodes\extentreports\2.41.2\extentreports-2.41.2.jar;C:\Users\adm\.m2\repository\org\jsoup\jsoup\1.8.3\jsoup-1.8.3.jar;C:\Users\adm\.m2\repository\org\xerial\sqlite-jdbc\3.8.11.1\sqlite-jdbc-3.8.11.1.jar;C:\Users\adm\.m2\repository\org\freemarker\freemarker\2.3.23\freemarker-2.3.23.jar;C:\Users\adm\.m2\repository\org\mongodb\mongodb-driver\3.0.4\mongodb-driver-3.0.4.jar;C:\Users\adm\.m2\repository\org\mongodb\bson\3.0.4\bson-3.0.4.jar;C:\Users\adm\.m2\repository\org\mongodb\mongodb-driver-core\3.0.4\mongodb-driver-core-3.0.4.jar;C:\Users\adm\.m2\repository\log4j\log4j\1.2.17\log4j-1.2.17.jar;"/>
    <property name="java.vm.vendor" value="Oracle Corporation"/>
    <property name="sun.arch.data.model" value="64"/>
    <property name="user.variant" value=""/>
    <property name="java.vendor.url" value="http://java.oracle.com/"/>
    <property name="user.timezone" value="Asia/Calcutta"/>
    <property name="java.vm.specification.version" value="1.8"/>
    <property name="os.name" value="Windows 10"/>
    <property name="user.country" value="US"/>
    <property name="sun.java.launcher" value="SUN_STANDARD"/>
    <property name="sun.boot.library.path" value="C:\Program Files\Java\jdk1.8.0_202\jre\bin"/>
    <property name="sun.java.command" value="C:\Users\adm\AppData\Local\Temp\surefire6231819411172573022\surefirebooter5311860469524244898.jar C:\Users\adm\AppData\Local\Temp\surefire6231819411172573022 2022-01-03T16-27-57_853-jvmRun1 surefire6305095445702917539tmp surefire_04586046725925784750tmp"/>
    <property name="surefire.test.class.path" value="E:\Selenium Programs\KolhapurAutomationHybridFramework\target\test-classes;E:\Selenium Programs\KolhapurAutomationHybridFramework\target\classes;C:\Users\adm\.m2\repository\org\seleniumhq\selenium\selenium-java\3.7.0\selenium-java-3.7.0.jar;C:\Users\adm\.m2\repository\org\seleniumhq\selenium\selenium-api\3.7.0\selenium-api-3.7.0.jar;C:\Users\adm\.m2\repository\org\seleniumhq\selenium\selenium-chrome-driver\3.7.0\selenium-chrome-driver-3.7.0.jar;C:\Users\adm\.m2\repository\org\seleniumhq\selenium\selenium-edge-driver\3.7.0\selenium-edge-driver-3.7.0.jar;C:\Users\adm\.m2\repository\org\seleniumhq\selenium\selenium-firefox-driver\3.7.0\selenium-firefox-driver-3.7.0.jar;C:\Users\adm\.m2\repository\org\seleniumhq\selenium\selenium-ie-driver\3.7.0\selenium-ie-driver-3.7.0.jar;C:\Users\adm\.m2\repository\org\seleniumhq\selenium\selenium-opera-driver\3.7.0\selenium-opera-driver-3.7.0.jar;C:\Users\adm\.m2\repository\org\seleniumhq\selenium\selenium-remote-driver\3.7.0\selenium-remote-driver-3.7.0.jar;C:\Users\adm\.m2\repository\org\seleniumhq\selenium\selenium-safari-driver\3.7.0\selenium-safari-driver-3.7.0.jar;C:\Users\adm\.m2\repository\org\seleniumhq\selenium\selenium-support\3.7.0\selenium-support-3.7.0.jar;C:\Users\adm\.m2\repository\net\bytebuddy\byte-buddy\1.7.5\byte-buddy-1.7.5.jar;C:\Users\adm\.m2\repository\org\apache\commons\commons-exec\1.3\commons-exec-1.3.jar;C:\Users\adm\.m2\repository\commons-codec\commons-codec\1.10\commons-codec-1.10.jar;C:\Users\adm\.m2\repository\commons-logging\commons-logging\1.2\commons-logging-1.2.jar;C:\Users\adm\.m2\repository\com\google\code\gson\gson\2.8.2\gson-2.8.2.jar;C:\Users\adm\.m2\repository\com\google\guava\guava\23.0\guava-23.0.jar;C:\Users\adm\.m2\repository\com\google\code\findbugs\jsr305\1.3.9\jsr305-1.3.9.jar;C:\Users\adm\.m2\repository\com\google\errorprone\error_prone_annotations\2.0.18\error_prone_annotations-2.0.18.jar;C:\Users\adm\.m2\repository\com\google\j2objc\j2objc-annotations\1.1\j2objc-annotations-1.1.jar;C:\Users\adm\.m2\repository\org\codehaus\mojo\animal-sniffer-annotations\1.14\animal-sniffer-annotations-1.14.jar;C:\Users\adm\.m2\repository\org\apache\httpcomponents\httpclient\4.5.3\httpclient-4.5.3.jar;C:\Users\adm\.m2\repository\org\apache\httpcomponents\httpcore\4.4.6\httpcore-4.4.6.jar;C:\Users\adm\.m2\repository\org\testng\testng\6.8\testng-6.8.jar;C:\Users\adm\.m2\repository\junit\junit\4.10\junit-4.10.jar;C:\Users\adm\.m2\repository\org\hamcrest\hamcrest-core\1.1\hamcrest-core-1.1.jar;C:\Users\adm\.m2\repository\org\beanshell\bsh\2.0b4\bsh-2.0b4.jar;C:\Users\adm\.m2\repository\com\beust\jcommander\1.27\jcommander-1.27.jar;C:\Users\adm\.m2\repository\org\yaml\snakeyaml\1.6\snakeyaml-1.6.jar;C:\Users\adm\.m2\repository\org\apache\poi\poi\3.9\poi-3.9.jar;C:\Users\adm\.m2\repository\xml-apis\xml-apis\1.4.01\xml-apis-1.4.01.jar;C:\Users\adm\.m2\repository\commons-io\commons-io\2.6\commons-io-2.6.jar;C:\Users\adm\.m2\repository\org\apache\poi\poi-ooxml\3.9\poi-ooxml-3.9.jar;C:\Users\adm\.m2\repository\org\apache\poi\poi-ooxml-schemas\3.9\poi-ooxml-schemas-3.9.jar;C:\Users\adm\.m2\repository\org\apache\xmlbeans\xmlbeans\2.3.0\xmlbeans-2.3.0.jar;C:\Users\adm\.m2\repository\stax\stax-api\1.0.1\stax-api-1.0.1.jar;C:\Users\adm\.m2\repository\dom4j\dom4j\1.6.1\dom4j-1.6.1.jar;C:\Users\adm\.m2\repository\com\relevantcodes\extentreports\2.41.2\extentreports-2.41.2.jar;C:\Users\adm\.m2\repository\org\jsoup\jsoup\1.8.3\jsoup-1.8.3.jar;C:\Users\adm\.m2\repository\org\xerial\sqlite-jdbc\3.8.11.1\sqlite-jdbc-3.8.11.1.jar;C:\Users\adm\.m2\repository\org\freemarker\freemarker\2.3.23\freemarker-2.3.23.jar;C:\Users\adm\.m2\repository\org\mongodb\mongodb-driver\3.0.4\mongodb-driver-3.0.4.jar;C:\Users\adm\.m2\repository\org\mongodb\bson\3.0.4\bson-3.0.4.jar;C:\Users\adm\.m2\repository\org\mongodb\mongodb-driver-core\3.0.4\mongodb-driver-core-3.0.4.jar;C:\Users\adm\.m2\repository\log4j\log4j\1.2.17\log4j-1.2.17.jar;"/>
    <property name="sun.cpu.endian" value="little"/>
    <property name="user.home" value="C:\Users\adm"/>
    <property name="user.language" value="en"/>
    <property name="java.specification.vendor" value="Oracle Corporation"/>
    <property name="java.home" value="C:\Program Files\Java\jdk1.8.0_202\jre"/>
    <property name="basedir" value="E:\Selenium Programs\KolhapurAutomationHybridFramework"/>
    <property name="file.separator" value="\"/>
    <property name="line.separator" value="&#10;"/>
    <property name="java.vm.specification.vendor" value="Oracle Corporation"/>
    <property name="java.specification.name" value="Java Platform API Specification"/>
    <property name="java.awt.graphicsenv" value="sun.awt.Win32GraphicsEnvironment"/>
    <property name="surefire.real.class.path" value="C:\Users\adm\AppData\Local\Temp\surefire6231819411172573022\surefirebooter5311860469524244898.jar"/>
    <property name="sun.boot.class.path" value="C:\Program Files\Java\jdk1.8.0_202\jre\lib\resources.jar;C:\Program Files\Java\jdk1.8.0_202\jre\lib\rt.jar;C:\Program Files\Java\jdk1.8.0_202\jre\lib\sunrsasign.jar;C:\Program Files\Java\jdk1.8.0_202\jre\lib\jsse.jar;C:\Program Files\Java\jdk1.8.0_202\jre\lib\jce.jar;C:\Program Files\Java\jdk1.8.0_202\jre\lib\charsets.jar;C:\Program Files\Java\jdk1.8.0_202\jre\lib\jfr.jar;C:\Program Files\Java\jdk1.8.0_202\jre\classes"/>
    <property name="user.script" value=""/>
    <property name="sun.management.compiler" value="HotSpot 64-Bit Tiered Compilers"/>
    <property name="java.runtime.version" value="1.8.0_202-b08"/>
    <property name="user.name" value="adm"/>
    <property name="path.separator" value=";"/>
    <property name="os.version" value="10.0"/>
    <property name="java.endorsed.dirs" value="C:\Program Files\Java\jdk1.8.0_202\jre\lib\endorsed"/>
    <property name="java.runtime.name" value="Java(TM) SE Runtime Environment"/>
    <property name="file.encoding" value="Cp1252"/>
    <property name="java.vm.name" value="Java HotSpot(TM) 64-Bit Server VM"/>
    <property name="localRepository" value="C:\Users\adm\.m2\repository"/>
    <property name="java.vendor.url.bug" value="http://bugreport.sun.com/bugreport/"/>
    <property name="java.io.tmpdir" value="C:\Users\adm\AppData\Local\Temp\"/>
    <property name="java.version" value="1.8.0_202"/>
    <property name="user.dir" value="E:\Selenium Programs\KolhapurAutomationHybridFramework"/>
    <property name="os.arch" value="amd64"/>
    <property name="java.vm.specification.name" value="Java Virtual Machine Specification"/>
    <property name="java.awt.printerjob" value="sun.awt.windows.WPrinterJob"/>
    <property name="sun.os.patch.level" value=""/>
    <property name="java.library.path" value="C:\Program Files\Java\jdk1.8.0_202\jre\bin;C:\WINDOWS\Sun\Java\bin;C:\WINDOWS\system32;C:\WINDOWS;C:\Program Files (x86)\Common Files\Oracle\Java\javapath;C:\WINDOWS\system32;C:\WINDOWS;C:\WINDOWS\System32\Wbem;C:\WINDOWS\System32\WindowsPowerShell\v1.0\;C:\WINDOWS\System32\OpenSSH\;C:\Program Files\Java\jdk1.8.0_202\bin;C:\Program Files\Git\cmd;C:\Program Files\Git\bin;C:\Users\adm\AppData\Local\Android\Sdk;C:\Users\adm\AppData\Local\Android\Sdk\platform-tools;E:\SetUp\Maven\apache-maven-3.8.4\bin;C:\Users\adm\AppData\Local\Microsoft\WindowsApps;;."/>
    <property name="java.vm.info" value="mixed mode"/>
    <property name="java.vendor" value="Oracle Corporation"/>
    <property name="java.vm.version" value="25.202-b08"/>
    <property name="java.ext.dirs" value="C:\Program Files\Java\jdk1.8.0_202\jre\lib\ext;C:\WINDOWS\Sun\Java\lib\ext"/>
    <property name="sun.io.unicode.encoding" value="UnicodeLittle"/>
    <property name="java.class.version" value="52.0"/>
  </properties>
  <testcase name="verify_newupdate_test" classname="com.kolhapur.testcases.HomePageTest" time="0.124">
    <system-out><![CDATA[01-03-2022 16:28:01 RequestAddCookies.java DEBUG [Forwarding newSession on session null to remote] protocol.RequestAddCookies 123 - CookieSpec selected: default
01-03-2022 16:28:01 RequestAuthCache.java DEBUG [Forwarding newSession on session null to remote] protocol.RequestAuthCache 77 - Auth cache not set in the context
01-03-2022 16:28:01 PoolingHttpClientConnectionManager.java DEBUG [Forwarding newSession on session null to remote] conn.PoolingHttpClientConnectionManager 255 - Connection request: [route: {}->http://localhost:40046][total kept alive: 0; route allocated: 0 of 2000; total allocated: 0 of 2000]
01-03-2022 16:28:02 PoolingHttpClientConnectionManager.java DEBUG [Forwarding newSession on session null to remote] conn.PoolingHttpClientConnectionManager 288 - Connection leased: [id: 0][route: {}->http://localhost:40046][total kept alive: 0; route allocated: 1 of 2000; total allocated: 1 of 2000]
01-03-2022 16:28:02 MainClientExec.java DEBUG [Forwarding newSession on session null to remote] execchain.MainClientExec 235 - Opening connection {}->http://localhost:40046
01-03-2022 16:28:02 DefaultHttpClientConnectionOperator.java DEBUG [Forwarding newSession on session null to remote] conn.DefaultHttpClientConnectionOperator 139 - Connecting to localhost/127.0.0.1:40046
01-03-2022 16:28:02 DefaultHttpClientConnectionOperator.java DEBUG [Forwarding newSession on session null to remote] conn.DefaultHttpClientConnectionOperator 146 - Connection established 127.0.0.1:54043<->127.0.0.1:40046
01-03-2022 16:28:02 LoggingManagedHttpClientConnection.java DEBUG [Forwarding newSession on session null to remote] conn.DefaultManagedHttpClientConnection 88 - http-outgoing-0: set socket timeout to 10800000
01-03-2022 16:28:02 MainClientExec.java DEBUG [Forwarding newSession on session null to remote] execchain.MainClientExec 256 - Executing request POST /session HTTP/1.1
01-03-2022 16:28:02 MainClientExec.java DEBUG [Forwarding newSession on session null to remote] execchain.MainClientExec 261 - Target auth state: UNCHALLENGED
01-03-2022 16:28:02 MainClientExec.java DEBUG [Forwarding newSession on session null to remote] execchain.MainClientExec 267 - Proxy auth state: UNCHALLENGED
01-03-2022 16:28:02 LoggingManagedHttpClientConnection.java DEBUG [Forwarding newSession on session null to remote] http.headers 133 - http-outgoing-0 >> POST /session HTTP/1.1
01-03-2022 16:28:02 LoggingManagedHttpClientConnection.java DEBUG [Forwarding newSession on session null to remote] http.headers 136 - http-outgoing-0 >> Content-Type: application/json; charset=utf-8
01-03-2022 16:28:02 LoggingManagedHttpClientConnection.java DEBUG [Forwarding newSession on session null to remote] http.headers 136 - http-outgoing-0 >> Content-Length: 335
01-03-2022 16:28:02 LoggingManagedHttpClientConnection.java DEBUG [Forwarding newSession on session null to remote] http.headers 136 - http-outgoing-0 >> Host: localhost:40046
01-03-2022 16:28:02 LoggingManagedHttpClientConnection.java DEBUG [Forwarding newSession on session null to remote] http.headers 136 - http-outgoing-0 >> Connection: Keep-Alive
01-03-2022 16:28:02 LoggingManagedHttpClientConnection.java DEBUG [Forwarding newSession on session null to remote] http.headers 136 - http-outgoing-0 >> User-Agent: Apache-HttpClient/4.5.3 (Java/1.8.0_202)
01-03-2022 16:28:02 LoggingManagedHttpClientConnection.java DEBUG [Forwarding newSession on session null to remote] http.headers 136 - http-outgoing-0 >> Accept-Encoding: gzip,deflate
01-03-2022 16:28:02 Wire.java DEBUG [Forwarding newSession on session null to remote] http.wire 73 - http-outgoing-0 >> "POST /session HTTP/1.1[\r][\n]"
01-03-2022 16:28:02 Wire.java DEBUG [Forwarding newSession on session null to remote] http.wire 73 - http-outgoing-0 >> "Content-Type: application/json; charset=utf-8[\r][\n]"
01-03-2022 16:28:02 Wire.java DEBUG [Forwarding newSession on session null to remote] http.wire 73 - http-outgoing-0 >> "Content-Length: 335[\r][\n]"
01-03-2022 16:28:02 Wire.java DEBUG [Forwarding newSession on session null to remote] http.wire 73 - http-outgoing-0 >> "Host: localhost:40046[\r][\n]"
01-03-2022 16:28:02 Wire.java DEBUG [Forwarding newSession on session null to remote] http.wire 73 - http-outgoing-0 >> "Connection: Keep-Alive[\r][\n]"
01-03-2022 16:28:02 Wire.java DEBUG [Forwarding newSession on session null to remote] http.wire 73 - http-outgoing-0 >> "User-Agent: Apache-HttpClient/4.5.3 (Java/1.8.0_202)[\r][\n]"
01-03-2022 16:28:02 Wire.java DEBUG [Forwarding newSession on session null to remote] http.wire 73 - http-outgoing-0 >> "Accept-Encoding: gzip,deflate[\r][\n]"
01-03-2022 16:28:02 Wire.java DEBUG [Forwarding newSession on session null to remote] http.wire 73 - http-outgoing-0 >> "[\r][\n]"
01-03-2022 16:28:02 Wire.java DEBUG [Forwarding newSession on session null to remote] http.wire 73 - http-outgoing-0 >> "{[\n]"
01-03-2022 16:28:02 Wire.java DEBUG [Forwarding newSession on session null to remote] http.wire 73 - http-outgoing-0 >> "  "desiredCapabilities": {"browserName":"chrome","goog:chromeOptions":{"args":[],"extensions":[]}},[\n]"
01-03-2022 16:28:02 Wire.java DEBUG [Forwarding newSession on session null to remote] http.wire 73 - http-outgoing-0 >> "  "capabilities": {[\n]"
01-03-2022 16:28:02 Wire.java DEBUG [Forwarding newSession on session null to remote] http.wire 73 - http-outgoing-0 >> "    "desiredCapabilities": {"browserName":"chrome","goog:chromeOptions":{"args":[],"extensions":[]}},[\n]"
01-03-2022 16:28:02 Wire.java DEBUG [Forwarding newSession on session null to remote] http.wire 73 - http-outgoing-0 >> "    "firstMatch": [[\n]"
01-03-2022 16:28:02 Wire.java DEBUG [Forwarding newSession on session null to remote] http.wire 73 - http-outgoing-0 >> "      {"browserName":"chrome","goog:chromeOptions":{"args":[],"extensions":[]}}[\n]"
01-03-2022 16:28:02 Wire.java DEBUG [Forwarding newSession on session null to remote] http.wire 73 - http-outgoing-0 >> "    ][\n]"
01-03-2022 16:28:02 Wire.java DEBUG [Forwarding newSession on session null to remote] http.wire 73 - http-outgoing-0 >> "  }[\n]"
01-03-2022 16:28:02 Wire.java DEBUG [Forwarding newSession on session null to remote] http.wire 87 - http-outgoing-0 >> "}"
01-03-2022 16:28:02 Wire.java DEBUG [Forwarding newSession on session null to remote] http.wire 73 - http-outgoing-0 << "HTTP/1.1 200 OK[\r][\n]"
01-03-2022 16:28:02 Wire.java DEBUG [Forwarding newSession on session null to remote] http.wire 73 - http-outgoing-0 << "Content-Length:786[\r][\n]"
01-03-2022 16:28:02 Wire.java DEBUG [Forwarding newSession on session null to remote] http.wire 73 - http-outgoing-0 << "Content-Type:application/json; charset=utf-8[\r][\n]"
01-03-2022 16:28:02 Wire.java DEBUG [Forwarding newSession on session null to remote] http.wire 73 - http-outgoing-0 << "cache-control:no-cache[\r][\n]"
01-03-2022 16:28:02 Wire.java DEBUG [Forwarding newSession on session null to remote] http.wire 73 - http-outgoing-0 << "[\r][\n]"
01-03-2022 16:28:02 Wire.java DEBUG [Forwarding newSession on session null to remote] http.wire 87 - http-outgoing-0 << "{"value":{"capabilities":{"acceptInsecureCerts":false,"browserName":"chrome","browserVersion":"96.0.4664.110","chrome":{"chromedriverVersion":"96.0.4664.45 (76e4c1bb2ab4671b8beba3444e61c0f17584b2fc-refs/branch-heads/4664@{#947})","userDataDir":"C:\\Users\\adm\\AppData\\Local\\Temp\\scoped_dir8684_2111027501"},"goog:chromeOptions":{"debuggerAddress":"localhost:54044"},"networkConnectionEnabled":false,"pageLoadStrategy":"normal","platformName":"windows","proxy":{},"setWindowRect":true,"strictFileInteractability":false,"timeouts":{"implicit":0,"pageLoad":300000,"script":30000},"unhandledPromptBehavior":"dismiss and notify","webauthn:extension:credBlob":true,"webauthn:extension:largeBlob":true,"webauthn:virtualAuthenticators":true},"sessionId":"f300633830c87b8f6f8bcb6913b46af6"}}"
01-03-2022 16:28:02 LoggingManagedHttpClientConnection.java DEBUG [Forwarding newSession on session null to remote] http.headers 122 - http-outgoing-0 << HTTP/1.1 200 OK
01-03-2022 16:28:02 LoggingManagedHttpClientConnection.java DEBUG [Forwarding newSession on session null to remote] http.headers 125 - http-outgoing-0 << Content-Length:786
01-03-2022 16:28:02 LoggingManagedHttpClientConnection.java DEBUG [Forwarding newSession on session null to remote] http.headers 125 - http-outgoing-0 << Content-Type:application/json; charset=utf-8
01-03-2022 16:28:02 LoggingManagedHttpClientConnection.java DEBUG [Forwarding newSession on session null to remote] http.headers 125 - http-outgoing-0 << cache-control:no-cache
01-03-2022 16:28:02 MainClientExec.java DEBUG [Forwarding newSession on session null to remote] execchain.MainClientExec 285 - Connection can be kept alive indefinitely
01-03-2022 16:28:02 PoolingHttpClientConnectionManager.java DEBUG [Forwarding newSession on session null to remote] conn.PoolingHttpClientConnectionManager 320 - Connection [id: 0][route: {}->http://localhost:40046] can be kept alive indefinitely
01-03-2022 16:28:02 PoolingHttpClientConnectionManager.java DEBUG [Forwarding newSession on session null to remote] conn.PoolingHttpClientConnectionManager 326 - Connection released: [id: 0][route: {}->http://localhost:40046][total kept alive: 1; route allocated: 1 of 2000; total allocated: 1 of 2000]
01-03-2022 16:28:02 RequestAddCookies.java DEBUG [Forwarding deleteAllCookies on session f300633830c87b8f6f8bcb6913b46af6 to remote] protocol.RequestAddCookies 123 - CookieSpec selected: default
01-03-2022 16:28:02 RequestAuthCache.java DEBUG [Forwarding deleteAllCookies on session f300633830c87b8f6f8bcb6913b46af6 to remote] protocol.RequestAuthCache 77 - Auth cache not set in the context
01-03-2022 16:28:02 PoolingHttpClientConnectionManager.java DEBUG [Forwarding deleteAllCookies on session f300633830c87b8f6f8bcb6913b46af6 to remote] conn.PoolingHttpClientConnectionManager 255 - Connection request: [route: {}->http://localhost:40046][total kept alive: 1; route allocated: 1 of 2000; total allocated: 1 of 2000]
01-03-2022 16:28:02 PoolingHttpClientConnectionManager.java DEBUG [Forwarding deleteAllCookies on session f300633830c87b8f6f8bcb6913b46af6 to remote] conn.PoolingHttpClientConnectionManager 288 - Connection leased: [id: 0][route: {}->http://localhost:40046][total kept alive: 0; route allocated: 1 of 2000; total allocated: 1 of 2000]
01-03-2022 16:28:02 MainClientExec.java DEBUG [Forwarding deleteAllCookies on session f300633830c87b8f6f8bcb6913b46af6 to remote] execchain.MainClientExec 208 - Stale connection check
01-03-2022 16:28:02 Wire.java DEBUG [Forwarding deleteAllCookies on session f300633830c87b8f6f8bcb6913b46af6 to remote] http.wire 87 - http-outgoing-0 << "[read] I/O error: Read timed out"
01-03-2022 16:28:02 LoggingManagedHttpClientConnection.java DEBUG [Forwarding deleteAllCookies on session f300633830c87b8f6f8bcb6913b46af6 to remote] conn.DefaultManagedHttpClientConnection 88 - http-outgoing-0: set socket timeout to 10800000
01-03-2022 16:28:02 MainClientExec.java DEBUG [Forwarding deleteAllCookies on session f300633830c87b8f6f8bcb6913b46af6 to remote] execchain.MainClientExec 256 - Executing request DELETE /session/f300633830c87b8f6f8bcb6913b46af6/cookie HTTP/1.1
01-03-2022 16:28:02 MainClientExec.java DEBUG [Forwarding deleteAllCookies on session f300633830c87b8f6f8bcb6913b46af6 to remote] execchain.MainClientExec 261 - Target auth state: UNCHALLENGED
01-03-2022 16:28:02 MainClientExec.java DEBUG [Forwarding deleteAllCookies on session f300633830c87b8f6f8bcb6913b46af6 to remote] execchain.MainClientExec 267 - Proxy auth state: UNCHALLENGED
01-03-2022 16:28:02 LoggingManagedHttpClientConnection.java DEBUG [Forwarding deleteAllCookies on session f300633830c87b8f6f8bcb6913b46af6 to remote] http.headers 133 - http-outgoing-0 >> DELETE /session/f300633830c87b8f6f8bcb6913b46af6/cookie HTTP/1.1
01-03-2022 16:28:02 LoggingManagedHttpClientConnection.java DEBUG [Forwarding deleteAllCookies on session f300633830c87b8f6f8bcb6913b46af6 to remote] http.headers 136 - http-outgoing-0 >> Host: localhost:40046
01-03-2022 16:28:02 LoggingManagedHttpClientConnection.java DEBUG [Forwarding deleteAllCookies on session f300633830c87b8f6f8bcb6913b46af6 to remote] http.headers 136 - http-outgoing-0 >> Connection: Keep-Alive
01-03-2022 16:28:02 LoggingManagedHttpClientConnection.java DEBUG [Forwarding deleteAllCookies on session f300633830c87b8f6f8bcb6913b46af6 to remote] http.headers 136 - http-outgoing-0 >> User-Agent: Apache-HttpClient/4.5.3 (Java/1.8.0_202)
01-03-2022 16:28:02 LoggingManagedHttpClientConnection.java DEBUG [Forwarding deleteAllCookies on session f300633830c87b8f6f8bcb6913b46af6 to remote] http.headers 136 - http-outgoing-0 >> Accept-Encoding: gzip,deflate
01-03-2022 16:28:02 Wire.java DEBUG [Forwarding deleteAllCookies on session f300633830c87b8f6f8bcb6913b46af6 to remote] http.wire 73 - http-outgoing-0 >> "DELETE /session/f300633830c87b8f6f8bcb6913b46af6/cookie HTTP/1.1[\r][\n]"
01-03-2022 16:28:02 Wire.java DEBUG [Forwarding deleteAllCookies on session f300633830c87b8f6f8bcb6913b46af6 to remote] http.wire 73 - http-outgoing-0 >> "Host: localhost:40046[\r][\n]"
01-03-2022 16:28:02 Wire.java DEBUG [Forwarding deleteAllCookies on session f300633830c87b8f6f8bcb6913b46af6 to remote] http.wire 73 - http-outgoing-0 >> "Connection: Keep-Alive[\r][\n]"
01-03-2022 16:28:02 Wire.java DEBUG [Forwarding deleteAllCookies on session f300633830c87b8f6f8bcb6913b46af6 to remote] http.wire 73 - http-outgoing-0 >> "User-Agent: Apache-HttpClient/4.5.3 (Java/1.8.0_202)[\r][\n]"
01-03-2022 16:28:02 Wire.java DEBUG [Forwarding deleteAllCookies on session f300633830c87b8f6f8bcb6913b46af6 to remote] http.wire 73 - http-outgoing-0 >> "Accept-Encoding: gzip,deflate[\r][\n]"
01-03-2022 16:28:02 Wire.java DEBUG [Forwarding deleteAllCookies on session f300633830c87b8f6f8bcb6913b46af6 to remote] http.wire 73 - http-outgoing-0 >> "[\r][\n]"
01-03-2022 16:28:02 Wire.java DEBUG [Forwarding deleteAllCookies on session f300633830c87b8f6f8bcb6913b46af6 to remote] http.wire 73 - http-outgoing-0 << "HTTP/1.1 200 OK[\r][\n]"
01-03-2022 16:28:02 Wire.java DEBUG [Forwarding deleteAllCookies on session f300633830c87b8f6f8bcb6913b46af6 to remote] http.wire 73 - http-outgoing-0 << "Content-Length:14[\r][\n]"
01-03-2022 16:28:02 Wire.java DEBUG [Forwarding deleteAllCookies on session f300633830c87b8f6f8bcb6913b46af6 to remote] http.wire 73 - http-outgoing-0 << "Content-Type:application/json; charset=utf-8[\r][\n]"
01-03-2022 16:28:02 Wire.java DEBUG [Forwarding deleteAllCookies on session f300633830c87b8f6f8bcb6913b46af6 to remote] http.wire 73 - http-outgoing-0 << "cache-control:no-cache[\r][\n]"
01-03-2022 16:28:02 Wire.java DEBUG [Forwarding deleteAllCookies on session f300633830c87b8f6f8bcb6913b46af6 to remote] http.wire 73 - http-outgoing-0 << "[\r][\n]"
01-03-2022 16:28:02 Wire.java DEBUG [Forwarding deleteAllCookies on session f300633830c87b8f6f8bcb6913b46af6 to remote] http.wire 87 - http-outgoing-0 << "{"value":null}"
01-03-2022 16:28:02 LoggingManagedHttpClientConnection.java DEBUG [Forwarding deleteAllCookies on session f300633830c87b8f6f8bcb6913b46af6 to remote] http.headers 122 - http-outgoing-0 << HTTP/1.1 200 OK
01-03-2022 16:28:02 LoggingManagedHttpClientConnection.java DEBUG [Forwarding deleteAllCookies on session f300633830c87b8f6f8bcb6913b46af6 to remote] http.headers 125 - http-outgoing-0 << Content-Length:14
01-03-2022 16:28:02 LoggingManagedHttpClientConnection.java DEBUG [Forwarding deleteAllCookies on session f300633830c87b8f6f8bcb6913b46af6 to remote] http.headers 125 - http-outgoing-0 << Content-Type:application/json; charset=utf-8
01-03-2022 16:28:02 LoggingManagedHttpClientConnection.java DEBUG [Forwarding deleteAllCookies on session f300633830c87b8f6f8bcb6913b46af6 to remote] http.headers 125 - http-outgoing-0 << cache-control:no-cache
01-03-2022 16:28:02 MainClientExec.java DEBUG [Forwarding deleteAllCookies on session f300633830c87b8f6f8bcb6913b46af6 to remote] execchain.MainClientExec 285 - Connection can be kept alive indefinitely
01-03-2022 16:28:02 PoolingHttpClientConnectionManager.java DEBUG [Forwarding deleteAllCookies on session f300633830c87b8f6f8bcb6913b46af6 to remote] conn.PoolingHttpClientConnectionManager 320 - Connection [id: 0][route: {}->http://localhost:40046] can be kept alive indefinitely
01-03-2022 16:28:02 PoolingHttpClientConnectionManager.java DEBUG [Forwarding deleteAllCookies on session f300633830c87b8f6f8bcb6913b46af6 to remote] conn.PoolingHttpClientConnectionManager 326 - Connection released: [id: 0][route: {}->http://localhost:40046][total kept alive: 1; route allocated: 1 of 2000; total allocated: 1 of 2000]
01-03-2022 16:28:02 RequestAddCookies.java DEBUG [Forwarding setTimeout on session f300633830c87b8f6f8bcb6913b46af6 to remote] protocol.RequestAddCookies 123 - CookieSpec selected: default
01-03-2022 16:28:02 RequestAuthCache.java DEBUG [Forwarding setTimeout on session f300633830c87b8f6f8bcb6913b46af6 to remote] protocol.RequestAuthCache 77 - Auth cache not set in the context
01-03-2022 16:28:02 PoolingHttpClientConnectionManager.java DEBUG [Forwarding setTimeout on session f300633830c87b8f6f8bcb6913b46af6 to remote] conn.PoolingHttpClientConnectionManager 255 - Connection request: [route: {}->http://localhost:40046][total kept alive: 1; route allocated: 1 of 2000; total allocated: 1 of 2000]
01-03-2022 16:28:02 PoolingHttpClientConnectionManager.java DEBUG [Forwarding setTimeout on session f300633830c87b8f6f8bcb6913b46af6 to remote] conn.PoolingHttpClientConnectionManager 288 - Connection leased: [id: 0][route: {}->http://localhost:40046][total kept alive: 0; route allocated: 1 of 2000; total allocated: 1 of 2000]
01-03-2022 16:28:02 MainClientExec.java DEBUG [Forwarding setTimeout on session f300633830c87b8f6f8bcb6913b46af6 to remote] execchain.MainClientExec 208 - Stale connection check
01-03-2022 16:28:02 Wire.java DEBUG [Forwarding setTimeout on session f300633830c87b8f6f8bcb6913b46af6 to remote] http.wire 87 - http-outgoing-0 << "[read] I/O error: Read timed out"
01-03-2022 16:28:02 LoggingManagedHttpClientConnection.java DEBUG [Forwarding setTimeout on session f300633830c87b8f6f8bcb6913b46af6 to remote] conn.DefaultManagedHttpClientConnection 88 - http-outgoing-0: set socket timeout to 10800000
01-03-2022 16:28:02 MainClientExec.java DEBUG [Forwarding setTimeout on session f300633830c87b8f6f8bcb6913b46af6 to remote] execchain.MainClientExec 256 - Executing request POST /session/f300633830c87b8f6f8bcb6913b46af6/timeouts HTTP/1.1
01-03-2022 16:28:02 MainClientExec.java DEBUG [Forwarding setTimeout on session f300633830c87b8f6f8bcb6913b46af6 to remote] execchain.MainClientExec 261 - Target auth state: UNCHALLENGED
01-03-2022 16:28:02 MainClientExec.java DEBUG [Forwarding setTimeout on session f300633830c87b8f6f8bcb6913b46af6 to remote] execchain.MainClientExec 267 - Proxy auth state: UNCHALLENGED
01-03-2022 16:28:02 LoggingManagedHttpClientConnection.java DEBUG [Forwarding setTimeout on session f300633830c87b8f6f8bcb6913b46af6 to remote] http.headers 133 - http-outgoing-0 >> POST /session/f300633830c87b8f6f8bcb6913b46af6/timeouts HTTP/1.1
01-03-2022 16:28:02 LoggingManagedHttpClientConnection.java DEBUG [Forwarding setTimeout on session f300633830c87b8f6f8bcb6913b46af6 to remote] http.headers 136 - http-outgoing-0 >> Content-Type: application/json; charset=utf-8
01-03-2022 16:28:02 LoggingManagedHttpClientConnection.java DEBUG [Forwarding setTimeout on session f300633830c87b8f6f8bcb6913b46af6 to remote] http.headers 136 - http-outgoing-0 >> Content-Length: 18
01-03-2022 16:28:02 LoggingManagedHttpClientConnection.java DEBUG [Forwarding setTimeout on session f300633830c87b8f6f8bcb6913b46af6 to remote] http.headers 136 - http-outgoing-0 >> Host: localhost:40046
01-03-2022 16:28:02 LoggingManagedHttpClientConnection.java DEBUG [Forwarding setTimeout on session f300633830c87b8f6f8bcb6913b46af6 to remote] http.headers 136 - http-outgoing-0 >> Connection: Keep-Alive
01-03-2022 16:28:02 LoggingManagedHttpClientConnection.java DEBUG [Forwarding setTimeout on session f300633830c87b8f6f8bcb6913b46af6 to remote] http.headers 136 - http-outgoing-0 >> User-Agent: Apache-HttpClient/4.5.3 (Java/1.8.0_202)
01-03-2022 16:28:02 LoggingManagedHttpClientConnection.java DEBUG [Forwarding setTimeout on session f300633830c87b8f6f8bcb6913b46af6 to remote] http.headers 136 - http-outgoing-0 >> Accept-Encoding: gzip,deflate
01-03-2022 16:28:02 Wire.java DEBUG [Forwarding setTimeout on session f300633830c87b8f6f8bcb6913b46af6 to remote] http.wire 73 - http-outgoing-0 >> "POST /session/f300633830c87b8f6f8bcb6913b46af6/timeouts HTTP/1.1[\r][\n]"
01-03-2022 16:28:02 Wire.java DEBUG [Forwarding setTimeout on session f300633830c87b8f6f8bcb6913b46af6 to remote] http.wire 73 - http-outgoing-0 >> "Content-Type: application/json; charset=utf-8[\r][\n]"
01-03-2022 16:28:02 Wire.java DEBUG [Forwarding setTimeout on session f300633830c87b8f6f8bcb6913b46af6 to remote] http.wire 73 - http-outgoing-0 >> "Content-Length: 18[\r][\n]"
01-03-2022 16:28:02 Wire.java DEBUG [Forwarding setTimeout on session f300633830c87b8f6f8bcb6913b46af6 to remote] http.wire 73 - http-outgoing-0 >> "Host: localhost:40046[\r][\n]"
01-03-2022 16:28:02 Wire.java DEBUG [Forwarding setTimeout on session f300633830c87b8f6f8bcb6913b46af6 to remote] http.wire 73 - http-outgoing-0 >> "Connection: Keep-Alive[\r][\n]"
01-03-2022 16:28:02 Wire.java DEBUG [Forwarding setTimeout on session f300633830c87b8f6f8bcb6913b46af6 to remote] http.wire 73 - http-outgoing-0 >> "User-Agent: Apache-HttpClient/4.5.3 (Java/1.8.0_202)[\r][\n]"
01-03-2022 16:28:02 Wire.java DEBUG [Forwarding setTimeout on session f300633830c87b8f6f8bcb6913b46af6 to remote] http.wire 73 - http-outgoing-0 >> "Accept-Encoding: gzip,deflate[\r][\n]"
01-03-2022 16:28:02 Wire.java DEBUG [Forwarding setTimeout on session f300633830c87b8f6f8bcb6913b46af6 to remote] http.wire 73 - http-outgoing-0 >> "[\r][\n]"
01-03-2022 16:28:02 Wire.java DEBUG [Forwarding setTimeout on session f300633830c87b8f6f8bcb6913b46af6 to remote] http.wire 87 - http-outgoing-0 >> "{"implicit":10000}"
01-03-2022 16:28:02 Wire.java DEBUG [Forwarding setTimeout on session f300633830c87b8f6f8bcb6913b46af6 to remote] http.wire 73 - http-outgoing-0 << "HTTP/1.1 200 OK[\r][\n]"
01-03-2022 16:28:02 Wire.java DEBUG [Forwarding setTimeout on session f300633830c87b8f6f8bcb6913b46af6 to remote] http.wire 73 - http-outgoing-0 << "Content-Length:14[\r][\n]"
01-03-2022 16:28:02 Wire.java DEBUG [Forwarding setTimeout on session f300633830c87b8f6f8bcb6913b46af6 to remote] http.wire 73 - http-outgoing-0 << "Content-Type:application/json; charset=utf-8[\r][\n]"
01-03-2022 16:28:02 Wire.java DEBUG [Forwarding setTimeout on session f300633830c87b8f6f8bcb6913b46af6 to remote] http.wire 73 - http-outgoing-0 << "cache-control:no-cache[\r][\n]"
01-03-2022 16:28:02 Wire.java DEBUG [Forwarding setTimeout on session f300633830c87b8f6f8bcb6913b46af6 to remote] http.wire 73 - http-outgoing-0 << "[\r][\n]"
01-03-2022 16:28:02 Wire.java DEBUG [Forwarding setTimeout on session f300633830c87b8f6f8bcb6913b46af6 to remote] http.wire 87 - http-outgoing-0 << "{"value":null}"
01-03-2022 16:28:02 LoggingManagedHttpClientConnection.java DEBUG [Forwarding setTimeout on session f300633830c87b8f6f8bcb6913b46af6 to remote] http.headers 122 - http-outgoing-0 << HTTP/1.1 200 OK
01-03-2022 16:28:02 LoggingManagedHttpClientConnection.java DEBUG [Forwarding setTimeout on session f300633830c87b8f6f8bcb6913b46af6 to remote] http.headers 125 - http-outgoing-0 << Content-Length:14
01-03-2022 16:28:02 LoggingManagedHttpClientConnection.java DEBUG [Forwarding setTimeout on session f300633830c87b8f6f8bcb6913b46af6 to remote] http.headers 125 - http-outgoing-0 << Content-Type:application/json; charset=utf-8
01-03-2022 16:28:02 LoggingManagedHttpClientConnection.java DEBUG [Forwarding setTimeout on session f300633830c87b8f6f8bcb6913b46af6 to remote] http.headers 125 - http-outgoing-0 << cache-control:no-cache
01-03-2022 16:28:02 MainClientExec.java DEBUG [Forwarding setTimeout on session f300633830c87b8f6f8bcb6913b46af6 to remote] execchain.MainClientExec 285 - Connection can be kept alive indefinitely
01-03-2022 16:28:02 PoolingHttpClientConnectionManager.java DEBUG [Forwarding setTimeout on session f300633830c87b8f6f8bcb6913b46af6 to remote] conn.PoolingHttpClientConnectionManager 320 - Connection [id: 0][route: {}->http://localhost:40046] can be kept alive indefinitely
01-03-2022 16:28:02 PoolingHttpClientConnectionManager.java DEBUG [Forwarding setTimeout on session f300633830c87b8f6f8bcb6913b46af6 to remote] conn.PoolingHttpClientConnectionManager 326 - Connection released: [id: 0][route: {}->http://localhost:40046][total kept alive: 1; route allocated: 1 of 2000; total allocated: 1 of 2000]
01-03-2022 16:28:02 RequestAddCookies.java DEBUG [Forwarding maximizeCurrentWindow on session f300633830c87b8f6f8bcb6913b46af6 to remote] protocol.RequestAddCookies 123 - CookieSpec selected: default
01-03-2022 16:28:02 RequestAuthCache.java DEBUG [Forwarding maximizeCurrentWindow on session f300633830c87b8f6f8bcb6913b46af6 to remote] protocol.RequestAuthCache 77 - Auth cache not set in the context
01-03-2022 16:28:02 PoolingHttpClientConnectionManager.java DEBUG [Forwarding maximizeCurrentWindow on session f300633830c87b8f6f8bcb6913b46af6 to remote] conn.PoolingHttpClientConnectionManager 255 - Connection request: [route: {}->http://localhost:40046][total kept alive: 1; route allocated: 1 of 2000; total allocated: 1 of 2000]
01-03-2022 16:28:02 PoolingHttpClientConnectionManager.java DEBUG [Forwarding maximizeCurrentWindow on session f300633830c87b8f6f8bcb6913b46af6 to remote] conn.PoolingHttpClientConnectionManager 288 - Connection leased: [id: 0][route: {}->http://localhost:40046][total kept alive: 0; route allocated: 1 of 2000; total allocated: 1 of 2000]
01-03-2022 16:28:02 MainClientExec.java DEBUG [Forwarding maximizeCurrentWindow on session f300633830c87b8f6f8bcb6913b46af6 to remote] execchain.MainClientExec 208 - Stale connection check
01-03-2022 16:28:02 Wire.java DEBUG [Forwarding maximizeCurrentWindow on session f300633830c87b8f6f8bcb6913b46af6 to remote] http.wire 87 - http-outgoing-0 << "[read] I/O error: Read timed out"
01-03-2022 16:28:02 LoggingManagedHttpClientConnection.java DEBUG [Forwarding maximizeCurrentWindow on session f300633830c87b8f6f8bcb6913b46af6 to remote] conn.DefaultManagedHttpClientConnection 88 - http-outgoing-0: set socket timeout to 10800000
01-03-2022 16:28:02 MainClientExec.java DEBUG [Forwarding maximizeCurrentWindow on session f300633830c87b8f6f8bcb6913b46af6 to remote] execchain.MainClientExec 256 - Executing request POST /session/f300633830c87b8f6f8bcb6913b46af6/window/maximize HTTP/1.1
01-03-2022 16:28:02 MainClientExec.java DEBUG [Forwarding maximizeCurrentWindow on session f300633830c87b8f6f8bcb6913b46af6 to remote] execchain.MainClientExec 261 - Target auth state: UNCHALLENGED
01-03-2022 16:28:02 MainClientExec.java DEBUG [Forwarding maximizeCurrentWindow on session f300633830c87b8f6f8bcb6913b46af6 to remote] execchain.MainClientExec 267 - Proxy auth state: UNCHALLENGED
01-03-2022 16:28:02 LoggingManagedHttpClientConnection.java DEBUG [Forwarding maximizeCurrentWindow on session f300633830c87b8f6f8bcb6913b46af6 to remote] http.headers 133 - http-outgoing-0 >> POST /session/f300633830c87b8f6f8bcb6913b46af6/window/maximize HTTP/1.1
01-03-2022 16:28:02 LoggingManagedHttpClientConnection.java DEBUG [Forwarding maximizeCurrentWindow on session f300633830c87b8f6f8bcb6913b46af6 to remote] http.headers 136 - http-outgoing-0 >> Content-Type: application/json; charset=utf-8
01-03-2022 16:28:02 LoggingManagedHttpClientConnection.java DEBUG [Forwarding maximizeCurrentWindow on session f300633830c87b8f6f8bcb6913b46af6 to remote] http.headers 136 - http-outgoing-0 >> Content-Length: 2
01-03-2022 16:28:02 LoggingManagedHttpClientConnection.java DEBUG [Forwarding maximizeCurrentWindow on session f300633830c87b8f6f8bcb6913b46af6 to remote] http.headers 136 - http-outgoing-0 >> Host: localhost:40046
01-03-2022 16:28:02 LoggingManagedHttpClientConnection.java DEBUG [Forwarding maximizeCurrentWindow on session f300633830c87b8f6f8bcb6913b46af6 to remote] http.headers 136 - http-outgoing-0 >> Connection: Keep-Alive
01-03-2022 16:28:02 LoggingManagedHttpClientConnection.java DEBUG [Forwarding maximizeCurrentWindow on session f300633830c87b8f6f8bcb6913b46af6 to remote] http.headers 136 - http-outgoing-0 >> User-Agent: Apache-HttpClient/4.5.3 (Java/1.8.0_202)
01-03-2022 16:28:02 LoggingManagedHttpClientConnection.java DEBUG [Forwarding maximizeCurrentWindow on session f300633830c87b8f6f8bcb6913b46af6 to remote] http.headers 136 - http-outgoing-0 >> Accept-Encoding: gzip,deflate
01-03-2022 16:28:02 Wire.java DEBUG [Forwarding maximizeCurrentWindow on session f300633830c87b8f6f8bcb6913b46af6 to remote] http.wire 73 - http-outgoing-0 >> "POST /session/f300633830c87b8f6f8bcb6913b46af6/window/maximize HTTP/1.1[\r][\n]"
01-03-2022 16:28:02 Wire.java DEBUG [Forwarding maximizeCurrentWindow on session f300633830c87b8f6f8bcb6913b46af6 to remote] http.wire 73 - http-outgoing-0 >> "Content-Type: application/json; charset=utf-8[\r][\n]"
01-03-2022 16:28:02 Wire.java DEBUG [Forwarding maximizeCurrentWindow on session f300633830c87b8f6f8bcb6913b46af6 to remote] http.wire 73 - http-outgoing-0 >> "Content-Length: 2[\r][\n]"
01-03-2022 16:28:02 Wire.java DEBUG [Forwarding maximizeCurrentWindow on session f300633830c87b8f6f8bcb6913b46af6 to remote] http.wire 73 - http-outgoing-0 >> "Host: localhost:40046[\r][\n]"
01-03-2022 16:28:02 Wire.java DEBUG [Forwarding maximizeCurrentWindow on session f300633830c87b8f6f8bcb6913b46af6 to remote] http.wire 73 - http-outgoing-0 >> "Connection: Keep-Alive[\r][\n]"
01-03-2022 16:28:02 Wire.java DEBUG [Forwarding maximizeCurrentWindow on session f300633830c87b8f6f8bcb6913b46af6 to remote] http.wire 73 - http-outgoing-0 >> "User-Agent: Apache-HttpClient/4.5.3 (Java/1.8.0_202)[\r][\n]"
01-03-2022 16:28:02 Wire.java DEBUG [Forwarding maximizeCurrentWindow on session f300633830c87b8f6f8bcb6913b46af6 to remote] http.wire 73 - http-outgoing-0 >> "Accept-Encoding: gzip,deflate[\r][\n]"
01-03-2022 16:28:02 Wire.java DEBUG [Forwarding maximizeCurrentWindow on session f300633830c87b8f6f8bcb6913b46af6 to remote] http.wire 73 - http-outgoing-0 >> "[\r][\n]"
01-03-2022 16:28:02 Wire.java DEBUG [Forwarding maximizeCurrentWindow on session f300633830c87b8f6f8bcb6913b46af6 to remote] http.wire 87 - http-outgoing-0 >> "{}"
01-03-2022 16:28:03 Wire.java DEBUG [Forwarding maximizeCurrentWindow on session f300633830c87b8f6f8bcb6913b46af6 to remote] http.wire 73 - http-outgoing-0 << "HTTP/1.1 200 OK[\r][\n]"
01-03-2022 16:28:03 Wire.java DEBUG [Forwarding maximizeCurrentWindow on session f300633830c87b8f6f8bcb6913b46af6 to remote] http.wire 73 - http-outgoing-0 << "Content-Length:51[\r][\n]"
01-03-2022 16:28:03 Wire.java DEBUG [Forwarding maximizeCurrentWindow on session f300633830c87b8f6f8bcb6913b46af6 to remote] http.wire 73 - http-outgoing-0 << "Content-Type:application/json; charset=utf-8[\r][\n]"
01-03-2022 16:28:03 Wire.java DEBUG [Forwarding maximizeCurrentWindow on session f300633830c87b8f6f8bcb6913b46af6 to remote] http.wire 73 - http-outgoing-0 << "cache-control:no-cache[\r][\n]"
01-03-2022 16:28:03 Wire.java DEBUG [Forwarding maximizeCurrentWindow on session f300633830c87b8f6f8bcb6913b46af6 to remote] http.wire 73 - http-outgoing-0 << "[\r][\n]"
01-03-2022 16:28:03 Wire.java DEBUG [Forwarding maximizeCurrentWindow on session f300633830c87b8f6f8bcb6913b46af6 to remote] http.wire 87 - http-outgoing-0 << "{"value":{"height":744,"width":1376,"x":-8,"y":-8}}"
01-03-2022 16:28:03 LoggingManagedHttpClientConnection.java DEBUG [Forwarding maximizeCurrentWindow on session f300633830c87b8f6f8bcb6913b46af6 to remote] http.headers 122 - http-outgoing-0 << HTTP/1.1 200 OK
01-03-2022 16:28:03 LoggingManagedHttpClientConnection.java DEBUG [Forwarding maximizeCurrentWindow on session f300633830c87b8f6f8bcb6913b46af6 to remote] http.headers 125 - http-outgoing-0 << Content-Length:51
01-03-2022 16:28:03 LoggingManagedHttpClientConnection.java DEBUG [Forwarding maximizeCurrentWindow on session f300633830c87b8f6f8bcb6913b46af6 to remote] http.headers 125 - http-outgoing-0 << Content-Type:application/json; charset=utf-8
01-03-2022 16:28:03 LoggingManagedHttpClientConnection.java DEBUG [Forwarding maximizeCurrentWindow on session f300633830c87b8f6f8bcb6913b46af6 to remote] http.headers 125 - http-outgoing-0 << cache-control:no-cache
01-03-2022 16:28:03 MainClientExec.java DEBUG [Forwarding maximizeCurrentWindow on session f300633830c87b8f6f8bcb6913b46af6 to remote] execchain.MainClientExec 285 - Connection can be kept alive indefinitely
01-03-2022 16:28:03 PoolingHttpClientConnectionManager.java DEBUG [Forwarding maximizeCurrentWindow on session f300633830c87b8f6f8bcb6913b46af6 to remote] conn.PoolingHttpClientConnectionManager 320 - Connection [id: 0][route: {}->http://localhost:40046] can be kept alive indefinitely
01-03-2022 16:28:03 PoolingHttpClientConnectionManager.java DEBUG [Forwarding maximizeCurrentWindow on session f300633830c87b8f6f8bcb6913b46af6 to remote] conn.PoolingHttpClientConnectionManager 326 - Connection released: [id: 0][route: {}->http://localhost:40046][total kept alive: 1; route allocated: 1 of 2000; total allocated: 1 of 2000]
Before navigating to: 'https://kolhapur.gov.in/en/'
01-03-2022 16:28:03 RequestAddCookies.java DEBUG [Forwarding get on session f300633830c87b8f6f8bcb6913b46af6 to remote] protocol.RequestAddCookies 123 - CookieSpec selected: default
01-03-2022 16:28:03 RequestAuthCache.java DEBUG [Forwarding get on session f300633830c87b8f6f8bcb6913b46af6 to remote] protocol.RequestAuthCache 77 - Auth cache not set in the context
01-03-2022 16:28:03 PoolingHttpClientConnectionManager.java DEBUG [Forwarding get on session f300633830c87b8f6f8bcb6913b46af6 to remote] conn.PoolingHttpClientConnectionManager 255 - Connection request: [route: {}->http://localhost:40046][total kept alive: 1; route allocated: 1 of 2000; total allocated: 1 of 2000]
01-03-2022 16:28:03 PoolingHttpClientConnectionManager.java DEBUG [Forwarding get on session f300633830c87b8f6f8bcb6913b46af6 to remote] conn.PoolingHttpClientConnectionManager 288 - Connection leased: [id: 0][route: {}->http://localhost:40046][total kept alive: 0; route allocated: 1 of 2000; total allocated: 1 of 2000]
01-03-2022 16:28:03 MainClientExec.java DEBUG [Forwarding get on session f300633830c87b8f6f8bcb6913b46af6 to remote] execchain.MainClientExec 208 - Stale connection check
01-03-2022 16:28:03 Wire.java DEBUG [Forwarding get on session f300633830c87b8f6f8bcb6913b46af6 to remote] http.wire 87 - http-outgoing-0 << "[read] I/O error: Read timed out"
01-03-2022 16:28:03 LoggingManagedHttpClientConnection.java DEBUG [Forwarding get on session f300633830c87b8f6f8bcb6913b46af6 to remote] conn.DefaultManagedHttpClientConnection 88 - http-outgoing-0: set socket timeout to 10800000
01-03-2022 16:28:03 MainClientExec.java DEBUG [Forwarding get on session f300633830c87b8f6f8bcb6913b46af6 to remote] execchain.MainClientExec 256 - Executing request POST /session/f300633830c87b8f6f8bcb6913b46af6/url HTTP/1.1
01-03-2022 16:28:03 MainClientExec.java DEBUG [Forwarding get on session f300633830c87b8f6f8bcb6913b46af6 to remote] execchain.MainClientExec 261 - Target auth state: UNCHALLENGED
01-03-2022 16:28:03 MainClientExec.java DEBUG [Forwarding get on session f300633830c87b8f6f8bcb6913b46af6 to remote] execchain.MainClientExec 267 - Proxy auth state: UNCHALLENGED
01-03-2022 16:28:03 LoggingManagedHttpClientConnection.java DEBUG [Forwarding get on session f300633830c87b8f6f8bcb6913b46af6 to remote] http.headers 133 - http-outgoing-0 >> POST /session/f300633830c87b8f6f8bcb6913b46af6/url HTTP/1.1
01-03-2022 16:28:03 LoggingManagedHttpClientConnection.java DEBUG [Forwarding get on session f300633830c87b8f6f8bcb6913b46af6 to remote] http.headers 136 - http-outgoing-0 >> Content-Type: application/json; charset=utf-8
01-03-2022 16:28:03 LoggingManagedHttpClientConnection.java DEBUG [Forwarding get on session f300633830c87b8f6f8bcb6913b46af6 to remote] http.headers 136 - http-outgoing-0 >> Content-Length: 37
01-03-2022 16:28:03 LoggingManagedHttpClientConnection.java DEBUG [Forwarding get on session f300633830c87b8f6f8bcb6913b46af6 to remote] http.headers 136 - http-outgoing-0 >> Host: localhost:40046
01-03-2022 16:28:03 LoggingManagedHttpClientConnection.java DEBUG [Forwarding get on session f300633830c87b8f6f8bcb6913b46af6 to remote] http.headers 136 - http-outgoing-0 >> Connection: Keep-Alive
01-03-2022 16:28:03 LoggingManagedHttpClientConnection.java DEBUG [Forwarding get on session f300633830c87b8f6f8bcb6913b46af6 to remote] http.headers 136 - http-outgoing-0 >> User-Agent: Apache-HttpClient/4.5.3 (Java/1.8.0_202)
01-03-2022 16:28:03 LoggingManagedHttpClientConnection.java DEBUG [Forwarding get on session f300633830c87b8f6f8bcb6913b46af6 to remote] http.headers 136 - http-outgoing-0 >> Accept-Encoding: gzip,deflate
01-03-2022 16:28:03 Wire.java DEBUG [Forwarding get on session f300633830c87b8f6f8bcb6913b46af6 to remote] http.wire 73 - http-outgoing-0 >> "POST /session/f300633830c87b8f6f8bcb6913b46af6/url HTTP/1.1[\r][\n]"
01-03-2022 16:28:03 Wire.java DEBUG [Forwarding get on session f300633830c87b8f6f8bcb6913b46af6 to remote] http.wire 73 - http-outgoing-0 >> "Content-Type: application/json; charset=utf-8[\r][\n]"
01-03-2022 16:28:03 Wire.java DEBUG [Forwarding get on session f300633830c87b8f6f8bcb6913b46af6 to remote] http.wire 73 - http-outgoing-0 >> "Content-Length: 37[\r][\n]"
01-03-2022 16:28:03 Wire.java DEBUG [Forwarding get on session f300633830c87b8f6f8bcb6913b46af6 to remote] http.wire 73 - http-outgoing-0 >> "Host: localhost:40046[\r][\n]"
01-03-2022 16:28:03 Wire.java DEBUG [Forwarding get on session f300633830c87b8f6f8bcb6913b46af6 to remote] http.wire 73 - http-outgoing-0 >> "Connection: Keep-Alive[\r][\n]"
01-03-2022 16:28:03 Wire.java DEBUG [Forwarding get on session f300633830c87b8f6f8bcb6913b46af6 to remote] http.wire 73 - http-outgoing-0 >> "User-Agent: Apache-HttpClient/4.5.3 (Java/1.8.0_202)[\r][\n]"
01-03-2022 16:28:03 Wire.java DEBUG [Forwarding get on session f300633830c87b8f6f8bcb6913b46af6 to remote] http.wire 73 - http-outgoing-0 >> "Accept-Encoding: gzip,deflate[\r][\n]"
01-03-2022 16:28:03 Wire.java DEBUG [Forwarding get on session f300633830c87b8f6f8bcb6913b46af6 to remote] http.wire 73 - http-outgoing-0 >> "[\r][\n]"
01-03-2022 16:28:03 Wire.java DEBUG [Forwarding get on session f300633830c87b8f6f8bcb6913b46af6 to remote] http.wire 87 - http-outgoing-0 >> "{"url":"https://kolhapur.gov.in/en/"}"
01-03-2022 16:28:44 Wire.java DEBUG [Forwarding get on session f300633830c87b8f6f8bcb6913b46af6 to remote] http.wire 73 - http-outgoing-0 << "HTTP/1.1 200 OK[\r][\n]"
01-03-2022 16:28:44 Wire.java DEBUG [Forwarding get on session f300633830c87b8f6f8bcb6913b46af6 to remote] http.wire 73 - http-outgoing-0 << "Content-Length:14[\r][\n]"
01-03-2022 16:28:44 Wire.java DEBUG [Forwarding get on session f300633830c87b8f6f8bcb6913b46af6 to remote] http.wire 73 - http-outgoing-0 << "Content-Type:application/json; charset=utf-8[\r][\n]"
01-03-2022 16:28:44 Wire.java DEBUG [Forwarding get on session f300633830c87b8f6f8bcb6913b46af6 to remote] http.wire 73 - http-outgoing-0 << "cache-control:no-cache[\r][\n]"
01-03-2022 16:28:44 Wire.java DEBUG [Forwarding get on session f300633830c87b8f6f8bcb6913b46af6 to remote] http.wire 73 - http-outgoing-0 << "[\r][\n]"
01-03-2022 16:28:44 Wire.java DEBUG [Forwarding get on session f300633830c87b8f6f8bcb6913b46af6 to remote] http.wire 87 - http-outgoing-0 << "{"value":null}"
01-03-2022 16:28:44 LoggingManagedHttpClientConnection.java DEBUG [Forwarding get on session f300633830c87b8f6f8bcb6913b46af6 to remote] http.headers 122 - http-outgoing-0 << HTTP/1.1 200 OK
01-03-2022 16:28:44 LoggingManagedHttpClientConnection.java DEBUG [Forwarding get on session f300633830c87b8f6f8bcb6913b46af6 to remote] http.headers 125 - http-outgoing-0 << Content-Length:14
01-03-2022 16:28:44 LoggingManagedHttpClientConnection.java DEBUG [Forwarding get on session f300633830c87b8f6f8bcb6913b46af6 to remote] http.headers 125 - http-outgoing-0 << Content-Type:application/json; charset=utf-8
01-03-2022 16:28:44 LoggingManagedHttpClientConnection.java DEBUG [Forwarding get on session f300633830c87b8f6f8bcb6913b46af6 to remote] http.headers 125 - http-outgoing-0 << cache-control:no-cache
01-03-2022 16:28:44 MainClientExec.java DEBUG [Forwarding get on session f300633830c87b8f6f8bcb6913b46af6 to remote] execchain.MainClientExec 285 - Connection can be kept alive indefinitely
01-03-2022 16:28:44 PoolingHttpClientConnectionManager.java DEBUG [Forwarding get on session f300633830c87b8f6f8bcb6913b46af6 to remote] conn.PoolingHttpClientConnectionManager 320 - Connection [id: 0][route: {}->http://localhost:40046] can be kept alive indefinitely
01-03-2022 16:28:44 PoolingHttpClientConnectionManager.java DEBUG [Forwarding get on session f300633830c87b8f6f8bcb6913b46af6 to remote] conn.PoolingHttpClientConnectionManager 326 - Connection released: [id: 0][route: {}->http://localhost:40046][total kept alive: 1; route allocated: 1 of 2000; total allocated: 1 of 2000]
Navigated to:'https://kolhapur.gov.in/en/'
01-03-2022 16:28:44 TestBase.java INFO  [main] KolhapurAutomationHybridFramework 61 - **************************url lauched*****************
Trying to find Element By : By.cssSelector: ul.vc_tta-tabs-list>li:first-of-type
01-03-2022 16:28:44 RequestAddCookies.java DEBUG [Forwarding findElement on session f300633830c87b8f6f8bcb6913b46af6 to remote] protocol.RequestAddCookies 123 - CookieSpec selected: default
01-03-2022 16:28:44 RequestAuthCache.java DEBUG [Forwarding findElement on session f300633830c87b8f6f8bcb6913b46af6 to remote] protocol.RequestAuthCache 77 - Auth cache not set in the context
01-03-2022 16:28:44 PoolingHttpClientConnectionManager.java DEBUG [Forwarding findElement on session f300633830c87b8f6f8bcb6913b46af6 to remote] conn.PoolingHttpClientConnectionManager 255 - Connection request: [route: {}->http://localhost:40046][total kept alive: 1; route allocated: 1 of 2000; total allocated: 1 of 2000]
01-03-2022 16:28:44 PoolingHttpClientConnectionManager.java DEBUG [Forwarding findElement on session f300633830c87b8f6f8bcb6913b46af6 to remote] conn.PoolingHttpClientConnectionManager 288 - Connection leased: [id: 0][route: {}->http://localhost:40046][total kept alive: 0; route allocated: 1 of 2000; total allocated: 1 of 2000]
01-03-2022 16:28:44 MainClientExec.java DEBUG [Forwarding findElement on session f300633830c87b8f6f8bcb6913b46af6 to remote] execchain.MainClientExec 208 - Stale connection check
01-03-2022 16:28:44 Wire.java DEBUG [Forwarding findElement on session f300633830c87b8f6f8bcb6913b46af6 to remote] http.wire 87 - http-outgoing-0 << "[read] I/O error: Read timed out"
01-03-2022 16:28:44 LoggingManagedHttpClientConnection.java DEBUG [Forwarding findElement on session f300633830c87b8f6f8bcb6913b46af6 to remote] conn.DefaultManagedHttpClientConnection 88 - http-outgoing-0: set socket timeout to 10800000
01-03-2022 16:28:44 MainClientExec.java DEBUG [Forwarding findElement on session f300633830c87b8f6f8bcb6913b46af6 to remote] execchain.MainClientExec 256 - Executing request POST /session/f300633830c87b8f6f8bcb6913b46af6/element HTTP/1.1
01-03-2022 16:28:44 MainClientExec.java DEBUG [Forwarding findElement on session f300633830c87b8f6f8bcb6913b46af6 to remote] execchain.MainClientExec 261 - Target auth state: UNCHALLENGED
01-03-2022 16:28:44 MainClientExec.java DEBUG [Forwarding findElement on session f300633830c87b8f6f8bcb6913b46af6 to remote] execchain.MainClientExec 267 - Proxy auth state: UNCHALLENGED
01-03-2022 16:28:44 LoggingManagedHttpClientConnection.java DEBUG [Forwarding findElement on session f300633830c87b8f6f8bcb6913b46af6 to remote] http.headers 133 - http-outgoing-0 >> POST /session/f300633830c87b8f6f8bcb6913b46af6/element HTTP/1.1
01-03-2022 16:28:44 LoggingManagedHttpClientConnection.java DEBUG [Forwarding findElement on session f300633830c87b8f6f8bcb6913b46af6 to remote] http.headers 136 - http-outgoing-0 >> Content-Type: application/json; charset=utf-8
01-03-2022 16:28:44 LoggingManagedHttpClientConnection.java DEBUG [Forwarding findElement on session f300633830c87b8f6f8bcb6913b46af6 to remote] http.headers 136 - http-outgoing-0 >> Content-Length: 76
01-03-2022 16:28:44 LoggingManagedHttpClientConnection.java DEBUG [Forwarding findElement on session f300633830c87b8f6f8bcb6913b46af6 to remote] http.headers 136 - http-outgoing-0 >> Host: localhost:40046
01-03-2022 16:28:44 LoggingManagedHttpClientConnection.java DEBUG [Forwarding findElement on session f300633830c87b8f6f8bcb6913b46af6 to remote] http.headers 136 - http-outgoing-0 >> Connection: Keep-Alive
01-03-2022 16:28:44 LoggingManagedHttpClientConnection.java DEBUG [Forwarding findElement on session f300633830c87b8f6f8bcb6913b46af6 to remote] http.headers 136 - http-outgoing-0 >> User-Agent: Apache-HttpClient/4.5.3 (Java/1.8.0_202)
01-03-2022 16:28:44 LoggingManagedHttpClientConnection.java DEBUG [Forwarding findElement on session f300633830c87b8f6f8bcb6913b46af6 to remote] http.headers 136 - http-outgoing-0 >> Accept-Encoding: gzip,deflate
01-03-2022 16:28:44 Wire.java DEBUG [Forwarding findElement on session f300633830c87b8f6f8bcb6913b46af6 to remote] http.wire 73 - http-outgoing-0 >> "POST /session/f300633830c87b8f6f8bcb6913b46af6/element HTTP/1.1[\r][\n]"
01-03-2022 16:28:44 Wire.java DEBUG [Forwarding findElement on session f300633830c87b8f6f8bcb6913b46af6 to remote] http.wire 73 - http-outgoing-0 >> "Content-Type: application/json; charset=utf-8[\r][\n]"
01-03-2022 16:28:44 Wire.java DEBUG [Forwarding findElement on session f300633830c87b8f6f8bcb6913b46af6 to remote] http.wire 73 - http-outgoing-0 >> "Content-Length: 76[\r][\n]"
01-03-2022 16:28:44 Wire.java DEBUG [Forwarding findElement on session f300633830c87b8f6f8bcb6913b46af6 to remote] http.wire 73 - http-outgoing-0 >> "Host: localhost:40046[\r][\n]"
01-03-2022 16:28:44 Wire.java DEBUG [Forwarding findElement on session f300633830c87b8f6f8bcb6913b46af6 to remote] http.wire 73 - http-outgoing-0 >> "Connection: Keep-Alive[\r][\n]"
01-03-2022 16:28:44 Wire.java DEBUG [Forwarding findElement on session f300633830c87b8f6f8bcb6913b46af6 to remote] http.wire 73 - http-outgoing-0 >> "User-Agent: Apache-HttpClient/4.5.3 (Java/1.8.0_202)[\r][\n]"
01-03-2022 16:28:44 Wire.java DEBUG [Forwarding findElement on session f300633830c87b8f6f8bcb6913b46af6 to remote] http.wire 73 - http-outgoing-0 >> "Accept-Encoding: gzip,deflate[\r][\n]"
01-03-2022 16:28:44 Wire.java DEBUG [Forwarding findElement on session f300633830c87b8f6f8bcb6913b46af6 to remote] http.wire 73 - http-outgoing-0 >> "[\r][\n]"
01-03-2022 16:28:44 Wire.java DEBUG [Forwarding findElement on session f300633830c87b8f6f8bcb6913b46af6 to remote] http.wire 87 - http-outgoing-0 >> "{"value":"ul.vc_tta-tabs-list\u003eli:first-of-type","using":"css selector"}"
01-03-2022 16:28:44 Wire.java DEBUG [Forwarding findElement on session f300633830c87b8f6f8bcb6913b46af6 to remote] http.wire 73 - http-outgoing-0 << "HTTP/1.1 200 OK[\r][\n]"
01-03-2022 16:28:44 Wire.java DEBUG [Forwarding findElement on session f300633830c87b8f6f8bcb6913b46af6 to remote] http.wire 73 - http-outgoing-0 << "Content-Length:88[\r][\n]"
01-03-2022 16:28:44 Wire.java DEBUG [Forwarding findElement on session f300633830c87b8f6f8bcb6913b46af6 to remote] http.wire 73 - http-outgoing-0 << "Content-Type:application/json; charset=utf-8[\r][\n]"
01-03-2022 16:28:44 Wire.java DEBUG [Forwarding findElement on session f300633830c87b8f6f8bcb6913b46af6 to remote] http.wire 73 - http-outgoing-0 << "cache-control:no-cache[\r][\n]"
01-03-2022 16:28:44 Wire.java DEBUG [Forwarding findElement on session f300633830c87b8f6f8bcb6913b46af6 to remote] http.wire 73 - http-outgoing-0 << "[\r][\n]"
01-03-2022 16:28:44 Wire.java DEBUG [Forwarding findElement on session f300633830c87b8f6f8bcb6913b46af6 to remote] http.wire 87 - http-outgoing-0 << "{"value":{"element-6066-11e4-a52e-4f735466cecf":"695bd3f8-438f-44a8-82fc-b4e05be8d96e"}}"
01-03-2022 16:28:44 LoggingManagedHttpClientConnection.java DEBUG [Forwarding findElement on session f300633830c87b8f6f8bcb6913b46af6 to remote] http.headers 122 - http-outgoing-0 << HTTP/1.1 200 OK
01-03-2022 16:28:44 LoggingManagedHttpClientConnection.java DEBUG [Forwarding findElement on session f300633830c87b8f6f8bcb6913b46af6 to remote] http.headers 125 - http-outgoing-0 << Content-Length:88
01-03-2022 16:28:44 LoggingManagedHttpClientConnection.java DEBUG [Forwarding findElement on session f300633830c87b8f6f8bcb6913b46af6 to remote] http.headers 125 - http-outgoing-0 << Content-Type:application/json; charset=utf-8
01-03-2022 16:28:44 LoggingManagedHttpClientConnection.java DEBUG [Forwarding findElement on session f300633830c87b8f6f8bcb6913b46af6 to remote] http.headers 125 - http-outgoing-0 << cache-control:no-cache
01-03-2022 16:28:44 MainClientExec.java DEBUG [Forwarding findElement on session f300633830c87b8f6f8bcb6913b46af6 to remote] execchain.MainClientExec 285 - Connection can be kept alive indefinitely
01-03-2022 16:28:44 PoolingHttpClientConnectionManager.java DEBUG [Forwarding findElement on session f300633830c87b8f6f8bcb6913b46af6 to remote] conn.PoolingHttpClientConnectionManager 320 - Connection [id: 0][route: {}->http://localhost:40046] can be kept alive indefinitely
01-03-2022 16:28:44 PoolingHttpClientConnectionManager.java DEBUG [Forwarding findElement on session f300633830c87b8f6f8bcb6913b46af6 to remote] conn.PoolingHttpClientConnectionManager 326 - Connection released: [id: 0][route: {}->http://localhost:40046][total kept alive: 1; route allocated: 1 of 2000; total allocated: 1 of 2000]
Found Element By : By.cssSelector: ul.vc_tta-tabs-list>li:first-of-type
01-03-2022 16:28:44 RequestAddCookies.java DEBUG [Forwarding getElementText on session f300633830c87b8f6f8bcb6913b46af6 to remote] protocol.RequestAddCookies 123 - CookieSpec selected: default
01-03-2022 16:28:44 RequestAuthCache.java DEBUG [Forwarding getElementText on session f300633830c87b8f6f8bcb6913b46af6 to remote] protocol.RequestAuthCache 77 - Auth cache not set in the context
01-03-2022 16:28:44 PoolingHttpClientConnectionManager.java DEBUG [Forwarding getElementText on session f300633830c87b8f6f8bcb6913b46af6 to remote] conn.PoolingHttpClientConnectionManager 255 - Connection request: [route: {}->http://localhost:40046][total kept alive: 1; route allocated: 1 of 2000; total allocated: 1 of 2000]
01-03-2022 16:28:44 PoolingHttpClientConnectionManager.java DEBUG [Forwarding getElementText on session f300633830c87b8f6f8bcb6913b46af6 to remote] conn.PoolingHttpClientConnectionManager 288 - Connection leased: [id: 0][route: {}->http://localhost:40046][total kept alive: 0; route allocated: 1 of 2000; total allocated: 1 of 2000]
01-03-2022 16:28:44 MainClientExec.java DEBUG [Forwarding getElementText on session f300633830c87b8f6f8bcb6913b46af6 to remote] execchain.MainClientExec 208 - Stale connection check
01-03-2022 16:28:44 Wire.java DEBUG [Forwarding getElementText on session f300633830c87b8f6f8bcb6913b46af6 to remote] http.wire 87 - http-outgoing-0 << "[read] I/O error: Read timed out"
01-03-2022 16:28:44 LoggingManagedHttpClientConnection.java DEBUG [Forwarding getElementText on session f300633830c87b8f6f8bcb6913b46af6 to remote] conn.DefaultManagedHttpClientConnection 88 - http-outgoing-0: set socket timeout to 10800000
01-03-2022 16:28:44 MainClientExec.java DEBUG [Forwarding getElementText on session f300633830c87b8f6f8bcb6913b46af6 to remote] execchain.MainClientExec 256 - Executing request GET /session/f300633830c87b8f6f8bcb6913b46af6/element/695bd3f8-438f-44a8-82fc-b4e05be8d96e/text HTTP/1.1
01-03-2022 16:28:44 MainClientExec.java DEBUG [Forwarding getElementText on session f300633830c87b8f6f8bcb6913b46af6 to remote] execchain.MainClientExec 261 - Target auth state: UNCHALLENGED
01-03-2022 16:28:44 MainClientExec.java DEBUG [Forwarding getElementText on session f300633830c87b8f6f8bcb6913b46af6 to remote] execchain.MainClientExec 267 - Proxy auth state: UNCHALLENGED
01-03-2022 16:28:44 LoggingManagedHttpClientConnection.java DEBUG [Forwarding getElementText on session f300633830c87b8f6f8bcb6913b46af6 to remote] http.headers 133 - http-outgoing-0 >> GET /session/f300633830c87b8f6f8bcb6913b46af6/element/695bd3f8-438f-44a8-82fc-b4e05be8d96e/text HTTP/1.1
01-03-2022 16:28:44 LoggingManagedHttpClientConnection.java DEBUG [Forwarding getElementText on session f300633830c87b8f6f8bcb6913b46af6 to remote] http.headers 136 - http-outgoing-0 >> Cache-Control: no-cache
01-03-2022 16:28:44 LoggingManagedHttpClientConnection.java DEBUG [Forwarding getElementText on session f300633830c87b8f6f8bcb6913b46af6 to remote] http.headers 136 - http-outgoing-0 >> Host: localhost:40046
01-03-2022 16:28:44 LoggingManagedHttpClientConnection.java DEBUG [Forwarding getElementText on session f300633830c87b8f6f8bcb6913b46af6 to remote] http.headers 136 - http-outgoing-0 >> Connection: Keep-Alive
01-03-2022 16:28:44 LoggingManagedHttpClientConnection.java DEBUG [Forwarding getElementText on session f300633830c87b8f6f8bcb6913b46af6 to remote] http.headers 136 - http-outgoing-0 >> User-Agent: Apache-HttpClient/4.5.3 (Java/1.8.0_202)
01-03-2022 16:28:44 LoggingManagedHttpClientConnection.java DEBUG [Forwarding getElementText on session f300633830c87b8f6f8bcb6913b46af6 to remote] http.headers 136 - http-outgoing-0 >> Accept-Encoding: gzip,deflate
01-03-2022 16:28:44 Wire.java DEBUG [Forwarding getElementText on session f300633830c87b8f6f8bcb6913b46af6 to remote] http.wire 73 - http-outgoing-0 >> "GET /session/f300633830c87b8f6f8bcb6913b46af6/element/695bd3f8-438f-44a8-82fc-b4e05be8d96e/text HTTP/1.1[\r][\n]"
01-03-2022 16:28:44 Wire.java DEBUG [Forwarding getElementText on session f300633830c87b8f6f8bcb6913b46af6 to remote] http.wire 73 - http-outgoing-0 >> "Cache-Control: no-cache[\r][\n]"
01-03-2022 16:28:44 Wire.java DEBUG [Forwarding getElementText on session f300633830c87b8f6f8bcb6913b46af6 to remote] http.wire 73 - http-outgoing-0 >> "Host: localhost:40046[\r][\n]"
01-03-2022 16:28:44 Wire.java DEBUG [Forwarding getElementText on session f300633830c87b8f6f8bcb6913b46af6 to remote] http.wire 73 - http-outgoing-0 >> "Connection: Keep-Alive[\r][\n]"
01-03-2022 16:28:44 Wire.java DEBUG [Forwarding getElementText on session f300633830c87b8f6f8bcb6913b46af6 to remote] http.wire 73 - http-outgoing-0 >> "User-Agent: Apache-HttpClient/4.5.3 (Java/1.8.0_202)[\r][\n]"
01-03-2022 16:28:44 Wire.java DEBUG [Forwarding getElementText on session f300633830c87b8f6f8bcb6913b46af6 to remote] http.wire 73 - http-outgoing-0 >> "Accept-Encoding: gzip,deflate[\r][\n]"
01-03-2022 16:28:44 Wire.java DEBUG [Forwarding getElementText on session f300633830c87b8f6f8bcb6913b46af6 to remote] http.wire 73 - http-outgoing-0 >> "[\r][\n]"
01-03-2022 16:28:44 Wire.java DEBUG [Forwarding getElementText on session f300633830c87b8f6f8bcb6913b46af6 to remote] http.wire 73 - http-outgoing-0 << "HTTP/1.1 200 OK[\r][\n]"
01-03-2022 16:28:44 Wire.java DEBUG [Forwarding getElementText on session f300633830c87b8f6f8bcb6913b46af6 to remote] http.wire 73 - http-outgoing-0 << "Content-Length:26[\r][\n]"
01-03-2022 16:28:44 Wire.java DEBUG [Forwarding getElementText on session f300633830c87b8f6f8bcb6913b46af6 to remote] http.wire 73 - http-outgoing-0 << "Content-Type:application/json; charset=utf-8[\r][\n]"
01-03-2022 16:28:44 Wire.java DEBUG [Forwarding getElementText on session f300633830c87b8f6f8bcb6913b46af6 to remote] http.wire 73 - http-outgoing-0 << "cache-control:no-cache[\r][\n]"
01-03-2022 16:28:44 Wire.java DEBUG [Forwarding getElementText on session f300633830c87b8f6f8bcb6913b46af6 to remote] http.wire 73 - http-outgoing-0 << "[\r][\n]"
01-03-2022 16:28:44 Wire.java DEBUG [Forwarding getElementText on session f300633830c87b8f6f8bcb6913b46af6 to remote] http.wire 87 - http-outgoing-0 << "{"value":"NEWS / UPDATES"}"
01-03-2022 16:28:44 LoggingManagedHttpClientConnection.java DEBUG [Forwarding getElementText on session f300633830c87b8f6f8bcb6913b46af6 to remote] http.headers 122 - http-outgoing-0 << HTTP/1.1 200 OK
01-03-2022 16:28:44 LoggingManagedHttpClientConnection.java DEBUG [Forwarding getElementText on session f300633830c87b8f6f8bcb6913b46af6 to remote] http.headers 125 - http-outgoing-0 << Content-Length:26
01-03-2022 16:28:44 LoggingManagedHttpClientConnection.java DEBUG [Forwarding getElementText on session f300633830c87b8f6f8bcb6913b46af6 to remote] http.headers 125 - http-outgoing-0 << Content-Type:application/json; charset=utf-8
01-03-2022 16:28:44 LoggingManagedHttpClientConnection.java DEBUG [Forwarding getElementText on session f300633830c87b8f6f8bcb6913b46af6 to remote] http.headers 125 - http-outgoing-0 << cache-control:no-cache
01-03-2022 16:28:44 MainClientExec.java DEBUG [Forwarding getElementText on session f300633830c87b8f6f8bcb6913b46af6 to remote] execchain.MainClientExec 285 - Connection can be kept alive indefinitely
01-03-2022 16:28:44 PoolingHttpClientConnectionManager.java DEBUG [Forwarding getElementText on session f300633830c87b8f6f8bcb6913b46af6 to remote] conn.PoolingHttpClientConnectionManager 320 - Connection [id: 0][route: {}->http://localhost:40046] can be kept alive indefinitely
01-03-2022 16:28:44 PoolingHttpClientConnectionManager.java DEBUG [Forwarding getElementText on session f300633830c87b8f6f8bcb6913b46af6 to remote] conn.PoolingHttpClientConnectionManager 326 - Connection released: [id: 0][route: {}->http://localhost:40046][total kept alive: 1; route allocated: 1 of 2000; total allocated: 1 of 2000]
]]></system-out>
    <system-err><![CDATA[Starting ChromeDriver 96.0.4664.45 (76e4c1bb2ab4671b8beba3444e61c0f17584b2fc-refs/branch-heads/4664@{#947}) on port 40046
Only local connections are allowed.
Please see https://chromedriver.chromium.org/security-considerations for suggestions on keeping ChromeDriver safe.
ChromeDriver was started successfully.
Jan 03, 2022 4:28:02 PM org.openqa.selenium.remote.ProtocolHandshake createSession
INFO: Detected dialect: W3C
]]></system-err>
  </testcase>
  <testcase name="place_to_interest_test" classname="com.kolhapur.testcases.HomePageTest" time="6.856">
    <system-out><![CDATA[01-03-2022 16:28:44 RequestAddCookies.java DEBUG [Forwarding close on session f300633830c87b8f6f8bcb6913b46af6 to remote] protocol.RequestAddCookies 123 - CookieSpec selected: default
01-03-2022 16:28:44 RequestAuthCache.java DEBUG [Forwarding close on session f300633830c87b8f6f8bcb6913b46af6 to remote] protocol.RequestAuthCache 77 - Auth cache not set in the context
01-03-2022 16:28:44 PoolingHttpClientConnectionManager.java DEBUG [Forwarding close on session f300633830c87b8f6f8bcb6913b46af6 to remote] conn.PoolingHttpClientConnectionManager 255 - Connection request: [route: {}->http://localhost:40046][total kept alive: 1; route allocated: 1 of 2000; total allocated: 1 of 2000]
01-03-2022 16:28:44 PoolingHttpClientConnectionManager.java DEBUG [Forwarding close on session f300633830c87b8f6f8bcb6913b46af6 to remote] conn.PoolingHttpClientConnectionManager 288 - Connection leased: [id: 0][route: {}->http://localhost:40046][total kept alive: 0; route allocated: 1 of 2000; total allocated: 1 of 2000]
01-03-2022 16:28:44 MainClientExec.java DEBUG [Forwarding close on session f300633830c87b8f6f8bcb6913b46af6 to remote] execchain.MainClientExec 208 - Stale connection check
01-03-2022 16:28:44 Wire.java DEBUG [Forwarding close on session f300633830c87b8f6f8bcb6913b46af6 to remote] http.wire 87 - http-outgoing-0 << "[read] I/O error: Read timed out"
01-03-2022 16:28:44 LoggingManagedHttpClientConnection.java DEBUG [Forwarding close on session f300633830c87b8f6f8bcb6913b46af6 to remote] conn.DefaultManagedHttpClientConnection 88 - http-outgoing-0: set socket timeout to 10800000
01-03-2022 16:28:44 MainClientExec.java DEBUG [Forwarding close on session f300633830c87b8f6f8bcb6913b46af6 to remote] execchain.MainClientExec 256 - Executing request DELETE /session/f300633830c87b8f6f8bcb6913b46af6/window HTTP/1.1
01-03-2022 16:28:44 MainClientExec.java DEBUG [Forwarding close on session f300633830c87b8f6f8bcb6913b46af6 to remote] execchain.MainClientExec 261 - Target auth state: UNCHALLENGED
01-03-2022 16:28:44 MainClientExec.java DEBUG [Forwarding close on session f300633830c87b8f6f8bcb6913b46af6 to remote] execchain.MainClientExec 267 - Proxy auth state: UNCHALLENGED
01-03-2022 16:28:44 LoggingManagedHttpClientConnection.java DEBUG [Forwarding close on session f300633830c87b8f6f8bcb6913b46af6 to remote] http.headers 133 - http-outgoing-0 >> DELETE /session/f300633830c87b8f6f8bcb6913b46af6/window HTTP/1.1
01-03-2022 16:28:44 LoggingManagedHttpClientConnection.java DEBUG [Forwarding close on session f300633830c87b8f6f8bcb6913b46af6 to remote] http.headers 136 - http-outgoing-0 >> Host: localhost:40046
01-03-2022 16:28:44 LoggingManagedHttpClientConnection.java DEBUG [Forwarding close on session f300633830c87b8f6f8bcb6913b46af6 to remote] http.headers 136 - http-outgoing-0 >> Connection: Keep-Alive
01-03-2022 16:28:44 LoggingManagedHttpClientConnection.java DEBUG [Forwarding close on session f300633830c87b8f6f8bcb6913b46af6 to remote] http.headers 136 - http-outgoing-0 >> User-Agent: Apache-HttpClient/4.5.3 (Java/1.8.0_202)
01-03-2022 16:28:44 LoggingManagedHttpClientConnection.java DEBUG [Forwarding close on session f300633830c87b8f6f8bcb6913b46af6 to remote] http.headers 136 - http-outgoing-0 >> Accept-Encoding: gzip,deflate
01-03-2022 16:28:44 Wire.java DEBUG [Forwarding close on session f300633830c87b8f6f8bcb6913b46af6 to remote] http.wire 73 - http-outgoing-0 >> "DELETE /session/f300633830c87b8f6f8bcb6913b46af6/window HTTP/1.1[\r][\n]"
01-03-2022 16:28:44 Wire.java DEBUG [Forwarding close on session f300633830c87b8f6f8bcb6913b46af6 to remote] http.wire 73 - http-outgoing-0 >> "Host: localhost:40046[\r][\n]"
01-03-2022 16:28:44 Wire.java DEBUG [Forwarding close on session f300633830c87b8f6f8bcb6913b46af6 to remote] http.wire 73 - http-outgoing-0 >> "Connection: Keep-Alive[\r][\n]"
01-03-2022 16:28:44 Wire.java DEBUG [Forwarding close on session f300633830c87b8f6f8bcb6913b46af6 to remote] http.wire 73 - http-outgoing-0 >> "User-Agent: Apache-HttpClient/4.5.3 (Java/1.8.0_202)[\r][\n]"
01-03-2022 16:28:44 Wire.java DEBUG [Forwarding close on session f300633830c87b8f6f8bcb6913b46af6 to remote] http.wire 73 - http-outgoing-0 >> "Accept-Encoding: gzip,deflate[\r][\n]"
01-03-2022 16:28:44 Wire.java DEBUG [Forwarding close on session f300633830c87b8f6f8bcb6913b46af6 to remote] http.wire 73 - http-outgoing-0 >> "[\r][\n]"
01-03-2022 16:28:45 Wire.java DEBUG [Forwarding close on session f300633830c87b8f6f8bcb6913b46af6 to remote] http.wire 73 - http-outgoing-0 << "HTTP/1.1 200 OK[\r][\n]"
01-03-2022 16:28:45 Wire.java DEBUG [Forwarding close on session f300633830c87b8f6f8bcb6913b46af6 to remote] http.wire 73 - http-outgoing-0 << "Content-Length:12[\r][\n]"
01-03-2022 16:28:45 Wire.java DEBUG [Forwarding close on session f300633830c87b8f6f8bcb6913b46af6 to remote] http.wire 73 - http-outgoing-0 << "Content-Type:application/json; charset=utf-8[\r][\n]"
01-03-2022 16:28:45 Wire.java DEBUG [Forwarding close on session f300633830c87b8f6f8bcb6913b46af6 to remote] http.wire 73 - http-outgoing-0 << "cache-control:no-cache[\r][\n]"
01-03-2022 16:28:45 Wire.java DEBUG [Forwarding close on session f300633830c87b8f6f8bcb6913b46af6 to remote] http.wire 73 - http-outgoing-0 << "[\r][\n]"
01-03-2022 16:28:45 Wire.java DEBUG [Forwarding close on session f300633830c87b8f6f8bcb6913b46af6 to remote] http.wire 87 - http-outgoing-0 << "{"value":[]}"
01-03-2022 16:28:45 LoggingManagedHttpClientConnection.java DEBUG [Forwarding close on session f300633830c87b8f6f8bcb6913b46af6 to remote] http.headers 122 - http-outgoing-0 << HTTP/1.1 200 OK
01-03-2022 16:28:45 LoggingManagedHttpClientConnection.java DEBUG [Forwarding close on session f300633830c87b8f6f8bcb6913b46af6 to remote] http.headers 125 - http-outgoing-0 << Content-Length:12
01-03-2022 16:28:45 LoggingManagedHttpClientConnection.java DEBUG [Forwarding close on session f300633830c87b8f6f8bcb6913b46af6 to remote] http.headers 125 - http-outgoing-0 << Content-Type:application/json; charset=utf-8
01-03-2022 16:28:45 LoggingManagedHttpClientConnection.java DEBUG [Forwarding close on session f300633830c87b8f6f8bcb6913b46af6 to remote] http.headers 125 - http-outgoing-0 << cache-control:no-cache
01-03-2022 16:28:45 MainClientExec.java DEBUG [Forwarding close on session f300633830c87b8f6f8bcb6913b46af6 to remote] execchain.MainClientExec 285 - Connection can be kept alive indefinitely
01-03-2022 16:28:45 PoolingHttpClientConnectionManager.java DEBUG [Forwarding close on session f300633830c87b8f6f8bcb6913b46af6 to remote] conn.PoolingHttpClientConnectionManager 320 - Connection [id: 0][route: {}->http://localhost:40046] can be kept alive indefinitely
01-03-2022 16:28:45 PoolingHttpClientConnectionManager.java DEBUG [Forwarding close on session f300633830c87b8f6f8bcb6913b46af6 to remote] conn.PoolingHttpClientConnectionManager 326 - Connection released: [id: 0][route: {}->http://localhost:40046][total kept alive: 1; route allocated: 1 of 2000; total allocated: 1 of 2000]
01-03-2022 16:28:45 RequestAddCookies.java DEBUG [Forwarding newSession on session null to remote] protocol.RequestAddCookies 123 - CookieSpec selected: default
01-03-2022 16:28:45 RequestAuthCache.java DEBUG [Forwarding newSession on session null to remote] protocol.RequestAuthCache 77 - Auth cache not set in the context
01-03-2022 16:28:45 PoolingHttpClientConnectionManager.java DEBUG [Forwarding newSession on session null to remote] conn.PoolingHttpClientConnectionManager 255 - Connection request: [route: {}->http://localhost:19403][total kept alive: 1; route allocated: 0 of 2000; total allocated: 1 of 2000]
01-03-2022 16:28:45 PoolingHttpClientConnectionManager.java DEBUG [Forwarding newSession on session null to remote] conn.PoolingHttpClientConnectionManager 288 - Connection leased: [id: 1][route: {}->http://localhost:19403][total kept alive: 1; route allocated: 1 of 2000; total allocated: 2 of 2000]
01-03-2022 16:28:45 MainClientExec.java DEBUG [Forwarding newSession on session null to remote] execchain.MainClientExec 235 - Opening connection {}->http://localhost:19403
01-03-2022 16:28:45 DefaultHttpClientConnectionOperator.java DEBUG [Forwarding newSession on session null to remote] conn.DefaultHttpClientConnectionOperator 139 - Connecting to localhost/127.0.0.1:19403
01-03-2022 16:28:45 DefaultHttpClientConnectionOperator.java DEBUG [Forwarding newSession on session null to remote] conn.DefaultHttpClientConnectionOperator 146 - Connection established 127.0.0.1:54071<->127.0.0.1:19403
01-03-2022 16:28:45 LoggingManagedHttpClientConnection.java DEBUG [Forwarding newSession on session null to remote] conn.DefaultManagedHttpClientConnection 88 - http-outgoing-1: set socket timeout to 10800000
01-03-2022 16:28:45 MainClientExec.java DEBUG [Forwarding newSession on session null to remote] execchain.MainClientExec 256 - Executing request POST /session HTTP/1.1
01-03-2022 16:28:45 MainClientExec.java DEBUG [Forwarding newSession on session null to remote] execchain.MainClientExec 261 - Target auth state: UNCHALLENGED
01-03-2022 16:28:45 MainClientExec.java DEBUG [Forwarding newSession on session null to remote] execchain.MainClientExec 267 - Proxy auth state: UNCHALLENGED
01-03-2022 16:28:45 LoggingManagedHttpClientConnection.java DEBUG [Forwarding newSession on session null to remote] http.headers 133 - http-outgoing-1 >> POST /session HTTP/1.1
01-03-2022 16:28:45 LoggingManagedHttpClientConnection.java DEBUG [Forwarding newSession on session null to remote] http.headers 136 - http-outgoing-1 >> Content-Type: application/json; charset=utf-8
01-03-2022 16:28:45 LoggingManagedHttpClientConnection.java DEBUG [Forwarding newSession on session null to remote] http.headers 136 - http-outgoing-1 >> Content-Length: 335
01-03-2022 16:28:45 LoggingManagedHttpClientConnection.java DEBUG [Forwarding newSession on session null to remote] http.headers 136 - http-outgoing-1 >> Host: localhost:19403
01-03-2022 16:28:45 LoggingManagedHttpClientConnection.java DEBUG [Forwarding newSession on session null to remote] http.headers 136 - http-outgoing-1 >> Connection: Keep-Alive
01-03-2022 16:28:45 LoggingManagedHttpClientConnection.java DEBUG [Forwarding newSession on session null to remote] http.headers 136 - http-outgoing-1 >> User-Agent: Apache-HttpClient/4.5.3 (Java/1.8.0_202)
01-03-2022 16:28:45 LoggingManagedHttpClientConnection.java DEBUG [Forwarding newSession on session null to remote] http.headers 136 - http-outgoing-1 >> Accept-Encoding: gzip,deflate
01-03-2022 16:28:45 Wire.java DEBUG [Forwarding newSession on session null to remote] http.wire 73 - http-outgoing-1 >> "POST /session HTTP/1.1[\r][\n]"
01-03-2022 16:28:45 Wire.java DEBUG [Forwarding newSession on session null to remote] http.wire 73 - http-outgoing-1 >> "Content-Type: application/json; charset=utf-8[\r][\n]"
01-03-2022 16:28:45 Wire.java DEBUG [Forwarding newSession on session null to remote] http.wire 73 - http-outgoing-1 >> "Content-Length: 335[\r][\n]"
01-03-2022 16:28:45 Wire.java DEBUG [Forwarding newSession on session null to remote] http.wire 73 - http-outgoing-1 >> "Host: localhost:19403[\r][\n]"
01-03-2022 16:28:45 Wire.java DEBUG [Forwarding newSession on session null to remote] http.wire 73 - http-outgoing-1 >> "Connection: Keep-Alive[\r][\n]"
01-03-2022 16:28:45 Wire.java DEBUG [Forwarding newSession on session null to remote] http.wire 73 - http-outgoing-1 >> "User-Agent: Apache-HttpClient/4.5.3 (Java/1.8.0_202)[\r][\n]"
01-03-2022 16:28:45 Wire.java DEBUG [Forwarding newSession on session null to remote] http.wire 73 - http-outgoing-1 >> "Accept-Encoding: gzip,deflate[\r][\n]"
01-03-2022 16:28:45 Wire.java DEBUG [Forwarding newSession on session null to remote] http.wire 73 - http-outgoing-1 >> "[\r][\n]"
01-03-2022 16:28:45 Wire.java DEBUG [Forwarding newSession on session null to remote] http.wire 73 - http-outgoing-1 >> "{[\n]"
01-03-2022 16:28:45 Wire.java DEBUG [Forwarding newSession on session null to remote] http.wire 73 - http-outgoing-1 >> "  "desiredCapabilities": {"browserName":"chrome","goog:chromeOptions":{"args":[],"extensions":[]}},[\n]"
01-03-2022 16:28:45 Wire.java DEBUG [Forwarding newSession on session null to remote] http.wire 73 - http-outgoing-1 >> "  "capabilities": {[\n]"
01-03-2022 16:28:45 Wire.java DEBUG [Forwarding newSession on session null to remote] http.wire 73 - http-outgoing-1 >> "    "desiredCapabilities": {"browserName":"chrome","goog:chromeOptions":{"args":[],"extensions":[]}},[\n]"
01-03-2022 16:28:45 Wire.java DEBUG [Forwarding newSession on session null to remote] http.wire 73 - http-outgoing-1 >> "    "firstMatch": [[\n]"
01-03-2022 16:28:45 Wire.java DEBUG [Forwarding newSession on session null to remote] http.wire 73 - http-outgoing-1 >> "      {"browserName":"chrome","goog:chromeOptions":{"args":[],"extensions":[]}}[\n]"
01-03-2022 16:28:45 Wire.java DEBUG [Forwarding newSession on session null to remote] http.wire 73 - http-outgoing-1 >> "    ][\n]"
01-03-2022 16:28:45 Wire.java DEBUG [Forwarding newSession on session null to remote] http.wire 73 - http-outgoing-1 >> "  }[\n]"
01-03-2022 16:28:45 Wire.java DEBUG [Forwarding newSession on session null to remote] http.wire 87 - http-outgoing-1 >> "}"
01-03-2022 16:28:46 Wire.java DEBUG [Forwarding newSession on session null to remote] http.wire 73 - http-outgoing-1 << "HTTP/1.1 200 OK[\r][\n]"
01-03-2022 16:28:46 Wire.java DEBUG [Forwarding newSession on session null to remote] http.wire 73 - http-outgoing-1 << "Content-Length:787[\r][\n]"
01-03-2022 16:28:46 Wire.java DEBUG [Forwarding newSession on session null to remote] http.wire 73 - http-outgoing-1 << "Content-Type:application/json; charset=utf-8[\r][\n]"
01-03-2022 16:28:46 Wire.java DEBUG [Forwarding newSession on session null to remote] http.wire 73 - http-outgoing-1 << "cache-control:no-cache[\r][\n]"
01-03-2022 16:28:46 Wire.java DEBUG [Forwarding newSession on session null to remote] http.wire 73 - http-outgoing-1 << "[\r][\n]"
01-03-2022 16:28:46 Wire.java DEBUG [Forwarding newSession on session null to remote] http.wire 87 - http-outgoing-1 << "{"value":{"capabilities":{"acceptInsecureCerts":false,"browserName":"chrome","browserVersion":"96.0.4664.110","chrome":{"chromedriverVersion":"96.0.4664.45 (76e4c1bb2ab4671b8beba3444e61c0f17584b2fc-refs/branch-heads/4664@{#947})","userDataDir":"C:\\Users\\adm\\AppData\\Local\\Temp\\scoped_dir13164_1328530987"},"goog:chromeOptions":{"debuggerAddress":"localhost:54072"},"networkConnectionEnabled":false,"pageLoadStrategy":"normal","platformName":"windows","proxy":{},"setWindowRect":true,"strictFileInteractability":false,"timeouts":{"implicit":0,"pageLoad":300000,"script":30000},"unhandledPromptBehavior":"dismiss and notify","webauthn:extension:credBlob":true,"webauthn:extension:largeBlob":true,"webauthn:virtualAuthenticators":true},"sessionId":"4bd6c0235eb165893cf9c8fbc02e9d5e"}}"
01-03-2022 16:28:46 LoggingManagedHttpClientConnection.java DEBUG [Forwarding newSession on session null to remote] http.headers 122 - http-outgoing-1 << HTTP/1.1 200 OK
01-03-2022 16:28:46 LoggingManagedHttpClientConnection.java DEBUG [Forwarding newSession on session null to remote] http.headers 125 - http-outgoing-1 << Content-Length:787
01-03-2022 16:28:46 LoggingManagedHttpClientConnection.java DEBUG [Forwarding newSession on session null to remote] http.headers 125 - http-outgoing-1 << Content-Type:application/json; charset=utf-8
01-03-2022 16:28:46 LoggingManagedHttpClientConnection.java DEBUG [Forwarding newSession on session null to remote] http.headers 125 - http-outgoing-1 << cache-control:no-cache
01-03-2022 16:28:46 MainClientExec.java DEBUG [Forwarding newSession on session null to remote] execchain.MainClientExec 285 - Connection can be kept alive indefinitely
01-03-2022 16:28:46 PoolingHttpClientConnectionManager.java DEBUG [Forwarding newSession on session null to remote] conn.PoolingHttpClientConnectionManager 320 - Connection [id: 1][route: {}->http://localhost:19403] can be kept alive indefinitely
01-03-2022 16:28:46 PoolingHttpClientConnectionManager.java DEBUG [Forwarding newSession on session null to remote] conn.PoolingHttpClientConnectionManager 326 - Connection released: [id: 1][route: {}->http://localhost:19403][total kept alive: 2; route allocated: 1 of 2000; total allocated: 2 of 2000]
01-03-2022 16:28:46 RequestAddCookies.java DEBUG [Forwarding deleteAllCookies on session 4bd6c0235eb165893cf9c8fbc02e9d5e to remote] protocol.RequestAddCookies 123 - CookieSpec selected: default
01-03-2022 16:28:46 RequestAuthCache.java DEBUG [Forwarding deleteAllCookies on session 4bd6c0235eb165893cf9c8fbc02e9d5e to remote] protocol.RequestAuthCache 77 - Auth cache not set in the context
01-03-2022 16:28:46 PoolingHttpClientConnectionManager.java DEBUG [Forwarding deleteAllCookies on session 4bd6c0235eb165893cf9c8fbc02e9d5e to remote] conn.PoolingHttpClientConnectionManager 255 - Connection request: [route: {}->http://localhost:19403][total kept alive: 2; route allocated: 1 of 2000; total allocated: 2 of 2000]
01-03-2022 16:28:46 PoolingHttpClientConnectionManager.java DEBUG [Forwarding deleteAllCookies on session 4bd6c0235eb165893cf9c8fbc02e9d5e to remote] conn.PoolingHttpClientConnectionManager 288 - Connection leased: [id: 1][route: {}->http://localhost:19403][total kept alive: 1; route allocated: 1 of 2000; total allocated: 2 of 2000]
01-03-2022 16:28:46 MainClientExec.java DEBUG [Forwarding deleteAllCookies on session 4bd6c0235eb165893cf9c8fbc02e9d5e to remote] execchain.MainClientExec 208 - Stale connection check
01-03-2022 16:28:46 Wire.java DEBUG [Forwarding deleteAllCookies on session 4bd6c0235eb165893cf9c8fbc02e9d5e to remote] http.wire 87 - http-outgoing-1 << "[read] I/O error: Read timed out"
01-03-2022 16:28:46 LoggingManagedHttpClientConnection.java DEBUG [Forwarding deleteAllCookies on session 4bd6c0235eb165893cf9c8fbc02e9d5e to remote] conn.DefaultManagedHttpClientConnection 88 - http-outgoing-1: set socket timeout to 10800000
01-03-2022 16:28:46 MainClientExec.java DEBUG [Forwarding deleteAllCookies on session 4bd6c0235eb165893cf9c8fbc02e9d5e to remote] execchain.MainClientExec 256 - Executing request DELETE /session/4bd6c0235eb165893cf9c8fbc02e9d5e/cookie HTTP/1.1
01-03-2022 16:28:46 MainClientExec.java DEBUG [Forwarding deleteAllCookies on session 4bd6c0235eb165893cf9c8fbc02e9d5e to remote] execchain.MainClientExec 261 - Target auth state: UNCHALLENGED
01-03-2022 16:28:46 MainClientExec.java DEBUG [Forwarding deleteAllCookies on session 4bd6c0235eb165893cf9c8fbc02e9d5e to remote] execchain.MainClientExec 267 - Proxy auth state: UNCHALLENGED
01-03-2022 16:28:46 LoggingManagedHttpClientConnection.java DEBUG [Forwarding deleteAllCookies on session 4bd6c0235eb165893cf9c8fbc02e9d5e to remote] http.headers 133 - http-outgoing-1 >> DELETE /session/4bd6c0235eb165893cf9c8fbc02e9d5e/cookie HTTP/1.1
01-03-2022 16:28:46 LoggingManagedHttpClientConnection.java DEBUG [Forwarding deleteAllCookies on session 4bd6c0235eb165893cf9c8fbc02e9d5e to remote] http.headers 136 - http-outgoing-1 >> Host: localhost:19403
01-03-2022 16:28:46 LoggingManagedHttpClientConnection.java DEBUG [Forwarding deleteAllCookies on session 4bd6c0235eb165893cf9c8fbc02e9d5e to remote] http.headers 136 - http-outgoing-1 >> Connection: Keep-Alive
01-03-2022 16:28:46 LoggingManagedHttpClientConnection.java DEBUG [Forwarding deleteAllCookies on session 4bd6c0235eb165893cf9c8fbc02e9d5e to remote] http.headers 136 - http-outgoing-1 >> User-Agent: Apache-HttpClient/4.5.3 (Java/1.8.0_202)
01-03-2022 16:28:46 LoggingManagedHttpClientConnection.java DEBUG [Forwarding deleteAllCookies on session 4bd6c0235eb165893cf9c8fbc02e9d5e to remote] http.headers 136 - http-outgoing-1 >> Accept-Encoding: gzip,deflate
01-03-2022 16:28:46 Wire.java DEBUG [Forwarding deleteAllCookies on session 4bd6c0235eb165893cf9c8fbc02e9d5e to remote] http.wire 73 - http-outgoing-1 >> "DELETE /session/4bd6c0235eb165893cf9c8fbc02e9d5e/cookie HTTP/1.1[\r][\n]"
01-03-2022 16:28:46 Wire.java DEBUG [Forwarding deleteAllCookies on session 4bd6c0235eb165893cf9c8fbc02e9d5e to remote] http.wire 73 - http-outgoing-1 >> "Host: localhost:19403[\r][\n]"
01-03-2022 16:28:46 Wire.java DEBUG [Forwarding deleteAllCookies on session 4bd6c0235eb165893cf9c8fbc02e9d5e to remote] http.wire 73 - http-outgoing-1 >> "Connection: Keep-Alive[\r][\n]"
01-03-2022 16:28:46 Wire.java DEBUG [Forwarding deleteAllCookies on session 4bd6c0235eb165893cf9c8fbc02e9d5e to remote] http.wire 73 - http-outgoing-1 >> "User-Agent: Apache-HttpClient/4.5.3 (Java/1.8.0_202)[\r][\n]"
01-03-2022 16:28:46 Wire.java DEBUG [Forwarding deleteAllCookies on session 4bd6c0235eb165893cf9c8fbc02e9d5e to remote] http.wire 73 - http-outgoing-1 >> "Accept-Encoding: gzip,deflate[\r][\n]"
01-03-2022 16:28:46 Wire.java DEBUG [Forwarding deleteAllCookies on session 4bd6c0235eb165893cf9c8fbc02e9d5e to remote] http.wire 73 - http-outgoing-1 >> "[\r][\n]"
01-03-2022 16:28:46 Wire.java DEBUG [Forwarding deleteAllCookies on session 4bd6c0235eb165893cf9c8fbc02e9d5e to remote] http.wire 73 - http-outgoing-1 << "HTTP/1.1 200 OK[\r][\n]"
01-03-2022 16:28:46 Wire.java DEBUG [Forwarding deleteAllCookies on session 4bd6c0235eb165893cf9c8fbc02e9d5e to remote] http.wire 73 - http-outgoing-1 << "Content-Length:14[\r][\n]"
01-03-2022 16:28:46 Wire.java DEBUG [Forwarding deleteAllCookies on session 4bd6c0235eb165893cf9c8fbc02e9d5e to remote] http.wire 73 - http-outgoing-1 << "Content-Type:application/json; charset=utf-8[\r][\n]"
01-03-2022 16:28:46 Wire.java DEBUG [Forwarding deleteAllCookies on session 4bd6c0235eb165893cf9c8fbc02e9d5e to remote] http.wire 73 - http-outgoing-1 << "cache-control:no-cache[\r][\n]"
01-03-2022 16:28:46 Wire.java DEBUG [Forwarding deleteAllCookies on session 4bd6c0235eb165893cf9c8fbc02e9d5e to remote] http.wire 73 - http-outgoing-1 << "[\r][\n]"
01-03-2022 16:28:46 Wire.java DEBUG [Forwarding deleteAllCookies on session 4bd6c0235eb165893cf9c8fbc02e9d5e to remote] http.wire 87 - http-outgoing-1 << "{"value":null}"
01-03-2022 16:28:46 LoggingManagedHttpClientConnection.java DEBUG [Forwarding deleteAllCookies on session 4bd6c0235eb165893cf9c8fbc02e9d5e to remote] http.headers 122 - http-outgoing-1 << HTTP/1.1 200 OK
01-03-2022 16:28:46 LoggingManagedHttpClientConnection.java DEBUG [Forwarding deleteAllCookies on session 4bd6c0235eb165893cf9c8fbc02e9d5e to remote] http.headers 125 - http-outgoing-1 << Content-Length:14
01-03-2022 16:28:46 LoggingManagedHttpClientConnection.java DEBUG [Forwarding deleteAllCookies on session 4bd6c0235eb165893cf9c8fbc02e9d5e to remote] http.headers 125 - http-outgoing-1 << Content-Type:application/json; charset=utf-8
01-03-2022 16:28:46 LoggingManagedHttpClientConnection.java DEBUG [Forwarding deleteAllCookies on session 4bd6c0235eb165893cf9c8fbc02e9d5e to remote] http.headers 125 - http-outgoing-1 << cache-control:no-cache
01-03-2022 16:28:46 MainClientExec.java DEBUG [Forwarding deleteAllCookies on session 4bd6c0235eb165893cf9c8fbc02e9d5e to remote] execchain.MainClientExec 285 - Connection can be kept alive indefinitely
01-03-2022 16:28:46 PoolingHttpClientConnectionManager.java DEBUG [Forwarding deleteAllCookies on session 4bd6c0235eb165893cf9c8fbc02e9d5e to remote] conn.PoolingHttpClientConnectionManager 320 - Connection [id: 1][route: {}->http://localhost:19403] can be kept alive indefinitely
01-03-2022 16:28:46 PoolingHttpClientConnectionManager.java DEBUG [Forwarding deleteAllCookies on session 4bd6c0235eb165893cf9c8fbc02e9d5e to remote] conn.PoolingHttpClientConnectionManager 326 - Connection released: [id: 1][route: {}->http://localhost:19403][total kept alive: 2; route allocated: 1 of 2000; total allocated: 2 of 2000]
01-03-2022 16:28:46 RequestAddCookies.java DEBUG [Forwarding setTimeout on session 4bd6c0235eb165893cf9c8fbc02e9d5e to remote] protocol.RequestAddCookies 123 - CookieSpec selected: default
01-03-2022 16:28:46 RequestAuthCache.java DEBUG [Forwarding setTimeout on session 4bd6c0235eb165893cf9c8fbc02e9d5e to remote] protocol.RequestAuthCache 77 - Auth cache not set in the context
01-03-2022 16:28:46 PoolingHttpClientConnectionManager.java DEBUG [Forwarding setTimeout on session 4bd6c0235eb165893cf9c8fbc02e9d5e to remote] conn.PoolingHttpClientConnectionManager 255 - Connection request: [route: {}->http://localhost:19403][total kept alive: 2; route allocated: 1 of 2000; total allocated: 2 of 2000]
01-03-2022 16:28:46 PoolingHttpClientConnectionManager.java DEBUG [Forwarding setTimeout on session 4bd6c0235eb165893cf9c8fbc02e9d5e to remote] conn.PoolingHttpClientConnectionManager 288 - Connection leased: [id: 1][route: {}->http://localhost:19403][total kept alive: 1; route allocated: 1 of 2000; total allocated: 2 of 2000]
01-03-2022 16:28:46 MainClientExec.java DEBUG [Forwarding setTimeout on session 4bd6c0235eb165893cf9c8fbc02e9d5e to remote] execchain.MainClientExec 208 - Stale connection check
01-03-2022 16:28:46 Wire.java DEBUG [Forwarding setTimeout on session 4bd6c0235eb165893cf9c8fbc02e9d5e to remote] http.wire 87 - http-outgoing-1 << "[read] I/O error: Read timed out"
01-03-2022 16:28:46 LoggingManagedHttpClientConnection.java DEBUG [Forwarding setTimeout on session 4bd6c0235eb165893cf9c8fbc02e9d5e to remote] conn.DefaultManagedHttpClientConnection 88 - http-outgoing-1: set socket timeout to 10800000
01-03-2022 16:28:46 MainClientExec.java DEBUG [Forwarding setTimeout on session 4bd6c0235eb165893cf9c8fbc02e9d5e to remote] execchain.MainClientExec 256 - Executing request POST /session/4bd6c0235eb165893cf9c8fbc02e9d5e/timeouts HTTP/1.1
01-03-2022 16:28:46 MainClientExec.java DEBUG [Forwarding setTimeout on session 4bd6c0235eb165893cf9c8fbc02e9d5e to remote] execchain.MainClientExec 261 - Target auth state: UNCHALLENGED
01-03-2022 16:28:46 MainClientExec.java DEBUG [Forwarding setTimeout on session 4bd6c0235eb165893cf9c8fbc02e9d5e to remote] execchain.MainClientExec 267 - Proxy auth state: UNCHALLENGED
01-03-2022 16:28:46 LoggingManagedHttpClientConnection.java DEBUG [Forwarding setTimeout on session 4bd6c0235eb165893cf9c8fbc02e9d5e to remote] http.headers 133 - http-outgoing-1 >> POST /session/4bd6c0235eb165893cf9c8fbc02e9d5e/timeouts HTTP/1.1
01-03-2022 16:28:46 LoggingManagedHttpClientConnection.java DEBUG [Forwarding setTimeout on session 4bd6c0235eb165893cf9c8fbc02e9d5e to remote] http.headers 136 - http-outgoing-1 >> Content-Type: application/json; charset=utf-8
01-03-2022 16:28:46 LoggingManagedHttpClientConnection.java DEBUG [Forwarding setTimeout on session 4bd6c0235eb165893cf9c8fbc02e9d5e to remote] http.headers 136 - http-outgoing-1 >> Content-Length: 18
01-03-2022 16:28:46 LoggingManagedHttpClientConnection.java DEBUG [Forwarding setTimeout on session 4bd6c0235eb165893cf9c8fbc02e9d5e to remote] http.headers 136 - http-outgoing-1 >> Host: localhost:19403
01-03-2022 16:28:46 LoggingManagedHttpClientConnection.java DEBUG [Forwarding setTimeout on session 4bd6c0235eb165893cf9c8fbc02e9d5e to remote] http.headers 136 - http-outgoing-1 >> Connection: Keep-Alive
01-03-2022 16:28:46 LoggingManagedHttpClientConnection.java DEBUG [Forwarding setTimeout on session 4bd6c0235eb165893cf9c8fbc02e9d5e to remote] http.headers 136 - http-outgoing-1 >> User-Agent: Apache-HttpClient/4.5.3 (Java/1.8.0_202)
01-03-2022 16:28:46 LoggingManagedHttpClientConnection.java DEBUG [Forwarding setTimeout on session 4bd6c0235eb165893cf9c8fbc02e9d5e to remote] http.headers 136 - http-outgoing-1 >> Accept-Encoding: gzip,deflate
01-03-2022 16:28:46 Wire.java DEBUG [Forwarding setTimeout on session 4bd6c0235eb165893cf9c8fbc02e9d5e to remote] http.wire 73 - http-outgoing-1 >> "POST /session/4bd6c0235eb165893cf9c8fbc02e9d5e/timeouts HTTP/1.1[\r][\n]"
01-03-2022 16:28:46 Wire.java DEBUG [Forwarding setTimeout on session 4bd6c0235eb165893cf9c8fbc02e9d5e to remote] http.wire 73 - http-outgoing-1 >> "Content-Type: application/json; charset=utf-8[\r][\n]"
01-03-2022 16:28:46 Wire.java DEBUG [Forwarding setTimeout on session 4bd6c0235eb165893cf9c8fbc02e9d5e to remote] http.wire 73 - http-outgoing-1 >> "Content-Length: 18[\r][\n]"
01-03-2022 16:28:46 Wire.java DEBUG [Forwarding setTimeout on session 4bd6c0235eb165893cf9c8fbc02e9d5e to remote] http.wire 73 - http-outgoing-1 >> "Host: localhost:19403[\r][\n]"
01-03-2022 16:28:46 Wire.java DEBUG [Forwarding setTimeout on session 4bd6c0235eb165893cf9c8fbc02e9d5e to remote] http.wire 73 - http-outgoing-1 >> "Connection: Keep-Alive[\r][\n]"
01-03-2022 16:28:46 Wire.java DEBUG [Forwarding setTimeout on session 4bd6c0235eb165893cf9c8fbc02e9d5e to remote] http.wire 73 - http-outgoing-1 >> "User-Agent: Apache-HttpClient/4.5.3 (Java/1.8.0_202)[\r][\n]"
01-03-2022 16:28:46 Wire.java DEBUG [Forwarding setTimeout on session 4bd6c0235eb165893cf9c8fbc02e9d5e to remote] http.wire 73 - http-outgoing-1 >> "Accept-Encoding: gzip,deflate[\r][\n]"
01-03-2022 16:28:46 Wire.java DEBUG [Forwarding setTimeout on session 4bd6c0235eb165893cf9c8fbc02e9d5e to remote] http.wire 73 - http-outgoing-1 >> "[\r][\n]"
01-03-2022 16:28:46 Wire.java DEBUG [Forwarding setTimeout on session 4bd6c0235eb165893cf9c8fbc02e9d5e to remote] http.wire 87 - http-outgoing-1 >> "{"implicit":10000}"
01-03-2022 16:28:46 Wire.java DEBUG [Forwarding setTimeout on session 4bd6c0235eb165893cf9c8fbc02e9d5e to remote] http.wire 73 - http-outgoing-1 << "HTTP/1.1 200 OK[\r][\n]"
01-03-2022 16:28:46 Wire.java DEBUG [Forwarding setTimeout on session 4bd6c0235eb165893cf9c8fbc02e9d5e to remote] http.wire 73 - http-outgoing-1 << "Content-Length:14[\r][\n]"
01-03-2022 16:28:46 Wire.java DEBUG [Forwarding setTimeout on session 4bd6c0235eb165893cf9c8fbc02e9d5e to remote] http.wire 73 - http-outgoing-1 << "Content-Type:application/json; charset=utf-8[\r][\n]"
01-03-2022 16:28:46 Wire.java DEBUG [Forwarding setTimeout on session 4bd6c0235eb165893cf9c8fbc02e9d5e to remote] http.wire 73 - http-outgoing-1 << "cache-control:no-cache[\r][\n]"
01-03-2022 16:28:46 Wire.java DEBUG [Forwarding setTimeout on session 4bd6c0235eb165893cf9c8fbc02e9d5e to remote] http.wire 73 - http-outgoing-1 << "[\r][\n]"
01-03-2022 16:28:46 Wire.java DEBUG [Forwarding setTimeout on session 4bd6c0235eb165893cf9c8fbc02e9d5e to remote] http.wire 87 - http-outgoing-1 << "{"value":null}"
01-03-2022 16:28:46 LoggingManagedHttpClientConnection.java DEBUG [Forwarding setTimeout on session 4bd6c0235eb165893cf9c8fbc02e9d5e to remote] http.headers 122 - http-outgoing-1 << HTTP/1.1 200 OK
01-03-2022 16:28:46 LoggingManagedHttpClientConnection.java DEBUG [Forwarding setTimeout on session 4bd6c0235eb165893cf9c8fbc02e9d5e to remote] http.headers 125 - http-outgoing-1 << Content-Length:14
01-03-2022 16:28:46 LoggingManagedHttpClientConnection.java DEBUG [Forwarding setTimeout on session 4bd6c0235eb165893cf9c8fbc02e9d5e to remote] http.headers 125 - http-outgoing-1 << Content-Type:application/json; charset=utf-8
01-03-2022 16:28:46 LoggingManagedHttpClientConnection.java DEBUG [Forwarding setTimeout on session 4bd6c0235eb165893cf9c8fbc02e9d5e to remote] http.headers 125 - http-outgoing-1 << cache-control:no-cache
01-03-2022 16:28:46 MainClientExec.java DEBUG [Forwarding setTimeout on session 4bd6c0235eb165893cf9c8fbc02e9d5e to remote] execchain.MainClientExec 285 - Connection can be kept alive indefinitely
01-03-2022 16:28:46 PoolingHttpClientConnectionManager.java DEBUG [Forwarding setTimeout on session 4bd6c0235eb165893cf9c8fbc02e9d5e to remote] conn.PoolingHttpClientConnectionManager 320 - Connection [id: 1][route: {}->http://localhost:19403] can be kept alive indefinitely
01-03-2022 16:28:46 PoolingHttpClientConnectionManager.java DEBUG [Forwarding setTimeout on session 4bd6c0235eb165893cf9c8fbc02e9d5e to remote] conn.PoolingHttpClientConnectionManager 326 - Connection released: [id: 1][route: {}->http://localhost:19403][total kept alive: 2; route allocated: 1 of 2000; total allocated: 2 of 2000]
01-03-2022 16:28:46 RequestAddCookies.java DEBUG [Forwarding maximizeCurrentWindow on session 4bd6c0235eb165893cf9c8fbc02e9d5e to remote] protocol.RequestAddCookies 123 - CookieSpec selected: default
01-03-2022 16:28:46 RequestAuthCache.java DEBUG [Forwarding maximizeCurrentWindow on session 4bd6c0235eb165893cf9c8fbc02e9d5e to remote] protocol.RequestAuthCache 77 - Auth cache not set in the context
01-03-2022 16:28:46 PoolingHttpClientConnectionManager.java DEBUG [Forwarding maximizeCurrentWindow on session 4bd6c0235eb165893cf9c8fbc02e9d5e to remote] conn.PoolingHttpClientConnectionManager 255 - Connection request: [route: {}->http://localhost:19403][total kept alive: 2; route allocated: 1 of 2000; total allocated: 2 of 2000]
01-03-2022 16:28:46 PoolingHttpClientConnectionManager.java DEBUG [Forwarding maximizeCurrentWindow on session 4bd6c0235eb165893cf9c8fbc02e9d5e to remote] conn.PoolingHttpClientConnectionManager 288 - Connection leased: [id: 1][route: {}->http://localhost:19403][total kept alive: 1; route allocated: 1 of 2000; total allocated: 2 of 2000]
01-03-2022 16:28:46 MainClientExec.java DEBUG [Forwarding maximizeCurrentWindow on session 4bd6c0235eb165893cf9c8fbc02e9d5e to remote] execchain.MainClientExec 208 - Stale connection check
01-03-2022 16:28:46 Wire.java DEBUG [Forwarding maximizeCurrentWindow on session 4bd6c0235eb165893cf9c8fbc02e9d5e to remote] http.wire 87 - http-outgoing-1 << "[read] I/O error: Read timed out"
01-03-2022 16:28:46 LoggingManagedHttpClientConnection.java DEBUG [Forwarding maximizeCurrentWindow on session 4bd6c0235eb165893cf9c8fbc02e9d5e to remote] conn.DefaultManagedHttpClientConnection 88 - http-outgoing-1: set socket timeout to 10800000
01-03-2022 16:28:46 MainClientExec.java DEBUG [Forwarding maximizeCurrentWindow on session 4bd6c0235eb165893cf9c8fbc02e9d5e to remote] execchain.MainClientExec 256 - Executing request POST /session/4bd6c0235eb165893cf9c8fbc02e9d5e/window/maximize HTTP/1.1
01-03-2022 16:28:46 MainClientExec.java DEBUG [Forwarding maximizeCurrentWindow on session 4bd6c0235eb165893cf9c8fbc02e9d5e to remote] execchain.MainClientExec 261 - Target auth state: UNCHALLENGED
01-03-2022 16:28:46 MainClientExec.java DEBUG [Forwarding maximizeCurrentWindow on session 4bd6c0235eb165893cf9c8fbc02e9d5e to remote] execchain.MainClientExec 267 - Proxy auth state: UNCHALLENGED
01-03-2022 16:28:46 LoggingManagedHttpClientConnection.java DEBUG [Forwarding maximizeCurrentWindow on session 4bd6c0235eb165893cf9c8fbc02e9d5e to remote] http.headers 133 - http-outgoing-1 >> POST /session/4bd6c0235eb165893cf9c8fbc02e9d5e/window/maximize HTTP/1.1
01-03-2022 16:28:46 LoggingManagedHttpClientConnection.java DEBUG [Forwarding maximizeCurrentWindow on session 4bd6c0235eb165893cf9c8fbc02e9d5e to remote] http.headers 136 - http-outgoing-1 >> Content-Type: application/json; charset=utf-8
01-03-2022 16:28:46 LoggingManagedHttpClientConnection.java DEBUG [Forwarding maximizeCurrentWindow on session 4bd6c0235eb165893cf9c8fbc02e9d5e to remote] http.headers 136 - http-outgoing-1 >> Content-Length: 2
01-03-2022 16:28:46 LoggingManagedHttpClientConnection.java DEBUG [Forwarding maximizeCurrentWindow on session 4bd6c0235eb165893cf9c8fbc02e9d5e to remote] http.headers 136 - http-outgoing-1 >> Host: localhost:19403
01-03-2022 16:28:46 LoggingManagedHttpClientConnection.java DEBUG [Forwarding maximizeCurrentWindow on session 4bd6c0235eb165893cf9c8fbc02e9d5e to remote] http.headers 136 - http-outgoing-1 >> Connection: Keep-Alive
01-03-2022 16:28:46 LoggingManagedHttpClientConnection.java DEBUG [Forwarding maximizeCurrentWindow on session 4bd6c0235eb165893cf9c8fbc02e9d5e to remote] http.headers 136 - http-outgoing-1 >> User-Agent: Apache-HttpClient/4.5.3 (Java/1.8.0_202)
01-03-2022 16:28:46 LoggingManagedHttpClientConnection.java DEBUG [Forwarding maximizeCurrentWindow on session 4bd6c0235eb165893cf9c8fbc02e9d5e to remote] http.headers 136 - http-outgoing-1 >> Accept-Encoding: gzip,deflate
01-03-2022 16:28:46 Wire.java DEBUG [Forwarding maximizeCurrentWindow on session 4bd6c0235eb165893cf9c8fbc02e9d5e to remote] http.wire 73 - http-outgoing-1 >> "POST /session/4bd6c0235eb165893cf9c8fbc02e9d5e/window/maximize HTTP/1.1[\r][\n]"
01-03-2022 16:28:46 Wire.java DEBUG [Forwarding maximizeCurrentWindow on session 4bd6c0235eb165893cf9c8fbc02e9d5e to remote] http.wire 73 - http-outgoing-1 >> "Content-Type: application/json; charset=utf-8[\r][\n]"
01-03-2022 16:28:46 Wire.java DEBUG [Forwarding maximizeCurrentWindow on session 4bd6c0235eb165893cf9c8fbc02e9d5e to remote] http.wire 73 - http-outgoing-1 >> "Content-Length: 2[\r][\n]"
01-03-2022 16:28:46 Wire.java DEBUG [Forwarding maximizeCurrentWindow on session 4bd6c0235eb165893cf9c8fbc02e9d5e to remote] http.wire 73 - http-outgoing-1 >> "Host: localhost:19403[\r][\n]"
01-03-2022 16:28:46 Wire.java DEBUG [Forwarding maximizeCurrentWindow on session 4bd6c0235eb165893cf9c8fbc02e9d5e to remote] http.wire 73 - http-outgoing-1 >> "Connection: Keep-Alive[\r][\n]"
01-03-2022 16:28:46 Wire.java DEBUG [Forwarding maximizeCurrentWindow on session 4bd6c0235eb165893cf9c8fbc02e9d5e to remote] http.wire 73 - http-outgoing-1 >> "User-Agent: Apache-HttpClient/4.5.3 (Java/1.8.0_202)[\r][\n]"
01-03-2022 16:28:46 Wire.java DEBUG [Forwarding maximizeCurrentWindow on session 4bd6c0235eb165893cf9c8fbc02e9d5e to remote] http.wire 73 - http-outgoing-1 >> "Accept-Encoding: gzip,deflate[\r][\n]"
01-03-2022 16:28:46 Wire.java DEBUG [Forwarding maximizeCurrentWindow on session 4bd6c0235eb165893cf9c8fbc02e9d5e to remote] http.wire 73 - http-outgoing-1 >> "[\r][\n]"
01-03-2022 16:28:46 Wire.java DEBUG [Forwarding maximizeCurrentWindow on session 4bd6c0235eb165893cf9c8fbc02e9d5e to remote] http.wire 87 - http-outgoing-1 >> "{}"
01-03-2022 16:28:46 Wire.java DEBUG [Forwarding maximizeCurrentWindow on session 4bd6c0235eb165893cf9c8fbc02e9d5e to remote] http.wire 73 - http-outgoing-1 << "HTTP/1.1 200 OK[\r][\n]"
01-03-2022 16:28:46 Wire.java DEBUG [Forwarding maximizeCurrentWindow on session 4bd6c0235eb165893cf9c8fbc02e9d5e to remote] http.wire 73 - http-outgoing-1 << "Content-Length:51[\r][\n]"
01-03-2022 16:28:46 Wire.java DEBUG [Forwarding maximizeCurrentWindow on session 4bd6c0235eb165893cf9c8fbc02e9d5e to remote] http.wire 73 - http-outgoing-1 << "Content-Type:application/json; charset=utf-8[\r][\n]"
01-03-2022 16:28:46 Wire.java DEBUG [Forwarding maximizeCurrentWindow on session 4bd6c0235eb165893cf9c8fbc02e9d5e to remote] http.wire 73 - http-outgoing-1 << "cache-control:no-cache[\r][\n]"
01-03-2022 16:28:46 Wire.java DEBUG [Forwarding maximizeCurrentWindow on session 4bd6c0235eb165893cf9c8fbc02e9d5e to remote] http.wire 73 - http-outgoing-1 << "[\r][\n]"
01-03-2022 16:28:46 Wire.java DEBUG [Forwarding maximizeCurrentWindow on session 4bd6c0235eb165893cf9c8fbc02e9d5e to remote] http.wire 87 - http-outgoing-1 << "{"value":{"height":744,"width":1376,"x":-8,"y":-8}}"
01-03-2022 16:28:46 LoggingManagedHttpClientConnection.java DEBUG [Forwarding maximizeCurrentWindow on session 4bd6c0235eb165893cf9c8fbc02e9d5e to remote] http.headers 122 - http-outgoing-1 << HTTP/1.1 200 OK
01-03-2022 16:28:46 LoggingManagedHttpClientConnection.java DEBUG [Forwarding maximizeCurrentWindow on session 4bd6c0235eb165893cf9c8fbc02e9d5e to remote] http.headers 125 - http-outgoing-1 << Content-Length:51
01-03-2022 16:28:46 LoggingManagedHttpClientConnection.java DEBUG [Forwarding maximizeCurrentWindow on session 4bd6c0235eb165893cf9c8fbc02e9d5e to remote] http.headers 125 - http-outgoing-1 << Content-Type:application/json; charset=utf-8
01-03-2022 16:28:46 LoggingManagedHttpClientConnection.java DEBUG [Forwarding maximizeCurrentWindow on session 4bd6c0235eb165893cf9c8fbc02e9d5e to remote] http.headers 125 - http-outgoing-1 << cache-control:no-cache
01-03-2022 16:28:46 MainClientExec.java DEBUG [Forwarding maximizeCurrentWindow on session 4bd6c0235eb165893cf9c8fbc02e9d5e to remote] execchain.MainClientExec 285 - Connection can be kept alive indefinitely
01-03-2022 16:28:46 PoolingHttpClientConnectionManager.java DEBUG [Forwarding maximizeCurrentWindow on session 4bd6c0235eb165893cf9c8fbc02e9d5e to remote] conn.PoolingHttpClientConnectionManager 320 - Connection [id: 1][route: {}->http://localhost:19403] can be kept alive indefinitely
01-03-2022 16:28:46 PoolingHttpClientConnectionManager.java DEBUG [Forwarding maximizeCurrentWindow on session 4bd6c0235eb165893cf9c8fbc02e9d5e to remote] conn.PoolingHttpClientConnectionManager 326 - Connection released: [id: 1][route: {}->http://localhost:19403][total kept alive: 2; route allocated: 1 of 2000; total allocated: 2 of 2000]
Before navigating to: 'https://kolhapur.gov.in/en/'
01-03-2022 16:28:46 RequestAddCookies.java DEBUG [Forwarding get on session 4bd6c0235eb165893cf9c8fbc02e9d5e to remote] protocol.RequestAddCookies 123 - CookieSpec selected: default
01-03-2022 16:28:46 RequestAuthCache.java DEBUG [Forwarding get on session 4bd6c0235eb165893cf9c8fbc02e9d5e to remote] protocol.RequestAuthCache 77 - Auth cache not set in the context
01-03-2022 16:28:46 PoolingHttpClientConnectionManager.java DEBUG [Forwarding get on session 4bd6c0235eb165893cf9c8fbc02e9d5e to remote] conn.PoolingHttpClientConnectionManager 255 - Connection request: [route: {}->http://localhost:19403][total kept alive: 2; route allocated: 1 of 2000; total allocated: 2 of 2000]
01-03-2022 16:28:46 PoolingHttpClientConnectionManager.java DEBUG [Forwarding get on session 4bd6c0235eb165893cf9c8fbc02e9d5e to remote] conn.PoolingHttpClientConnectionManager 288 - Connection leased: [id: 1][route: {}->http://localhost:19403][total kept alive: 1; route allocated: 1 of 2000; total allocated: 2 of 2000]
01-03-2022 16:28:46 MainClientExec.java DEBUG [Forwarding get on session 4bd6c0235eb165893cf9c8fbc02e9d5e to remote] execchain.MainClientExec 208 - Stale connection check
01-03-2022 16:28:46 Wire.java DEBUG [Forwarding get on session 4bd6c0235eb165893cf9c8fbc02e9d5e to remote] http.wire 87 - http-outgoing-1 << "[read] I/O error: Read timed out"
01-03-2022 16:28:46 LoggingManagedHttpClientConnection.java DEBUG [Forwarding get on session 4bd6c0235eb165893cf9c8fbc02e9d5e to remote] conn.DefaultManagedHttpClientConnection 88 - http-outgoing-1: set socket timeout to 10800000
01-03-2022 16:28:46 MainClientExec.java DEBUG [Forwarding get on session 4bd6c0235eb165893cf9c8fbc02e9d5e to remote] execchain.MainClientExec 256 - Executing request POST /session/4bd6c0235eb165893cf9c8fbc02e9d5e/url HTTP/1.1
01-03-2022 16:28:46 MainClientExec.java DEBUG [Forwarding get on session 4bd6c0235eb165893cf9c8fbc02e9d5e to remote] execchain.MainClientExec 261 - Target auth state: UNCHALLENGED
01-03-2022 16:28:46 MainClientExec.java DEBUG [Forwarding get on session 4bd6c0235eb165893cf9c8fbc02e9d5e to remote] execchain.MainClientExec 267 - Proxy auth state: UNCHALLENGED
01-03-2022 16:28:46 LoggingManagedHttpClientConnection.java DEBUG [Forwarding get on session 4bd6c0235eb165893cf9c8fbc02e9d5e to remote] http.headers 133 - http-outgoing-1 >> POST /session/4bd6c0235eb165893cf9c8fbc02e9d5e/url HTTP/1.1
01-03-2022 16:28:46 LoggingManagedHttpClientConnection.java DEBUG [Forwarding get on session 4bd6c0235eb165893cf9c8fbc02e9d5e to remote] http.headers 136 - http-outgoing-1 >> Content-Type: application/json; charset=utf-8
01-03-2022 16:28:46 LoggingManagedHttpClientConnection.java DEBUG [Forwarding get on session 4bd6c0235eb165893cf9c8fbc02e9d5e to remote] http.headers 136 - http-outgoing-1 >> Content-Length: 37
01-03-2022 16:28:46 LoggingManagedHttpClientConnection.java DEBUG [Forwarding get on session 4bd6c0235eb165893cf9c8fbc02e9d5e to remote] http.headers 136 - http-outgoing-1 >> Host: localhost:19403
01-03-2022 16:28:46 LoggingManagedHttpClientConnection.java DEBUG [Forwarding get on session 4bd6c0235eb165893cf9c8fbc02e9d5e to remote] http.headers 136 - http-outgoing-1 >> Connection: Keep-Alive
01-03-2022 16:28:46 LoggingManagedHttpClientConnection.java DEBUG [Forwarding get on session 4bd6c0235eb165893cf9c8fbc02e9d5e to remote] http.headers 136 - http-outgoing-1 >> User-Agent: Apache-HttpClient/4.5.3 (Java/1.8.0_202)
01-03-2022 16:28:46 LoggingManagedHttpClientConnection.java DEBUG [Forwarding get on session 4bd6c0235eb165893cf9c8fbc02e9d5e to remote] http.headers 136 - http-outgoing-1 >> Accept-Encoding: gzip,deflate
01-03-2022 16:28:46 Wire.java DEBUG [Forwarding get on session 4bd6c0235eb165893cf9c8fbc02e9d5e to remote] http.wire 73 - http-outgoing-1 >> "POST /session/4bd6c0235eb165893cf9c8fbc02e9d5e/url HTTP/1.1[\r][\n]"
01-03-2022 16:28:46 Wire.java DEBUG [Forwarding get on session 4bd6c0235eb165893cf9c8fbc02e9d5e to remote] http.wire 73 - http-outgoing-1 >> "Content-Type: application/json; charset=utf-8[\r][\n]"
01-03-2022 16:28:46 Wire.java DEBUG [Forwarding get on session 4bd6c0235eb165893cf9c8fbc02e9d5e to remote] http.wire 73 - http-outgoing-1 >> "Content-Length: 37[\r][\n]"
01-03-2022 16:28:46 Wire.java DEBUG [Forwarding get on session 4bd6c0235eb165893cf9c8fbc02e9d5e to remote] http.wire 73 - http-outgoing-1 >> "Host: localhost:19403[\r][\n]"
01-03-2022 16:28:46 Wire.java DEBUG [Forwarding get on session 4bd6c0235eb165893cf9c8fbc02e9d5e to remote] http.wire 73 - http-outgoing-1 >> "Connection: Keep-Alive[\r][\n]"
01-03-2022 16:28:46 Wire.java DEBUG [Forwarding get on session 4bd6c0235eb165893cf9c8fbc02e9d5e to remote] http.wire 73 - http-outgoing-1 >> "User-Agent: Apache-HttpClient/4.5.3 (Java/1.8.0_202)[\r][\n]"
01-03-2022 16:28:46 Wire.java DEBUG [Forwarding get on session 4bd6c0235eb165893cf9c8fbc02e9d5e to remote] http.wire 73 - http-outgoing-1 >> "Accept-Encoding: gzip,deflate[\r][\n]"
01-03-2022 16:28:46 Wire.java DEBUG [Forwarding get on session 4bd6c0235eb165893cf9c8fbc02e9d5e to remote] http.wire 73 - http-outgoing-1 >> "[\r][\n]"
01-03-2022 16:28:46 Wire.java DEBUG [Forwarding get on session 4bd6c0235eb165893cf9c8fbc02e9d5e to remote] http.wire 87 - http-outgoing-1 >> "{"url":"https://kolhapur.gov.in/en/"}"
01-03-2022 16:29:15 Wire.java DEBUG [Forwarding get on session 4bd6c0235eb165893cf9c8fbc02e9d5e to remote] http.wire 73 - http-outgoing-1 << "HTTP/1.1 200 OK[\r][\n]"
01-03-2022 16:29:15 Wire.java DEBUG [Forwarding get on session 4bd6c0235eb165893cf9c8fbc02e9d5e to remote] http.wire 73 - http-outgoing-1 << "Content-Length:14[\r][\n]"
01-03-2022 16:29:15 Wire.java DEBUG [Forwarding get on session 4bd6c0235eb165893cf9c8fbc02e9d5e to remote] http.wire 73 - http-outgoing-1 << "Content-Type:application/json; charset=utf-8[\r][\n]"
01-03-2022 16:29:15 Wire.java DEBUG [Forwarding get on session 4bd6c0235eb165893cf9c8fbc02e9d5e to remote] http.wire 73 - http-outgoing-1 << "cache-control:no-cache[\r][\n]"
01-03-2022 16:29:15 Wire.java DEBUG [Forwarding get on session 4bd6c0235eb165893cf9c8fbc02e9d5e to remote] http.wire 73 - http-outgoing-1 << "[\r][\n]"
01-03-2022 16:29:15 Wire.java DEBUG [Forwarding get on session 4bd6c0235eb165893cf9c8fbc02e9d5e to remote] http.wire 87 - http-outgoing-1 << "{"value":null}"
01-03-2022 16:29:15 LoggingManagedHttpClientConnection.java DEBUG [Forwarding get on session 4bd6c0235eb165893cf9c8fbc02e9d5e to remote] http.headers 122 - http-outgoing-1 << HTTP/1.1 200 OK
01-03-2022 16:29:15 LoggingManagedHttpClientConnection.java DEBUG [Forwarding get on session 4bd6c0235eb165893cf9c8fbc02e9d5e to remote] http.headers 125 - http-outgoing-1 << Content-Length:14
01-03-2022 16:29:15 LoggingManagedHttpClientConnection.java DEBUG [Forwarding get on session 4bd6c0235eb165893cf9c8fbc02e9d5e to remote] http.headers 125 - http-outgoing-1 << Content-Type:application/json; charset=utf-8
01-03-2022 16:29:15 LoggingManagedHttpClientConnection.java DEBUG [Forwarding get on session 4bd6c0235eb165893cf9c8fbc02e9d5e to remote] http.headers 125 - http-outgoing-1 << cache-control:no-cache
01-03-2022 16:29:15 MainClientExec.java DEBUG [Forwarding get on session 4bd6c0235eb165893cf9c8fbc02e9d5e to remote] execchain.MainClientExec 285 - Connection can be kept alive indefinitely
01-03-2022 16:29:15 PoolingHttpClientConnectionManager.java DEBUG [Forwarding get on session 4bd6c0235eb165893cf9c8fbc02e9d5e to remote] conn.PoolingHttpClientConnectionManager 320 - Connection [id: 1][route: {}->http://localhost:19403] can be kept alive indefinitely
01-03-2022 16:29:15 PoolingHttpClientConnectionManager.java DEBUG [Forwarding get on session 4bd6c0235eb165893cf9c8fbc02e9d5e to remote] conn.PoolingHttpClientConnectionManager 326 - Connection released: [id: 1][route: {}->http://localhost:19403][total kept alive: 2; route allocated: 1 of 2000; total allocated: 2 of 2000]
Navigated to:'https://kolhapur.gov.in/en/'
01-03-2022 16:29:15 TestBase.java INFO  [main] KolhapurAutomationHybridFramework 61 - **************************url lauched*****************
Trying to find Element By : By.xpath: //a[text()='Directory']
01-03-2022 16:29:15 RequestAddCookies.java DEBUG [Forwarding findElement on session 4bd6c0235eb165893cf9c8fbc02e9d5e to remote] protocol.RequestAddCookies 123 - CookieSpec selected: default
01-03-2022 16:29:15 RequestAuthCache.java DEBUG [Forwarding findElement on session 4bd6c0235eb165893cf9c8fbc02e9d5e to remote] protocol.RequestAuthCache 77 - Auth cache not set in the context
01-03-2022 16:29:15 PoolingHttpClientConnectionManager.java DEBUG [Forwarding findElement on session 4bd6c0235eb165893cf9c8fbc02e9d5e to remote] conn.PoolingHttpClientConnectionManager 255 - Connection request: [route: {}->http://localhost:19403][total kept alive: 2; route allocated: 1 of 2000; total allocated: 2 of 2000]
01-03-2022 16:29:15 PoolingHttpClientConnectionManager.java DEBUG [Forwarding findElement on session 4bd6c0235eb165893cf9c8fbc02e9d5e to remote] conn.PoolingHttpClientConnectionManager 288 - Connection leased: [id: 1][route: {}->http://localhost:19403][total kept alive: 1; route allocated: 1 of 2000; total allocated: 2 of 2000]
01-03-2022 16:29:15 MainClientExec.java DEBUG [Forwarding findElement on session 4bd6c0235eb165893cf9c8fbc02e9d5e to remote] execchain.MainClientExec 208 - Stale connection check
01-03-2022 16:29:15 Wire.java DEBUG [Forwarding findElement on session 4bd6c0235eb165893cf9c8fbc02e9d5e to remote] http.wire 87 - http-outgoing-1 << "[read] I/O error: Read timed out"
01-03-2022 16:29:15 LoggingManagedHttpClientConnection.java DEBUG [Forwarding findElement on session 4bd6c0235eb165893cf9c8fbc02e9d5e to remote] conn.DefaultManagedHttpClientConnection 88 - http-outgoing-1: set socket timeout to 10800000
01-03-2022 16:29:15 MainClientExec.java DEBUG [Forwarding findElement on session 4bd6c0235eb165893cf9c8fbc02e9d5e to remote] execchain.MainClientExec 256 - Executing request POST /session/4bd6c0235eb165893cf9c8fbc02e9d5e/element HTTP/1.1
01-03-2022 16:29:15 MainClientExec.java DEBUG [Forwarding findElement on session 4bd6c0235eb165893cf9c8fbc02e9d5e to remote] execchain.MainClientExec 261 - Target auth state: UNCHALLENGED
01-03-2022 16:29:15 MainClientExec.java DEBUG [Forwarding findElement on session 4bd6c0235eb165893cf9c8fbc02e9d5e to remote] execchain.MainClientExec 267 - Proxy auth state: UNCHALLENGED
01-03-2022 16:29:15 LoggingManagedHttpClientConnection.java DEBUG [Forwarding findElement on session 4bd6c0235eb165893cf9c8fbc02e9d5e to remote] http.headers 133 - http-outgoing-1 >> POST /session/4bd6c0235eb165893cf9c8fbc02e9d5e/element HTTP/1.1
01-03-2022 16:29:15 LoggingManagedHttpClientConnection.java DEBUG [Forwarding findElement on session 4bd6c0235eb165893cf9c8fbc02e9d5e to remote] http.headers 136 - http-outgoing-1 >> Content-Type: application/json; charset=utf-8
01-03-2022 16:29:15 LoggingManagedHttpClientConnection.java DEBUG [Forwarding findElement on session 4bd6c0235eb165893cf9c8fbc02e9d5e to remote] http.headers 136 - http-outgoing-1 >> Content-Length: 66
01-03-2022 16:29:15 LoggingManagedHttpClientConnection.java DEBUG [Forwarding findElement on session 4bd6c0235eb165893cf9c8fbc02e9d5e to remote] http.headers 136 - http-outgoing-1 >> Host: localhost:19403
01-03-2022 16:29:15 LoggingManagedHttpClientConnection.java DEBUG [Forwarding findElement on session 4bd6c0235eb165893cf9c8fbc02e9d5e to remote] http.headers 136 - http-outgoing-1 >> Connection: Keep-Alive
01-03-2022 16:29:15 LoggingManagedHttpClientConnection.java DEBUG [Forwarding findElement on session 4bd6c0235eb165893cf9c8fbc02e9d5e to remote] http.headers 136 - http-outgoing-1 >> User-Agent: Apache-HttpClient/4.5.3 (Java/1.8.0_202)
01-03-2022 16:29:15 LoggingManagedHttpClientConnection.java DEBUG [Forwarding findElement on session 4bd6c0235eb165893cf9c8fbc02e9d5e to remote] http.headers 136 - http-outgoing-1 >> Accept-Encoding: gzip,deflate
01-03-2022 16:29:15 Wire.java DEBUG [Forwarding findElement on session 4bd6c0235eb165893cf9c8fbc02e9d5e to remote] http.wire 73 - http-outgoing-1 >> "POST /session/4bd6c0235eb165893cf9c8fbc02e9d5e/element HTTP/1.1[\r][\n]"
01-03-2022 16:29:15 Wire.java DEBUG [Forwarding findElement on session 4bd6c0235eb165893cf9c8fbc02e9d5e to remote] http.wire 73 - http-outgoing-1 >> "Content-Type: application/json; charset=utf-8[\r][\n]"
01-03-2022 16:29:15 Wire.java DEBUG [Forwarding findElement on session 4bd6c0235eb165893cf9c8fbc02e9d5e to remote] http.wire 73 - http-outgoing-1 >> "Content-Length: 66[\r][\n]"
01-03-2022 16:29:15 Wire.java DEBUG [Forwarding findElement on session 4bd6c0235eb165893cf9c8fbc02e9d5e to remote] http.wire 73 - http-outgoing-1 >> "Host: localhost:19403[\r][\n]"
01-03-2022 16:29:15 Wire.java DEBUG [Forwarding findElement on session 4bd6c0235eb165893cf9c8fbc02e9d5e to remote] http.wire 73 - http-outgoing-1 >> "Connection: Keep-Alive[\r][\n]"
01-03-2022 16:29:15 Wire.java DEBUG [Forwarding findElement on session 4bd6c0235eb165893cf9c8fbc02e9d5e to remote] http.wire 73 - http-outgoing-1 >> "User-Agent: Apache-HttpClient/4.5.3 (Java/1.8.0_202)[\r][\n]"
01-03-2022 16:29:15 Wire.java DEBUG [Forwarding findElement on session 4bd6c0235eb165893cf9c8fbc02e9d5e to remote] http.wire 73 - http-outgoing-1 >> "Accept-Encoding: gzip,deflate[\r][\n]"
01-03-2022 16:29:15 Wire.java DEBUG [Forwarding findElement on session 4bd6c0235eb165893cf9c8fbc02e9d5e to remote] http.wire 73 - http-outgoing-1 >> "[\r][\n]"
01-03-2022 16:29:15 Wire.java DEBUG [Forwarding findElement on session 4bd6c0235eb165893cf9c8fbc02e9d5e to remote] http.wire 87 - http-outgoing-1 >> "{"value":"//a[text()\u003d\u0027Directory\u0027]","using":"xpath"}"
01-03-2022 16:29:15 Wire.java DEBUG [Forwarding findElement on session 4bd6c0235eb165893cf9c8fbc02e9d5e to remote] http.wire 73 - http-outgoing-1 << "HTTP/1.1 200 OK[\r][\n]"
01-03-2022 16:29:15 Wire.java DEBUG [Forwarding findElement on session 4bd6c0235eb165893cf9c8fbc02e9d5e to remote] http.wire 73 - http-outgoing-1 << "Content-Length:88[\r][\n]"
01-03-2022 16:29:15 Wire.java DEBUG [Forwarding findElement on session 4bd6c0235eb165893cf9c8fbc02e9d5e to remote] http.wire 73 - http-outgoing-1 << "Content-Type:application/json; charset=utf-8[\r][\n]"
01-03-2022 16:29:15 Wire.java DEBUG [Forwarding findElement on session 4bd6c0235eb165893cf9c8fbc02e9d5e to remote] http.wire 73 - http-outgoing-1 << "cache-control:no-cache[\r][\n]"
01-03-2022 16:29:15 Wire.java DEBUG [Forwarding findElement on session 4bd6c0235eb165893cf9c8fbc02e9d5e to remote] http.wire 73 - http-outgoing-1 << "[\r][\n]"
01-03-2022 16:29:15 Wire.java DEBUG [Forwarding findElement on session 4bd6c0235eb165893cf9c8fbc02e9d5e to remote] http.wire 87 - http-outgoing-1 << "{"value":{"element-6066-11e4-a52e-4f735466cecf":"bdf943f4-8d80-4c91-bfac-2e0309e58dd1"}}"
01-03-2022 16:29:15 LoggingManagedHttpClientConnection.java DEBUG [Forwarding findElement on session 4bd6c0235eb165893cf9c8fbc02e9d5e to remote] http.headers 122 - http-outgoing-1 << HTTP/1.1 200 OK
01-03-2022 16:29:15 LoggingManagedHttpClientConnection.java DEBUG [Forwarding findElement on session 4bd6c0235eb165893cf9c8fbc02e9d5e to remote] http.headers 125 - http-outgoing-1 << Content-Length:88
01-03-2022 16:29:15 LoggingManagedHttpClientConnection.java DEBUG [Forwarding findElement on session 4bd6c0235eb165893cf9c8fbc02e9d5e to remote] http.headers 125 - http-outgoing-1 << Content-Type:application/json; charset=utf-8
01-03-2022 16:29:15 LoggingManagedHttpClientConnection.java DEBUG [Forwarding findElement on session 4bd6c0235eb165893cf9c8fbc02e9d5e to remote] http.headers 125 - http-outgoing-1 << cache-control:no-cache
01-03-2022 16:29:15 MainClientExec.java DEBUG [Forwarding findElement on session 4bd6c0235eb165893cf9c8fbc02e9d5e to remote] execchain.MainClientExec 285 - Connection can be kept alive indefinitely
01-03-2022 16:29:15 PoolingHttpClientConnectionManager.java DEBUG [Forwarding findElement on session 4bd6c0235eb165893cf9c8fbc02e9d5e to remote] conn.PoolingHttpClientConnectionManager 320 - Connection [id: 1][route: {}->http://localhost:19403] can be kept alive indefinitely
01-03-2022 16:29:15 PoolingHttpClientConnectionManager.java DEBUG [Forwarding findElement on session 4bd6c0235eb165893cf9c8fbc02e9d5e to remote] conn.PoolingHttpClientConnectionManager 326 - Connection released: [id: 1][route: {}->http://localhost:19403][total kept alive: 2; route allocated: 1 of 2000; total allocated: 2 of 2000]
Found Element By : By.xpath: //a[text()='Directory']
Trying to find Element By : By.xpath: //a[text()='Public Utilities']
01-03-2022 16:29:15 RequestAddCookies.java DEBUG [Forwarding findElement on session 4bd6c0235eb165893cf9c8fbc02e9d5e to remote] protocol.RequestAddCookies 123 - CookieSpec selected: default
01-03-2022 16:29:15 RequestAuthCache.java DEBUG [Forwarding findElement on session 4bd6c0235eb165893cf9c8fbc02e9d5e to remote] protocol.RequestAuthCache 77 - Auth cache not set in the context
01-03-2022 16:29:15 PoolingHttpClientConnectionManager.java DEBUG [Forwarding findElement on session 4bd6c0235eb165893cf9c8fbc02e9d5e to remote] conn.PoolingHttpClientConnectionManager 255 - Connection request: [route: {}->http://localhost:19403][total kept alive: 2; route allocated: 1 of 2000; total allocated: 2 of 2000]
01-03-2022 16:29:15 PoolingHttpClientConnectionManager.java DEBUG [Forwarding findElement on session 4bd6c0235eb165893cf9c8fbc02e9d5e to remote] conn.PoolingHttpClientConnectionManager 288 - Connection leased: [id: 1][route: {}->http://localhost:19403][total kept alive: 1; route allocated: 1 of 2000; total allocated: 2 of 2000]
01-03-2022 16:29:15 MainClientExec.java DEBUG [Forwarding findElement on session 4bd6c0235eb165893cf9c8fbc02e9d5e to remote] execchain.MainClientExec 208 - Stale connection check
01-03-2022 16:29:15 Wire.java DEBUG [Forwarding findElement on session 4bd6c0235eb165893cf9c8fbc02e9d5e to remote] http.wire 87 - http-outgoing-1 << "[read] I/O error: Read timed out"
01-03-2022 16:29:15 LoggingManagedHttpClientConnection.java DEBUG [Forwarding findElement on session 4bd6c0235eb165893cf9c8fbc02e9d5e to remote] conn.DefaultManagedHttpClientConnection 88 - http-outgoing-1: set socket timeout to 10800000
01-03-2022 16:29:15 MainClientExec.java DEBUG [Forwarding findElement on session 4bd6c0235eb165893cf9c8fbc02e9d5e to remote] execchain.MainClientExec 256 - Executing request POST /session/4bd6c0235eb165893cf9c8fbc02e9d5e/element HTTP/1.1
01-03-2022 16:29:15 MainClientExec.java DEBUG [Forwarding findElement on session 4bd6c0235eb165893cf9c8fbc02e9d5e to remote] execchain.MainClientExec 261 - Target auth state: UNCHALLENGED
01-03-2022 16:29:15 MainClientExec.java DEBUG [Forwarding findElement on session 4bd6c0235eb165893cf9c8fbc02e9d5e to remote] execchain.MainClientExec 267 - Proxy auth state: UNCHALLENGED
01-03-2022 16:29:15 LoggingManagedHttpClientConnection.java DEBUG [Forwarding findElement on session 4bd6c0235eb165893cf9c8fbc02e9d5e to remote] http.headers 133 - http-outgoing-1 >> POST /session/4bd6c0235eb165893cf9c8fbc02e9d5e/element HTTP/1.1
01-03-2022 16:29:15 LoggingManagedHttpClientConnection.java DEBUG [Forwarding findElement on session 4bd6c0235eb165893cf9c8fbc02e9d5e to remote] http.headers 136 - http-outgoing-1 >> Content-Type: application/json; charset=utf-8
01-03-2022 16:29:15 LoggingManagedHttpClientConnection.java DEBUG [Forwarding findElement on session 4bd6c0235eb165893cf9c8fbc02e9d5e to remote] http.headers 136 - http-outgoing-1 >> Content-Length: 73
01-03-2022 16:29:15 LoggingManagedHttpClientConnection.java DEBUG [Forwarding findElement on session 4bd6c0235eb165893cf9c8fbc02e9d5e to remote] http.headers 136 - http-outgoing-1 >> Host: localhost:19403
01-03-2022 16:29:15 LoggingManagedHttpClientConnection.java DEBUG [Forwarding findElement on session 4bd6c0235eb165893cf9c8fbc02e9d5e to remote] http.headers 136 - http-outgoing-1 >> Connection: Keep-Alive
01-03-2022 16:29:15 LoggingManagedHttpClientConnection.java DEBUG [Forwarding findElement on session 4bd6c0235eb165893cf9c8fbc02e9d5e to remote] http.headers 136 - http-outgoing-1 >> User-Agent: Apache-HttpClient/4.5.3 (Java/1.8.0_202)
01-03-2022 16:29:15 LoggingManagedHttpClientConnection.java DEBUG [Forwarding findElement on session 4bd6c0235eb165893cf9c8fbc02e9d5e to remote] http.headers 136 - http-outgoing-1 >> Accept-Encoding: gzip,deflate
01-03-2022 16:29:15 Wire.java DEBUG [Forwarding findElement on session 4bd6c0235eb165893cf9c8fbc02e9d5e to remote] http.wire 73 - http-outgoing-1 >> "POST /session/4bd6c0235eb165893cf9c8fbc02e9d5e/element HTTP/1.1[\r][\n]"
01-03-2022 16:29:15 Wire.java DEBUG [Forwarding findElement on session 4bd6c0235eb165893cf9c8fbc02e9d5e to remote] http.wire 73 - http-outgoing-1 >> "Content-Type: application/json; charset=utf-8[\r][\n]"
01-03-2022 16:29:15 Wire.java DEBUG [Forwarding findElement on session 4bd6c0235eb165893cf9c8fbc02e9d5e to remote] http.wire 73 - http-outgoing-1 >> "Content-Length: 73[\r][\n]"
01-03-2022 16:29:15 Wire.java DEBUG [Forwarding findElement on session 4bd6c0235eb165893cf9c8fbc02e9d5e to remote] http.wire 73 - http-outgoing-1 >> "Host: localhost:19403[\r][\n]"
01-03-2022 16:29:15 Wire.java DEBUG [Forwarding findElement on session 4bd6c0235eb165893cf9c8fbc02e9d5e to remote] http.wire 73 - http-outgoing-1 >> "Connection: Keep-Alive[\r][\n]"
01-03-2022 16:29:15 Wire.java DEBUG [Forwarding findElement on session 4bd6c0235eb165893cf9c8fbc02e9d5e to remote] http.wire 73 - http-outgoing-1 >> "User-Agent: Apache-HttpClient/4.5.3 (Java/1.8.0_202)[\r][\n]"
01-03-2022 16:29:15 Wire.java DEBUG [Forwarding findElement on session 4bd6c0235eb165893cf9c8fbc02e9d5e to remote] http.wire 73 - http-outgoing-1 >> "Accept-Encoding: gzip,deflate[\r][\n]"
01-03-2022 16:29:15 Wire.java DEBUG [Forwarding findElement on session 4bd6c0235eb165893cf9c8fbc02e9d5e to remote] http.wire 73 - http-outgoing-1 >> "[\r][\n]"
01-03-2022 16:29:15 Wire.java DEBUG [Forwarding findElement on session 4bd6c0235eb165893cf9c8fbc02e9d5e to remote] http.wire 87 - http-outgoing-1 >> "{"value":"//a[text()\u003d\u0027Public Utilities\u0027]","using":"xpath"}"
01-03-2022 16:29:15 Wire.java DEBUG [Forwarding findElement on session 4bd6c0235eb165893cf9c8fbc02e9d5e to remote] http.wire 73 - http-outgoing-1 << "HTTP/1.1 200 OK[\r][\n]"
01-03-2022 16:29:15 Wire.java DEBUG [Forwarding findElement on session 4bd6c0235eb165893cf9c8fbc02e9d5e to remote] http.wire 73 - http-outgoing-1 << "Content-Length:88[\r][\n]"
01-03-2022 16:29:15 Wire.java DEBUG [Forwarding findElement on session 4bd6c0235eb165893cf9c8fbc02e9d5e to remote] http.wire 73 - http-outgoing-1 << "Content-Type:application/json; charset=utf-8[\r][\n]"
01-03-2022 16:29:15 Wire.java DEBUG [Forwarding findElement on session 4bd6c0235eb165893cf9c8fbc02e9d5e to remote] http.wire 73 - http-outgoing-1 << "cache-control:no-cache[\r][\n]"
01-03-2022 16:29:15 Wire.java DEBUG [Forwarding findElement on session 4bd6c0235eb165893cf9c8fbc02e9d5e to remote] http.wire 73 - http-outgoing-1 << "[\r][\n]"
01-03-2022 16:29:15 Wire.java DEBUG [Forwarding findElement on session 4bd6c0235eb165893cf9c8fbc02e9d5e to remote] http.wire 87 - http-outgoing-1 << "{"value":{"element-6066-11e4-a52e-4f735466cecf":"a2ea823c-0bb6-4aad-9b2b-b8ad767d9fd7"}}"
01-03-2022 16:29:15 LoggingManagedHttpClientConnection.java DEBUG [Forwarding findElement on session 4bd6c0235eb165893cf9c8fbc02e9d5e to remote] http.headers 122 - http-outgoing-1 << HTTP/1.1 200 OK
01-03-2022 16:29:15 LoggingManagedHttpClientConnection.java DEBUG [Forwarding findElement on session 4bd6c0235eb165893cf9c8fbc02e9d5e to remote] http.headers 125 - http-outgoing-1 << Content-Length:88
01-03-2022 16:29:15 LoggingManagedHttpClientConnection.java DEBUG [Forwarding findElement on session 4bd6c0235eb165893cf9c8fbc02e9d5e to remote] http.headers 125 - http-outgoing-1 << Content-Type:application/json; charset=utf-8
01-03-2022 16:29:15 LoggingManagedHttpClientConnection.java DEBUG [Forwarding findElement on session 4bd6c0235eb165893cf9c8fbc02e9d5e to remote] http.headers 125 - http-outgoing-1 << cache-control:no-cache
01-03-2022 16:29:15 MainClientExec.java DEBUG [Forwarding findElement on session 4bd6c0235eb165893cf9c8fbc02e9d5e to remote] execchain.MainClientExec 285 - Connection can be kept alive indefinitely
01-03-2022 16:29:15 PoolingHttpClientConnectionManager.java DEBUG [Forwarding findElement on session 4bd6c0235eb165893cf9c8fbc02e9d5e to remote] conn.PoolingHttpClientConnectionManager 320 - Connection [id: 1][route: {}->http://localhost:19403] can be kept alive indefinitely
01-03-2022 16:29:15 PoolingHttpClientConnectionManager.java DEBUG [Forwarding findElement on session 4bd6c0235eb165893cf9c8fbc02e9d5e to remote] conn.PoolingHttpClientConnectionManager 326 - Connection released: [id: 1][route: {}->http://localhost:19403][total kept alive: 2; route allocated: 1 of 2000; total allocated: 2 of 2000]
Found Element By : By.xpath: //a[text()='Public Utilities']
01-03-2022 16:29:15 RequestAddCookies.java DEBUG [Forwarding actions on session 4bd6c0235eb165893cf9c8fbc02e9d5e to remote] protocol.RequestAddCookies 123 - CookieSpec selected: default
01-03-2022 16:29:15 RequestAuthCache.java DEBUG [Forwarding actions on session 4bd6c0235eb165893cf9c8fbc02e9d5e to remote] protocol.RequestAuthCache 77 - Auth cache not set in the context
01-03-2022 16:29:15 PoolingHttpClientConnectionManager.java DEBUG [Forwarding actions on session 4bd6c0235eb165893cf9c8fbc02e9d5e to remote] conn.PoolingHttpClientConnectionManager 255 - Connection request: [route: {}->http://localhost:19403][total kept alive: 2; route allocated: 1 of 2000; total allocated: 2 of 2000]
01-03-2022 16:29:15 PoolingHttpClientConnectionManager.java DEBUG [Forwarding actions on session 4bd6c0235eb165893cf9c8fbc02e9d5e to remote] conn.PoolingHttpClientConnectionManager 288 - Connection leased: [id: 1][route: {}->http://localhost:19403][total kept alive: 1; route allocated: 1 of 2000; total allocated: 2 of 2000]
01-03-2022 16:29:15 MainClientExec.java DEBUG [Forwarding actions on session 4bd6c0235eb165893cf9c8fbc02e9d5e to remote] execchain.MainClientExec 208 - Stale connection check
01-03-2022 16:29:15 Wire.java DEBUG [Forwarding actions on session 4bd6c0235eb165893cf9c8fbc02e9d5e to remote] http.wire 87 - http-outgoing-1 << "[read] I/O error: Read timed out"
01-03-2022 16:29:15 LoggingManagedHttpClientConnection.java DEBUG [Forwarding actions on session 4bd6c0235eb165893cf9c8fbc02e9d5e to remote] conn.DefaultManagedHttpClientConnection 88 - http-outgoing-1: set socket timeout to 10800000
01-03-2022 16:29:15 MainClientExec.java DEBUG [Forwarding actions on session 4bd6c0235eb165893cf9c8fbc02e9d5e to remote] execchain.MainClientExec 256 - Executing request POST /session/4bd6c0235eb165893cf9c8fbc02e9d5e/actions HTTP/1.1
01-03-2022 16:29:15 MainClientExec.java DEBUG [Forwarding actions on session 4bd6c0235eb165893cf9c8fbc02e9d5e to remote] execchain.MainClientExec 261 - Target auth state: UNCHALLENGED
01-03-2022 16:29:15 MainClientExec.java DEBUG [Forwarding actions on session 4bd6c0235eb165893cf9c8fbc02e9d5e to remote] execchain.MainClientExec 267 - Proxy auth state: UNCHALLENGED
01-03-2022 16:29:15 LoggingManagedHttpClientConnection.java DEBUG [Forwarding actions on session 4bd6c0235eb165893cf9c8fbc02e9d5e to remote] http.headers 133 - http-outgoing-1 >> POST /session/4bd6c0235eb165893cf9c8fbc02e9d5e/actions HTTP/1.1
01-03-2022 16:29:15 LoggingManagedHttpClientConnection.java DEBUG [Forwarding actions on session 4bd6c0235eb165893cf9c8fbc02e9d5e to remote] http.headers 136 - http-outgoing-1 >> Content-Type: application/json; charset=utf-8
01-03-2022 16:29:15 LoggingManagedHttpClientConnection.java DEBUG [Forwarding actions on session 4bd6c0235eb165893cf9c8fbc02e9d5e to remote] http.headers 136 - http-outgoing-1 >> Content-Length: 476
01-03-2022 16:29:15 LoggingManagedHttpClientConnection.java DEBUG [Forwarding actions on session 4bd6c0235eb165893cf9c8fbc02e9d5e to remote] http.headers 136 - http-outgoing-1 >> Host: localhost:19403
01-03-2022 16:29:15 LoggingManagedHttpClientConnection.java DEBUG [Forwarding actions on session 4bd6c0235eb165893cf9c8fbc02e9d5e to remote] http.headers 136 - http-outgoing-1 >> Connection: Keep-Alive
01-03-2022 16:29:15 LoggingManagedHttpClientConnection.java DEBUG [Forwarding actions on session 4bd6c0235eb165893cf9c8fbc02e9d5e to remote] http.headers 136 - http-outgoing-1 >> User-Agent: Apache-HttpClient/4.5.3 (Java/1.8.0_202)
01-03-2022 16:29:15 LoggingManagedHttpClientConnection.java DEBUG [Forwarding actions on session 4bd6c0235eb165893cf9c8fbc02e9d5e to remote] http.headers 136 - http-outgoing-1 >> Accept-Encoding: gzip,deflate
01-03-2022 16:29:15 Wire.java DEBUG [Forwarding actions on session 4bd6c0235eb165893cf9c8fbc02e9d5e to remote] http.wire 73 - http-outgoing-1 >> "POST /session/4bd6c0235eb165893cf9c8fbc02e9d5e/actions HTTP/1.1[\r][\n]"
01-03-2022 16:29:15 Wire.java DEBUG [Forwarding actions on session 4bd6c0235eb165893cf9c8fbc02e9d5e to remote] http.wire 73 - http-outgoing-1 >> "Content-Type: application/json; charset=utf-8[\r][\n]"
01-03-2022 16:29:15 Wire.java DEBUG [Forwarding actions on session 4bd6c0235eb165893cf9c8fbc02e9d5e to remote] http.wire 73 - http-outgoing-1 >> "Content-Length: 476[\r][\n]"
01-03-2022 16:29:15 Wire.java DEBUG [Forwarding actions on session 4bd6c0235eb165893cf9c8fbc02e9d5e to remote] http.wire 73 - http-outgoing-1 >> "Host: localhost:19403[\r][\n]"
01-03-2022 16:29:15 Wire.java DEBUG [Forwarding actions on session 4bd6c0235eb165893cf9c8fbc02e9d5e to remote] http.wire 73 - http-outgoing-1 >> "Connection: Keep-Alive[\r][\n]"
01-03-2022 16:29:15 Wire.java DEBUG [Forwarding actions on session 4bd6c0235eb165893cf9c8fbc02e9d5e to remote] http.wire 73 - http-outgoing-1 >> "User-Agent: Apache-HttpClient/4.5.3 (Java/1.8.0_202)[\r][\n]"
01-03-2022 16:29:15 Wire.java DEBUG [Forwarding actions on session 4bd6c0235eb165893cf9c8fbc02e9d5e to remote] http.wire 73 - http-outgoing-1 >> "Accept-Encoding: gzip,deflate[\r][\n]"
01-03-2022 16:29:15 Wire.java DEBUG [Forwarding actions on session 4bd6c0235eb165893cf9c8fbc02e9d5e to remote] http.wire 73 - http-outgoing-1 >> "[\r][\n]"
01-03-2022 16:29:15 Wire.java DEBUG [Forwarding actions on session 4bd6c0235eb165893cf9c8fbc02e9d5e to remote] http.wire 87 - http-outgoing-1 >> "{"actions":[{"id":"default mouse","type":"pointer","parameters":{"pointerType":"mouse"},"actions":[{"duration":100,"x":0,"y":0,"type":"pointerMove","origin":{"ELEMENT":"bdf943f4-8d80-4c91-bfac-2e0309e58dd1","element-6066-11e4-a52e-4f735466cecf":"bdf943f4-8d80-4c91-bfac-2e0309e58dd1"}},{"duration":100,"x":0,"y":0,"type":"pointerMove","origin":{"ELEMENT":"a2ea823c-0bb6-4aad-9b2b-b8ad767d9fd7","element-6066-11e4-a52e-4f735466cecf":"a2ea823c-0bb6-4aad-9b2b-b8ad767d9fd7"}}]}]}"
01-03-2022 16:29:16 Wire.java DEBUG [Forwarding actions on session 4bd6c0235eb165893cf9c8fbc02e9d5e to remote] http.wire 73 - http-outgoing-1 << "HTTP/1.1 200 OK[\r][\n]"
01-03-2022 16:29:16 Wire.java DEBUG [Forwarding actions on session 4bd6c0235eb165893cf9c8fbc02e9d5e to remote] http.wire 73 - http-outgoing-1 << "Content-Length:14[\r][\n]"
01-03-2022 16:29:16 Wire.java DEBUG [Forwarding actions on session 4bd6c0235eb165893cf9c8fbc02e9d5e to remote] http.wire 73 - http-outgoing-1 << "Content-Type:application/json; charset=utf-8[\r][\n]"
01-03-2022 16:29:16 Wire.java DEBUG [Forwarding actions on session 4bd6c0235eb165893cf9c8fbc02e9d5e to remote] http.wire 73 - http-outgoing-1 << "cache-control:no-cache[\r][\n]"
01-03-2022 16:29:16 Wire.java DEBUG [Forwarding actions on session 4bd6c0235eb165893cf9c8fbc02e9d5e to remote] http.wire 73 - http-outgoing-1 << "[\r][\n]"
01-03-2022 16:29:16 Wire.java DEBUG [Forwarding actions on session 4bd6c0235eb165893cf9c8fbc02e9d5e to remote] http.wire 87 - http-outgoing-1 << "{"value":null}"
01-03-2022 16:29:16 LoggingManagedHttpClientConnection.java DEBUG [Forwarding actions on session 4bd6c0235eb165893cf9c8fbc02e9d5e to remote] http.headers 122 - http-outgoing-1 << HTTP/1.1 200 OK
01-03-2022 16:29:16 LoggingManagedHttpClientConnection.java DEBUG [Forwarding actions on session 4bd6c0235eb165893cf9c8fbc02e9d5e to remote] http.headers 125 - http-outgoing-1 << Content-Length:14
01-03-2022 16:29:16 LoggingManagedHttpClientConnection.java DEBUG [Forwarding actions on session 4bd6c0235eb165893cf9c8fbc02e9d5e to remote] http.headers 125 - http-outgoing-1 << Content-Type:application/json; charset=utf-8
01-03-2022 16:29:16 LoggingManagedHttpClientConnection.java DEBUG [Forwarding actions on session 4bd6c0235eb165893cf9c8fbc02e9d5e to remote] http.headers 125 - http-outgoing-1 << cache-control:no-cache
01-03-2022 16:29:16 MainClientExec.java DEBUG [Forwarding actions on session 4bd6c0235eb165893cf9c8fbc02e9d5e to remote] execchain.MainClientExec 285 - Connection can be kept alive indefinitely
01-03-2022 16:29:16 PoolingHttpClientConnectionManager.java DEBUG [Forwarding actions on session 4bd6c0235eb165893cf9c8fbc02e9d5e to remote] conn.PoolingHttpClientConnectionManager 320 - Connection [id: 1][route: {}->http://localhost:19403] can be kept alive indefinitely
01-03-2022 16:29:16 PoolingHttpClientConnectionManager.java DEBUG [Forwarding actions on session 4bd6c0235eb165893cf9c8fbc02e9d5e to remote] conn.PoolingHttpClientConnectionManager 326 - Connection released: [id: 1][route: {}->http://localhost:19403][total kept alive: 2; route allocated: 1 of 2000; total allocated: 2 of 2000]
Trying to find Element By : By.cssSelector: ul.sub-menu.show-menu>#menu-item-2827
01-03-2022 16:29:16 RequestAddCookies.java DEBUG [Forwarding findElement on session 4bd6c0235eb165893cf9c8fbc02e9d5e to remote] protocol.RequestAddCookies 123 - CookieSpec selected: default
01-03-2022 16:29:16 RequestAuthCache.java DEBUG [Forwarding findElement on session 4bd6c0235eb165893cf9c8fbc02e9d5e to remote] protocol.RequestAuthCache 77 - Auth cache not set in the context
01-03-2022 16:29:16 PoolingHttpClientConnectionManager.java DEBUG [Forwarding findElement on session 4bd6c0235eb165893cf9c8fbc02e9d5e to remote] conn.PoolingHttpClientConnectionManager 255 - Connection request: [route: {}->http://localhost:19403][total kept alive: 2; route allocated: 1 of 2000; total allocated: 2 of 2000]
01-03-2022 16:29:16 PoolingHttpClientConnectionManager.java DEBUG [Forwarding findElement on session 4bd6c0235eb165893cf9c8fbc02e9d5e to remote] conn.PoolingHttpClientConnectionManager 288 - Connection leased: [id: 1][route: {}->http://localhost:19403][total kept alive: 1; route allocated: 1 of 2000; total allocated: 2 of 2000]
01-03-2022 16:29:16 MainClientExec.java DEBUG [Forwarding findElement on session 4bd6c0235eb165893cf9c8fbc02e9d5e to remote] execchain.MainClientExec 208 - Stale connection check
01-03-2022 16:29:16 Wire.java DEBUG [Forwarding findElement on session 4bd6c0235eb165893cf9c8fbc02e9d5e to remote] http.wire 87 - http-outgoing-1 << "[read] I/O error: Read timed out"
01-03-2022 16:29:16 LoggingManagedHttpClientConnection.java DEBUG [Forwarding findElement on session 4bd6c0235eb165893cf9c8fbc02e9d5e to remote] conn.DefaultManagedHttpClientConnection 88 - http-outgoing-1: set socket timeout to 10800000
01-03-2022 16:29:16 MainClientExec.java DEBUG [Forwarding findElement on session 4bd6c0235eb165893cf9c8fbc02e9d5e to remote] execchain.MainClientExec 256 - Executing request POST /session/4bd6c0235eb165893cf9c8fbc02e9d5e/element HTTP/1.1
01-03-2022 16:29:16 MainClientExec.java DEBUG [Forwarding findElement on session 4bd6c0235eb165893cf9c8fbc02e9d5e to remote] execchain.MainClientExec 261 - Target auth state: UNCHALLENGED
01-03-2022 16:29:16 MainClientExec.java DEBUG [Forwarding findElement on session 4bd6c0235eb165893cf9c8fbc02e9d5e to remote] execchain.MainClientExec 267 - Proxy auth state: UNCHALLENGED
01-03-2022 16:29:16 LoggingManagedHttpClientConnection.java DEBUG [Forwarding findElement on session 4bd6c0235eb165893cf9c8fbc02e9d5e to remote] http.headers 133 - http-outgoing-1 >> POST /session/4bd6c0235eb165893cf9c8fbc02e9d5e/element HTTP/1.1
01-03-2022 16:29:16 LoggingManagedHttpClientConnection.java DEBUG [Forwarding findElement on session 4bd6c0235eb165893cf9c8fbc02e9d5e to remote] http.headers 136 - http-outgoing-1 >> Content-Type: application/json; charset=utf-8
01-03-2022 16:29:16 LoggingManagedHttpClientConnection.java DEBUG [Forwarding findElement on session 4bd6c0235eb165893cf9c8fbc02e9d5e to remote] http.headers 136 - http-outgoing-1 >> Content-Length: 77
01-03-2022 16:29:16 LoggingManagedHttpClientConnection.java DEBUG [Forwarding findElement on session 4bd6c0235eb165893cf9c8fbc02e9d5e to remote] http.headers 136 - http-outgoing-1 >> Host: localhost:19403
01-03-2022 16:29:16 LoggingManagedHttpClientConnection.java DEBUG [Forwarding findElement on session 4bd6c0235eb165893cf9c8fbc02e9d5e to remote] http.headers 136 - http-outgoing-1 >> Connection: Keep-Alive
01-03-2022 16:29:16 LoggingManagedHttpClientConnection.java DEBUG [Forwarding findElement on session 4bd6c0235eb165893cf9c8fbc02e9d5e to remote] http.headers 136 - http-outgoing-1 >> User-Agent: Apache-HttpClient/4.5.3 (Java/1.8.0_202)
01-03-2022 16:29:16 LoggingManagedHttpClientConnection.java DEBUG [Forwarding findElement on session 4bd6c0235eb165893cf9c8fbc02e9d5e to remote] http.headers 136 - http-outgoing-1 >> Accept-Encoding: gzip,deflate
01-03-2022 16:29:16 Wire.java DEBUG [Forwarding findElement on session 4bd6c0235eb165893cf9c8fbc02e9d5e to remote] http.wire 73 - http-outgoing-1 >> "POST /session/4bd6c0235eb165893cf9c8fbc02e9d5e/element HTTP/1.1[\r][\n]"
01-03-2022 16:29:16 Wire.java DEBUG [Forwarding findElement on session 4bd6c0235eb165893cf9c8fbc02e9d5e to remote] http.wire 73 - http-outgoing-1 >> "Content-Type: application/json; charset=utf-8[\r][\n]"
01-03-2022 16:29:16 Wire.java DEBUG [Forwarding findElement on session 4bd6c0235eb165893cf9c8fbc02e9d5e to remote] http.wire 73 - http-outgoing-1 >> "Content-Length: 77[\r][\n]"
01-03-2022 16:29:16 Wire.java DEBUG [Forwarding findElement on session 4bd6c0235eb165893cf9c8fbc02e9d5e to remote] http.wire 73 - http-outgoing-1 >> "Host: localhost:19403[\r][\n]"
01-03-2022 16:29:16 Wire.java DEBUG [Forwarding findElement on session 4bd6c0235eb165893cf9c8fbc02e9d5e to remote] http.wire 73 - http-outgoing-1 >> "Connection: Keep-Alive[\r][\n]"
01-03-2022 16:29:16 Wire.java DEBUG [Forwarding findElement on session 4bd6c0235eb165893cf9c8fbc02e9d5e to remote] http.wire 73 - http-outgoing-1 >> "User-Agent: Apache-HttpClient/4.5.3 (Java/1.8.0_202)[\r][\n]"
01-03-2022 16:29:16 Wire.java DEBUG [Forwarding findElement on session 4bd6c0235eb165893cf9c8fbc02e9d5e to remote] http.wire 73 - http-outgoing-1 >> "Accept-Encoding: gzip,deflate[\r][\n]"
01-03-2022 16:29:16 Wire.java DEBUG [Forwarding findElement on session 4bd6c0235eb165893cf9c8fbc02e9d5e to remote] http.wire 73 - http-outgoing-1 >> "[\r][\n]"
01-03-2022 16:29:16 Wire.java DEBUG [Forwarding findElement on session 4bd6c0235eb165893cf9c8fbc02e9d5e to remote] http.wire 87 - http-outgoing-1 >> "{"value":"ul.sub-menu.show-menu\u003e#menu-item-2827","using":"css selector"}"
01-03-2022 16:29:16 Wire.java DEBUG [Forwarding findElement on session 4bd6c0235eb165893cf9c8fbc02e9d5e to remote] http.wire 73 - http-outgoing-1 << "HTTP/1.1 200 OK[\r][\n]"
01-03-2022 16:29:16 Wire.java DEBUG [Forwarding findElement on session 4bd6c0235eb165893cf9c8fbc02e9d5e to remote] http.wire 73 - http-outgoing-1 << "Content-Length:88[\r][\n]"
01-03-2022 16:29:16 Wire.java DEBUG [Forwarding findElement on session 4bd6c0235eb165893cf9c8fbc02e9d5e to remote] http.wire 73 - http-outgoing-1 << "Content-Type:application/json; charset=utf-8[\r][\n]"
01-03-2022 16:29:16 Wire.java DEBUG [Forwarding findElement on session 4bd6c0235eb165893cf9c8fbc02e9d5e to remote] http.wire 73 - http-outgoing-1 << "cache-control:no-cache[\r][\n]"
01-03-2022 16:29:16 Wire.java DEBUG [Forwarding findElement on session 4bd6c0235eb165893cf9c8fbc02e9d5e to remote] http.wire 73 - http-outgoing-1 << "[\r][\n]"
01-03-2022 16:29:16 Wire.java DEBUG [Forwarding findElement on session 4bd6c0235eb165893cf9c8fbc02e9d5e to remote] http.wire 87 - http-outgoing-1 << "{"value":{"element-6066-11e4-a52e-4f735466cecf":"232c50fe-c83d-4de9-a8dd-543d784b3940"}}"
01-03-2022 16:29:16 LoggingManagedHttpClientConnection.java DEBUG [Forwarding findElement on session 4bd6c0235eb165893cf9c8fbc02e9d5e to remote] http.headers 122 - http-outgoing-1 << HTTP/1.1 200 OK
01-03-2022 16:29:16 LoggingManagedHttpClientConnection.java DEBUG [Forwarding findElement on session 4bd6c0235eb165893cf9c8fbc02e9d5e to remote] http.headers 125 - http-outgoing-1 << Content-Length:88
01-03-2022 16:29:16 LoggingManagedHttpClientConnection.java DEBUG [Forwarding findElement on session 4bd6c0235eb165893cf9c8fbc02e9d5e to remote] http.headers 125 - http-outgoing-1 << Content-Type:application/json; charset=utf-8
01-03-2022 16:29:16 LoggingManagedHttpClientConnection.java DEBUG [Forwarding findElement on session 4bd6c0235eb165893cf9c8fbc02e9d5e to remote] http.headers 125 - http-outgoing-1 << cache-control:no-cache
01-03-2022 16:29:16 MainClientExec.java DEBUG [Forwarding findElement on session 4bd6c0235eb165893cf9c8fbc02e9d5e to remote] execchain.MainClientExec 285 - Connection can be kept alive indefinitely
01-03-2022 16:29:16 PoolingHttpClientConnectionManager.java DEBUG [Forwarding findElement on session 4bd6c0235eb165893cf9c8fbc02e9d5e to remote] conn.PoolingHttpClientConnectionManager 320 - Connection [id: 1][route: {}->http://localhost:19403] can be kept alive indefinitely
01-03-2022 16:29:16 PoolingHttpClientConnectionManager.java DEBUG [Forwarding findElement on session 4bd6c0235eb165893cf9c8fbc02e9d5e to remote] conn.PoolingHttpClientConnectionManager 326 - Connection released: [id: 1][route: {}->http://localhost:19403][total kept alive: 2; route allocated: 1 of 2000; total allocated: 2 of 2000]
Found Element By : By.cssSelector: ul.sub-menu.show-menu>#menu-item-2827
Trying to click on: [[ChromeDriver: chrome on WINDOWS (4bd6c0235eb165893cf9c8fbc02e9d5e)] -> css selector: ul.sub-menu.show-menu>#menu-item-2827]
01-03-2022 16:29:16 RequestAddCookies.java DEBUG [Forwarding clickElement on session 4bd6c0235eb165893cf9c8fbc02e9d5e to remote] protocol.RequestAddCookies 123 - CookieSpec selected: default
01-03-2022 16:29:16 RequestAuthCache.java DEBUG [Forwarding clickElement on session 4bd6c0235eb165893cf9c8fbc02e9d5e to remote] protocol.RequestAuthCache 77 - Auth cache not set in the context
01-03-2022 16:29:16 PoolingHttpClientConnectionManager.java DEBUG [Forwarding clickElement on session 4bd6c0235eb165893cf9c8fbc02e9d5e to remote] conn.PoolingHttpClientConnectionManager 255 - Connection request: [route: {}->http://localhost:19403][total kept alive: 2; route allocated: 1 of 2000; total allocated: 2 of 2000]
01-03-2022 16:29:16 PoolingHttpClientConnectionManager.java DEBUG [Forwarding clickElement on session 4bd6c0235eb165893cf9c8fbc02e9d5e to remote] conn.PoolingHttpClientConnectionManager 288 - Connection leased: [id: 1][route: {}->http://localhost:19403][total kept alive: 1; route allocated: 1 of 2000; total allocated: 2 of 2000]
01-03-2022 16:29:16 MainClientExec.java DEBUG [Forwarding clickElement on session 4bd6c0235eb165893cf9c8fbc02e9d5e to remote] execchain.MainClientExec 208 - Stale connection check
01-03-2022 16:29:16 Wire.java DEBUG [Forwarding clickElement on session 4bd6c0235eb165893cf9c8fbc02e9d5e to remote] http.wire 87 - http-outgoing-1 << "[read] I/O error: Read timed out"
01-03-2022 16:29:16 LoggingManagedHttpClientConnection.java DEBUG [Forwarding clickElement on session 4bd6c0235eb165893cf9c8fbc02e9d5e to remote] conn.DefaultManagedHttpClientConnection 88 - http-outgoing-1: set socket timeout to 10800000
01-03-2022 16:29:16 MainClientExec.java DEBUG [Forwarding clickElement on session 4bd6c0235eb165893cf9c8fbc02e9d5e to remote] execchain.MainClientExec 256 - Executing request POST /session/4bd6c0235eb165893cf9c8fbc02e9d5e/element/232c50fe-c83d-4de9-a8dd-543d784b3940/click HTTP/1.1
01-03-2022 16:29:16 MainClientExec.java DEBUG [Forwarding clickElement on session 4bd6c0235eb165893cf9c8fbc02e9d5e to remote] execchain.MainClientExec 261 - Target auth state: UNCHALLENGED
01-03-2022 16:29:16 MainClientExec.java DEBUG [Forwarding clickElement on session 4bd6c0235eb165893cf9c8fbc02e9d5e to remote] execchain.MainClientExec 267 - Proxy auth state: UNCHALLENGED
01-03-2022 16:29:16 LoggingManagedHttpClientConnection.java DEBUG [Forwarding clickElement on session 4bd6c0235eb165893cf9c8fbc02e9d5e to remote] http.headers 133 - http-outgoing-1 >> POST /session/4bd6c0235eb165893cf9c8fbc02e9d5e/element/232c50fe-c83d-4de9-a8dd-543d784b3940/click HTTP/1.1
01-03-2022 16:29:16 LoggingManagedHttpClientConnection.java DEBUG [Forwarding clickElement on session 4bd6c0235eb165893cf9c8fbc02e9d5e to remote] http.headers 136 - http-outgoing-1 >> Content-Type: application/json; charset=utf-8
01-03-2022 16:29:16 LoggingManagedHttpClientConnection.java DEBUG [Forwarding clickElement on session 4bd6c0235eb165893cf9c8fbc02e9d5e to remote] http.headers 136 - http-outgoing-1 >> Content-Length: 45
01-03-2022 16:29:16 LoggingManagedHttpClientConnection.java DEBUG [Forwarding clickElement on session 4bd6c0235eb165893cf9c8fbc02e9d5e to remote] http.headers 136 - http-outgoing-1 >> Host: localhost:19403
01-03-2022 16:29:16 LoggingManagedHttpClientConnection.java DEBUG [Forwarding clickElement on session 4bd6c0235eb165893cf9c8fbc02e9d5e to remote] http.headers 136 - http-outgoing-1 >> Connection: Keep-Alive
01-03-2022 16:29:16 LoggingManagedHttpClientConnection.java DEBUG [Forwarding clickElement on session 4bd6c0235eb165893cf9c8fbc02e9d5e to remote] http.headers 136 - http-outgoing-1 >> User-Agent: Apache-HttpClient/4.5.3 (Java/1.8.0_202)
01-03-2022 16:29:16 LoggingManagedHttpClientConnection.java DEBUG [Forwarding clickElement on session 4bd6c0235eb165893cf9c8fbc02e9d5e to remote] http.headers 136 - http-outgoing-1 >> Accept-Encoding: gzip,deflate
01-03-2022 16:29:16 Wire.java DEBUG [Forwarding clickElement on session 4bd6c0235eb165893cf9c8fbc02e9d5e to remote] http.wire 73 - http-outgoing-1 >> "POST /session/4bd6c0235eb165893cf9c8fbc02e9d5e/element/232c50fe-c83d-4de9-a8dd-543d784b3940/click HTTP/1.1[\r][\n]"
01-03-2022 16:29:16 Wire.java DEBUG [Forwarding clickElement on session 4bd6c0235eb165893cf9c8fbc02e9d5e to remote] http.wire 73 - http-outgoing-1 >> "Content-Type: application/json; charset=utf-8[\r][\n]"
01-03-2022 16:29:16 Wire.java DEBUG [Forwarding clickElement on session 4bd6c0235eb165893cf9c8fbc02e9d5e to remote] http.wire 73 - http-outgoing-1 >> "Content-Length: 45[\r][\n]"
01-03-2022 16:29:16 Wire.java DEBUG [Forwarding clickElement on session 4bd6c0235eb165893cf9c8fbc02e9d5e to remote] http.wire 73 - http-outgoing-1 >> "Host: localhost:19403[\r][\n]"
01-03-2022 16:29:16 Wire.java DEBUG [Forwarding clickElement on session 4bd6c0235eb165893cf9c8fbc02e9d5e to remote] http.wire 73 - http-outgoing-1 >> "Connection: Keep-Alive[\r][\n]"
01-03-2022 16:29:16 Wire.java DEBUG [Forwarding clickElement on session 4bd6c0235eb165893cf9c8fbc02e9d5e to remote] http.wire 73 - http-outgoing-1 >> "User-Agent: Apache-HttpClient/4.5.3 (Java/1.8.0_202)[\r][\n]"
01-03-2022 16:29:16 Wire.java DEBUG [Forwarding clickElement on session 4bd6c0235eb165893cf9c8fbc02e9d5e to remote] http.wire 73 - http-outgoing-1 >> "Accept-Encoding: gzip,deflate[\r][\n]"
01-03-2022 16:29:16 Wire.java DEBUG [Forwarding clickElement on session 4bd6c0235eb165893cf9c8fbc02e9d5e to remote] http.wire 73 - http-outgoing-1 >> "[\r][\n]"
01-03-2022 16:29:16 Wire.java DEBUG [Forwarding clickElement on session 4bd6c0235eb165893cf9c8fbc02e9d5e to remote] http.wire 87 - http-outgoing-1 >> "{"id":"232c50fe-c83d-4de9-a8dd-543d784b3940"}"
01-03-2022 16:29:22 Wire.java DEBUG [Forwarding clickElement on session 4bd6c0235eb165893cf9c8fbc02e9d5e to remote] http.wire 73 - http-outgoing-1 << "HTTP/1.1 200 OK[\r][\n]"
01-03-2022 16:29:22 Wire.java DEBUG [Forwarding clickElement on session 4bd6c0235eb165893cf9c8fbc02e9d5e to remote] http.wire 73 - http-outgoing-1 << "Content-Length:14[\r][\n]"
01-03-2022 16:29:22 Wire.java DEBUG [Forwarding clickElement on session 4bd6c0235eb165893cf9c8fbc02e9d5e to remote] http.wire 73 - http-outgoing-1 << "Content-Type:application/json; charset=utf-8[\r][\n]"
01-03-2022 16:29:22 Wire.java DEBUG [Forwarding clickElement on session 4bd6c0235eb165893cf9c8fbc02e9d5e to remote] http.wire 73 - http-outgoing-1 << "cache-control:no-cache[\r][\n]"
01-03-2022 16:29:22 Wire.java DEBUG [Forwarding clickElement on session 4bd6c0235eb165893cf9c8fbc02e9d5e to remote] http.wire 73 - http-outgoing-1 << "[\r][\n]"
01-03-2022 16:29:22 Wire.java DEBUG [Forwarding clickElement on session 4bd6c0235eb165893cf9c8fbc02e9d5e to remote] http.wire 87 - http-outgoing-1 << "{"value":null}"
01-03-2022 16:29:22 LoggingManagedHttpClientConnection.java DEBUG [Forwarding clickElement on session 4bd6c0235eb165893cf9c8fbc02e9d5e to remote] http.headers 122 - http-outgoing-1 << HTTP/1.1 200 OK
01-03-2022 16:29:22 LoggingManagedHttpClientConnection.java DEBUG [Forwarding clickElement on session 4bd6c0235eb165893cf9c8fbc02e9d5e to remote] http.headers 125 - http-outgoing-1 << Content-Length:14
01-03-2022 16:29:22 LoggingManagedHttpClientConnection.java DEBUG [Forwarding clickElement on session 4bd6c0235eb165893cf9c8fbc02e9d5e to remote] http.headers 125 - http-outgoing-1 << Content-Type:application/json; charset=utf-8
01-03-2022 16:29:22 LoggingManagedHttpClientConnection.java DEBUG [Forwarding clickElement on session 4bd6c0235eb165893cf9c8fbc02e9d5e to remote] http.headers 125 - http-outgoing-1 << cache-control:no-cache
01-03-2022 16:29:22 MainClientExec.java DEBUG [Forwarding clickElement on session 4bd6c0235eb165893cf9c8fbc02e9d5e to remote] execchain.MainClientExec 285 - Connection can be kept alive indefinitely
01-03-2022 16:29:22 PoolingHttpClientConnectionManager.java DEBUG [Forwarding clickElement on session 4bd6c0235eb165893cf9c8fbc02e9d5e to remote] conn.PoolingHttpClientConnectionManager 320 - Connection [id: 1][route: {}->http://localhost:19403] can be kept alive indefinitely
01-03-2022 16:29:22 PoolingHttpClientConnectionManager.java DEBUG [Forwarding clickElement on session 4bd6c0235eb165893cf9c8fbc02e9d5e to remote] conn.PoolingHttpClientConnectionManager 326 - Connection released: [id: 1][route: {}->http://localhost:19403][total kept alive: 2; route allocated: 1 of 2000; total allocated: 2 of 2000]
Clicked on: [[ChromeDriver: chrome on WINDOWS (4bd6c0235eb165893cf9c8fbc02e9d5e)] -> css selector: ul.sub-menu.show-menu>#menu-item-2827]
01-03-2022 16:29:22 RequestAddCookies.java DEBUG [Forwarding getTitle on session 4bd6c0235eb165893cf9c8fbc02e9d5e to remote] protocol.RequestAddCookies 123 - CookieSpec selected: default
01-03-2022 16:29:22 RequestAuthCache.java DEBUG [Forwarding getTitle on session 4bd6c0235eb165893cf9c8fbc02e9d5e to remote] protocol.RequestAuthCache 77 - Auth cache not set in the context
01-03-2022 16:29:22 PoolingHttpClientConnectionManager.java DEBUG [Forwarding getTitle on session 4bd6c0235eb165893cf9c8fbc02e9d5e to remote] conn.PoolingHttpClientConnectionManager 255 - Connection request: [route: {}->http://localhost:19403][total kept alive: 2; route allocated: 1 of 2000; total allocated: 2 of 2000]
01-03-2022 16:29:22 PoolingHttpClientConnectionManager.java DEBUG [Forwarding getTitle on session 4bd6c0235eb165893cf9c8fbc02e9d5e to remote] conn.PoolingHttpClientConnectionManager 288 - Connection leased: [id: 1][route: {}->http://localhost:19403][total kept alive: 1; route allocated: 1 of 2000; total allocated: 2 of 2000]
01-03-2022 16:29:22 MainClientExec.java DEBUG [Forwarding getTitle on session 4bd6c0235eb165893cf9c8fbc02e9d5e to remote] execchain.MainClientExec 208 - Stale connection check
01-03-2022 16:29:22 Wire.java DEBUG [Forwarding getTitle on session 4bd6c0235eb165893cf9c8fbc02e9d5e to remote] http.wire 87 - http-outgoing-1 << "[read] I/O error: Read timed out"
01-03-2022 16:29:22 LoggingManagedHttpClientConnection.java DEBUG [Forwarding getTitle on session 4bd6c0235eb165893cf9c8fbc02e9d5e to remote] conn.DefaultManagedHttpClientConnection 88 - http-outgoing-1: set socket timeout to 10800000
01-03-2022 16:29:22 MainClientExec.java DEBUG [Forwarding getTitle on session 4bd6c0235eb165893cf9c8fbc02e9d5e to remote] execchain.MainClientExec 256 - Executing request GET /session/4bd6c0235eb165893cf9c8fbc02e9d5e/title HTTP/1.1
01-03-2022 16:29:22 MainClientExec.java DEBUG [Forwarding getTitle on session 4bd6c0235eb165893cf9c8fbc02e9d5e to remote] execchain.MainClientExec 261 - Target auth state: UNCHALLENGED
01-03-2022 16:29:22 MainClientExec.java DEBUG [Forwarding getTitle on session 4bd6c0235eb165893cf9c8fbc02e9d5e to remote] execchain.MainClientExec 267 - Proxy auth state: UNCHALLENGED
01-03-2022 16:29:22 LoggingManagedHttpClientConnection.java DEBUG [Forwarding getTitle on session 4bd6c0235eb165893cf9c8fbc02e9d5e to remote] http.headers 133 - http-outgoing-1 >> GET /session/4bd6c0235eb165893cf9c8fbc02e9d5e/title HTTP/1.1
01-03-2022 16:29:22 LoggingManagedHttpClientConnection.java DEBUG [Forwarding getTitle on session 4bd6c0235eb165893cf9c8fbc02e9d5e to remote] http.headers 136 - http-outgoing-1 >> Cache-Control: no-cache
01-03-2022 16:29:22 LoggingManagedHttpClientConnection.java DEBUG [Forwarding getTitle on session 4bd6c0235eb165893cf9c8fbc02e9d5e to remote] http.headers 136 - http-outgoing-1 >> Host: localhost:19403
01-03-2022 16:29:22 LoggingManagedHttpClientConnection.java DEBUG [Forwarding getTitle on session 4bd6c0235eb165893cf9c8fbc02e9d5e to remote] http.headers 136 - http-outgoing-1 >> Connection: Keep-Alive
01-03-2022 16:29:22 LoggingManagedHttpClientConnection.java DEBUG [Forwarding getTitle on session 4bd6c0235eb165893cf9c8fbc02e9d5e to remote] http.headers 136 - http-outgoing-1 >> User-Agent: Apache-HttpClient/4.5.3 (Java/1.8.0_202)
01-03-2022 16:29:22 LoggingManagedHttpClientConnection.java DEBUG [Forwarding getTitle on session 4bd6c0235eb165893cf9c8fbc02e9d5e to remote] http.headers 136 - http-outgoing-1 >> Accept-Encoding: gzip,deflate
01-03-2022 16:29:22 Wire.java DEBUG [Forwarding getTitle on session 4bd6c0235eb165893cf9c8fbc02e9d5e to remote] http.wire 73 - http-outgoing-1 >> "GET /session/4bd6c0235eb165893cf9c8fbc02e9d5e/title HTTP/1.1[\r][\n]"
01-03-2022 16:29:22 Wire.java DEBUG [Forwarding getTitle on session 4bd6c0235eb165893cf9c8fbc02e9d5e to remote] http.wire 73 - http-outgoing-1 >> "Cache-Control: no-cache[\r][\n]"
01-03-2022 16:29:22 Wire.java DEBUG [Forwarding getTitle on session 4bd6c0235eb165893cf9c8fbc02e9d5e to remote] http.wire 73 - http-outgoing-1 >> "Host: localhost:19403[\r][\n]"
01-03-2022 16:29:22 Wire.java DEBUG [Forwarding getTitle on session 4bd6c0235eb165893cf9c8fbc02e9d5e to remote] http.wire 73 - http-outgoing-1 >> "Connection: Keep-Alive[\r][\n]"
01-03-2022 16:29:22 Wire.java DEBUG [Forwarding getTitle on session 4bd6c0235eb165893cf9c8fbc02e9d5e to remote] http.wire 73 - http-outgoing-1 >> "User-Agent: Apache-HttpClient/4.5.3 (Java/1.8.0_202)[\r][\n]"
01-03-2022 16:29:22 Wire.java DEBUG [Forwarding getTitle on session 4bd6c0235eb165893cf9c8fbc02e9d5e to remote] http.wire 73 - http-outgoing-1 >> "Accept-Encoding: gzip,deflate[\r][\n]"
01-03-2022 16:29:22 Wire.java DEBUG [Forwarding getTitle on session 4bd6c0235eb165893cf9c8fbc02e9d5e to remote] http.wire 73 - http-outgoing-1 >> "[\r][\n]"
01-03-2022 16:29:22 Wire.java DEBUG [Forwarding getTitle on session 4bd6c0235eb165893cf9c8fbc02e9d5e to remote] http.wire 73 - http-outgoing-1 << "HTTP/1.1 200 OK[\r][\n]"
01-03-2022 16:29:22 Wire.java DEBUG [Forwarding getTitle on session 4bd6c0235eb165893cf9c8fbc02e9d5e to remote] http.wire 73 - http-outgoing-1 << "Content-Length:49[\r][\n]"
01-03-2022 16:29:22 Wire.java DEBUG [Forwarding getTitle on session 4bd6c0235eb165893cf9c8fbc02e9d5e to remote] http.wire 73 - http-outgoing-1 << "Content-Type:application/json; charset=utf-8[\r][\n]"
01-03-2022 16:29:22 Wire.java DEBUG [Forwarding getTitle on session 4bd6c0235eb165893cf9c8fbc02e9d5e to remote] http.wire 73 - http-outgoing-1 << "cache-control:no-cache[\r][\n]"
01-03-2022 16:29:22 Wire.java DEBUG [Forwarding getTitle on session 4bd6c0235eb165893cf9c8fbc02e9d5e to remote] http.wire 73 - http-outgoing-1 << "[\r][\n]"
01-03-2022 16:29:22 Wire.java DEBUG [Forwarding getTitle on session 4bd6c0235eb165893cf9c8fbc02e9d5e to remote] http.wire 87 - http-outgoing-1 << "{"value":"Places of Interest | Kolhapur | India"}"
01-03-2022 16:29:22 LoggingManagedHttpClientConnection.java DEBUG [Forwarding getTitle on session 4bd6c0235eb165893cf9c8fbc02e9d5e to remote] http.headers 122 - http-outgoing-1 << HTTP/1.1 200 OK
01-03-2022 16:29:22 LoggingManagedHttpClientConnection.java DEBUG [Forwarding getTitle on session 4bd6c0235eb165893cf9c8fbc02e9d5e to remote] http.headers 125 - http-outgoing-1 << Content-Length:49
01-03-2022 16:29:22 LoggingManagedHttpClientConnection.java DEBUG [Forwarding getTitle on session 4bd6c0235eb165893cf9c8fbc02e9d5e to remote] http.headers 125 - http-outgoing-1 << Content-Type:application/json; charset=utf-8
01-03-2022 16:29:22 LoggingManagedHttpClientConnection.java DEBUG [Forwarding getTitle on session 4bd6c0235eb165893cf9c8fbc02e9d5e to remote] http.headers 125 - http-outgoing-1 << cache-control:no-cache
01-03-2022 16:29:22 MainClientExec.java DEBUG [Forwarding getTitle on session 4bd6c0235eb165893cf9c8fbc02e9d5e to remote] execchain.MainClientExec 285 - Connection can be kept alive indefinitely
01-03-2022 16:29:22 PoolingHttpClientConnectionManager.java DEBUG [Forwarding getTitle on session 4bd6c0235eb165893cf9c8fbc02e9d5e to remote] conn.PoolingHttpClientConnectionManager 320 - Connection [id: 1][route: {}->http://localhost:19403] can be kept alive indefinitely
01-03-2022 16:29:22 PoolingHttpClientConnectionManager.java DEBUG [Forwarding getTitle on session 4bd6c0235eb165893cf9c8fbc02e9d5e to remote] conn.PoolingHttpClientConnectionManager 326 - Connection released: [id: 1][route: {}->http://localhost:19403][total kept alive: 2; route allocated: 1 of 2000; total allocated: 2 of 2000]
]]></system-out>
    <system-err><![CDATA[Starting ChromeDriver 96.0.4664.45 (76e4c1bb2ab4671b8beba3444e61c0f17584b2fc-refs/branch-heads/4664@{#947}) on port 19403
Only local connections are allowed.
Please see https://chromedriver.chromium.org/security-considerations for suggestions on keeping ChromeDriver safe.
ChromeDriver was started successfully.
Jan 03, 2022 4:28:46 PM org.openqa.selenium.remote.ProtocolHandshake createSession
INFO: Detected dialect: W3C
]]></system-err>
  </testcase>
  <testcase name="passdata_test[Ajay, ajay05@gmail.com, Math, hi](1)" classname="com.kolhapur.testcases.FeedBackPageTest" time="17.176">
    <system-out><![CDATA[01-03-2022 16:29:22 RequestAddCookies.java DEBUG [Forwarding close on session 4bd6c0235eb165893cf9c8fbc02e9d5e to remote] protocol.RequestAddCookies 123 - CookieSpec selected: default
01-03-2022 16:29:22 RequestAuthCache.java DEBUG [Forwarding close on session 4bd6c0235eb165893cf9c8fbc02e9d5e to remote] protocol.RequestAuthCache 77 - Auth cache not set in the context
01-03-2022 16:29:22 PoolingHttpClientConnectionManager.java DEBUG [Forwarding close on session 4bd6c0235eb165893cf9c8fbc02e9d5e to remote] conn.PoolingHttpClientConnectionManager 255 - Connection request: [route: {}->http://localhost:19403][total kept alive: 2; route allocated: 1 of 2000; total allocated: 2 of 2000]
01-03-2022 16:29:22 PoolingHttpClientConnectionManager.java DEBUG [Forwarding close on session 4bd6c0235eb165893cf9c8fbc02e9d5e to remote] conn.PoolingHttpClientConnectionManager 288 - Connection leased: [id: 1][route: {}->http://localhost:19403][total kept alive: 1; route allocated: 1 of 2000; total allocated: 2 of 2000]
01-03-2022 16:29:22 MainClientExec.java DEBUG [Forwarding close on session 4bd6c0235eb165893cf9c8fbc02e9d5e to remote] execchain.MainClientExec 208 - Stale connection check
01-03-2022 16:29:22 Wire.java DEBUG [Forwarding close on session 4bd6c0235eb165893cf9c8fbc02e9d5e to remote] http.wire 87 - http-outgoing-1 << "[read] I/O error: Read timed out"
01-03-2022 16:29:22 LoggingManagedHttpClientConnection.java DEBUG [Forwarding close on session 4bd6c0235eb165893cf9c8fbc02e9d5e to remote] conn.DefaultManagedHttpClientConnection 88 - http-outgoing-1: set socket timeout to 10800000
01-03-2022 16:29:22 MainClientExec.java DEBUG [Forwarding close on session 4bd6c0235eb165893cf9c8fbc02e9d5e to remote] execchain.MainClientExec 256 - Executing request DELETE /session/4bd6c0235eb165893cf9c8fbc02e9d5e/window HTTP/1.1
01-03-2022 16:29:22 MainClientExec.java DEBUG [Forwarding close on session 4bd6c0235eb165893cf9c8fbc02e9d5e to remote] execchain.MainClientExec 261 - Target auth state: UNCHALLENGED
01-03-2022 16:29:22 MainClientExec.java DEBUG [Forwarding close on session 4bd6c0235eb165893cf9c8fbc02e9d5e to remote] execchain.MainClientExec 267 - Proxy auth state: UNCHALLENGED
01-03-2022 16:29:22 LoggingManagedHttpClientConnection.java DEBUG [Forwarding close on session 4bd6c0235eb165893cf9c8fbc02e9d5e to remote] http.headers 133 - http-outgoing-1 >> DELETE /session/4bd6c0235eb165893cf9c8fbc02e9d5e/window HTTP/1.1
01-03-2022 16:29:22 LoggingManagedHttpClientConnection.java DEBUG [Forwarding close on session 4bd6c0235eb165893cf9c8fbc02e9d5e to remote] http.headers 136 - http-outgoing-1 >> Host: localhost:19403
01-03-2022 16:29:22 LoggingManagedHttpClientConnection.java DEBUG [Forwarding close on session 4bd6c0235eb165893cf9c8fbc02e9d5e to remote] http.headers 136 - http-outgoing-1 >> Connection: Keep-Alive
01-03-2022 16:29:22 LoggingManagedHttpClientConnection.java DEBUG [Forwarding close on session 4bd6c0235eb165893cf9c8fbc02e9d5e to remote] http.headers 136 - http-outgoing-1 >> User-Agent: Apache-HttpClient/4.5.3 (Java/1.8.0_202)
01-03-2022 16:29:22 LoggingManagedHttpClientConnection.java DEBUG [Forwarding close on session 4bd6c0235eb165893cf9c8fbc02e9d5e to remote] http.headers 136 - http-outgoing-1 >> Accept-Encoding: gzip,deflate
01-03-2022 16:29:22 Wire.java DEBUG [Forwarding close on session 4bd6c0235eb165893cf9c8fbc02e9d5e to remote] http.wire 73 - http-outgoing-1 >> "DELETE /session/4bd6c0235eb165893cf9c8fbc02e9d5e/window HTTP/1.1[\r][\n]"
01-03-2022 16:29:22 Wire.java DEBUG [Forwarding close on session 4bd6c0235eb165893cf9c8fbc02e9d5e to remote] http.wire 73 - http-outgoing-1 >> "Host: localhost:19403[\r][\n]"
01-03-2022 16:29:22 Wire.java DEBUG [Forwarding close on session 4bd6c0235eb165893cf9c8fbc02e9d5e to remote] http.wire 73 - http-outgoing-1 >> "Connection: Keep-Alive[\r][\n]"
01-03-2022 16:29:22 Wire.java DEBUG [Forwarding close on session 4bd6c0235eb165893cf9c8fbc02e9d5e to remote] http.wire 73 - http-outgoing-1 >> "User-Agent: Apache-HttpClient/4.5.3 (Java/1.8.0_202)[\r][\n]"
01-03-2022 16:29:22 Wire.java DEBUG [Forwarding close on session 4bd6c0235eb165893cf9c8fbc02e9d5e to remote] http.wire 73 - http-outgoing-1 >> "Accept-Encoding: gzip,deflate[\r][\n]"
01-03-2022 16:29:22 Wire.java DEBUG [Forwarding close on session 4bd6c0235eb165893cf9c8fbc02e9d5e to remote] http.wire 73 - http-outgoing-1 >> "[\r][\n]"
01-03-2022 16:29:22 Wire.java DEBUG [Forwarding close on session 4bd6c0235eb165893cf9c8fbc02e9d5e to remote] http.wire 73 - http-outgoing-1 << "HTTP/1.1 200 OK[\r][\n]"
01-03-2022 16:29:22 Wire.java DEBUG [Forwarding close on session 4bd6c0235eb165893cf9c8fbc02e9d5e to remote] http.wire 73 - http-outgoing-1 << "Content-Length:12[\r][\n]"
01-03-2022 16:29:22 Wire.java DEBUG [Forwarding close on session 4bd6c0235eb165893cf9c8fbc02e9d5e to remote] http.wire 73 - http-outgoing-1 << "Content-Type:application/json; charset=utf-8[\r][\n]"
01-03-2022 16:29:22 Wire.java DEBUG [Forwarding close on session 4bd6c0235eb165893cf9c8fbc02e9d5e to remote] http.wire 73 - http-outgoing-1 << "cache-control:no-cache[\r][\n]"
01-03-2022 16:29:22 Wire.java DEBUG [Forwarding close on session 4bd6c0235eb165893cf9c8fbc02e9d5e to remote] http.wire 73 - http-outgoing-1 << "[\r][\n]"
01-03-2022 16:29:22 Wire.java DEBUG [Forwarding close on session 4bd6c0235eb165893cf9c8fbc02e9d5e to remote] http.wire 87 - http-outgoing-1 << "{"value":[]}"
01-03-2022 16:29:22 LoggingManagedHttpClientConnection.java DEBUG [Forwarding close on session 4bd6c0235eb165893cf9c8fbc02e9d5e to remote] http.headers 122 - http-outgoing-1 << HTTP/1.1 200 OK
01-03-2022 16:29:22 LoggingManagedHttpClientConnection.java DEBUG [Forwarding close on session 4bd6c0235eb165893cf9c8fbc02e9d5e to remote] http.headers 125 - http-outgoing-1 << Content-Length:12
01-03-2022 16:29:22 LoggingManagedHttpClientConnection.java DEBUG [Forwarding close on session 4bd6c0235eb165893cf9c8fbc02e9d5e to remote] http.headers 125 - http-outgoing-1 << Content-Type:application/json; charset=utf-8
01-03-2022 16:29:22 LoggingManagedHttpClientConnection.java DEBUG [Forwarding close on session 4bd6c0235eb165893cf9c8fbc02e9d5e to remote] http.headers 125 - http-outgoing-1 << cache-control:no-cache
01-03-2022 16:29:22 MainClientExec.java DEBUG [Forwarding close on session 4bd6c0235eb165893cf9c8fbc02e9d5e to remote] execchain.MainClientExec 285 - Connection can be kept alive indefinitely
01-03-2022 16:29:22 PoolingHttpClientConnectionManager.java DEBUG [Forwarding close on session 4bd6c0235eb165893cf9c8fbc02e9d5e to remote] conn.PoolingHttpClientConnectionManager 320 - Connection [id: 1][route: {}->http://localhost:19403] can be kept alive indefinitely
01-03-2022 16:29:22 PoolingHttpClientConnectionManager.java DEBUG [Forwarding close on session 4bd6c0235eb165893cf9c8fbc02e9d5e to remote] conn.PoolingHttpClientConnectionManager 326 - Connection released: [id: 1][route: {}->http://localhost:19403][total kept alive: 2; route allocated: 1 of 2000; total allocated: 2 of 2000]
01-03-2022 16:29:23 RequestAddCookies.java DEBUG [Forwarding newSession on session null to remote] protocol.RequestAddCookies 123 - CookieSpec selected: default
01-03-2022 16:29:23 RequestAuthCache.java DEBUG [Forwarding newSession on session null to remote] protocol.RequestAuthCache 77 - Auth cache not set in the context
01-03-2022 16:29:23 PoolingHttpClientConnectionManager.java DEBUG [Forwarding newSession on session null to remote] conn.PoolingHttpClientConnectionManager 255 - Connection request: [route: {}->http://localhost:31586][total kept alive: 2; route allocated: 0 of 2000; total allocated: 2 of 2000]
01-03-2022 16:29:23 PoolingHttpClientConnectionManager.java DEBUG [Forwarding newSession on session null to remote] conn.PoolingHttpClientConnectionManager 288 - Connection leased: [id: 2][route: {}->http://localhost:31586][total kept alive: 2; route allocated: 1 of 2000; total allocated: 3 of 2000]
01-03-2022 16:29:23 MainClientExec.java DEBUG [Forwarding newSession on session null to remote] execchain.MainClientExec 235 - Opening connection {}->http://localhost:31586
01-03-2022 16:29:23 DefaultHttpClientConnectionOperator.java DEBUG [Forwarding newSession on session null to remote] conn.DefaultHttpClientConnectionOperator 139 - Connecting to localhost/127.0.0.1:31586
01-03-2022 16:29:23 DefaultHttpClientConnectionOperator.java DEBUG [Forwarding newSession on session null to remote] conn.DefaultHttpClientConnectionOperator 146 - Connection established 127.0.0.1:54092<->127.0.0.1:31586
01-03-2022 16:29:23 LoggingManagedHttpClientConnection.java DEBUG [Forwarding newSession on session null to remote] conn.DefaultManagedHttpClientConnection 88 - http-outgoing-2: set socket timeout to 10800000
01-03-2022 16:29:23 MainClientExec.java DEBUG [Forwarding newSession on session null to remote] execchain.MainClientExec 256 - Executing request POST /session HTTP/1.1
01-03-2022 16:29:23 MainClientExec.java DEBUG [Forwarding newSession on session null to remote] execchain.MainClientExec 261 - Target auth state: UNCHALLENGED
01-03-2022 16:29:23 MainClientExec.java DEBUG [Forwarding newSession on session null to remote] execchain.MainClientExec 267 - Proxy auth state: UNCHALLENGED
01-03-2022 16:29:23 LoggingManagedHttpClientConnection.java DEBUG [Forwarding newSession on session null to remote] http.headers 133 - http-outgoing-2 >> POST /session HTTP/1.1
01-03-2022 16:29:23 LoggingManagedHttpClientConnection.java DEBUG [Forwarding newSession on session null to remote] http.headers 136 - http-outgoing-2 >> Content-Type: application/json; charset=utf-8
01-03-2022 16:29:23 LoggingManagedHttpClientConnection.java DEBUG [Forwarding newSession on session null to remote] http.headers 136 - http-outgoing-2 >> Content-Length: 335
01-03-2022 16:29:23 LoggingManagedHttpClientConnection.java DEBUG [Forwarding newSession on session null to remote] http.headers 136 - http-outgoing-2 >> Host: localhost:31586
01-03-2022 16:29:23 LoggingManagedHttpClientConnection.java DEBUG [Forwarding newSession on session null to remote] http.headers 136 - http-outgoing-2 >> Connection: Keep-Alive
01-03-2022 16:29:23 LoggingManagedHttpClientConnection.java DEBUG [Forwarding newSession on session null to remote] http.headers 136 - http-outgoing-2 >> User-Agent: Apache-HttpClient/4.5.3 (Java/1.8.0_202)
01-03-2022 16:29:23 LoggingManagedHttpClientConnection.java DEBUG [Forwarding newSession on session null to remote] http.headers 136 - http-outgoing-2 >> Accept-Encoding: gzip,deflate
01-03-2022 16:29:23 Wire.java DEBUG [Forwarding newSession on session null to remote] http.wire 73 - http-outgoing-2 >> "POST /session HTTP/1.1[\r][\n]"
01-03-2022 16:29:23 Wire.java DEBUG [Forwarding newSession on session null to remote] http.wire 73 - http-outgoing-2 >> "Content-Type: application/json; charset=utf-8[\r][\n]"
01-03-2022 16:29:23 Wire.java DEBUG [Forwarding newSession on session null to remote] http.wire 73 - http-outgoing-2 >> "Content-Length: 335[\r][\n]"
01-03-2022 16:29:23 Wire.java DEBUG [Forwarding newSession on session null to remote] http.wire 73 - http-outgoing-2 >> "Host: localhost:31586[\r][\n]"
01-03-2022 16:29:23 Wire.java DEBUG [Forwarding newSession on session null to remote] http.wire 73 - http-outgoing-2 >> "Connection: Keep-Alive[\r][\n]"
01-03-2022 16:29:23 Wire.java DEBUG [Forwarding newSession on session null to remote] http.wire 73 - http-outgoing-2 >> "User-Agent: Apache-HttpClient/4.5.3 (Java/1.8.0_202)[\r][\n]"
01-03-2022 16:29:23 Wire.java DEBUG [Forwarding newSession on session null to remote] http.wire 73 - http-outgoing-2 >> "Accept-Encoding: gzip,deflate[\r][\n]"
01-03-2022 16:29:23 Wire.java DEBUG [Forwarding newSession on session null to remote] http.wire 73 - http-outgoing-2 >> "[\r][\n]"
01-03-2022 16:29:23 Wire.java DEBUG [Forwarding newSession on session null to remote] http.wire 73 - http-outgoing-2 >> "{[\n]"
01-03-2022 16:29:23 Wire.java DEBUG [Forwarding newSession on session null to remote] http.wire 73 - http-outgoing-2 >> "  "desiredCapabilities": {"browserName":"chrome","goog:chromeOptions":{"args":[],"extensions":[]}},[\n]"
01-03-2022 16:29:23 Wire.java DEBUG [Forwarding newSession on session null to remote] http.wire 73 - http-outgoing-2 >> "  "capabilities": {[\n]"
01-03-2022 16:29:23 Wire.java DEBUG [Forwarding newSession on session null to remote] http.wire 73 - http-outgoing-2 >> "    "desiredCapabilities": {"browserName":"chrome","goog:chromeOptions":{"args":[],"extensions":[]}},[\n]"
01-03-2022 16:29:23 Wire.java DEBUG [Forwarding newSession on session null to remote] http.wire 73 - http-outgoing-2 >> "    "firstMatch": [[\n]"
01-03-2022 16:29:23 Wire.java DEBUG [Forwarding newSession on session null to remote] http.wire 73 - http-outgoing-2 >> "      {"browserName":"chrome","goog:chromeOptions":{"args":[],"extensions":[]}}[\n]"
01-03-2022 16:29:23 Wire.java DEBUG [Forwarding newSession on session null to remote] http.wire 73 - http-outgoing-2 >> "    ][\n]"
01-03-2022 16:29:23 Wire.java DEBUG [Forwarding newSession on session null to remote] http.wire 73 - http-outgoing-2 >> "  }[\n]"
01-03-2022 16:29:23 Wire.java DEBUG [Forwarding newSession on session null to remote] http.wire 87 - http-outgoing-2 >> "}"
01-03-2022 16:29:24 Wire.java DEBUG [Forwarding newSession on session null to remote] http.wire 73 - http-outgoing-2 << "HTTP/1.1 200 OK[\r][\n]"
01-03-2022 16:29:24 Wire.java DEBUG [Forwarding newSession on session null to remote] http.wire 73 - http-outgoing-2 << "Content-Length:786[\r][\n]"
01-03-2022 16:29:24 Wire.java DEBUG [Forwarding newSession on session null to remote] http.wire 73 - http-outgoing-2 << "Content-Type:application/json; charset=utf-8[\r][\n]"
01-03-2022 16:29:24 Wire.java DEBUG [Forwarding newSession on session null to remote] http.wire 73 - http-outgoing-2 << "cache-control:no-cache[\r][\n]"
01-03-2022 16:29:24 Wire.java DEBUG [Forwarding newSession on session null to remote] http.wire 73 - http-outgoing-2 << "[\r][\n]"
01-03-2022 16:29:24 Wire.java DEBUG [Forwarding newSession on session null to remote] http.wire 87 - http-outgoing-2 << "{"value":{"capabilities":{"acceptInsecureCerts":false,"browserName":"chrome","browserVersion":"96.0.4664.110","chrome":{"chromedriverVersion":"96.0.4664.45 (76e4c1bb2ab4671b8beba3444e61c0f17584b2fc-refs/branch-heads/4664@{#947})","userDataDir":"C:\\Users\\adm\\AppData\\Local\\Temp\\scoped_dir6500_1724068617"},"goog:chromeOptions":{"debuggerAddress":"localhost:54093"},"networkConnectionEnabled":false,"pageLoadStrategy":"normal","platformName":"windows","proxy":{},"setWindowRect":true,"strictFileInteractability":false,"timeouts":{"implicit":0,"pageLoad":300000,"script":30000},"unhandledPromptBehavior":"dismiss and notify","webauthn:extension:credBlob":true,"webauthn:extension:largeBlob":true,"webauthn:virtualAuthenticators":true},"sessionId":"98a08898ad2c7248349520a9d0e40656"}}"
01-03-2022 16:29:24 LoggingManagedHttpClientConnection.java DEBUG [Forwarding newSession on session null to remote] http.headers 122 - http-outgoing-2 << HTTP/1.1 200 OK
01-03-2022 16:29:24 LoggingManagedHttpClientConnection.java DEBUG [Forwarding newSession on session null to remote] http.headers 125 - http-outgoing-2 << Content-Length:786
01-03-2022 16:29:24 LoggingManagedHttpClientConnection.java DEBUG [Forwarding newSession on session null to remote] http.headers 125 - http-outgoing-2 << Content-Type:application/json; charset=utf-8
01-03-2022 16:29:24 LoggingManagedHttpClientConnection.java DEBUG [Forwarding newSession on session null to remote] http.headers 125 - http-outgoing-2 << cache-control:no-cache
01-03-2022 16:29:24 MainClientExec.java DEBUG [Forwarding newSession on session null to remote] execchain.MainClientExec 285 - Connection can be kept alive indefinitely
01-03-2022 16:29:24 PoolingHttpClientConnectionManager.java DEBUG [Forwarding newSession on session null to remote] conn.PoolingHttpClientConnectionManager 320 - Connection [id: 2][route: {}->http://localhost:31586] can be kept alive indefinitely
01-03-2022 16:29:24 PoolingHttpClientConnectionManager.java DEBUG [Forwarding newSession on session null to remote] conn.PoolingHttpClientConnectionManager 326 - Connection released: [id: 2][route: {}->http://localhost:31586][total kept alive: 3; route allocated: 1 of 2000; total allocated: 3 of 2000]
01-03-2022 16:29:24 RequestAddCookies.java DEBUG [Forwarding deleteAllCookies on session 98a08898ad2c7248349520a9d0e40656 to remote] protocol.RequestAddCookies 123 - CookieSpec selected: default
01-03-2022 16:29:24 RequestAuthCache.java DEBUG [Forwarding deleteAllCookies on session 98a08898ad2c7248349520a9d0e40656 to remote] protocol.RequestAuthCache 77 - Auth cache not set in the context
01-03-2022 16:29:24 PoolingHttpClientConnectionManager.java DEBUG [Forwarding deleteAllCookies on session 98a08898ad2c7248349520a9d0e40656 to remote] conn.PoolingHttpClientConnectionManager 255 - Connection request: [route: {}->http://localhost:31586][total kept alive: 3; route allocated: 1 of 2000; total allocated: 3 of 2000]
01-03-2022 16:29:24 PoolingHttpClientConnectionManager.java DEBUG [Forwarding deleteAllCookies on session 98a08898ad2c7248349520a9d0e40656 to remote] conn.PoolingHttpClientConnectionManager 288 - Connection leased: [id: 2][route: {}->http://localhost:31586][total kept alive: 2; route allocated: 1 of 2000; total allocated: 3 of 2000]
01-03-2022 16:29:24 MainClientExec.java DEBUG [Forwarding deleteAllCookies on session 98a08898ad2c7248349520a9d0e40656 to remote] execchain.MainClientExec 208 - Stale connection check
01-03-2022 16:29:24 Wire.java DEBUG [Forwarding deleteAllCookies on session 98a08898ad2c7248349520a9d0e40656 to remote] http.wire 87 - http-outgoing-2 << "[read] I/O error: Read timed out"
01-03-2022 16:29:24 LoggingManagedHttpClientConnection.java DEBUG [Forwarding deleteAllCookies on session 98a08898ad2c7248349520a9d0e40656 to remote] conn.DefaultManagedHttpClientConnection 88 - http-outgoing-2: set socket timeout to 10800000
01-03-2022 16:29:24 MainClientExec.java DEBUG [Forwarding deleteAllCookies on session 98a08898ad2c7248349520a9d0e40656 to remote] execchain.MainClientExec 256 - Executing request DELETE /session/98a08898ad2c7248349520a9d0e40656/cookie HTTP/1.1
01-03-2022 16:29:24 MainClientExec.java DEBUG [Forwarding deleteAllCookies on session 98a08898ad2c7248349520a9d0e40656 to remote] execchain.MainClientExec 261 - Target auth state: UNCHALLENGED
01-03-2022 16:29:24 MainClientExec.java DEBUG [Forwarding deleteAllCookies on session 98a08898ad2c7248349520a9d0e40656 to remote] execchain.MainClientExec 267 - Proxy auth state: UNCHALLENGED
01-03-2022 16:29:24 LoggingManagedHttpClientConnection.java DEBUG [Forwarding deleteAllCookies on session 98a08898ad2c7248349520a9d0e40656 to remote] http.headers 133 - http-outgoing-2 >> DELETE /session/98a08898ad2c7248349520a9d0e40656/cookie HTTP/1.1
01-03-2022 16:29:24 LoggingManagedHttpClientConnection.java DEBUG [Forwarding deleteAllCookies on session 98a08898ad2c7248349520a9d0e40656 to remote] http.headers 136 - http-outgoing-2 >> Host: localhost:31586
01-03-2022 16:29:24 LoggingManagedHttpClientConnection.java DEBUG [Forwarding deleteAllCookies on session 98a08898ad2c7248349520a9d0e40656 to remote] http.headers 136 - http-outgoing-2 >> Connection: Keep-Alive
01-03-2022 16:29:24 LoggingManagedHttpClientConnection.java DEBUG [Forwarding deleteAllCookies on session 98a08898ad2c7248349520a9d0e40656 to remote] http.headers 136 - http-outgoing-2 >> User-Agent: Apache-HttpClient/4.5.3 (Java/1.8.0_202)
01-03-2022 16:29:24 LoggingManagedHttpClientConnection.java DEBUG [Forwarding deleteAllCookies on session 98a08898ad2c7248349520a9d0e40656 to remote] http.headers 136 - http-outgoing-2 >> Accept-Encoding: gzip,deflate
01-03-2022 16:29:24 Wire.java DEBUG [Forwarding deleteAllCookies on session 98a08898ad2c7248349520a9d0e40656 to remote] http.wire 73 - http-outgoing-2 >> "DELETE /session/98a08898ad2c7248349520a9d0e40656/cookie HTTP/1.1[\r][\n]"
01-03-2022 16:29:24 Wire.java DEBUG [Forwarding deleteAllCookies on session 98a08898ad2c7248349520a9d0e40656 to remote] http.wire 73 - http-outgoing-2 >> "Host: localhost:31586[\r][\n]"
01-03-2022 16:29:24 Wire.java DEBUG [Forwarding deleteAllCookies on session 98a08898ad2c7248349520a9d0e40656 to remote] http.wire 73 - http-outgoing-2 >> "Connection: Keep-Alive[\r][\n]"
01-03-2022 16:29:24 Wire.java DEBUG [Forwarding deleteAllCookies on session 98a08898ad2c7248349520a9d0e40656 to remote] http.wire 73 - http-outgoing-2 >> "User-Agent: Apache-HttpClient/4.5.3 (Java/1.8.0_202)[\r][\n]"
01-03-2022 16:29:24 Wire.java DEBUG [Forwarding deleteAllCookies on session 98a08898ad2c7248349520a9d0e40656 to remote] http.wire 73 - http-outgoing-2 >> "Accept-Encoding: gzip,deflate[\r][\n]"
01-03-2022 16:29:24 Wire.java DEBUG [Forwarding deleteAllCookies on session 98a08898ad2c7248349520a9d0e40656 to remote] http.wire 73 - http-outgoing-2 >> "[\r][\n]"
01-03-2022 16:29:24 Wire.java DEBUG [Forwarding deleteAllCookies on session 98a08898ad2c7248349520a9d0e40656 to remote] http.wire 73 - http-outgoing-2 << "HTTP/1.1 200 OK[\r][\n]"
01-03-2022 16:29:24 Wire.java DEBUG [Forwarding deleteAllCookies on session 98a08898ad2c7248349520a9d0e40656 to remote] http.wire 73 - http-outgoing-2 << "Content-Length:14[\r][\n]"
01-03-2022 16:29:24 Wire.java DEBUG [Forwarding deleteAllCookies on session 98a08898ad2c7248349520a9d0e40656 to remote] http.wire 73 - http-outgoing-2 << "Content-Type:application/json; charset=utf-8[\r][\n]"
01-03-2022 16:29:24 Wire.java DEBUG [Forwarding deleteAllCookies on session 98a08898ad2c7248349520a9d0e40656 to remote] http.wire 73 - http-outgoing-2 << "cache-control:no-cache[\r][\n]"
01-03-2022 16:29:24 Wire.java DEBUG [Forwarding deleteAllCookies on session 98a08898ad2c7248349520a9d0e40656 to remote] http.wire 73 - http-outgoing-2 << "[\r][\n]"
01-03-2022 16:29:24 Wire.java DEBUG [Forwarding deleteAllCookies on session 98a08898ad2c7248349520a9d0e40656 to remote] http.wire 87 - http-outgoing-2 << "{"value":null}"
01-03-2022 16:29:24 LoggingManagedHttpClientConnection.java DEBUG [Forwarding deleteAllCookies on session 98a08898ad2c7248349520a9d0e40656 to remote] http.headers 122 - http-outgoing-2 << HTTP/1.1 200 OK
01-03-2022 16:29:24 LoggingManagedHttpClientConnection.java DEBUG [Forwarding deleteAllCookies on session 98a08898ad2c7248349520a9d0e40656 to remote] http.headers 125 - http-outgoing-2 << Content-Length:14
01-03-2022 16:29:24 LoggingManagedHttpClientConnection.java DEBUG [Forwarding deleteAllCookies on session 98a08898ad2c7248349520a9d0e40656 to remote] http.headers 125 - http-outgoing-2 << Content-Type:application/json; charset=utf-8
01-03-2022 16:29:24 LoggingManagedHttpClientConnection.java DEBUG [Forwarding deleteAllCookies on session 98a08898ad2c7248349520a9d0e40656 to remote] http.headers 125 - http-outgoing-2 << cache-control:no-cache
01-03-2022 16:29:24 MainClientExec.java DEBUG [Forwarding deleteAllCookies on session 98a08898ad2c7248349520a9d0e40656 to remote] execchain.MainClientExec 285 - Connection can be kept alive indefinitely
01-03-2022 16:29:24 PoolingHttpClientConnectionManager.java DEBUG [Forwarding deleteAllCookies on session 98a08898ad2c7248349520a9d0e40656 to remote] conn.PoolingHttpClientConnectionManager 320 - Connection [id: 2][route: {}->http://localhost:31586] can be kept alive indefinitely
01-03-2022 16:29:24 PoolingHttpClientConnectionManager.java DEBUG [Forwarding deleteAllCookies on session 98a08898ad2c7248349520a9d0e40656 to remote] conn.PoolingHttpClientConnectionManager 326 - Connection released: [id: 2][route: {}->http://localhost:31586][total kept alive: 3; route allocated: 1 of 2000; total allocated: 3 of 2000]
01-03-2022 16:29:24 RequestAddCookies.java DEBUG [Forwarding setTimeout on session 98a08898ad2c7248349520a9d0e40656 to remote] protocol.RequestAddCookies 123 - CookieSpec selected: default
01-03-2022 16:29:24 RequestAuthCache.java DEBUG [Forwarding setTimeout on session 98a08898ad2c7248349520a9d0e40656 to remote] protocol.RequestAuthCache 77 - Auth cache not set in the context
01-03-2022 16:29:24 PoolingHttpClientConnectionManager.java DEBUG [Forwarding setTimeout on session 98a08898ad2c7248349520a9d0e40656 to remote] conn.PoolingHttpClientConnectionManager 255 - Connection request: [route: {}->http://localhost:31586][total kept alive: 3; route allocated: 1 of 2000; total allocated: 3 of 2000]
01-03-2022 16:29:24 PoolingHttpClientConnectionManager.java DEBUG [Forwarding setTimeout on session 98a08898ad2c7248349520a9d0e40656 to remote] conn.PoolingHttpClientConnectionManager 288 - Connection leased: [id: 2][route: {}->http://localhost:31586][total kept alive: 2; route allocated: 1 of 2000; total allocated: 3 of 2000]
01-03-2022 16:29:24 MainClientExec.java DEBUG [Forwarding setTimeout on session 98a08898ad2c7248349520a9d0e40656 to remote] execchain.MainClientExec 208 - Stale connection check
01-03-2022 16:29:24 Wire.java DEBUG [Forwarding setTimeout on session 98a08898ad2c7248349520a9d0e40656 to remote] http.wire 87 - http-outgoing-2 << "[read] I/O error: Read timed out"
01-03-2022 16:29:24 LoggingManagedHttpClientConnection.java DEBUG [Forwarding setTimeout on session 98a08898ad2c7248349520a9d0e40656 to remote] conn.DefaultManagedHttpClientConnection 88 - http-outgoing-2: set socket timeout to 10800000
01-03-2022 16:29:24 MainClientExec.java DEBUG [Forwarding setTimeout on session 98a08898ad2c7248349520a9d0e40656 to remote] execchain.MainClientExec 256 - Executing request POST /session/98a08898ad2c7248349520a9d0e40656/timeouts HTTP/1.1
01-03-2022 16:29:24 MainClientExec.java DEBUG [Forwarding setTimeout on session 98a08898ad2c7248349520a9d0e40656 to remote] execchain.MainClientExec 261 - Target auth state: UNCHALLENGED
01-03-2022 16:29:24 MainClientExec.java DEBUG [Forwarding setTimeout on session 98a08898ad2c7248349520a9d0e40656 to remote] execchain.MainClientExec 267 - Proxy auth state: UNCHALLENGED
01-03-2022 16:29:24 LoggingManagedHttpClientConnection.java DEBUG [Forwarding setTimeout on session 98a08898ad2c7248349520a9d0e40656 to remote] http.headers 133 - http-outgoing-2 >> POST /session/98a08898ad2c7248349520a9d0e40656/timeouts HTTP/1.1
01-03-2022 16:29:24 LoggingManagedHttpClientConnection.java DEBUG [Forwarding setTimeout on session 98a08898ad2c7248349520a9d0e40656 to remote] http.headers 136 - http-outgoing-2 >> Content-Type: application/json; charset=utf-8
01-03-2022 16:29:24 LoggingManagedHttpClientConnection.java DEBUG [Forwarding setTimeout on session 98a08898ad2c7248349520a9d0e40656 to remote] http.headers 136 - http-outgoing-2 >> Content-Length: 18
01-03-2022 16:29:24 LoggingManagedHttpClientConnection.java DEBUG [Forwarding setTimeout on session 98a08898ad2c7248349520a9d0e40656 to remote] http.headers 136 - http-outgoing-2 >> Host: localhost:31586
01-03-2022 16:29:24 LoggingManagedHttpClientConnection.java DEBUG [Forwarding setTimeout on session 98a08898ad2c7248349520a9d0e40656 to remote] http.headers 136 - http-outgoing-2 >> Connection: Keep-Alive
01-03-2022 16:29:24 LoggingManagedHttpClientConnection.java DEBUG [Forwarding setTimeout on session 98a08898ad2c7248349520a9d0e40656 to remote] http.headers 136 - http-outgoing-2 >> User-Agent: Apache-HttpClient/4.5.3 (Java/1.8.0_202)
01-03-2022 16:29:24 LoggingManagedHttpClientConnection.java DEBUG [Forwarding setTimeout on session 98a08898ad2c7248349520a9d0e40656 to remote] http.headers 136 - http-outgoing-2 >> Accept-Encoding: gzip,deflate
01-03-2022 16:29:24 Wire.java DEBUG [Forwarding setTimeout on session 98a08898ad2c7248349520a9d0e40656 to remote] http.wire 73 - http-outgoing-2 >> "POST /session/98a08898ad2c7248349520a9d0e40656/timeouts HTTP/1.1[\r][\n]"
01-03-2022 16:29:24 Wire.java DEBUG [Forwarding setTimeout on session 98a08898ad2c7248349520a9d0e40656 to remote] http.wire 73 - http-outgoing-2 >> "Content-Type: application/json; charset=utf-8[\r][\n]"
01-03-2022 16:29:24 Wire.java DEBUG [Forwarding setTimeout on session 98a08898ad2c7248349520a9d0e40656 to remote] http.wire 73 - http-outgoing-2 >> "Content-Length: 18[\r][\n]"
01-03-2022 16:29:24 Wire.java DEBUG [Forwarding setTimeout on session 98a08898ad2c7248349520a9d0e40656 to remote] http.wire 73 - http-outgoing-2 >> "Host: localhost:31586[\r][\n]"
01-03-2022 16:29:24 Wire.java DEBUG [Forwarding setTimeout on session 98a08898ad2c7248349520a9d0e40656 to remote] http.wire 73 - http-outgoing-2 >> "Connection: Keep-Alive[\r][\n]"
01-03-2022 16:29:24 Wire.java DEBUG [Forwarding setTimeout on session 98a08898ad2c7248349520a9d0e40656 to remote] http.wire 73 - http-outgoing-2 >> "User-Agent: Apache-HttpClient/4.5.3 (Java/1.8.0_202)[\r][\n]"
01-03-2022 16:29:24 Wire.java DEBUG [Forwarding setTimeout on session 98a08898ad2c7248349520a9d0e40656 to remote] http.wire 73 - http-outgoing-2 >> "Accept-Encoding: gzip,deflate[\r][\n]"
01-03-2022 16:29:24 Wire.java DEBUG [Forwarding setTimeout on session 98a08898ad2c7248349520a9d0e40656 to remote] http.wire 73 - http-outgoing-2 >> "[\r][\n]"
01-03-2022 16:29:24 Wire.java DEBUG [Forwarding setTimeout on session 98a08898ad2c7248349520a9d0e40656 to remote] http.wire 87 - http-outgoing-2 >> "{"implicit":10000}"
01-03-2022 16:29:24 Wire.java DEBUG [Forwarding setTimeout on session 98a08898ad2c7248349520a9d0e40656 to remote] http.wire 73 - http-outgoing-2 << "HTTP/1.1 200 OK[\r][\n]"
01-03-2022 16:29:24 Wire.java DEBUG [Forwarding setTimeout on session 98a08898ad2c7248349520a9d0e40656 to remote] http.wire 73 - http-outgoing-2 << "Content-Length:14[\r][\n]"
01-03-2022 16:29:24 Wire.java DEBUG [Forwarding setTimeout on session 98a08898ad2c7248349520a9d0e40656 to remote] http.wire 73 - http-outgoing-2 << "Content-Type:application/json; charset=utf-8[\r][\n]"
01-03-2022 16:29:24 Wire.java DEBUG [Forwarding setTimeout on session 98a08898ad2c7248349520a9d0e40656 to remote] http.wire 73 - http-outgoing-2 << "cache-control:no-cache[\r][\n]"
01-03-2022 16:29:24 Wire.java DEBUG [Forwarding setTimeout on session 98a08898ad2c7248349520a9d0e40656 to remote] http.wire 73 - http-outgoing-2 << "[\r][\n]"
01-03-2022 16:29:24 Wire.java DEBUG [Forwarding setTimeout on session 98a08898ad2c7248349520a9d0e40656 to remote] http.wire 87 - http-outgoing-2 << "{"value":null}"
01-03-2022 16:29:24 LoggingManagedHttpClientConnection.java DEBUG [Forwarding setTimeout on session 98a08898ad2c7248349520a9d0e40656 to remote] http.headers 122 - http-outgoing-2 << HTTP/1.1 200 OK
01-03-2022 16:29:24 LoggingManagedHttpClientConnection.java DEBUG [Forwarding setTimeout on session 98a08898ad2c7248349520a9d0e40656 to remote] http.headers 125 - http-outgoing-2 << Content-Length:14
01-03-2022 16:29:24 LoggingManagedHttpClientConnection.java DEBUG [Forwarding setTimeout on session 98a08898ad2c7248349520a9d0e40656 to remote] http.headers 125 - http-outgoing-2 << Content-Type:application/json; charset=utf-8
01-03-2022 16:29:24 LoggingManagedHttpClientConnection.java DEBUG [Forwarding setTimeout on session 98a08898ad2c7248349520a9d0e40656 to remote] http.headers 125 - http-outgoing-2 << cache-control:no-cache
01-03-2022 16:29:24 MainClientExec.java DEBUG [Forwarding setTimeout on session 98a08898ad2c7248349520a9d0e40656 to remote] execchain.MainClientExec 285 - Connection can be kept alive indefinitely
01-03-2022 16:29:24 PoolingHttpClientConnectionManager.java DEBUG [Forwarding setTimeout on session 98a08898ad2c7248349520a9d0e40656 to remote] conn.PoolingHttpClientConnectionManager 320 - Connection [id: 2][route: {}->http://localhost:31586] can be kept alive indefinitely
01-03-2022 16:29:24 PoolingHttpClientConnectionManager.java DEBUG [Forwarding setTimeout on session 98a08898ad2c7248349520a9d0e40656 to remote] conn.PoolingHttpClientConnectionManager 326 - Connection released: [id: 2][route: {}->http://localhost:31586][total kept alive: 3; route allocated: 1 of 2000; total allocated: 3 of 2000]
01-03-2022 16:29:24 RequestAddCookies.java DEBUG [Forwarding maximizeCurrentWindow on session 98a08898ad2c7248349520a9d0e40656 to remote] protocol.RequestAddCookies 123 - CookieSpec selected: default
01-03-2022 16:29:24 RequestAuthCache.java DEBUG [Forwarding maximizeCurrentWindow on session 98a08898ad2c7248349520a9d0e40656 to remote] protocol.RequestAuthCache 77 - Auth cache not set in the context
01-03-2022 16:29:24 PoolingHttpClientConnectionManager.java DEBUG [Forwarding maximizeCurrentWindow on session 98a08898ad2c7248349520a9d0e40656 to remote] conn.PoolingHttpClientConnectionManager 255 - Connection request: [route: {}->http://localhost:31586][total kept alive: 3; route allocated: 1 of 2000; total allocated: 3 of 2000]
01-03-2022 16:29:24 PoolingHttpClientConnectionManager.java DEBUG [Forwarding maximizeCurrentWindow on session 98a08898ad2c7248349520a9d0e40656 to remote] conn.PoolingHttpClientConnectionManager 288 - Connection leased: [id: 2][route: {}->http://localhost:31586][total kept alive: 2; route allocated: 1 of 2000; total allocated: 3 of 2000]
01-03-2022 16:29:24 MainClientExec.java DEBUG [Forwarding maximizeCurrentWindow on session 98a08898ad2c7248349520a9d0e40656 to remote] execchain.MainClientExec 208 - Stale connection check
01-03-2022 16:29:24 Wire.java DEBUG [Forwarding maximizeCurrentWindow on session 98a08898ad2c7248349520a9d0e40656 to remote] http.wire 87 - http-outgoing-2 << "[read] I/O error: Read timed out"
01-03-2022 16:29:24 LoggingManagedHttpClientConnection.java DEBUG [Forwarding maximizeCurrentWindow on session 98a08898ad2c7248349520a9d0e40656 to remote] conn.DefaultManagedHttpClientConnection 88 - http-outgoing-2: set socket timeout to 10800000
01-03-2022 16:29:24 MainClientExec.java DEBUG [Forwarding maximizeCurrentWindow on session 98a08898ad2c7248349520a9d0e40656 to remote] execchain.MainClientExec 256 - Executing request POST /session/98a08898ad2c7248349520a9d0e40656/window/maximize HTTP/1.1
01-03-2022 16:29:24 MainClientExec.java DEBUG [Forwarding maximizeCurrentWindow on session 98a08898ad2c7248349520a9d0e40656 to remote] execchain.MainClientExec 261 - Target auth state: UNCHALLENGED
01-03-2022 16:29:24 MainClientExec.java DEBUG [Forwarding maximizeCurrentWindow on session 98a08898ad2c7248349520a9d0e40656 to remote] execchain.MainClientExec 267 - Proxy auth state: UNCHALLENGED
01-03-2022 16:29:24 LoggingManagedHttpClientConnection.java DEBUG [Forwarding maximizeCurrentWindow on session 98a08898ad2c7248349520a9d0e40656 to remote] http.headers 133 - http-outgoing-2 >> POST /session/98a08898ad2c7248349520a9d0e40656/window/maximize HTTP/1.1
01-03-2022 16:29:24 LoggingManagedHttpClientConnection.java DEBUG [Forwarding maximizeCurrentWindow on session 98a08898ad2c7248349520a9d0e40656 to remote] http.headers 136 - http-outgoing-2 >> Content-Type: application/json; charset=utf-8
01-03-2022 16:29:24 LoggingManagedHttpClientConnection.java DEBUG [Forwarding maximizeCurrentWindow on session 98a08898ad2c7248349520a9d0e40656 to remote] http.headers 136 - http-outgoing-2 >> Content-Length: 2
01-03-2022 16:29:24 LoggingManagedHttpClientConnection.java DEBUG [Forwarding maximizeCurrentWindow on session 98a08898ad2c7248349520a9d0e40656 to remote] http.headers 136 - http-outgoing-2 >> Host: localhost:31586
01-03-2022 16:29:24 LoggingManagedHttpClientConnection.java DEBUG [Forwarding maximizeCurrentWindow on session 98a08898ad2c7248349520a9d0e40656 to remote] http.headers 136 - http-outgoing-2 >> Connection: Keep-Alive
01-03-2022 16:29:24 LoggingManagedHttpClientConnection.java DEBUG [Forwarding maximizeCurrentWindow on session 98a08898ad2c7248349520a9d0e40656 to remote] http.headers 136 - http-outgoing-2 >> User-Agent: Apache-HttpClient/4.5.3 (Java/1.8.0_202)
01-03-2022 16:29:24 LoggingManagedHttpClientConnection.java DEBUG [Forwarding maximizeCurrentWindow on session 98a08898ad2c7248349520a9d0e40656 to remote] http.headers 136 - http-outgoing-2 >> Accept-Encoding: gzip,deflate
01-03-2022 16:29:24 Wire.java DEBUG [Forwarding maximizeCurrentWindow on session 98a08898ad2c7248349520a9d0e40656 to remote] http.wire 73 - http-outgoing-2 >> "POST /session/98a08898ad2c7248349520a9d0e40656/window/maximize HTTP/1.1[\r][\n]"
01-03-2022 16:29:24 Wire.java DEBUG [Forwarding maximizeCurrentWindow on session 98a08898ad2c7248349520a9d0e40656 to remote] http.wire 73 - http-outgoing-2 >> "Content-Type: application/json; charset=utf-8[\r][\n]"
01-03-2022 16:29:24 Wire.java DEBUG [Forwarding maximizeCurrentWindow on session 98a08898ad2c7248349520a9d0e40656 to remote] http.wire 73 - http-outgoing-2 >> "Content-Length: 2[\r][\n]"
01-03-2022 16:29:24 Wire.java DEBUG [Forwarding maximizeCurrentWindow on session 98a08898ad2c7248349520a9d0e40656 to remote] http.wire 73 - http-outgoing-2 >> "Host: localhost:31586[\r][\n]"
01-03-2022 16:29:24 Wire.java DEBUG [Forwarding maximizeCurrentWindow on session 98a08898ad2c7248349520a9d0e40656 to remote] http.wire 73 - http-outgoing-2 >> "Connection: Keep-Alive[\r][\n]"
01-03-2022 16:29:24 Wire.java DEBUG [Forwarding maximizeCurrentWindow on session 98a08898ad2c7248349520a9d0e40656 to remote] http.wire 73 - http-outgoing-2 >> "User-Agent: Apache-HttpClient/4.5.3 (Java/1.8.0_202)[\r][\n]"
01-03-2022 16:29:24 Wire.java DEBUG [Forwarding maximizeCurrentWindow on session 98a08898ad2c7248349520a9d0e40656 to remote] http.wire 73 - http-outgoing-2 >> "Accept-Encoding: gzip,deflate[\r][\n]"
01-03-2022 16:29:24 Wire.java DEBUG [Forwarding maximizeCurrentWindow on session 98a08898ad2c7248349520a9d0e40656 to remote] http.wire 73 - http-outgoing-2 >> "[\r][\n]"
01-03-2022 16:29:24 Wire.java DEBUG [Forwarding maximizeCurrentWindow on session 98a08898ad2c7248349520a9d0e40656 to remote] http.wire 87 - http-outgoing-2 >> "{}"
01-03-2022 16:29:24 Wire.java DEBUG [Forwarding maximizeCurrentWindow on session 98a08898ad2c7248349520a9d0e40656 to remote] http.wire 73 - http-outgoing-2 << "HTTP/1.1 200 OK[\r][\n]"
01-03-2022 16:29:24 Wire.java DEBUG [Forwarding maximizeCurrentWindow on session 98a08898ad2c7248349520a9d0e40656 to remote] http.wire 73 - http-outgoing-2 << "Content-Length:51[\r][\n]"
01-03-2022 16:29:24 Wire.java DEBUG [Forwarding maximizeCurrentWindow on session 98a08898ad2c7248349520a9d0e40656 to remote] http.wire 73 - http-outgoing-2 << "Content-Type:application/json; charset=utf-8[\r][\n]"
01-03-2022 16:29:24 Wire.java DEBUG [Forwarding maximizeCurrentWindow on session 98a08898ad2c7248349520a9d0e40656 to remote] http.wire 73 - http-outgoing-2 << "cache-control:no-cache[\r][\n]"
01-03-2022 16:29:24 Wire.java DEBUG [Forwarding maximizeCurrentWindow on session 98a08898ad2c7248349520a9d0e40656 to remote] http.wire 73 - http-outgoing-2 << "[\r][\n]"
01-03-2022 16:29:24 Wire.java DEBUG [Forwarding maximizeCurrentWindow on session 98a08898ad2c7248349520a9d0e40656 to remote] http.wire 87 - http-outgoing-2 << "{"value":{"height":744,"width":1376,"x":-8,"y":-8}}"
01-03-2022 16:29:24 LoggingManagedHttpClientConnection.java DEBUG [Forwarding maximizeCurrentWindow on session 98a08898ad2c7248349520a9d0e40656 to remote] http.headers 122 - http-outgoing-2 << HTTP/1.1 200 OK
01-03-2022 16:29:24 LoggingManagedHttpClientConnection.java DEBUG [Forwarding maximizeCurrentWindow on session 98a08898ad2c7248349520a9d0e40656 to remote] http.headers 125 - http-outgoing-2 << Content-Length:51
01-03-2022 16:29:24 LoggingManagedHttpClientConnection.java DEBUG [Forwarding maximizeCurrentWindow on session 98a08898ad2c7248349520a9d0e40656 to remote] http.headers 125 - http-outgoing-2 << Content-Type:application/json; charset=utf-8
01-03-2022 16:29:24 LoggingManagedHttpClientConnection.java DEBUG [Forwarding maximizeCurrentWindow on session 98a08898ad2c7248349520a9d0e40656 to remote] http.headers 125 - http-outgoing-2 << cache-control:no-cache
01-03-2022 16:29:24 MainClientExec.java DEBUG [Forwarding maximizeCurrentWindow on session 98a08898ad2c7248349520a9d0e40656 to remote] execchain.MainClientExec 285 - Connection can be kept alive indefinitely
01-03-2022 16:29:24 PoolingHttpClientConnectionManager.java DEBUG [Forwarding maximizeCurrentWindow on session 98a08898ad2c7248349520a9d0e40656 to remote] conn.PoolingHttpClientConnectionManager 320 - Connection [id: 2][route: {}->http://localhost:31586] can be kept alive indefinitely
01-03-2022 16:29:24 PoolingHttpClientConnectionManager.java DEBUG [Forwarding maximizeCurrentWindow on session 98a08898ad2c7248349520a9d0e40656 to remote] conn.PoolingHttpClientConnectionManager 326 - Connection released: [id: 2][route: {}->http://localhost:31586][total kept alive: 3; route allocated: 1 of 2000; total allocated: 3 of 2000]
Before navigating to: 'https://kolhapur.gov.in/en/'
01-03-2022 16:29:24 RequestAddCookies.java DEBUG [Forwarding get on session 98a08898ad2c7248349520a9d0e40656 to remote] protocol.RequestAddCookies 123 - CookieSpec selected: default
01-03-2022 16:29:24 RequestAuthCache.java DEBUG [Forwarding get on session 98a08898ad2c7248349520a9d0e40656 to remote] protocol.RequestAuthCache 77 - Auth cache not set in the context
01-03-2022 16:29:24 PoolingHttpClientConnectionManager.java DEBUG [Forwarding get on session 98a08898ad2c7248349520a9d0e40656 to remote] conn.PoolingHttpClientConnectionManager 255 - Connection request: [route: {}->http://localhost:31586][total kept alive: 3; route allocated: 1 of 2000; total allocated: 3 of 2000]
01-03-2022 16:29:24 PoolingHttpClientConnectionManager.java DEBUG [Forwarding get on session 98a08898ad2c7248349520a9d0e40656 to remote] conn.PoolingHttpClientConnectionManager 288 - Connection leased: [id: 2][route: {}->http://localhost:31586][total kept alive: 2; route allocated: 1 of 2000; total allocated: 3 of 2000]
01-03-2022 16:29:24 MainClientExec.java DEBUG [Forwarding get on session 98a08898ad2c7248349520a9d0e40656 to remote] execchain.MainClientExec 208 - Stale connection check
01-03-2022 16:29:24 Wire.java DEBUG [Forwarding get on session 98a08898ad2c7248349520a9d0e40656 to remote] http.wire 87 - http-outgoing-2 << "[read] I/O error: Read timed out"
01-03-2022 16:29:24 LoggingManagedHttpClientConnection.java DEBUG [Forwarding get on session 98a08898ad2c7248349520a9d0e40656 to remote] conn.DefaultManagedHttpClientConnection 88 - http-outgoing-2: set socket timeout to 10800000
01-03-2022 16:29:24 MainClientExec.java DEBUG [Forwarding get on session 98a08898ad2c7248349520a9d0e40656 to remote] execchain.MainClientExec 256 - Executing request POST /session/98a08898ad2c7248349520a9d0e40656/url HTTP/1.1
01-03-2022 16:29:24 MainClientExec.java DEBUG [Forwarding get on session 98a08898ad2c7248349520a9d0e40656 to remote] execchain.MainClientExec 261 - Target auth state: UNCHALLENGED
01-03-2022 16:29:24 MainClientExec.java DEBUG [Forwarding get on session 98a08898ad2c7248349520a9d0e40656 to remote] execchain.MainClientExec 267 - Proxy auth state: UNCHALLENGED
01-03-2022 16:29:24 LoggingManagedHttpClientConnection.java DEBUG [Forwarding get on session 98a08898ad2c7248349520a9d0e40656 to remote] http.headers 133 - http-outgoing-2 >> POST /session/98a08898ad2c7248349520a9d0e40656/url HTTP/1.1
01-03-2022 16:29:24 LoggingManagedHttpClientConnection.java DEBUG [Forwarding get on session 98a08898ad2c7248349520a9d0e40656 to remote] http.headers 136 - http-outgoing-2 >> Content-Type: application/json; charset=utf-8
01-03-2022 16:29:24 LoggingManagedHttpClientConnection.java DEBUG [Forwarding get on session 98a08898ad2c7248349520a9d0e40656 to remote] http.headers 136 - http-outgoing-2 >> Content-Length: 37
01-03-2022 16:29:24 LoggingManagedHttpClientConnection.java DEBUG [Forwarding get on session 98a08898ad2c7248349520a9d0e40656 to remote] http.headers 136 - http-outgoing-2 >> Host: localhost:31586
01-03-2022 16:29:24 LoggingManagedHttpClientConnection.java DEBUG [Forwarding get on session 98a08898ad2c7248349520a9d0e40656 to remote] http.headers 136 - http-outgoing-2 >> Connection: Keep-Alive
01-03-2022 16:29:24 LoggingManagedHttpClientConnection.java DEBUG [Forwarding get on session 98a08898ad2c7248349520a9d0e40656 to remote] http.headers 136 - http-outgoing-2 >> User-Agent: Apache-HttpClient/4.5.3 (Java/1.8.0_202)
01-03-2022 16:29:24 LoggingManagedHttpClientConnection.java DEBUG [Forwarding get on session 98a08898ad2c7248349520a9d0e40656 to remote] http.headers 136 - http-outgoing-2 >> Accept-Encoding: gzip,deflate
01-03-2022 16:29:24 Wire.java DEBUG [Forwarding get on session 98a08898ad2c7248349520a9d0e40656 to remote] http.wire 73 - http-outgoing-2 >> "POST /session/98a08898ad2c7248349520a9d0e40656/url HTTP/1.1[\r][\n]"
01-03-2022 16:29:24 Wire.java DEBUG [Forwarding get on session 98a08898ad2c7248349520a9d0e40656 to remote] http.wire 73 - http-outgoing-2 >> "Content-Type: application/json; charset=utf-8[\r][\n]"
01-03-2022 16:29:24 Wire.java DEBUG [Forwarding get on session 98a08898ad2c7248349520a9d0e40656 to remote] http.wire 73 - http-outgoing-2 >> "Content-Length: 37[\r][\n]"
01-03-2022 16:29:24 Wire.java DEBUG [Forwarding get on session 98a08898ad2c7248349520a9d0e40656 to remote] http.wire 73 - http-outgoing-2 >> "Host: localhost:31586[\r][\n]"
01-03-2022 16:29:24 Wire.java DEBUG [Forwarding get on session 98a08898ad2c7248349520a9d0e40656 to remote] http.wire 73 - http-outgoing-2 >> "Connection: Keep-Alive[\r][\n]"
01-03-2022 16:29:24 Wire.java DEBUG [Forwarding get on session 98a08898ad2c7248349520a9d0e40656 to remote] http.wire 73 - http-outgoing-2 >> "User-Agent: Apache-HttpClient/4.5.3 (Java/1.8.0_202)[\r][\n]"
01-03-2022 16:29:24 Wire.java DEBUG [Forwarding get on session 98a08898ad2c7248349520a9d0e40656 to remote] http.wire 73 - http-outgoing-2 >> "Accept-Encoding: gzip,deflate[\r][\n]"
01-03-2022 16:29:24 Wire.java DEBUG [Forwarding get on session 98a08898ad2c7248349520a9d0e40656 to remote] http.wire 73 - http-outgoing-2 >> "[\r][\n]"
01-03-2022 16:29:24 Wire.java DEBUG [Forwarding get on session 98a08898ad2c7248349520a9d0e40656 to remote] http.wire 87 - http-outgoing-2 >> "{"url":"https://kolhapur.gov.in/en/"}"
01-03-2022 16:29:55 Wire.java DEBUG [Forwarding get on session 98a08898ad2c7248349520a9d0e40656 to remote] http.wire 73 - http-outgoing-2 << "HTTP/1.1 200 OK[\r][\n]"
01-03-2022 16:29:55 Wire.java DEBUG [Forwarding get on session 98a08898ad2c7248349520a9d0e40656 to remote] http.wire 73 - http-outgoing-2 << "Content-Length:14[\r][\n]"
01-03-2022 16:29:55 Wire.java DEBUG [Forwarding get on session 98a08898ad2c7248349520a9d0e40656 to remote] http.wire 73 - http-outgoing-2 << "Content-Type:application/json; charset=utf-8[\r][\n]"
01-03-2022 16:29:55 Wire.java DEBUG [Forwarding get on session 98a08898ad2c7248349520a9d0e40656 to remote] http.wire 73 - http-outgoing-2 << "cache-control:no-cache[\r][\n]"
01-03-2022 16:29:55 Wire.java DEBUG [Forwarding get on session 98a08898ad2c7248349520a9d0e40656 to remote] http.wire 73 - http-outgoing-2 << "[\r][\n]"
01-03-2022 16:29:55 Wire.java DEBUG [Forwarding get on session 98a08898ad2c7248349520a9d0e40656 to remote] http.wire 87 - http-outgoing-2 << "{"value":null}"
01-03-2022 16:29:55 LoggingManagedHttpClientConnection.java DEBUG [Forwarding get on session 98a08898ad2c7248349520a9d0e40656 to remote] http.headers 122 - http-outgoing-2 << HTTP/1.1 200 OK
01-03-2022 16:29:55 LoggingManagedHttpClientConnection.java DEBUG [Forwarding get on session 98a08898ad2c7248349520a9d0e40656 to remote] http.headers 125 - http-outgoing-2 << Content-Length:14
01-03-2022 16:29:55 LoggingManagedHttpClientConnection.java DEBUG [Forwarding get on session 98a08898ad2c7248349520a9d0e40656 to remote] http.headers 125 - http-outgoing-2 << Content-Type:application/json; charset=utf-8
01-03-2022 16:29:55 LoggingManagedHttpClientConnection.java DEBUG [Forwarding get on session 98a08898ad2c7248349520a9d0e40656 to remote] http.headers 125 - http-outgoing-2 << cache-control:no-cache
01-03-2022 16:29:55 MainClientExec.java DEBUG [Forwarding get on session 98a08898ad2c7248349520a9d0e40656 to remote] execchain.MainClientExec 285 - Connection can be kept alive indefinitely
01-03-2022 16:29:55 PoolingHttpClientConnectionManager.java DEBUG [Forwarding get on session 98a08898ad2c7248349520a9d0e40656 to remote] conn.PoolingHttpClientConnectionManager 320 - Connection [id: 2][route: {}->http://localhost:31586] can be kept alive indefinitely
01-03-2022 16:29:55 PoolingHttpClientConnectionManager.java DEBUG [Forwarding get on session 98a08898ad2c7248349520a9d0e40656 to remote] conn.PoolingHttpClientConnectionManager 326 - Connection released: [id: 2][route: {}->http://localhost:31586][total kept alive: 3; route allocated: 1 of 2000; total allocated: 3 of 2000]
Navigated to:'https://kolhapur.gov.in/en/'
01-03-2022 16:29:55 TestBase.java INFO  [main] KolhapurAutomationHybridFramework 61 - **************************url lauched*****************
Trying to find Element By : By.xpath: //a[text()='Feedback']
01-03-2022 16:29:55 RequestAddCookies.java DEBUG [Forwarding findElement on session 98a08898ad2c7248349520a9d0e40656 to remote] protocol.RequestAddCookies 123 - CookieSpec selected: default
01-03-2022 16:29:55 RequestAuthCache.java DEBUG [Forwarding findElement on session 98a08898ad2c7248349520a9d0e40656 to remote] protocol.RequestAuthCache 77 - Auth cache not set in the context
01-03-2022 16:29:55 PoolingHttpClientConnectionManager.java DEBUG [Forwarding findElement on session 98a08898ad2c7248349520a9d0e40656 to remote] conn.PoolingHttpClientConnectionManager 255 - Connection request: [route: {}->http://localhost:31586][total kept alive: 3; route allocated: 1 of 2000; total allocated: 3 of 2000]
01-03-2022 16:29:55 PoolingHttpClientConnectionManager.java DEBUG [Forwarding findElement on session 98a08898ad2c7248349520a9d0e40656 to remote] conn.PoolingHttpClientConnectionManager 288 - Connection leased: [id: 2][route: {}->http://localhost:31586][total kept alive: 2; route allocated: 1 of 2000; total allocated: 3 of 2000]
01-03-2022 16:29:55 MainClientExec.java DEBUG [Forwarding findElement on session 98a08898ad2c7248349520a9d0e40656 to remote] execchain.MainClientExec 208 - Stale connection check
01-03-2022 16:29:55 Wire.java DEBUG [Forwarding findElement on session 98a08898ad2c7248349520a9d0e40656 to remote] http.wire 87 - http-outgoing-2 << "[read] I/O error: Read timed out"
01-03-2022 16:29:55 LoggingManagedHttpClientConnection.java DEBUG [Forwarding findElement on session 98a08898ad2c7248349520a9d0e40656 to remote] conn.DefaultManagedHttpClientConnection 88 - http-outgoing-2: set socket timeout to 10800000
01-03-2022 16:29:55 MainClientExec.java DEBUG [Forwarding findElement on session 98a08898ad2c7248349520a9d0e40656 to remote] execchain.MainClientExec 256 - Executing request POST /session/98a08898ad2c7248349520a9d0e40656/element HTTP/1.1
01-03-2022 16:29:55 MainClientExec.java DEBUG [Forwarding findElement on session 98a08898ad2c7248349520a9d0e40656 to remote] execchain.MainClientExec 261 - Target auth state: UNCHALLENGED
01-03-2022 16:29:55 MainClientExec.java DEBUG [Forwarding findElement on session 98a08898ad2c7248349520a9d0e40656 to remote] execchain.MainClientExec 267 - Proxy auth state: UNCHALLENGED
01-03-2022 16:29:55 LoggingManagedHttpClientConnection.java DEBUG [Forwarding findElement on session 98a08898ad2c7248349520a9d0e40656 to remote] http.headers 133 - http-outgoing-2 >> POST /session/98a08898ad2c7248349520a9d0e40656/element HTTP/1.1
01-03-2022 16:29:55 LoggingManagedHttpClientConnection.java DEBUG [Forwarding findElement on session 98a08898ad2c7248349520a9d0e40656 to remote] http.headers 136 - http-outgoing-2 >> Content-Type: application/json; charset=utf-8
01-03-2022 16:29:55 LoggingManagedHttpClientConnection.java DEBUG [Forwarding findElement on session 98a08898ad2c7248349520a9d0e40656 to remote] http.headers 136 - http-outgoing-2 >> Content-Length: 65
01-03-2022 16:29:55 LoggingManagedHttpClientConnection.java DEBUG [Forwarding findElement on session 98a08898ad2c7248349520a9d0e40656 to remote] http.headers 136 - http-outgoing-2 >> Host: localhost:31586
01-03-2022 16:29:55 LoggingManagedHttpClientConnection.java DEBUG [Forwarding findElement on session 98a08898ad2c7248349520a9d0e40656 to remote] http.headers 136 - http-outgoing-2 >> Connection: Keep-Alive
01-03-2022 16:29:55 LoggingManagedHttpClientConnection.java DEBUG [Forwarding findElement on session 98a08898ad2c7248349520a9d0e40656 to remote] http.headers 136 - http-outgoing-2 >> User-Agent: Apache-HttpClient/4.5.3 (Java/1.8.0_202)
01-03-2022 16:29:55 LoggingManagedHttpClientConnection.java DEBUG [Forwarding findElement on session 98a08898ad2c7248349520a9d0e40656 to remote] http.headers 136 - http-outgoing-2 >> Accept-Encoding: gzip,deflate
01-03-2022 16:29:55 Wire.java DEBUG [Forwarding findElement on session 98a08898ad2c7248349520a9d0e40656 to remote] http.wire 73 - http-outgoing-2 >> "POST /session/98a08898ad2c7248349520a9d0e40656/element HTTP/1.1[\r][\n]"
01-03-2022 16:29:55 Wire.java DEBUG [Forwarding findElement on session 98a08898ad2c7248349520a9d0e40656 to remote] http.wire 73 - http-outgoing-2 >> "Content-Type: application/json; charset=utf-8[\r][\n]"
01-03-2022 16:29:55 Wire.java DEBUG [Forwarding findElement on session 98a08898ad2c7248349520a9d0e40656 to remote] http.wire 73 - http-outgoing-2 >> "Content-Length: 65[\r][\n]"
01-03-2022 16:29:55 Wire.java DEBUG [Forwarding findElement on session 98a08898ad2c7248349520a9d0e40656 to remote] http.wire 73 - http-outgoing-2 >> "Host: localhost:31586[\r][\n]"
01-03-2022 16:29:55 Wire.java DEBUG [Forwarding findElement on session 98a08898ad2c7248349520a9d0e40656 to remote] http.wire 73 - http-outgoing-2 >> "Connection: Keep-Alive[\r][\n]"
01-03-2022 16:29:55 Wire.java DEBUG [Forwarding findElement on session 98a08898ad2c7248349520a9d0e40656 to remote] http.wire 73 - http-outgoing-2 >> "User-Agent: Apache-HttpClient/4.5.3 (Java/1.8.0_202)[\r][\n]"
01-03-2022 16:29:55 Wire.java DEBUG [Forwarding findElement on session 98a08898ad2c7248349520a9d0e40656 to remote] http.wire 73 - http-outgoing-2 >> "Accept-Encoding: gzip,deflate[\r][\n]"
01-03-2022 16:29:55 Wire.java DEBUG [Forwarding findElement on session 98a08898ad2c7248349520a9d0e40656 to remote] http.wire 73 - http-outgoing-2 >> "[\r][\n]"
01-03-2022 16:29:55 Wire.java DEBUG [Forwarding findElement on session 98a08898ad2c7248349520a9d0e40656 to remote] http.wire 87 - http-outgoing-2 >> "{"value":"//a[text()\u003d\u0027Feedback\u0027]","using":"xpath"}"
01-03-2022 16:29:55 Wire.java DEBUG [Forwarding findElement on session 98a08898ad2c7248349520a9d0e40656 to remote] http.wire 73 - http-outgoing-2 << "HTTP/1.1 200 OK[\r][\n]"
01-03-2022 16:29:55 Wire.java DEBUG [Forwarding findElement on session 98a08898ad2c7248349520a9d0e40656 to remote] http.wire 73 - http-outgoing-2 << "Content-Length:88[\r][\n]"
01-03-2022 16:29:55 Wire.java DEBUG [Forwarding findElement on session 98a08898ad2c7248349520a9d0e40656 to remote] http.wire 73 - http-outgoing-2 << "Content-Type:application/json; charset=utf-8[\r][\n]"
01-03-2022 16:29:55 Wire.java DEBUG [Forwarding findElement on session 98a08898ad2c7248349520a9d0e40656 to remote] http.wire 73 - http-outgoing-2 << "cache-control:no-cache[\r][\n]"
01-03-2022 16:29:55 Wire.java DEBUG [Forwarding findElement on session 98a08898ad2c7248349520a9d0e40656 to remote] http.wire 73 - http-outgoing-2 << "[\r][\n]"
01-03-2022 16:29:55 Wire.java DEBUG [Forwarding findElement on session 98a08898ad2c7248349520a9d0e40656 to remote] http.wire 87 - http-outgoing-2 << "{"value":{"element-6066-11e4-a52e-4f735466cecf":"78f3fd9d-226f-409c-9360-a4c4638547bf"}}"
01-03-2022 16:29:55 LoggingManagedHttpClientConnection.java DEBUG [Forwarding findElement on session 98a08898ad2c7248349520a9d0e40656 to remote] http.headers 122 - http-outgoing-2 << HTTP/1.1 200 OK
01-03-2022 16:29:55 LoggingManagedHttpClientConnection.java DEBUG [Forwarding findElement on session 98a08898ad2c7248349520a9d0e40656 to remote] http.headers 125 - http-outgoing-2 << Content-Length:88
01-03-2022 16:29:55 LoggingManagedHttpClientConnection.java DEBUG [Forwarding findElement on session 98a08898ad2c7248349520a9d0e40656 to remote] http.headers 125 - http-outgoing-2 << Content-Type:application/json; charset=utf-8
01-03-2022 16:29:55 LoggingManagedHttpClientConnection.java DEBUG [Forwarding findElement on session 98a08898ad2c7248349520a9d0e40656 to remote] http.headers 125 - http-outgoing-2 << cache-control:no-cache
01-03-2022 16:29:55 MainClientExec.java DEBUG [Forwarding findElement on session 98a08898ad2c7248349520a9d0e40656 to remote] execchain.MainClientExec 285 - Connection can be kept alive indefinitely
01-03-2022 16:29:55 PoolingHttpClientConnectionManager.java DEBUG [Forwarding findElement on session 98a08898ad2c7248349520a9d0e40656 to remote] conn.PoolingHttpClientConnectionManager 320 - Connection [id: 2][route: {}->http://localhost:31586] can be kept alive indefinitely
01-03-2022 16:29:55 PoolingHttpClientConnectionManager.java DEBUG [Forwarding findElement on session 98a08898ad2c7248349520a9d0e40656 to remote] conn.PoolingHttpClientConnectionManager 326 - Connection released: [id: 2][route: {}->http://localhost:31586][total kept alive: 3; route allocated: 1 of 2000; total allocated: 3 of 2000]
Found Element By : By.xpath: //a[text()='Feedback']
Trying to click on: [[ChromeDriver: chrome on WINDOWS (98a08898ad2c7248349520a9d0e40656)] -> xpath: //a[text()='Feedback']]
01-03-2022 16:29:55 RequestAddCookies.java DEBUG [Forwarding clickElement on session 98a08898ad2c7248349520a9d0e40656 to remote] protocol.RequestAddCookies 123 - CookieSpec selected: default
01-03-2022 16:29:55 RequestAuthCache.java DEBUG [Forwarding clickElement on session 98a08898ad2c7248349520a9d0e40656 to remote] protocol.RequestAuthCache 77 - Auth cache not set in the context
01-03-2022 16:29:55 PoolingHttpClientConnectionManager.java DEBUG [Forwarding clickElement on session 98a08898ad2c7248349520a9d0e40656 to remote] conn.PoolingHttpClientConnectionManager 255 - Connection request: [route: {}->http://localhost:31586][total kept alive: 3; route allocated: 1 of 2000; total allocated: 3 of 2000]
01-03-2022 16:29:55 PoolingHttpClientConnectionManager.java DEBUG [Forwarding clickElement on session 98a08898ad2c7248349520a9d0e40656 to remote] conn.PoolingHttpClientConnectionManager 288 - Connection leased: [id: 2][route: {}->http://localhost:31586][total kept alive: 2; route allocated: 1 of 2000; total allocated: 3 of 2000]
01-03-2022 16:29:55 MainClientExec.java DEBUG [Forwarding clickElement on session 98a08898ad2c7248349520a9d0e40656 to remote] execchain.MainClientExec 208 - Stale connection check
01-03-2022 16:29:55 Wire.java DEBUG [Forwarding clickElement on session 98a08898ad2c7248349520a9d0e40656 to remote] http.wire 87 - http-outgoing-2 << "[read] I/O error: Read timed out"
01-03-2022 16:29:55 LoggingManagedHttpClientConnection.java DEBUG [Forwarding clickElement on session 98a08898ad2c7248349520a9d0e40656 to remote] conn.DefaultManagedHttpClientConnection 88 - http-outgoing-2: set socket timeout to 10800000
01-03-2022 16:29:55 MainClientExec.java DEBUG [Forwarding clickElement on session 98a08898ad2c7248349520a9d0e40656 to remote] execchain.MainClientExec 256 - Executing request POST /session/98a08898ad2c7248349520a9d0e40656/element/78f3fd9d-226f-409c-9360-a4c4638547bf/click HTTP/1.1
01-03-2022 16:29:55 MainClientExec.java DEBUG [Forwarding clickElement on session 98a08898ad2c7248349520a9d0e40656 to remote] execchain.MainClientExec 261 - Target auth state: UNCHALLENGED
01-03-2022 16:29:55 MainClientExec.java DEBUG [Forwarding clickElement on session 98a08898ad2c7248349520a9d0e40656 to remote] execchain.MainClientExec 267 - Proxy auth state: UNCHALLENGED
01-03-2022 16:29:55 LoggingManagedHttpClientConnection.java DEBUG [Forwarding clickElement on session 98a08898ad2c7248349520a9d0e40656 to remote] http.headers 133 - http-outgoing-2 >> POST /session/98a08898ad2c7248349520a9d0e40656/element/78f3fd9d-226f-409c-9360-a4c4638547bf/click HTTP/1.1
01-03-2022 16:29:55 LoggingManagedHttpClientConnection.java DEBUG [Forwarding clickElement on session 98a08898ad2c7248349520a9d0e40656 to remote] http.headers 136 - http-outgoing-2 >> Content-Type: application/json; charset=utf-8
01-03-2022 16:29:55 LoggingManagedHttpClientConnection.java DEBUG [Forwarding clickElement on session 98a08898ad2c7248349520a9d0e40656 to remote] http.headers 136 - http-outgoing-2 >> Content-Length: 45
01-03-2022 16:29:55 LoggingManagedHttpClientConnection.java DEBUG [Forwarding clickElement on session 98a08898ad2c7248349520a9d0e40656 to remote] http.headers 136 - http-outgoing-2 >> Host: localhost:31586
01-03-2022 16:29:55 LoggingManagedHttpClientConnection.java DEBUG [Forwarding clickElement on session 98a08898ad2c7248349520a9d0e40656 to remote] http.headers 136 - http-outgoing-2 >> Connection: Keep-Alive
01-03-2022 16:29:55 LoggingManagedHttpClientConnection.java DEBUG [Forwarding clickElement on session 98a08898ad2c7248349520a9d0e40656 to remote] http.headers 136 - http-outgoing-2 >> User-Agent: Apache-HttpClient/4.5.3 (Java/1.8.0_202)
01-03-2022 16:29:55 LoggingManagedHttpClientConnection.java DEBUG [Forwarding clickElement on session 98a08898ad2c7248349520a9d0e40656 to remote] http.headers 136 - http-outgoing-2 >> Accept-Encoding: gzip,deflate
01-03-2022 16:29:55 Wire.java DEBUG [Forwarding clickElement on session 98a08898ad2c7248349520a9d0e40656 to remote] http.wire 73 - http-outgoing-2 >> "POST /session/98a08898ad2c7248349520a9d0e40656/element/78f3fd9d-226f-409c-9360-a4c4638547bf/click HTTP/1.1[\r][\n]"
01-03-2022 16:29:55 Wire.java DEBUG [Forwarding clickElement on session 98a08898ad2c7248349520a9d0e40656 to remote] http.wire 73 - http-outgoing-2 >> "Content-Type: application/json; charset=utf-8[\r][\n]"
01-03-2022 16:29:55 Wire.java DEBUG [Forwarding clickElement on session 98a08898ad2c7248349520a9d0e40656 to remote] http.wire 73 - http-outgoing-2 >> "Content-Length: 45[\r][\n]"
01-03-2022 16:29:55 Wire.java DEBUG [Forwarding clickElement on session 98a08898ad2c7248349520a9d0e40656 to remote] http.wire 73 - http-outgoing-2 >> "Host: localhost:31586[\r][\n]"
01-03-2022 16:29:55 Wire.java DEBUG [Forwarding clickElement on session 98a08898ad2c7248349520a9d0e40656 to remote] http.wire 73 - http-outgoing-2 >> "Connection: Keep-Alive[\r][\n]"
01-03-2022 16:29:55 Wire.java DEBUG [Forwarding clickElement on session 98a08898ad2c7248349520a9d0e40656 to remote] http.wire 73 - http-outgoing-2 >> "User-Agent: Apache-HttpClient/4.5.3 (Java/1.8.0_202)[\r][\n]"
01-03-2022 16:29:55 Wire.java DEBUG [Forwarding clickElement on session 98a08898ad2c7248349520a9d0e40656 to remote] http.wire 73 - http-outgoing-2 >> "Accept-Encoding: gzip,deflate[\r][\n]"
01-03-2022 16:29:55 Wire.java DEBUG [Forwarding clickElement on session 98a08898ad2c7248349520a9d0e40656 to remote] http.wire 73 - http-outgoing-2 >> "[\r][\n]"
01-03-2022 16:29:55 Wire.java DEBUG [Forwarding clickElement on session 98a08898ad2c7248349520a9d0e40656 to remote] http.wire 87 - http-outgoing-2 >> "{"id":"78f3fd9d-226f-409c-9360-a4c4638547bf"}"
01-03-2022 16:30:12 Wire.java DEBUG [Forwarding clickElement on session 98a08898ad2c7248349520a9d0e40656 to remote] http.wire 73 - http-outgoing-2 << "HTTP/1.1 200 OK[\r][\n]"
01-03-2022 16:30:12 Wire.java DEBUG [Forwarding clickElement on session 98a08898ad2c7248349520a9d0e40656 to remote] http.wire 73 - http-outgoing-2 << "Content-Length:14[\r][\n]"
01-03-2022 16:30:12 Wire.java DEBUG [Forwarding clickElement on session 98a08898ad2c7248349520a9d0e40656 to remote] http.wire 73 - http-outgoing-2 << "Content-Type:application/json; charset=utf-8[\r][\n]"
01-03-2022 16:30:12 Wire.java DEBUG [Forwarding clickElement on session 98a08898ad2c7248349520a9d0e40656 to remote] http.wire 73 - http-outgoing-2 << "cache-control:no-cache[\r][\n]"
01-03-2022 16:30:12 Wire.java DEBUG [Forwarding clickElement on session 98a08898ad2c7248349520a9d0e40656 to remote] http.wire 73 - http-outgoing-2 << "[\r][\n]"
01-03-2022 16:30:12 Wire.java DEBUG [Forwarding clickElement on session 98a08898ad2c7248349520a9d0e40656 to remote] http.wire 87 - http-outgoing-2 << "{"value":null}"
01-03-2022 16:30:12 LoggingManagedHttpClientConnection.java DEBUG [Forwarding clickElement on session 98a08898ad2c7248349520a9d0e40656 to remote] http.headers 122 - http-outgoing-2 << HTTP/1.1 200 OK
01-03-2022 16:30:12 LoggingManagedHttpClientConnection.java DEBUG [Forwarding clickElement on session 98a08898ad2c7248349520a9d0e40656 to remote] http.headers 125 - http-outgoing-2 << Content-Length:14
01-03-2022 16:30:12 LoggingManagedHttpClientConnection.java DEBUG [Forwarding clickElement on session 98a08898ad2c7248349520a9d0e40656 to remote] http.headers 125 - http-outgoing-2 << Content-Type:application/json; charset=utf-8
01-03-2022 16:30:12 LoggingManagedHttpClientConnection.java DEBUG [Forwarding clickElement on session 98a08898ad2c7248349520a9d0e40656 to remote] http.headers 125 - http-outgoing-2 << cache-control:no-cache
01-03-2022 16:30:12 MainClientExec.java DEBUG [Forwarding clickElement on session 98a08898ad2c7248349520a9d0e40656 to remote] execchain.MainClientExec 285 - Connection can be kept alive indefinitely
01-03-2022 16:30:12 PoolingHttpClientConnectionManager.java DEBUG [Forwarding clickElement on session 98a08898ad2c7248349520a9d0e40656 to remote] conn.PoolingHttpClientConnectionManager 320 - Connection [id: 2][route: {}->http://localhost:31586] can be kept alive indefinitely
01-03-2022 16:30:12 PoolingHttpClientConnectionManager.java DEBUG [Forwarding clickElement on session 98a08898ad2c7248349520a9d0e40656 to remote] conn.PoolingHttpClientConnectionManager 326 - Connection released: [id: 2][route: {}->http://localhost:31586][total kept alive: 3; route allocated: 1 of 2000; total allocated: 3 of 2000]
Clicked on: [[ChromeDriver: chrome on WINDOWS (98a08898ad2c7248349520a9d0e40656)] -> xpath: //a[text()='Feedback']]
Trying to find Element By : By.id: your-name
01-03-2022 16:30:12 RequestAddCookies.java DEBUG [Forwarding findElement on session 98a08898ad2c7248349520a9d0e40656 to remote] protocol.RequestAddCookies 123 - CookieSpec selected: default
01-03-2022 16:30:12 RequestAuthCache.java DEBUG [Forwarding findElement on session 98a08898ad2c7248349520a9d0e40656 to remote] protocol.RequestAuthCache 77 - Auth cache not set in the context
01-03-2022 16:30:12 PoolingHttpClientConnectionManager.java DEBUG [Forwarding findElement on session 98a08898ad2c7248349520a9d0e40656 to remote] conn.PoolingHttpClientConnectionManager 255 - Connection request: [route: {}->http://localhost:31586][total kept alive: 3; route allocated: 1 of 2000; total allocated: 3 of 2000]
01-03-2022 16:30:12 PoolingHttpClientConnectionManager.java DEBUG [Forwarding findElement on session 98a08898ad2c7248349520a9d0e40656 to remote] conn.PoolingHttpClientConnectionManager 288 - Connection leased: [id: 2][route: {}->http://localhost:31586][total kept alive: 2; route allocated: 1 of 2000; total allocated: 3 of 2000]
01-03-2022 16:30:12 MainClientExec.java DEBUG [Forwarding findElement on session 98a08898ad2c7248349520a9d0e40656 to remote] execchain.MainClientExec 208 - Stale connection check
01-03-2022 16:30:12 Wire.java DEBUG [Forwarding findElement on session 98a08898ad2c7248349520a9d0e40656 to remote] http.wire 87 - http-outgoing-2 << "[read] I/O error: Read timed out"
01-03-2022 16:30:12 LoggingManagedHttpClientConnection.java DEBUG [Forwarding findElement on session 98a08898ad2c7248349520a9d0e40656 to remote] conn.DefaultManagedHttpClientConnection 88 - http-outgoing-2: set socket timeout to 10800000
01-03-2022 16:30:12 MainClientExec.java DEBUG [Forwarding findElement on session 98a08898ad2c7248349520a9d0e40656 to remote] execchain.MainClientExec 256 - Executing request POST /session/98a08898ad2c7248349520a9d0e40656/element HTTP/1.1
01-03-2022 16:30:12 MainClientExec.java DEBUG [Forwarding findElement on session 98a08898ad2c7248349520a9d0e40656 to remote] execchain.MainClientExec 261 - Target auth state: UNCHALLENGED
01-03-2022 16:30:12 MainClientExec.java DEBUG [Forwarding findElement on session 98a08898ad2c7248349520a9d0e40656 to remote] execchain.MainClientExec 267 - Proxy auth state: UNCHALLENGED
01-03-2022 16:30:12 LoggingManagedHttpClientConnection.java DEBUG [Forwarding findElement on session 98a08898ad2c7248349520a9d0e40656 to remote] http.headers 133 - http-outgoing-2 >> POST /session/98a08898ad2c7248349520a9d0e40656/element HTTP/1.1
01-03-2022 16:30:12 LoggingManagedHttpClientConnection.java DEBUG [Forwarding findElement on session 98a08898ad2c7248349520a9d0e40656 to remote] http.headers 136 - http-outgoing-2 >> Content-Type: application/json; charset=utf-8
01-03-2022 16:30:12 LoggingManagedHttpClientConnection.java DEBUG [Forwarding findElement on session 98a08898ad2c7248349520a9d0e40656 to remote] http.headers 136 - http-outgoing-2 >> Content-Length: 47
01-03-2022 16:30:12 LoggingManagedHttpClientConnection.java DEBUG [Forwarding findElement on session 98a08898ad2c7248349520a9d0e40656 to remote] http.headers 136 - http-outgoing-2 >> Host: localhost:31586
01-03-2022 16:30:12 LoggingManagedHttpClientConnection.java DEBUG [Forwarding findElement on session 98a08898ad2c7248349520a9d0e40656 to remote] http.headers 136 - http-outgoing-2 >> Connection: Keep-Alive
01-03-2022 16:30:12 LoggingManagedHttpClientConnection.java DEBUG [Forwarding findElement on session 98a08898ad2c7248349520a9d0e40656 to remote] http.headers 136 - http-outgoing-2 >> User-Agent: Apache-HttpClient/4.5.3 (Java/1.8.0_202)
01-03-2022 16:30:12 LoggingManagedHttpClientConnection.java DEBUG [Forwarding findElement on session 98a08898ad2c7248349520a9d0e40656 to remote] http.headers 136 - http-outgoing-2 >> Accept-Encoding: gzip,deflate
01-03-2022 16:30:12 Wire.java DEBUG [Forwarding findElement on session 98a08898ad2c7248349520a9d0e40656 to remote] http.wire 73 - http-outgoing-2 >> "POST /session/98a08898ad2c7248349520a9d0e40656/element HTTP/1.1[\r][\n]"
01-03-2022 16:30:12 Wire.java DEBUG [Forwarding findElement on session 98a08898ad2c7248349520a9d0e40656 to remote] http.wire 73 - http-outgoing-2 >> "Content-Type: application/json; charset=utf-8[\r][\n]"
01-03-2022 16:30:12 Wire.java DEBUG [Forwarding findElement on session 98a08898ad2c7248349520a9d0e40656 to remote] http.wire 73 - http-outgoing-2 >> "Content-Length: 47[\r][\n]"
01-03-2022 16:30:12 Wire.java DEBUG [Forwarding findElement on session 98a08898ad2c7248349520a9d0e40656 to remote] http.wire 73 - http-outgoing-2 >> "Host: localhost:31586[\r][\n]"
01-03-2022 16:30:12 Wire.java DEBUG [Forwarding findElement on session 98a08898ad2c7248349520a9d0e40656 to remote] http.wire 73 - http-outgoing-2 >> "Connection: Keep-Alive[\r][\n]"
01-03-2022 16:30:12 Wire.java DEBUG [Forwarding findElement on session 98a08898ad2c7248349520a9d0e40656 to remote] http.wire 73 - http-outgoing-2 >> "User-Agent: Apache-HttpClient/4.5.3 (Java/1.8.0_202)[\r][\n]"
01-03-2022 16:30:12 Wire.java DEBUG [Forwarding findElement on session 98a08898ad2c7248349520a9d0e40656 to remote] http.wire 73 - http-outgoing-2 >> "Accept-Encoding: gzip,deflate[\r][\n]"
01-03-2022 16:30:12 Wire.java DEBUG [Forwarding findElement on session 98a08898ad2c7248349520a9d0e40656 to remote] http.wire 73 - http-outgoing-2 >> "[\r][\n]"
01-03-2022 16:30:12 Wire.java DEBUG [Forwarding findElement on session 98a08898ad2c7248349520a9d0e40656 to remote] http.wire 87 - http-outgoing-2 >> "{"value":"#your\\-name","using":"css selector"}"
01-03-2022 16:30:12 Wire.java DEBUG [Forwarding findElement on session 98a08898ad2c7248349520a9d0e40656 to remote] http.wire 73 - http-outgoing-2 << "HTTP/1.1 200 OK[\r][\n]"
01-03-2022 16:30:12 Wire.java DEBUG [Forwarding findElement on session 98a08898ad2c7248349520a9d0e40656 to remote] http.wire 73 - http-outgoing-2 << "Content-Length:88[\r][\n]"
01-03-2022 16:30:12 Wire.java DEBUG [Forwarding findElement on session 98a08898ad2c7248349520a9d0e40656 to remote] http.wire 73 - http-outgoing-2 << "Content-Type:application/json; charset=utf-8[\r][\n]"
01-03-2022 16:30:12 Wire.java DEBUG [Forwarding findElement on session 98a08898ad2c7248349520a9d0e40656 to remote] http.wire 73 - http-outgoing-2 << "cache-control:no-cache[\r][\n]"
01-03-2022 16:30:12 Wire.java DEBUG [Forwarding findElement on session 98a08898ad2c7248349520a9d0e40656 to remote] http.wire 73 - http-outgoing-2 << "[\r][\n]"
01-03-2022 16:30:12 Wire.java DEBUG [Forwarding findElement on session 98a08898ad2c7248349520a9d0e40656 to remote] http.wire 87 - http-outgoing-2 << "{"value":{"element-6066-11e4-a52e-4f735466cecf":"74f555d4-c26d-4416-8a53-e5801e741ae9"}}"
01-03-2022 16:30:12 LoggingManagedHttpClientConnection.java DEBUG [Forwarding findElement on session 98a08898ad2c7248349520a9d0e40656 to remote] http.headers 122 - http-outgoing-2 << HTTP/1.1 200 OK
01-03-2022 16:30:12 LoggingManagedHttpClientConnection.java DEBUG [Forwarding findElement on session 98a08898ad2c7248349520a9d0e40656 to remote] http.headers 125 - http-outgoing-2 << Content-Length:88
01-03-2022 16:30:12 LoggingManagedHttpClientConnection.java DEBUG [Forwarding findElement on session 98a08898ad2c7248349520a9d0e40656 to remote] http.headers 125 - http-outgoing-2 << Content-Type:application/json; charset=utf-8
01-03-2022 16:30:12 LoggingManagedHttpClientConnection.java DEBUG [Forwarding findElement on session 98a08898ad2c7248349520a9d0e40656 to remote] http.headers 125 - http-outgoing-2 << cache-control:no-cache
01-03-2022 16:30:12 MainClientExec.java DEBUG [Forwarding findElement on session 98a08898ad2c7248349520a9d0e40656 to remote] execchain.MainClientExec 285 - Connection can be kept alive indefinitely
01-03-2022 16:30:12 PoolingHttpClientConnectionManager.java DEBUG [Forwarding findElement on session 98a08898ad2c7248349520a9d0e40656 to remote] conn.PoolingHttpClientConnectionManager 320 - Connection [id: 2][route: {}->http://localhost:31586] can be kept alive indefinitely
01-03-2022 16:30:12 PoolingHttpClientConnectionManager.java DEBUG [Forwarding findElement on session 98a08898ad2c7248349520a9d0e40656 to remote] conn.PoolingHttpClientConnectionManager 326 - Connection released: [id: 2][route: {}->http://localhost:31586][total kept alive: 3; route allocated: 1 of 2000; total allocated: 3 of 2000]
Found Element By : By.id: your-name
01-03-2022 16:30:12 RequestAddCookies.java DEBUG [Forwarding sendKeysToElement on session 98a08898ad2c7248349520a9d0e40656 to remote] protocol.RequestAddCookies 123 - CookieSpec selected: default
01-03-2022 16:30:12 RequestAuthCache.java DEBUG [Forwarding sendKeysToElement on session 98a08898ad2c7248349520a9d0e40656 to remote] protocol.RequestAuthCache 77 - Auth cache not set in the context
01-03-2022 16:30:12 PoolingHttpClientConnectionManager.java DEBUG [Forwarding sendKeysToElement on session 98a08898ad2c7248349520a9d0e40656 to remote] conn.PoolingHttpClientConnectionManager 255 - Connection request: [route: {}->http://localhost:31586][total kept alive: 3; route allocated: 1 of 2000; total allocated: 3 of 2000]
01-03-2022 16:30:12 PoolingHttpClientConnectionManager.java DEBUG [Forwarding sendKeysToElement on session 98a08898ad2c7248349520a9d0e40656 to remote] conn.PoolingHttpClientConnectionManager 288 - Connection leased: [id: 2][route: {}->http://localhost:31586][total kept alive: 2; route allocated: 1 of 2000; total allocated: 3 of 2000]
01-03-2022 16:30:12 MainClientExec.java DEBUG [Forwarding sendKeysToElement on session 98a08898ad2c7248349520a9d0e40656 to remote] execchain.MainClientExec 208 - Stale connection check
01-03-2022 16:30:12 Wire.java DEBUG [Forwarding sendKeysToElement on session 98a08898ad2c7248349520a9d0e40656 to remote] http.wire 87 - http-outgoing-2 << "[read] I/O error: Read timed out"
01-03-2022 16:30:12 LoggingManagedHttpClientConnection.java DEBUG [Forwarding sendKeysToElement on session 98a08898ad2c7248349520a9d0e40656 to remote] conn.DefaultManagedHttpClientConnection 88 - http-outgoing-2: set socket timeout to 10800000
01-03-2022 16:30:12 MainClientExec.java DEBUG [Forwarding sendKeysToElement on session 98a08898ad2c7248349520a9d0e40656 to remote] execchain.MainClientExec 256 - Executing request POST /session/98a08898ad2c7248349520a9d0e40656/element/74f555d4-c26d-4416-8a53-e5801e741ae9/value HTTP/1.1
01-03-2022 16:30:12 MainClientExec.java DEBUG [Forwarding sendKeysToElement on session 98a08898ad2c7248349520a9d0e40656 to remote] execchain.MainClientExec 261 - Target auth state: UNCHALLENGED
01-03-2022 16:30:12 MainClientExec.java DEBUG [Forwarding sendKeysToElement on session 98a08898ad2c7248349520a9d0e40656 to remote] execchain.MainClientExec 267 - Proxy auth state: UNCHALLENGED
01-03-2022 16:30:12 LoggingManagedHttpClientConnection.java DEBUG [Forwarding sendKeysToElement on session 98a08898ad2c7248349520a9d0e40656 to remote] http.headers 133 - http-outgoing-2 >> POST /session/98a08898ad2c7248349520a9d0e40656/element/74f555d4-c26d-4416-8a53-e5801e741ae9/value HTTP/1.1
01-03-2022 16:30:12 LoggingManagedHttpClientConnection.java DEBUG [Forwarding sendKeysToElement on session 98a08898ad2c7248349520a9d0e40656 to remote] http.headers 136 - http-outgoing-2 >> Content-Type: application/json; charset=utf-8
01-03-2022 16:30:12 LoggingManagedHttpClientConnection.java DEBUG [Forwarding sendKeysToElement on session 98a08898ad2c7248349520a9d0e40656 to remote] http.headers 136 - http-outgoing-2 >> Content-Length: 85
01-03-2022 16:30:12 LoggingManagedHttpClientConnection.java DEBUG [Forwarding sendKeysToElement on session 98a08898ad2c7248349520a9d0e40656 to remote] http.headers 136 - http-outgoing-2 >> Host: localhost:31586
01-03-2022 16:30:12 LoggingManagedHttpClientConnection.java DEBUG [Forwarding sendKeysToElement on session 98a08898ad2c7248349520a9d0e40656 to remote] http.headers 136 - http-outgoing-2 >> Connection: Keep-Alive
01-03-2022 16:30:12 LoggingManagedHttpClientConnection.java DEBUG [Forwarding sendKeysToElement on session 98a08898ad2c7248349520a9d0e40656 to remote] http.headers 136 - http-outgoing-2 >> User-Agent: Apache-HttpClient/4.5.3 (Java/1.8.0_202)
01-03-2022 16:30:12 LoggingManagedHttpClientConnection.java DEBUG [Forwarding sendKeysToElement on session 98a08898ad2c7248349520a9d0e40656 to remote] http.headers 136 - http-outgoing-2 >> Accept-Encoding: gzip,deflate
01-03-2022 16:30:12 Wire.java DEBUG [Forwarding sendKeysToElement on session 98a08898ad2c7248349520a9d0e40656 to remote] http.wire 73 - http-outgoing-2 >> "POST /session/98a08898ad2c7248349520a9d0e40656/element/74f555d4-c26d-4416-8a53-e5801e741ae9/value HTTP/1.1[\r][\n]"
01-03-2022 16:30:12 Wire.java DEBUG [Forwarding sendKeysToElement on session 98a08898ad2c7248349520a9d0e40656 to remote] http.wire 73 - http-outgoing-2 >> "Content-Type: application/json; charset=utf-8[\r][\n]"
01-03-2022 16:30:12 Wire.java DEBUG [Forwarding sendKeysToElement on session 98a08898ad2c7248349520a9d0e40656 to remote] http.wire 73 - http-outgoing-2 >> "Content-Length: 85[\r][\n]"
01-03-2022 16:30:12 Wire.java DEBUG [Forwarding sendKeysToElement on session 98a08898ad2c7248349520a9d0e40656 to remote] http.wire 73 - http-outgoing-2 >> "Host: localhost:31586[\r][\n]"
01-03-2022 16:30:12 Wire.java DEBUG [Forwarding sendKeysToElement on session 98a08898ad2c7248349520a9d0e40656 to remote] http.wire 73 - http-outgoing-2 >> "Connection: Keep-Alive[\r][\n]"
01-03-2022 16:30:12 Wire.java DEBUG [Forwarding sendKeysToElement on session 98a08898ad2c7248349520a9d0e40656 to remote] http.wire 73 - http-outgoing-2 >> "User-Agent: Apache-HttpClient/4.5.3 (Java/1.8.0_202)[\r][\n]"
01-03-2022 16:30:12 Wire.java DEBUG [Forwarding sendKeysToElement on session 98a08898ad2c7248349520a9d0e40656 to remote] http.wire 73 - http-outgoing-2 >> "Accept-Encoding: gzip,deflate[\r][\n]"
01-03-2022 16:30:12 Wire.java DEBUG [Forwarding sendKeysToElement on session 98a08898ad2c7248349520a9d0e40656 to remote] http.wire 73 - http-outgoing-2 >> "[\r][\n]"
01-03-2022 16:30:12 Wire.java DEBUG [Forwarding sendKeysToElement on session 98a08898ad2c7248349520a9d0e40656 to remote] http.wire 87 - http-outgoing-2 >> "{"id":"74f555d4-c26d-4416-8a53-e5801e741ae9","text":"Ajay","value":["A","j","a","y"]}"
01-03-2022 16:30:12 Wire.java DEBUG [Forwarding sendKeysToElement on session 98a08898ad2c7248349520a9d0e40656 to remote] http.wire 73 - http-outgoing-2 << "HTTP/1.1 200 OK[\r][\n]"
01-03-2022 16:30:12 Wire.java DEBUG [Forwarding sendKeysToElement on session 98a08898ad2c7248349520a9d0e40656 to remote] http.wire 73 - http-outgoing-2 << "Content-Length:14[\r][\n]"
01-03-2022 16:30:12 Wire.java DEBUG [Forwarding sendKeysToElement on session 98a08898ad2c7248349520a9d0e40656 to remote] http.wire 73 - http-outgoing-2 << "Content-Type:application/json; charset=utf-8[\r][\n]"
01-03-2022 16:30:12 Wire.java DEBUG [Forwarding sendKeysToElement on session 98a08898ad2c7248349520a9d0e40656 to remote] http.wire 73 - http-outgoing-2 << "cache-control:no-cache[\r][\n]"
01-03-2022 16:30:12 Wire.java DEBUG [Forwarding sendKeysToElement on session 98a08898ad2c7248349520a9d0e40656 to remote] http.wire 73 - http-outgoing-2 << "[\r][\n]"
01-03-2022 16:30:12 Wire.java DEBUG [Forwarding sendKeysToElement on session 98a08898ad2c7248349520a9d0e40656 to remote] http.wire 87 - http-outgoing-2 << "{"value":null}"
01-03-2022 16:30:12 LoggingManagedHttpClientConnection.java DEBUG [Forwarding sendKeysToElement on session 98a08898ad2c7248349520a9d0e40656 to remote] http.headers 122 - http-outgoing-2 << HTTP/1.1 200 OK
01-03-2022 16:30:12 LoggingManagedHttpClientConnection.java DEBUG [Forwarding sendKeysToElement on session 98a08898ad2c7248349520a9d0e40656 to remote] http.headers 125 - http-outgoing-2 << Content-Length:14
01-03-2022 16:30:12 LoggingManagedHttpClientConnection.java DEBUG [Forwarding sendKeysToElement on session 98a08898ad2c7248349520a9d0e40656 to remote] http.headers 125 - http-outgoing-2 << Content-Type:application/json; charset=utf-8
01-03-2022 16:30:12 LoggingManagedHttpClientConnection.java DEBUG [Forwarding sendKeysToElement on session 98a08898ad2c7248349520a9d0e40656 to remote] http.headers 125 - http-outgoing-2 << cache-control:no-cache
01-03-2022 16:30:12 MainClientExec.java DEBUG [Forwarding sendKeysToElement on session 98a08898ad2c7248349520a9d0e40656 to remote] execchain.MainClientExec 285 - Connection can be kept alive indefinitely
01-03-2022 16:30:12 PoolingHttpClientConnectionManager.java DEBUG [Forwarding sendKeysToElement on session 98a08898ad2c7248349520a9d0e40656 to remote] conn.PoolingHttpClientConnectionManager 320 - Connection [id: 2][route: {}->http://localhost:31586] can be kept alive indefinitely
01-03-2022 16:30:12 PoolingHttpClientConnectionManager.java DEBUG [Forwarding sendKeysToElement on session 98a08898ad2c7248349520a9d0e40656 to remote] conn.PoolingHttpClientConnectionManager 326 - Connection released: [id: 2][route: {}->http://localhost:31586][total kept alive: 3; route allocated: 1 of 2000; total allocated: 3 of 2000]
Trying to find Element By : By.id: your-email
01-03-2022 16:30:12 RequestAddCookies.java DEBUG [Forwarding findElement on session 98a08898ad2c7248349520a9d0e40656 to remote] protocol.RequestAddCookies 123 - CookieSpec selected: default
01-03-2022 16:30:12 RequestAuthCache.java DEBUG [Forwarding findElement on session 98a08898ad2c7248349520a9d0e40656 to remote] protocol.RequestAuthCache 77 - Auth cache not set in the context
01-03-2022 16:30:12 PoolingHttpClientConnectionManager.java DEBUG [Forwarding findElement on session 98a08898ad2c7248349520a9d0e40656 to remote] conn.PoolingHttpClientConnectionManager 255 - Connection request: [route: {}->http://localhost:31586][total kept alive: 3; route allocated: 1 of 2000; total allocated: 3 of 2000]
01-03-2022 16:30:12 PoolingHttpClientConnectionManager.java DEBUG [Forwarding findElement on session 98a08898ad2c7248349520a9d0e40656 to remote] conn.PoolingHttpClientConnectionManager 288 - Connection leased: [id: 2][route: {}->http://localhost:31586][total kept alive: 2; route allocated: 1 of 2000; total allocated: 3 of 2000]
01-03-2022 16:30:12 MainClientExec.java DEBUG [Forwarding findElement on session 98a08898ad2c7248349520a9d0e40656 to remote] execchain.MainClientExec 208 - Stale connection check
01-03-2022 16:30:12 Wire.java DEBUG [Forwarding findElement on session 98a08898ad2c7248349520a9d0e40656 to remote] http.wire 87 - http-outgoing-2 << "[read] I/O error: Read timed out"
01-03-2022 16:30:12 LoggingManagedHttpClientConnection.java DEBUG [Forwarding findElement on session 98a08898ad2c7248349520a9d0e40656 to remote] conn.DefaultManagedHttpClientConnection 88 - http-outgoing-2: set socket timeout to 10800000
01-03-2022 16:30:12 MainClientExec.java DEBUG [Forwarding findElement on session 98a08898ad2c7248349520a9d0e40656 to remote] execchain.MainClientExec 256 - Executing request POST /session/98a08898ad2c7248349520a9d0e40656/element HTTP/1.1
01-03-2022 16:30:12 MainClientExec.java DEBUG [Forwarding findElement on session 98a08898ad2c7248349520a9d0e40656 to remote] execchain.MainClientExec 261 - Target auth state: UNCHALLENGED
01-03-2022 16:30:12 MainClientExec.java DEBUG [Forwarding findElement on session 98a08898ad2c7248349520a9d0e40656 to remote] execchain.MainClientExec 267 - Proxy auth state: UNCHALLENGED
01-03-2022 16:30:12 LoggingManagedHttpClientConnection.java DEBUG [Forwarding findElement on session 98a08898ad2c7248349520a9d0e40656 to remote] http.headers 133 - http-outgoing-2 >> POST /session/98a08898ad2c7248349520a9d0e40656/element HTTP/1.1
01-03-2022 16:30:12 LoggingManagedHttpClientConnection.java DEBUG [Forwarding findElement on session 98a08898ad2c7248349520a9d0e40656 to remote] http.headers 136 - http-outgoing-2 >> Content-Type: application/json; charset=utf-8
01-03-2022 16:30:12 LoggingManagedHttpClientConnection.java DEBUG [Forwarding findElement on session 98a08898ad2c7248349520a9d0e40656 to remote] http.headers 136 - http-outgoing-2 >> Content-Length: 48
01-03-2022 16:30:12 LoggingManagedHttpClientConnection.java DEBUG [Forwarding findElement on session 98a08898ad2c7248349520a9d0e40656 to remote] http.headers 136 - http-outgoing-2 >> Host: localhost:31586
01-03-2022 16:30:12 LoggingManagedHttpClientConnection.java DEBUG [Forwarding findElement on session 98a08898ad2c7248349520a9d0e40656 to remote] http.headers 136 - http-outgoing-2 >> Connection: Keep-Alive
01-03-2022 16:30:12 LoggingManagedHttpClientConnection.java DEBUG [Forwarding findElement on session 98a08898ad2c7248349520a9d0e40656 to remote] http.headers 136 - http-outgoing-2 >> User-Agent: Apache-HttpClient/4.5.3 (Java/1.8.0_202)
01-03-2022 16:30:12 LoggingManagedHttpClientConnection.java DEBUG [Forwarding findElement on session 98a08898ad2c7248349520a9d0e40656 to remote] http.headers 136 - http-outgoing-2 >> Accept-Encoding: gzip,deflate
01-03-2022 16:30:12 Wire.java DEBUG [Forwarding findElement on session 98a08898ad2c7248349520a9d0e40656 to remote] http.wire 73 - http-outgoing-2 >> "POST /session/98a08898ad2c7248349520a9d0e40656/element HTTP/1.1[\r][\n]"
01-03-2022 16:30:12 Wire.java DEBUG [Forwarding findElement on session 98a08898ad2c7248349520a9d0e40656 to remote] http.wire 73 - http-outgoing-2 >> "Content-Type: application/json; charset=utf-8[\r][\n]"
01-03-2022 16:30:12 Wire.java DEBUG [Forwarding findElement on session 98a08898ad2c7248349520a9d0e40656 to remote] http.wire 73 - http-outgoing-2 >> "Content-Length: 48[\r][\n]"
01-03-2022 16:30:12 Wire.java DEBUG [Forwarding findElement on session 98a08898ad2c7248349520a9d0e40656 to remote] http.wire 73 - http-outgoing-2 >> "Host: localhost:31586[\r][\n]"
01-03-2022 16:30:12 Wire.java DEBUG [Forwarding findElement on session 98a08898ad2c7248349520a9d0e40656 to remote] http.wire 73 - http-outgoing-2 >> "Connection: Keep-Alive[\r][\n]"
01-03-2022 16:30:12 Wire.java DEBUG [Forwarding findElement on session 98a08898ad2c7248349520a9d0e40656 to remote] http.wire 73 - http-outgoing-2 >> "User-Agent: Apache-HttpClient/4.5.3 (Java/1.8.0_202)[\r][\n]"
01-03-2022 16:30:12 Wire.java DEBUG [Forwarding findElement on session 98a08898ad2c7248349520a9d0e40656 to remote] http.wire 73 - http-outgoing-2 >> "Accept-Encoding: gzip,deflate[\r][\n]"
01-03-2022 16:30:12 Wire.java DEBUG [Forwarding findElement on session 98a08898ad2c7248349520a9d0e40656 to remote] http.wire 73 - http-outgoing-2 >> "[\r][\n]"
01-03-2022 16:30:12 Wire.java DEBUG [Forwarding findElement on session 98a08898ad2c7248349520a9d0e40656 to remote] http.wire 87 - http-outgoing-2 >> "{"value":"#your\\-email","using":"css selector"}"
01-03-2022 16:30:12 Wire.java DEBUG [Forwarding findElement on session 98a08898ad2c7248349520a9d0e40656 to remote] http.wire 73 - http-outgoing-2 << "HTTP/1.1 200 OK[\r][\n]"
01-03-2022 16:30:12 Wire.java DEBUG [Forwarding findElement on session 98a08898ad2c7248349520a9d0e40656 to remote] http.wire 73 - http-outgoing-2 << "Content-Length:88[\r][\n]"
01-03-2022 16:30:12 Wire.java DEBUG [Forwarding findElement on session 98a08898ad2c7248349520a9d0e40656 to remote] http.wire 73 - http-outgoing-2 << "Content-Type:application/json; charset=utf-8[\r][\n]"
01-03-2022 16:30:12 Wire.java DEBUG [Forwarding findElement on session 98a08898ad2c7248349520a9d0e40656 to remote] http.wire 73 - http-outgoing-2 << "cache-control:no-cache[\r][\n]"
01-03-2022 16:30:12 Wire.java DEBUG [Forwarding findElement on session 98a08898ad2c7248349520a9d0e40656 to remote] http.wire 73 - http-outgoing-2 << "[\r][\n]"
01-03-2022 16:30:12 Wire.java DEBUG [Forwarding findElement on session 98a08898ad2c7248349520a9d0e40656 to remote] http.wire 87 - http-outgoing-2 << "{"value":{"element-6066-11e4-a52e-4f735466cecf":"56b182e9-3ba0-4866-be11-51764a8268ad"}}"
01-03-2022 16:30:12 LoggingManagedHttpClientConnection.java DEBUG [Forwarding findElement on session 98a08898ad2c7248349520a9d0e40656 to remote] http.headers 122 - http-outgoing-2 << HTTP/1.1 200 OK
01-03-2022 16:30:12 LoggingManagedHttpClientConnection.java DEBUG [Forwarding findElement on session 98a08898ad2c7248349520a9d0e40656 to remote] http.headers 125 - http-outgoing-2 << Content-Length:88
01-03-2022 16:30:12 LoggingManagedHttpClientConnection.java DEBUG [Forwarding findElement on session 98a08898ad2c7248349520a9d0e40656 to remote] http.headers 125 - http-outgoing-2 << Content-Type:application/json; charset=utf-8
01-03-2022 16:30:12 LoggingManagedHttpClientConnection.java DEBUG [Forwarding findElement on session 98a08898ad2c7248349520a9d0e40656 to remote] http.headers 125 - http-outgoing-2 << cache-control:no-cache
01-03-2022 16:30:12 MainClientExec.java DEBUG [Forwarding findElement on session 98a08898ad2c7248349520a9d0e40656 to remote] execchain.MainClientExec 285 - Connection can be kept alive indefinitely
01-03-2022 16:30:12 PoolingHttpClientConnectionManager.java DEBUG [Forwarding findElement on session 98a08898ad2c7248349520a9d0e40656 to remote] conn.PoolingHttpClientConnectionManager 320 - Connection [id: 2][route: {}->http://localhost:31586] can be kept alive indefinitely
01-03-2022 16:30:12 PoolingHttpClientConnectionManager.java DEBUG [Forwarding findElement on session 98a08898ad2c7248349520a9d0e40656 to remote] conn.PoolingHttpClientConnectionManager 326 - Connection released: [id: 2][route: {}->http://localhost:31586][total kept alive: 3; route allocated: 1 of 2000; total allocated: 3 of 2000]
Found Element By : By.id: your-email
01-03-2022 16:30:12 RequestAddCookies.java DEBUG [Forwarding sendKeysToElement on session 98a08898ad2c7248349520a9d0e40656 to remote] protocol.RequestAddCookies 123 - CookieSpec selected: default
01-03-2022 16:30:12 RequestAuthCache.java DEBUG [Forwarding sendKeysToElement on session 98a08898ad2c7248349520a9d0e40656 to remote] protocol.RequestAuthCache 77 - Auth cache not set in the context
01-03-2022 16:30:12 PoolingHttpClientConnectionManager.java DEBUG [Forwarding sendKeysToElement on session 98a08898ad2c7248349520a9d0e40656 to remote] conn.PoolingHttpClientConnectionManager 255 - Connection request: [route: {}->http://localhost:31586][total kept alive: 3; route allocated: 1 of 2000; total allocated: 3 of 2000]
01-03-2022 16:30:12 PoolingHttpClientConnectionManager.java DEBUG [Forwarding sendKeysToElement on session 98a08898ad2c7248349520a9d0e40656 to remote] conn.PoolingHttpClientConnectionManager 288 - Connection leased: [id: 2][route: {}->http://localhost:31586][total kept alive: 2; route allocated: 1 of 2000; total allocated: 3 of 2000]
01-03-2022 16:30:12 MainClientExec.java DEBUG [Forwarding sendKeysToElement on session 98a08898ad2c7248349520a9d0e40656 to remote] execchain.MainClientExec 208 - Stale connection check
01-03-2022 16:30:12 Wire.java DEBUG [Forwarding sendKeysToElement on session 98a08898ad2c7248349520a9d0e40656 to remote] http.wire 87 - http-outgoing-2 << "[read] I/O error: Read timed out"
01-03-2022 16:30:12 LoggingManagedHttpClientConnection.java DEBUG [Forwarding sendKeysToElement on session 98a08898ad2c7248349520a9d0e40656 to remote] conn.DefaultManagedHttpClientConnection 88 - http-outgoing-2: set socket timeout to 10800000
01-03-2022 16:30:12 MainClientExec.java DEBUG [Forwarding sendKeysToElement on session 98a08898ad2c7248349520a9d0e40656 to remote] execchain.MainClientExec 256 - Executing request POST /session/98a08898ad2c7248349520a9d0e40656/element/56b182e9-3ba0-4866-be11-51764a8268ad/value HTTP/1.1
01-03-2022 16:30:12 MainClientExec.java DEBUG [Forwarding sendKeysToElement on session 98a08898ad2c7248349520a9d0e40656 to remote] execchain.MainClientExec 261 - Target auth state: UNCHALLENGED
01-03-2022 16:30:12 MainClientExec.java DEBUG [Forwarding sendKeysToElement on session 98a08898ad2c7248349520a9d0e40656 to remote] execchain.MainClientExec 267 - Proxy auth state: UNCHALLENGED
01-03-2022 16:30:12 LoggingManagedHttpClientConnection.java DEBUG [Forwarding sendKeysToElement on session 98a08898ad2c7248349520a9d0e40656 to remote] http.headers 133 - http-outgoing-2 >> POST /session/98a08898ad2c7248349520a9d0e40656/element/56b182e9-3ba0-4866-be11-51764a8268ad/value HTTP/1.1
01-03-2022 16:30:12 LoggingManagedHttpClientConnection.java DEBUG [Forwarding sendKeysToElement on session 98a08898ad2c7248349520a9d0e40656 to remote] http.headers 136 - http-outgoing-2 >> Content-Type: application/json; charset=utf-8
01-03-2022 16:30:12 LoggingManagedHttpClientConnection.java DEBUG [Forwarding sendKeysToElement on session 98a08898ad2c7248349520a9d0e40656 to remote] http.headers 136 - http-outgoing-2 >> Content-Length: 145
01-03-2022 16:30:12 LoggingManagedHttpClientConnection.java DEBUG [Forwarding sendKeysToElement on session 98a08898ad2c7248349520a9d0e40656 to remote] http.headers 136 - http-outgoing-2 >> Host: localhost:31586
01-03-2022 16:30:12 LoggingManagedHttpClientConnection.java DEBUG [Forwarding sendKeysToElement on session 98a08898ad2c7248349520a9d0e40656 to remote] http.headers 136 - http-outgoing-2 >> Connection: Keep-Alive
01-03-2022 16:30:12 LoggingManagedHttpClientConnection.java DEBUG [Forwarding sendKeysToElement on session 98a08898ad2c7248349520a9d0e40656 to remote] http.headers 136 - http-outgoing-2 >> User-Agent: Apache-HttpClient/4.5.3 (Java/1.8.0_202)
01-03-2022 16:30:12 LoggingManagedHttpClientConnection.java DEBUG [Forwarding sendKeysToElement on session 98a08898ad2c7248349520a9d0e40656 to remote] http.headers 136 - http-outgoing-2 >> Accept-Encoding: gzip,deflate
01-03-2022 16:30:12 Wire.java DEBUG [Forwarding sendKeysToElement on session 98a08898ad2c7248349520a9d0e40656 to remote] http.wire 73 - http-outgoing-2 >> "POST /session/98a08898ad2c7248349520a9d0e40656/element/56b182e9-3ba0-4866-be11-51764a8268ad/value HTTP/1.1[\r][\n]"
01-03-2022 16:30:12 Wire.java DEBUG [Forwarding sendKeysToElement on session 98a08898ad2c7248349520a9d0e40656 to remote] http.wire 73 - http-outgoing-2 >> "Content-Type: application/json; charset=utf-8[\r][\n]"
01-03-2022 16:30:12 Wire.java DEBUG [Forwarding sendKeysToElement on session 98a08898ad2c7248349520a9d0e40656 to remote] http.wire 73 - http-outgoing-2 >> "Content-Length: 145[\r][\n]"
01-03-2022 16:30:12 Wire.java DEBUG [Forwarding sendKeysToElement on session 98a08898ad2c7248349520a9d0e40656 to remote] http.wire 73 - http-outgoing-2 >> "Host: localhost:31586[\r][\n]"
01-03-2022 16:30:12 Wire.java DEBUG [Forwarding sendKeysToElement on session 98a08898ad2c7248349520a9d0e40656 to remote] http.wire 73 - http-outgoing-2 >> "Connection: Keep-Alive[\r][\n]"
01-03-2022 16:30:12 Wire.java DEBUG [Forwarding sendKeysToElement on session 98a08898ad2c7248349520a9d0e40656 to remote] http.wire 73 - http-outgoing-2 >> "User-Agent: Apache-HttpClient/4.5.3 (Java/1.8.0_202)[\r][\n]"
01-03-2022 16:30:12 Wire.java DEBUG [Forwarding sendKeysToElement on session 98a08898ad2c7248349520a9d0e40656 to remote] http.wire 73 - http-outgoing-2 >> "Accept-Encoding: gzip,deflate[\r][\n]"
01-03-2022 16:30:12 Wire.java DEBUG [Forwarding sendKeysToElement on session 98a08898ad2c7248349520a9d0e40656 to remote] http.wire 73 - http-outgoing-2 >> "[\r][\n]"
01-03-2022 16:30:12 Wire.java DEBUG [Forwarding sendKeysToElement on session 98a08898ad2c7248349520a9d0e40656 to remote] http.wire 87 - http-outgoing-2 >> "{"id":"56b182e9-3ba0-4866-be11-51764a8268ad","text":"ajay05@gmail.com","value":["a","j","a","y","0","5","@","g","m","a","i","l",".","c","o","m"]}"
01-03-2022 16:30:12 Wire.java DEBUG [Forwarding sendKeysToElement on session 98a08898ad2c7248349520a9d0e40656 to remote] http.wire 73 - http-outgoing-2 << "HTTP/1.1 200 OK[\r][\n]"
01-03-2022 16:30:12 Wire.java DEBUG [Forwarding sendKeysToElement on session 98a08898ad2c7248349520a9d0e40656 to remote] http.wire 73 - http-outgoing-2 << "Content-Length:14[\r][\n]"
01-03-2022 16:30:12 Wire.java DEBUG [Forwarding sendKeysToElement on session 98a08898ad2c7248349520a9d0e40656 to remote] http.wire 73 - http-outgoing-2 << "Content-Type:application/json; charset=utf-8[\r][\n]"
01-03-2022 16:30:12 Wire.java DEBUG [Forwarding sendKeysToElement on session 98a08898ad2c7248349520a9d0e40656 to remote] http.wire 73 - http-outgoing-2 << "cache-control:no-cache[\r][\n]"
01-03-2022 16:30:12 Wire.java DEBUG [Forwarding sendKeysToElement on session 98a08898ad2c7248349520a9d0e40656 to remote] http.wire 73 - http-outgoing-2 << "[\r][\n]"
01-03-2022 16:30:12 Wire.java DEBUG [Forwarding sendKeysToElement on session 98a08898ad2c7248349520a9d0e40656 to remote] http.wire 87 - http-outgoing-2 << "{"value":null}"
01-03-2022 16:30:12 LoggingManagedHttpClientConnection.java DEBUG [Forwarding sendKeysToElement on session 98a08898ad2c7248349520a9d0e40656 to remote] http.headers 122 - http-outgoing-2 << HTTP/1.1 200 OK
01-03-2022 16:30:12 LoggingManagedHttpClientConnection.java DEBUG [Forwarding sendKeysToElement on session 98a08898ad2c7248349520a9d0e40656 to remote] http.headers 125 - http-outgoing-2 << Content-Length:14
01-03-2022 16:30:12 LoggingManagedHttpClientConnection.java DEBUG [Forwarding sendKeysToElement on session 98a08898ad2c7248349520a9d0e40656 to remote] http.headers 125 - http-outgoing-2 << Content-Type:application/json; charset=utf-8
01-03-2022 16:30:12 LoggingManagedHttpClientConnection.java DEBUG [Forwarding sendKeysToElement on session 98a08898ad2c7248349520a9d0e40656 to remote] http.headers 125 - http-outgoing-2 << cache-control:no-cache
01-03-2022 16:30:12 MainClientExec.java DEBUG [Forwarding sendKeysToElement on session 98a08898ad2c7248349520a9d0e40656 to remote] execchain.MainClientExec 285 - Connection can be kept alive indefinitely
01-03-2022 16:30:12 PoolingHttpClientConnectionManager.java DEBUG [Forwarding sendKeysToElement on session 98a08898ad2c7248349520a9d0e40656 to remote] conn.PoolingHttpClientConnectionManager 320 - Connection [id: 2][route: {}->http://localhost:31586] can be kept alive indefinitely
01-03-2022 16:30:12 PoolingHttpClientConnectionManager.java DEBUG [Forwarding sendKeysToElement on session 98a08898ad2c7248349520a9d0e40656 to remote] conn.PoolingHttpClientConnectionManager 326 - Connection released: [id: 2][route: {}->http://localhost:31586][total kept alive: 3; route allocated: 1 of 2000; total allocated: 3 of 2000]
Trying to find Element By : By.id: your-subject
01-03-2022 16:30:12 RequestAddCookies.java DEBUG [Forwarding findElement on session 98a08898ad2c7248349520a9d0e40656 to remote] protocol.RequestAddCookies 123 - CookieSpec selected: default
01-03-2022 16:30:12 RequestAuthCache.java DEBUG [Forwarding findElement on session 98a08898ad2c7248349520a9d0e40656 to remote] protocol.RequestAuthCache 77 - Auth cache not set in the context
01-03-2022 16:30:12 PoolingHttpClientConnectionManager.java DEBUG [Forwarding findElement on session 98a08898ad2c7248349520a9d0e40656 to remote] conn.PoolingHttpClientConnectionManager 255 - Connection request: [route: {}->http://localhost:31586][total kept alive: 3; route allocated: 1 of 2000; total allocated: 3 of 2000]
01-03-2022 16:30:12 PoolingHttpClientConnectionManager.java DEBUG [Forwarding findElement on session 98a08898ad2c7248349520a9d0e40656 to remote] conn.PoolingHttpClientConnectionManager 288 - Connection leased: [id: 2][route: {}->http://localhost:31586][total kept alive: 2; route allocated: 1 of 2000; total allocated: 3 of 2000]
01-03-2022 16:30:12 MainClientExec.java DEBUG [Forwarding findElement on session 98a08898ad2c7248349520a9d0e40656 to remote] execchain.MainClientExec 208 - Stale connection check
01-03-2022 16:30:12 Wire.java DEBUG [Forwarding findElement on session 98a08898ad2c7248349520a9d0e40656 to remote] http.wire 87 - http-outgoing-2 << "[read] I/O error: Read timed out"
01-03-2022 16:30:12 LoggingManagedHttpClientConnection.java DEBUG [Forwarding findElement on session 98a08898ad2c7248349520a9d0e40656 to remote] conn.DefaultManagedHttpClientConnection 88 - http-outgoing-2: set socket timeout to 10800000
01-03-2022 16:30:12 MainClientExec.java DEBUG [Forwarding findElement on session 98a08898ad2c7248349520a9d0e40656 to remote] execchain.MainClientExec 256 - Executing request POST /session/98a08898ad2c7248349520a9d0e40656/element HTTP/1.1
01-03-2022 16:30:12 MainClientExec.java DEBUG [Forwarding findElement on session 98a08898ad2c7248349520a9d0e40656 to remote] execchain.MainClientExec 261 - Target auth state: UNCHALLENGED
01-03-2022 16:30:12 MainClientExec.java DEBUG [Forwarding findElement on session 98a08898ad2c7248349520a9d0e40656 to remote] execchain.MainClientExec 267 - Proxy auth state: UNCHALLENGED
01-03-2022 16:30:12 LoggingManagedHttpClientConnection.java DEBUG [Forwarding findElement on session 98a08898ad2c7248349520a9d0e40656 to remote] http.headers 133 - http-outgoing-2 >> POST /session/98a08898ad2c7248349520a9d0e40656/element HTTP/1.1
01-03-2022 16:30:12 LoggingManagedHttpClientConnection.java DEBUG [Forwarding findElement on session 98a08898ad2c7248349520a9d0e40656 to remote] http.headers 136 - http-outgoing-2 >> Content-Type: application/json; charset=utf-8
01-03-2022 16:30:12 LoggingManagedHttpClientConnection.java DEBUG [Forwarding findElement on session 98a08898ad2c7248349520a9d0e40656 to remote] http.headers 136 - http-outgoing-2 >> Content-Length: 50
01-03-2022 16:30:12 LoggingManagedHttpClientConnection.java DEBUG [Forwarding findElement on session 98a08898ad2c7248349520a9d0e40656 to remote] http.headers 136 - http-outgoing-2 >> Host: localhost:31586
01-03-2022 16:30:12 LoggingManagedHttpClientConnection.java DEBUG [Forwarding findElement on session 98a08898ad2c7248349520a9d0e40656 to remote] http.headers 136 - http-outgoing-2 >> Connection: Keep-Alive
01-03-2022 16:30:12 LoggingManagedHttpClientConnection.java DEBUG [Forwarding findElement on session 98a08898ad2c7248349520a9d0e40656 to remote] http.headers 136 - http-outgoing-2 >> User-Agent: Apache-HttpClient/4.5.3 (Java/1.8.0_202)
01-03-2022 16:30:12 LoggingManagedHttpClientConnection.java DEBUG [Forwarding findElement on session 98a08898ad2c7248349520a9d0e40656 to remote] http.headers 136 - http-outgoing-2 >> Accept-Encoding: gzip,deflate
01-03-2022 16:30:12 Wire.java DEBUG [Forwarding findElement on session 98a08898ad2c7248349520a9d0e40656 to remote] http.wire 73 - http-outgoing-2 >> "POST /session/98a08898ad2c7248349520a9d0e40656/element HTTP/1.1[\r][\n]"
01-03-2022 16:30:12 Wire.java DEBUG [Forwarding findElement on session 98a08898ad2c7248349520a9d0e40656 to remote] http.wire 73 - http-outgoing-2 >> "Content-Type: application/json; charset=utf-8[\r][\n]"
01-03-2022 16:30:12 Wire.java DEBUG [Forwarding findElement on session 98a08898ad2c7248349520a9d0e40656 to remote] http.wire 73 - http-outgoing-2 >> "Content-Length: 50[\r][\n]"
01-03-2022 16:30:12 Wire.java DEBUG [Forwarding findElement on session 98a08898ad2c7248349520a9d0e40656 to remote] http.wire 73 - http-outgoing-2 >> "Host: localhost:31586[\r][\n]"
01-03-2022 16:30:12 Wire.java DEBUG [Forwarding findElement on session 98a08898ad2c7248349520a9d0e40656 to remote] http.wire 73 - http-outgoing-2 >> "Connection: Keep-Alive[\r][\n]"
01-03-2022 16:30:12 Wire.java DEBUG [Forwarding findElement on session 98a08898ad2c7248349520a9d0e40656 to remote] http.wire 73 - http-outgoing-2 >> "User-Agent: Apache-HttpClient/4.5.3 (Java/1.8.0_202)[\r][\n]"
01-03-2022 16:30:12 Wire.java DEBUG [Forwarding findElement on session 98a08898ad2c7248349520a9d0e40656 to remote] http.wire 73 - http-outgoing-2 >> "Accept-Encoding: gzip,deflate[\r][\n]"
01-03-2022 16:30:12 Wire.java DEBUG [Forwarding findElement on session 98a08898ad2c7248349520a9d0e40656 to remote] http.wire 73 - http-outgoing-2 >> "[\r][\n]"
01-03-2022 16:30:12 Wire.java DEBUG [Forwarding findElement on session 98a08898ad2c7248349520a9d0e40656 to remote] http.wire 87 - http-outgoing-2 >> "{"value":"#your\\-subject","using":"css selector"}"
01-03-2022 16:30:12 Wire.java DEBUG [Forwarding findElement on session 98a08898ad2c7248349520a9d0e40656 to remote] http.wire 73 - http-outgoing-2 << "HTTP/1.1 200 OK[\r][\n]"
01-03-2022 16:30:12 Wire.java DEBUG [Forwarding findElement on session 98a08898ad2c7248349520a9d0e40656 to remote] http.wire 73 - http-outgoing-2 << "Content-Length:88[\r][\n]"
01-03-2022 16:30:12 Wire.java DEBUG [Forwarding findElement on session 98a08898ad2c7248349520a9d0e40656 to remote] http.wire 73 - http-outgoing-2 << "Content-Type:application/json; charset=utf-8[\r][\n]"
01-03-2022 16:30:12 Wire.java DEBUG [Forwarding findElement on session 98a08898ad2c7248349520a9d0e40656 to remote] http.wire 73 - http-outgoing-2 << "cache-control:no-cache[\r][\n]"
01-03-2022 16:30:12 Wire.java DEBUG [Forwarding findElement on session 98a08898ad2c7248349520a9d0e40656 to remote] http.wire 73 - http-outgoing-2 << "[\r][\n]"
01-03-2022 16:30:12 Wire.java DEBUG [Forwarding findElement on session 98a08898ad2c7248349520a9d0e40656 to remote] http.wire 87 - http-outgoing-2 << "{"value":{"element-6066-11e4-a52e-4f735466cecf":"33557cfc-ad3a-4ea8-b308-094b1ceb4aa4"}}"
01-03-2022 16:30:12 LoggingManagedHttpClientConnection.java DEBUG [Forwarding findElement on session 98a08898ad2c7248349520a9d0e40656 to remote] http.headers 122 - http-outgoing-2 << HTTP/1.1 200 OK
01-03-2022 16:30:12 LoggingManagedHttpClientConnection.java DEBUG [Forwarding findElement on session 98a08898ad2c7248349520a9d0e40656 to remote] http.headers 125 - http-outgoing-2 << Content-Length:88
01-03-2022 16:30:12 LoggingManagedHttpClientConnection.java DEBUG [Forwarding findElement on session 98a08898ad2c7248349520a9d0e40656 to remote] http.headers 125 - http-outgoing-2 << Content-Type:application/json; charset=utf-8
01-03-2022 16:30:12 LoggingManagedHttpClientConnection.java DEBUG [Forwarding findElement on session 98a08898ad2c7248349520a9d0e40656 to remote] http.headers 125 - http-outgoing-2 << cache-control:no-cache
01-03-2022 16:30:12 MainClientExec.java DEBUG [Forwarding findElement on session 98a08898ad2c7248349520a9d0e40656 to remote] execchain.MainClientExec 285 - Connection can be kept alive indefinitely
01-03-2022 16:30:12 PoolingHttpClientConnectionManager.java DEBUG [Forwarding findElement on session 98a08898ad2c7248349520a9d0e40656 to remote] conn.PoolingHttpClientConnectionManager 320 - Connection [id: 2][route: {}->http://localhost:31586] can be kept alive indefinitely
01-03-2022 16:30:12 PoolingHttpClientConnectionManager.java DEBUG [Forwarding findElement on session 98a08898ad2c7248349520a9d0e40656 to remote] conn.PoolingHttpClientConnectionManager 326 - Connection released: [id: 2][route: {}->http://localhost:31586][total kept alive: 3; route allocated: 1 of 2000; total allocated: 3 of 2000]
Found Element By : By.id: your-subject
01-03-2022 16:30:12 RequestAddCookies.java DEBUG [Forwarding sendKeysToElement on session 98a08898ad2c7248349520a9d0e40656 to remote] protocol.RequestAddCookies 123 - CookieSpec selected: default
01-03-2022 16:30:12 RequestAuthCache.java DEBUG [Forwarding sendKeysToElement on session 98a08898ad2c7248349520a9d0e40656 to remote] protocol.RequestAuthCache 77 - Auth cache not set in the context
01-03-2022 16:30:12 PoolingHttpClientConnectionManager.java DEBUG [Forwarding sendKeysToElement on session 98a08898ad2c7248349520a9d0e40656 to remote] conn.PoolingHttpClientConnectionManager 255 - Connection request: [route: {}->http://localhost:31586][total kept alive: 3; route allocated: 1 of 2000; total allocated: 3 of 2000]
01-03-2022 16:30:12 PoolingHttpClientConnectionManager.java DEBUG [Forwarding sendKeysToElement on session 98a08898ad2c7248349520a9d0e40656 to remote] conn.PoolingHttpClientConnectionManager 288 - Connection leased: [id: 2][route: {}->http://localhost:31586][total kept alive: 2; route allocated: 1 of 2000; total allocated: 3 of 2000]
01-03-2022 16:30:12 MainClientExec.java DEBUG [Forwarding sendKeysToElement on session 98a08898ad2c7248349520a9d0e40656 to remote] execchain.MainClientExec 208 - Stale connection check
01-03-2022 16:30:12 Wire.java DEBUG [Forwarding sendKeysToElement on session 98a08898ad2c7248349520a9d0e40656 to remote] http.wire 87 - http-outgoing-2 << "[read] I/O error: Read timed out"
01-03-2022 16:30:12 LoggingManagedHttpClientConnection.java DEBUG [Forwarding sendKeysToElement on session 98a08898ad2c7248349520a9d0e40656 to remote] conn.DefaultManagedHttpClientConnection 88 - http-outgoing-2: set socket timeout to 10800000
01-03-2022 16:30:12 MainClientExec.java DEBUG [Forwarding sendKeysToElement on session 98a08898ad2c7248349520a9d0e40656 to remote] execchain.MainClientExec 256 - Executing request POST /session/98a08898ad2c7248349520a9d0e40656/element/33557cfc-ad3a-4ea8-b308-094b1ceb4aa4/value HTTP/1.1
01-03-2022 16:30:12 MainClientExec.java DEBUG [Forwarding sendKeysToElement on session 98a08898ad2c7248349520a9d0e40656 to remote] execchain.MainClientExec 261 - Target auth state: UNCHALLENGED
01-03-2022 16:30:12 MainClientExec.java DEBUG [Forwarding sendKeysToElement on session 98a08898ad2c7248349520a9d0e40656 to remote] execchain.MainClientExec 267 - Proxy auth state: UNCHALLENGED
01-03-2022 16:30:12 LoggingManagedHttpClientConnection.java DEBUG [Forwarding sendKeysToElement on session 98a08898ad2c7248349520a9d0e40656 to remote] http.headers 133 - http-outgoing-2 >> POST /session/98a08898ad2c7248349520a9d0e40656/element/33557cfc-ad3a-4ea8-b308-094b1ceb4aa4/value HTTP/1.1
01-03-2022 16:30:12 LoggingManagedHttpClientConnection.java DEBUG [Forwarding sendKeysToElement on session 98a08898ad2c7248349520a9d0e40656 to remote] http.headers 136 - http-outgoing-2 >> Content-Type: application/json; charset=utf-8
01-03-2022 16:30:12 LoggingManagedHttpClientConnection.java DEBUG [Forwarding sendKeysToElement on session 98a08898ad2c7248349520a9d0e40656 to remote] http.headers 136 - http-outgoing-2 >> Content-Length: 85
01-03-2022 16:30:12 LoggingManagedHttpClientConnection.java DEBUG [Forwarding sendKeysToElement on session 98a08898ad2c7248349520a9d0e40656 to remote] http.headers 136 - http-outgoing-2 >> Host: localhost:31586
01-03-2022 16:30:12 LoggingManagedHttpClientConnection.java DEBUG [Forwarding sendKeysToElement on session 98a08898ad2c7248349520a9d0e40656 to remote] http.headers 136 - http-outgoing-2 >> Connection: Keep-Alive
01-03-2022 16:30:12 LoggingManagedHttpClientConnection.java DEBUG [Forwarding sendKeysToElement on session 98a08898ad2c7248349520a9d0e40656 to remote] http.headers 136 - http-outgoing-2 >> User-Agent: Apache-HttpClient/4.5.3 (Java/1.8.0_202)
01-03-2022 16:30:12 LoggingManagedHttpClientConnection.java DEBUG [Forwarding sendKeysToElement on session 98a08898ad2c7248349520a9d0e40656 to remote] http.headers 136 - http-outgoing-2 >> Accept-Encoding: gzip,deflate
01-03-2022 16:30:12 Wire.java DEBUG [Forwarding sendKeysToElement on session 98a08898ad2c7248349520a9d0e40656 to remote] http.wire 73 - http-outgoing-2 >> "POST /session/98a08898ad2c7248349520a9d0e40656/element/33557cfc-ad3a-4ea8-b308-094b1ceb4aa4/value HTTP/1.1[\r][\n]"
01-03-2022 16:30:12 Wire.java DEBUG [Forwarding sendKeysToElement on session 98a08898ad2c7248349520a9d0e40656 to remote] http.wire 73 - http-outgoing-2 >> "Content-Type: application/json; charset=utf-8[\r][\n]"
01-03-2022 16:30:12 Wire.java DEBUG [Forwarding sendKeysToElement on session 98a08898ad2c7248349520a9d0e40656 to remote] http.wire 73 - http-outgoing-2 >> "Content-Length: 85[\r][\n]"
01-03-2022 16:30:12 Wire.java DEBUG [Forwarding sendKeysToElement on session 98a08898ad2c7248349520a9d0e40656 to remote] http.wire 73 - http-outgoing-2 >> "Host: localhost:31586[\r][\n]"
01-03-2022 16:30:12 Wire.java DEBUG [Forwarding sendKeysToElement on session 98a08898ad2c7248349520a9d0e40656 to remote] http.wire 73 - http-outgoing-2 >> "Connection: Keep-Alive[\r][\n]"
01-03-2022 16:30:12 Wire.java DEBUG [Forwarding sendKeysToElement on session 98a08898ad2c7248349520a9d0e40656 to remote] http.wire 73 - http-outgoing-2 >> "User-Agent: Apache-HttpClient/4.5.3 (Java/1.8.0_202)[\r][\n]"
01-03-2022 16:30:12 Wire.java DEBUG [Forwarding sendKeysToElement on session 98a08898ad2c7248349520a9d0e40656 to remote] http.wire 73 - http-outgoing-2 >> "Accept-Encoding: gzip,deflate[\r][\n]"
01-03-2022 16:30:12 Wire.java DEBUG [Forwarding sendKeysToElement on session 98a08898ad2c7248349520a9d0e40656 to remote] http.wire 73 - http-outgoing-2 >> "[\r][\n]"
01-03-2022 16:30:12 Wire.java DEBUG [Forwarding sendKeysToElement on session 98a08898ad2c7248349520a9d0e40656 to remote] http.wire 87 - http-outgoing-2 >> "{"id":"33557cfc-ad3a-4ea8-b308-094b1ceb4aa4","text":"Math","value":["M","a","t","h"]}"
01-03-2022 16:30:12 Wire.java DEBUG [Forwarding sendKeysToElement on session 98a08898ad2c7248349520a9d0e40656 to remote] http.wire 73 - http-outgoing-2 << "HTTP/1.1 200 OK[\r][\n]"
01-03-2022 16:30:12 Wire.java DEBUG [Forwarding sendKeysToElement on session 98a08898ad2c7248349520a9d0e40656 to remote] http.wire 73 - http-outgoing-2 << "Content-Length:14[\r][\n]"
01-03-2022 16:30:12 Wire.java DEBUG [Forwarding sendKeysToElement on session 98a08898ad2c7248349520a9d0e40656 to remote] http.wire 73 - http-outgoing-2 << "Content-Type:application/json; charset=utf-8[\r][\n]"
01-03-2022 16:30:12 Wire.java DEBUG [Forwarding sendKeysToElement on session 98a08898ad2c7248349520a9d0e40656 to remote] http.wire 73 - http-outgoing-2 << "cache-control:no-cache[\r][\n]"
01-03-2022 16:30:12 Wire.java DEBUG [Forwarding sendKeysToElement on session 98a08898ad2c7248349520a9d0e40656 to remote] http.wire 73 - http-outgoing-2 << "[\r][\n]"
01-03-2022 16:30:12 Wire.java DEBUG [Forwarding sendKeysToElement on session 98a08898ad2c7248349520a9d0e40656 to remote] http.wire 87 - http-outgoing-2 << "{"value":null}"
01-03-2022 16:30:12 LoggingManagedHttpClientConnection.java DEBUG [Forwarding sendKeysToElement on session 98a08898ad2c7248349520a9d0e40656 to remote] http.headers 122 - http-outgoing-2 << HTTP/1.1 200 OK
01-03-2022 16:30:12 LoggingManagedHttpClientConnection.java DEBUG [Forwarding sendKeysToElement on session 98a08898ad2c7248349520a9d0e40656 to remote] http.headers 125 - http-outgoing-2 << Content-Length:14
01-03-2022 16:30:12 LoggingManagedHttpClientConnection.java DEBUG [Forwarding sendKeysToElement on session 98a08898ad2c7248349520a9d0e40656 to remote] http.headers 125 - http-outgoing-2 << Content-Type:application/json; charset=utf-8
01-03-2022 16:30:12 LoggingManagedHttpClientConnection.java DEBUG [Forwarding sendKeysToElement on session 98a08898ad2c7248349520a9d0e40656 to remote] http.headers 125 - http-outgoing-2 << cache-control:no-cache
01-03-2022 16:30:12 MainClientExec.java DEBUG [Forwarding sendKeysToElement on session 98a08898ad2c7248349520a9d0e40656 to remote] execchain.MainClientExec 285 - Connection can be kept alive indefinitely
01-03-2022 16:30:12 PoolingHttpClientConnectionManager.java DEBUG [Forwarding sendKeysToElement on session 98a08898ad2c7248349520a9d0e40656 to remote] conn.PoolingHttpClientConnectionManager 320 - Connection [id: 2][route: {}->http://localhost:31586] can be kept alive indefinitely
01-03-2022 16:30:12 PoolingHttpClientConnectionManager.java DEBUG [Forwarding sendKeysToElement on session 98a08898ad2c7248349520a9d0e40656 to remote] conn.PoolingHttpClientConnectionManager 326 - Connection released: [id: 2][route: {}->http://localhost:31586][total kept alive: 3; route allocated: 1 of 2000; total allocated: 3 of 2000]
Trying to find Element By : By.id: your-message
01-03-2022 16:30:12 RequestAddCookies.java DEBUG [Forwarding findElement on session 98a08898ad2c7248349520a9d0e40656 to remote] protocol.RequestAddCookies 123 - CookieSpec selected: default
01-03-2022 16:30:12 RequestAuthCache.java DEBUG [Forwarding findElement on session 98a08898ad2c7248349520a9d0e40656 to remote] protocol.RequestAuthCache 77 - Auth cache not set in the context
01-03-2022 16:30:12 PoolingHttpClientConnectionManager.java DEBUG [Forwarding findElement on session 98a08898ad2c7248349520a9d0e40656 to remote] conn.PoolingHttpClientConnectionManager 255 - Connection request: [route: {}->http://localhost:31586][total kept alive: 3; route allocated: 1 of 2000; total allocated: 3 of 2000]
01-03-2022 16:30:12 PoolingHttpClientConnectionManager.java DEBUG [Forwarding findElement on session 98a08898ad2c7248349520a9d0e40656 to remote] conn.PoolingHttpClientConnectionManager 288 - Connection leased: [id: 2][route: {}->http://localhost:31586][total kept alive: 2; route allocated: 1 of 2000; total allocated: 3 of 2000]
01-03-2022 16:30:12 MainClientExec.java DEBUG [Forwarding findElement on session 98a08898ad2c7248349520a9d0e40656 to remote] execchain.MainClientExec 208 - Stale connection check
01-03-2022 16:30:12 Wire.java DEBUG [Forwarding findElement on session 98a08898ad2c7248349520a9d0e40656 to remote] http.wire 87 - http-outgoing-2 << "[read] I/O error: Read timed out"
01-03-2022 16:30:12 LoggingManagedHttpClientConnection.java DEBUG [Forwarding findElement on session 98a08898ad2c7248349520a9d0e40656 to remote] conn.DefaultManagedHttpClientConnection 88 - http-outgoing-2: set socket timeout to 10800000
01-03-2022 16:30:12 MainClientExec.java DEBUG [Forwarding findElement on session 98a08898ad2c7248349520a9d0e40656 to remote] execchain.MainClientExec 256 - Executing request POST /session/98a08898ad2c7248349520a9d0e40656/element HTTP/1.1
01-03-2022 16:30:12 MainClientExec.java DEBUG [Forwarding findElement on session 98a08898ad2c7248349520a9d0e40656 to remote] execchain.MainClientExec 261 - Target auth state: UNCHALLENGED
01-03-2022 16:30:12 MainClientExec.java DEBUG [Forwarding findElement on session 98a08898ad2c7248349520a9d0e40656 to remote] execchain.MainClientExec 267 - Proxy auth state: UNCHALLENGED
01-03-2022 16:30:12 LoggingManagedHttpClientConnection.java DEBUG [Forwarding findElement on session 98a08898ad2c7248349520a9d0e40656 to remote] http.headers 133 - http-outgoing-2 >> POST /session/98a08898ad2c7248349520a9d0e40656/element HTTP/1.1
01-03-2022 16:30:12 LoggingManagedHttpClientConnection.java DEBUG [Forwarding findElement on session 98a08898ad2c7248349520a9d0e40656 to remote] http.headers 136 - http-outgoing-2 >> Content-Type: application/json; charset=utf-8
01-03-2022 16:30:12 LoggingManagedHttpClientConnection.java DEBUG [Forwarding findElement on session 98a08898ad2c7248349520a9d0e40656 to remote] http.headers 136 - http-outgoing-2 >> Content-Length: 50
01-03-2022 16:30:12 LoggingManagedHttpClientConnection.java DEBUG [Forwarding findElement on session 98a08898ad2c7248349520a9d0e40656 to remote] http.headers 136 - http-outgoing-2 >> Host: localhost:31586
01-03-2022 16:30:12 LoggingManagedHttpClientConnection.java DEBUG [Forwarding findElement on session 98a08898ad2c7248349520a9d0e40656 to remote] http.headers 136 - http-outgoing-2 >> Connection: Keep-Alive
01-03-2022 16:30:12 LoggingManagedHttpClientConnection.java DEBUG [Forwarding findElement on session 98a08898ad2c7248349520a9d0e40656 to remote] http.headers 136 - http-outgoing-2 >> User-Agent: Apache-HttpClient/4.5.3 (Java/1.8.0_202)
01-03-2022 16:30:12 LoggingManagedHttpClientConnection.java DEBUG [Forwarding findElement on session 98a08898ad2c7248349520a9d0e40656 to remote] http.headers 136 - http-outgoing-2 >> Accept-Encoding: gzip,deflate
01-03-2022 16:30:12 Wire.java DEBUG [Forwarding findElement on session 98a08898ad2c7248349520a9d0e40656 to remote] http.wire 73 - http-outgoing-2 >> "POST /session/98a08898ad2c7248349520a9d0e40656/element HTTP/1.1[\r][\n]"
01-03-2022 16:30:12 Wire.java DEBUG [Forwarding findElement on session 98a08898ad2c7248349520a9d0e40656 to remote] http.wire 73 - http-outgoing-2 >> "Content-Type: application/json; charset=utf-8[\r][\n]"
01-03-2022 16:30:12 Wire.java DEBUG [Forwarding findElement on session 98a08898ad2c7248349520a9d0e40656 to remote] http.wire 73 - http-outgoing-2 >> "Content-Length: 50[\r][\n]"
01-03-2022 16:30:12 Wire.java DEBUG [Forwarding findElement on session 98a08898ad2c7248349520a9d0e40656 to remote] http.wire 73 - http-outgoing-2 >> "Host: localhost:31586[\r][\n]"
01-03-2022 16:30:12 Wire.java DEBUG [Forwarding findElement on session 98a08898ad2c7248349520a9d0e40656 to remote] http.wire 73 - http-outgoing-2 >> "Connection: Keep-Alive[\r][\n]"
01-03-2022 16:30:12 Wire.java DEBUG [Forwarding findElement on session 98a08898ad2c7248349520a9d0e40656 to remote] http.wire 73 - http-outgoing-2 >> "User-Agent: Apache-HttpClient/4.5.3 (Java/1.8.0_202)[\r][\n]"
01-03-2022 16:30:12 Wire.java DEBUG [Forwarding findElement on session 98a08898ad2c7248349520a9d0e40656 to remote] http.wire 73 - http-outgoing-2 >> "Accept-Encoding: gzip,deflate[\r][\n]"
01-03-2022 16:30:12 Wire.java DEBUG [Forwarding findElement on session 98a08898ad2c7248349520a9d0e40656 to remote] http.wire 73 - http-outgoing-2 >> "[\r][\n]"
01-03-2022 16:30:12 Wire.java DEBUG [Forwarding findElement on session 98a08898ad2c7248349520a9d0e40656 to remote] http.wire 87 - http-outgoing-2 >> "{"value":"#your\\-message","using":"css selector"}"
01-03-2022 16:30:12 Wire.java DEBUG [Forwarding findElement on session 98a08898ad2c7248349520a9d0e40656 to remote] http.wire 73 - http-outgoing-2 << "HTTP/1.1 200 OK[\r][\n]"
01-03-2022 16:30:12 Wire.java DEBUG [Forwarding findElement on session 98a08898ad2c7248349520a9d0e40656 to remote] http.wire 73 - http-outgoing-2 << "Content-Length:88[\r][\n]"
01-03-2022 16:30:12 Wire.java DEBUG [Forwarding findElement on session 98a08898ad2c7248349520a9d0e40656 to remote] http.wire 73 - http-outgoing-2 << "Content-Type:application/json; charset=utf-8[\r][\n]"
01-03-2022 16:30:12 Wire.java DEBUG [Forwarding findElement on session 98a08898ad2c7248349520a9d0e40656 to remote] http.wire 73 - http-outgoing-2 << "cache-control:no-cache[\r][\n]"
01-03-2022 16:30:12 Wire.java DEBUG [Forwarding findElement on session 98a08898ad2c7248349520a9d0e40656 to remote] http.wire 73 - http-outgoing-2 << "[\r][\n]"
01-03-2022 16:30:12 Wire.java DEBUG [Forwarding findElement on session 98a08898ad2c7248349520a9d0e40656 to remote] http.wire 87 - http-outgoing-2 << "{"value":{"element-6066-11e4-a52e-4f735466cecf":"7e5cfa37-9a0e-4766-80b2-af5332824b69"}}"
01-03-2022 16:30:12 LoggingManagedHttpClientConnection.java DEBUG [Forwarding findElement on session 98a08898ad2c7248349520a9d0e40656 to remote] http.headers 122 - http-outgoing-2 << HTTP/1.1 200 OK
01-03-2022 16:30:12 LoggingManagedHttpClientConnection.java DEBUG [Forwarding findElement on session 98a08898ad2c7248349520a9d0e40656 to remote] http.headers 125 - http-outgoing-2 << Content-Length:88
01-03-2022 16:30:12 LoggingManagedHttpClientConnection.java DEBUG [Forwarding findElement on session 98a08898ad2c7248349520a9d0e40656 to remote] http.headers 125 - http-outgoing-2 << Content-Type:application/json; charset=utf-8
01-03-2022 16:30:12 LoggingManagedHttpClientConnection.java DEBUG [Forwarding findElement on session 98a08898ad2c7248349520a9d0e40656 to remote] http.headers 125 - http-outgoing-2 << cache-control:no-cache
01-03-2022 16:30:12 MainClientExec.java DEBUG [Forwarding findElement on session 98a08898ad2c7248349520a9d0e40656 to remote] execchain.MainClientExec 285 - Connection can be kept alive indefinitely
01-03-2022 16:30:12 PoolingHttpClientConnectionManager.java DEBUG [Forwarding findElement on session 98a08898ad2c7248349520a9d0e40656 to remote] conn.PoolingHttpClientConnectionManager 320 - Connection [id: 2][route: {}->http://localhost:31586] can be kept alive indefinitely
01-03-2022 16:30:12 PoolingHttpClientConnectionManager.java DEBUG [Forwarding findElement on session 98a08898ad2c7248349520a9d0e40656 to remote] conn.PoolingHttpClientConnectionManager 326 - Connection released: [id: 2][route: {}->http://localhost:31586][total kept alive: 3; route allocated: 1 of 2000; total allocated: 3 of 2000]
Found Element By : By.id: your-message
01-03-2022 16:30:12 RequestAddCookies.java DEBUG [Forwarding sendKeysToElement on session 98a08898ad2c7248349520a9d0e40656 to remote] protocol.RequestAddCookies 123 - CookieSpec selected: default
01-03-2022 16:30:12 RequestAuthCache.java DEBUG [Forwarding sendKeysToElement on session 98a08898ad2c7248349520a9d0e40656 to remote] protocol.RequestAuthCache 77 - Auth cache not set in the context
01-03-2022 16:30:12 PoolingHttpClientConnectionManager.java DEBUG [Forwarding sendKeysToElement on session 98a08898ad2c7248349520a9d0e40656 to remote] conn.PoolingHttpClientConnectionManager 255 - Connection request: [route: {}->http://localhost:31586][total kept alive: 3; route allocated: 1 of 2000; total allocated: 3 of 2000]
01-03-2022 16:30:12 PoolingHttpClientConnectionManager.java DEBUG [Forwarding sendKeysToElement on session 98a08898ad2c7248349520a9d0e40656 to remote] conn.PoolingHttpClientConnectionManager 288 - Connection leased: [id: 2][route: {}->http://localhost:31586][total kept alive: 2; route allocated: 1 of 2000; total allocated: 3 of 2000]
01-03-2022 16:30:12 MainClientExec.java DEBUG [Forwarding sendKeysToElement on session 98a08898ad2c7248349520a9d0e40656 to remote] execchain.MainClientExec 208 - Stale connection check
01-03-2022 16:30:12 Wire.java DEBUG [Forwarding sendKeysToElement on session 98a08898ad2c7248349520a9d0e40656 to remote] http.wire 87 - http-outgoing-2 << "[read] I/O error: Read timed out"
01-03-2022 16:30:12 LoggingManagedHttpClientConnection.java DEBUG [Forwarding sendKeysToElement on session 98a08898ad2c7248349520a9d0e40656 to remote] conn.DefaultManagedHttpClientConnection 88 - http-outgoing-2: set socket timeout to 10800000
01-03-2022 16:30:12 MainClientExec.java DEBUG [Forwarding sendKeysToElement on session 98a08898ad2c7248349520a9d0e40656 to remote] execchain.MainClientExec 256 - Executing request POST /session/98a08898ad2c7248349520a9d0e40656/element/7e5cfa37-9a0e-4766-80b2-af5332824b69/value HTTP/1.1
01-03-2022 16:30:12 MainClientExec.java DEBUG [Forwarding sendKeysToElement on session 98a08898ad2c7248349520a9d0e40656 to remote] execchain.MainClientExec 261 - Target auth state: UNCHALLENGED
01-03-2022 16:30:12 MainClientExec.java DEBUG [Forwarding sendKeysToElement on session 98a08898ad2c7248349520a9d0e40656 to remote] execchain.MainClientExec 267 - Proxy auth state: UNCHALLENGED
01-03-2022 16:30:12 LoggingManagedHttpClientConnection.java DEBUG [Forwarding sendKeysToElement on session 98a08898ad2c7248349520a9d0e40656 to remote] http.headers 133 - http-outgoing-2 >> POST /session/98a08898ad2c7248349520a9d0e40656/element/7e5cfa37-9a0e-4766-80b2-af5332824b69/value HTTP/1.1
01-03-2022 16:30:12 LoggingManagedHttpClientConnection.java DEBUG [Forwarding sendKeysToElement on session 98a08898ad2c7248349520a9d0e40656 to remote] http.headers 136 - http-outgoing-2 >> Content-Type: application/json; charset=utf-8
01-03-2022 16:30:12 LoggingManagedHttpClientConnection.java DEBUG [Forwarding sendKeysToElement on session 98a08898ad2c7248349520a9d0e40656 to remote] http.headers 136 - http-outgoing-2 >> Content-Length: 75
01-03-2022 16:30:12 LoggingManagedHttpClientConnection.java DEBUG [Forwarding sendKeysToElement on session 98a08898ad2c7248349520a9d0e40656 to remote] http.headers 136 - http-outgoing-2 >> Host: localhost:31586
01-03-2022 16:30:12 LoggingManagedHttpClientConnection.java DEBUG [Forwarding sendKeysToElement on session 98a08898ad2c7248349520a9d0e40656 to remote] http.headers 136 - http-outgoing-2 >> Connection: Keep-Alive
01-03-2022 16:30:12 LoggingManagedHttpClientConnection.java DEBUG [Forwarding sendKeysToElement on session 98a08898ad2c7248349520a9d0e40656 to remote] http.headers 136 - http-outgoing-2 >> User-Agent: Apache-HttpClient/4.5.3 (Java/1.8.0_202)
01-03-2022 16:30:12 LoggingManagedHttpClientConnection.java DEBUG [Forwarding sendKeysToElement on session 98a08898ad2c7248349520a9d0e40656 to remote] http.headers 136 - http-outgoing-2 >> Accept-Encoding: gzip,deflate
01-03-2022 16:30:12 Wire.java DEBUG [Forwarding sendKeysToElement on session 98a08898ad2c7248349520a9d0e40656 to remote] http.wire 73 - http-outgoing-2 >> "POST /session/98a08898ad2c7248349520a9d0e40656/element/7e5cfa37-9a0e-4766-80b2-af5332824b69/value HTTP/1.1[\r][\n]"
01-03-2022 16:30:12 Wire.java DEBUG [Forwarding sendKeysToElement on session 98a08898ad2c7248349520a9d0e40656 to remote] http.wire 73 - http-outgoing-2 >> "Content-Type: application/json; charset=utf-8[\r][\n]"
01-03-2022 16:30:12 Wire.java DEBUG [Forwarding sendKeysToElement on session 98a08898ad2c7248349520a9d0e40656 to remote] http.wire 73 - http-outgoing-2 >> "Content-Length: 75[\r][\n]"
01-03-2022 16:30:12 Wire.java DEBUG [Forwarding sendKeysToElement on session 98a08898ad2c7248349520a9d0e40656 to remote] http.wire 73 - http-outgoing-2 >> "Host: localhost:31586[\r][\n]"
01-03-2022 16:30:12 Wire.java DEBUG [Forwarding sendKeysToElement on session 98a08898ad2c7248349520a9d0e40656 to remote] http.wire 73 - http-outgoing-2 >> "Connection: Keep-Alive[\r][\n]"
01-03-2022 16:30:12 Wire.java DEBUG [Forwarding sendKeysToElement on session 98a08898ad2c7248349520a9d0e40656 to remote] http.wire 73 - http-outgoing-2 >> "User-Agent: Apache-HttpClient/4.5.3 (Java/1.8.0_202)[\r][\n]"
01-03-2022 16:30:12 Wire.java DEBUG [Forwarding sendKeysToElement on session 98a08898ad2c7248349520a9d0e40656 to remote] http.wire 73 - http-outgoing-2 >> "Accept-Encoding: gzip,deflate[\r][\n]"
01-03-2022 16:30:12 Wire.java DEBUG [Forwarding sendKeysToElement on session 98a08898ad2c7248349520a9d0e40656 to remote] http.wire 73 - http-outgoing-2 >> "[\r][\n]"
01-03-2022 16:30:12 Wire.java DEBUG [Forwarding sendKeysToElement on session 98a08898ad2c7248349520a9d0e40656 to remote] http.wire 87 - http-outgoing-2 >> "{"id":"7e5cfa37-9a0e-4766-80b2-af5332824b69","text":"hi","value":["h","i"]}"
01-03-2022 16:30:12 Wire.java DEBUG [Forwarding sendKeysToElement on session 98a08898ad2c7248349520a9d0e40656 to remote] http.wire 73 - http-outgoing-2 << "HTTP/1.1 200 OK[\r][\n]"
01-03-2022 16:30:12 Wire.java DEBUG [Forwarding sendKeysToElement on session 98a08898ad2c7248349520a9d0e40656 to remote] http.wire 73 - http-outgoing-2 << "Content-Length:14[\r][\n]"
01-03-2022 16:30:12 Wire.java DEBUG [Forwarding sendKeysToElement on session 98a08898ad2c7248349520a9d0e40656 to remote] http.wire 73 - http-outgoing-2 << "Content-Type:application/json; charset=utf-8[\r][\n]"
01-03-2022 16:30:12 Wire.java DEBUG [Forwarding sendKeysToElement on session 98a08898ad2c7248349520a9d0e40656 to remote] http.wire 73 - http-outgoing-2 << "cache-control:no-cache[\r][\n]"
01-03-2022 16:30:12 Wire.java DEBUG [Forwarding sendKeysToElement on session 98a08898ad2c7248349520a9d0e40656 to remote] http.wire 73 - http-outgoing-2 << "[\r][\n]"
01-03-2022 16:30:12 Wire.java DEBUG [Forwarding sendKeysToElement on session 98a08898ad2c7248349520a9d0e40656 to remote] http.wire 87 - http-outgoing-2 << "{"value":null}"
01-03-2022 16:30:12 LoggingManagedHttpClientConnection.java DEBUG [Forwarding sendKeysToElement on session 98a08898ad2c7248349520a9d0e40656 to remote] http.headers 122 - http-outgoing-2 << HTTP/1.1 200 OK
01-03-2022 16:30:12 LoggingManagedHttpClientConnection.java DEBUG [Forwarding sendKeysToElement on session 98a08898ad2c7248349520a9d0e40656 to remote] http.headers 125 - http-outgoing-2 << Content-Length:14
01-03-2022 16:30:12 LoggingManagedHttpClientConnection.java DEBUG [Forwarding sendKeysToElement on session 98a08898ad2c7248349520a9d0e40656 to remote] http.headers 125 - http-outgoing-2 << Content-Type:application/json; charset=utf-8
01-03-2022 16:30:12 LoggingManagedHttpClientConnection.java DEBUG [Forwarding sendKeysToElement on session 98a08898ad2c7248349520a9d0e40656 to remote] http.headers 125 - http-outgoing-2 << cache-control:no-cache
01-03-2022 16:30:12 MainClientExec.java DEBUG [Forwarding sendKeysToElement on session 98a08898ad2c7248349520a9d0e40656 to remote] execchain.MainClientExec 285 - Connection can be kept alive indefinitely
01-03-2022 16:30:12 PoolingHttpClientConnectionManager.java DEBUG [Forwarding sendKeysToElement on session 98a08898ad2c7248349520a9d0e40656 to remote] conn.PoolingHttpClientConnectionManager 320 - Connection [id: 2][route: {}->http://localhost:31586] can be kept alive indefinitely
01-03-2022 16:30:12 PoolingHttpClientConnectionManager.java DEBUG [Forwarding sendKeysToElement on session 98a08898ad2c7248349520a9d0e40656 to remote] conn.PoolingHttpClientConnectionManager 326 - Connection released: [id: 2][route: {}->http://localhost:31586][total kept alive: 3; route allocated: 1 of 2000; total allocated: 3 of 2000]
]]></system-out>
    <system-err><![CDATA[Starting ChromeDriver 96.0.4664.45 (76e4c1bb2ab4671b8beba3444e61c0f17584b2fc-refs/branch-heads/4664@{#947}) on port 31586
Only local connections are allowed.
Please see https://chromedriver.chromium.org/security-considerations for suggestions on keeping ChromeDriver safe.
ChromeDriver was started successfully.
Jan 03, 2022 4:29:24 PM org.openqa.selenium.remote.ProtocolHandshake createSession
INFO: Detected dialect: W3C
]]></system-err>
  </testcase>
  <testcase name="passdata_test[Kiran, kirangodse@gmailcom, English, hello](2)" classname="com.kolhapur.testcases.FeedBackPageTest" time="11.88">
    <system-out><![CDATA[01-03-2022 16:30:12 RequestAddCookies.java DEBUG [Forwarding close on session 98a08898ad2c7248349520a9d0e40656 to remote] protocol.RequestAddCookies 123 - CookieSpec selected: default
01-03-2022 16:30:12 RequestAuthCache.java DEBUG [Forwarding close on session 98a08898ad2c7248349520a9d0e40656 to remote] protocol.RequestAuthCache 77 - Auth cache not set in the context
01-03-2022 16:30:12 PoolingHttpClientConnectionManager.java DEBUG [Forwarding close on session 98a08898ad2c7248349520a9d0e40656 to remote] conn.PoolingHttpClientConnectionManager 255 - Connection request: [route: {}->http://localhost:31586][total kept alive: 3; route allocated: 1 of 2000; total allocated: 3 of 2000]
01-03-2022 16:30:12 PoolingHttpClientConnectionManager.java DEBUG [Forwarding close on session 98a08898ad2c7248349520a9d0e40656 to remote] conn.PoolingHttpClientConnectionManager 288 - Connection leased: [id: 2][route: {}->http://localhost:31586][total kept alive: 2; route allocated: 1 of 2000; total allocated: 3 of 2000]
01-03-2022 16:30:12 MainClientExec.java DEBUG [Forwarding close on session 98a08898ad2c7248349520a9d0e40656 to remote] execchain.MainClientExec 208 - Stale connection check
01-03-2022 16:30:12 Wire.java DEBUG [Forwarding close on session 98a08898ad2c7248349520a9d0e40656 to remote] http.wire 87 - http-outgoing-2 << "[read] I/O error: Read timed out"
01-03-2022 16:30:12 LoggingManagedHttpClientConnection.java DEBUG [Forwarding close on session 98a08898ad2c7248349520a9d0e40656 to remote] conn.DefaultManagedHttpClientConnection 88 - http-outgoing-2: set socket timeout to 10800000
01-03-2022 16:30:12 MainClientExec.java DEBUG [Forwarding close on session 98a08898ad2c7248349520a9d0e40656 to remote] execchain.MainClientExec 256 - Executing request DELETE /session/98a08898ad2c7248349520a9d0e40656/window HTTP/1.1
01-03-2022 16:30:12 MainClientExec.java DEBUG [Forwarding close on session 98a08898ad2c7248349520a9d0e40656 to remote] execchain.MainClientExec 261 - Target auth state: UNCHALLENGED
01-03-2022 16:30:12 MainClientExec.java DEBUG [Forwarding close on session 98a08898ad2c7248349520a9d0e40656 to remote] execchain.MainClientExec 267 - Proxy auth state: UNCHALLENGED
01-03-2022 16:30:12 LoggingManagedHttpClientConnection.java DEBUG [Forwarding close on session 98a08898ad2c7248349520a9d0e40656 to remote] http.headers 133 - http-outgoing-2 >> DELETE /session/98a08898ad2c7248349520a9d0e40656/window HTTP/1.1
01-03-2022 16:30:12 LoggingManagedHttpClientConnection.java DEBUG [Forwarding close on session 98a08898ad2c7248349520a9d0e40656 to remote] http.headers 136 - http-outgoing-2 >> Host: localhost:31586
01-03-2022 16:30:12 LoggingManagedHttpClientConnection.java DEBUG [Forwarding close on session 98a08898ad2c7248349520a9d0e40656 to remote] http.headers 136 - http-outgoing-2 >> Connection: Keep-Alive
01-03-2022 16:30:12 LoggingManagedHttpClientConnection.java DEBUG [Forwarding close on session 98a08898ad2c7248349520a9d0e40656 to remote] http.headers 136 - http-outgoing-2 >> User-Agent: Apache-HttpClient/4.5.3 (Java/1.8.0_202)
01-03-2022 16:30:12 LoggingManagedHttpClientConnection.java DEBUG [Forwarding close on session 98a08898ad2c7248349520a9d0e40656 to remote] http.headers 136 - http-outgoing-2 >> Accept-Encoding: gzip,deflate
01-03-2022 16:30:12 Wire.java DEBUG [Forwarding close on session 98a08898ad2c7248349520a9d0e40656 to remote] http.wire 73 - http-outgoing-2 >> "DELETE /session/98a08898ad2c7248349520a9d0e40656/window HTTP/1.1[\r][\n]"
01-03-2022 16:30:12 Wire.java DEBUG [Forwarding close on session 98a08898ad2c7248349520a9d0e40656 to remote] http.wire 73 - http-outgoing-2 >> "Host: localhost:31586[\r][\n]"
01-03-2022 16:30:12 Wire.java DEBUG [Forwarding close on session 98a08898ad2c7248349520a9d0e40656 to remote] http.wire 73 - http-outgoing-2 >> "Connection: Keep-Alive[\r][\n]"
01-03-2022 16:30:12 Wire.java DEBUG [Forwarding close on session 98a08898ad2c7248349520a9d0e40656 to remote] http.wire 73 - http-outgoing-2 >> "User-Agent: Apache-HttpClient/4.5.3 (Java/1.8.0_202)[\r][\n]"
01-03-2022 16:30:12 Wire.java DEBUG [Forwarding close on session 98a08898ad2c7248349520a9d0e40656 to remote] http.wire 73 - http-outgoing-2 >> "Accept-Encoding: gzip,deflate[\r][\n]"
01-03-2022 16:30:12 Wire.java DEBUG [Forwarding close on session 98a08898ad2c7248349520a9d0e40656 to remote] http.wire 73 - http-outgoing-2 >> "[\r][\n]"
01-03-2022 16:30:12 Wire.java DEBUG [Forwarding close on session 98a08898ad2c7248349520a9d0e40656 to remote] http.wire 73 - http-outgoing-2 << "HTTP/1.1 200 OK[\r][\n]"
01-03-2022 16:30:12 Wire.java DEBUG [Forwarding close on session 98a08898ad2c7248349520a9d0e40656 to remote] http.wire 73 - http-outgoing-2 << "Content-Length:12[\r][\n]"
01-03-2022 16:30:12 Wire.java DEBUG [Forwarding close on session 98a08898ad2c7248349520a9d0e40656 to remote] http.wire 73 - http-outgoing-2 << "Content-Type:application/json; charset=utf-8[\r][\n]"
01-03-2022 16:30:12 Wire.java DEBUG [Forwarding close on session 98a08898ad2c7248349520a9d0e40656 to remote] http.wire 73 - http-outgoing-2 << "cache-control:no-cache[\r][\n]"
01-03-2022 16:30:12 Wire.java DEBUG [Forwarding close on session 98a08898ad2c7248349520a9d0e40656 to remote] http.wire 73 - http-outgoing-2 << "[\r][\n]"
01-03-2022 16:30:12 Wire.java DEBUG [Forwarding close on session 98a08898ad2c7248349520a9d0e40656 to remote] http.wire 87 - http-outgoing-2 << "{"value":[]}"
01-03-2022 16:30:12 LoggingManagedHttpClientConnection.java DEBUG [Forwarding close on session 98a08898ad2c7248349520a9d0e40656 to remote] http.headers 122 - http-outgoing-2 << HTTP/1.1 200 OK
01-03-2022 16:30:12 LoggingManagedHttpClientConnection.java DEBUG [Forwarding close on session 98a08898ad2c7248349520a9d0e40656 to remote] http.headers 125 - http-outgoing-2 << Content-Length:12
01-03-2022 16:30:12 LoggingManagedHttpClientConnection.java DEBUG [Forwarding close on session 98a08898ad2c7248349520a9d0e40656 to remote] http.headers 125 - http-outgoing-2 << Content-Type:application/json; charset=utf-8
01-03-2022 16:30:12 LoggingManagedHttpClientConnection.java DEBUG [Forwarding close on session 98a08898ad2c7248349520a9d0e40656 to remote] http.headers 125 - http-outgoing-2 << cache-control:no-cache
01-03-2022 16:30:12 MainClientExec.java DEBUG [Forwarding close on session 98a08898ad2c7248349520a9d0e40656 to remote] execchain.MainClientExec 285 - Connection can be kept alive indefinitely
01-03-2022 16:30:12 PoolingHttpClientConnectionManager.java DEBUG [Forwarding close on session 98a08898ad2c7248349520a9d0e40656 to remote] conn.PoolingHttpClientConnectionManager 320 - Connection [id: 2][route: {}->http://localhost:31586] can be kept alive indefinitely
01-03-2022 16:30:12 PoolingHttpClientConnectionManager.java DEBUG [Forwarding close on session 98a08898ad2c7248349520a9d0e40656 to remote] conn.PoolingHttpClientConnectionManager 326 - Connection released: [id: 2][route: {}->http://localhost:31586][total kept alive: 3; route allocated: 1 of 2000; total allocated: 3 of 2000]
01-03-2022 16:30:13 RequestAddCookies.java DEBUG [Forwarding newSession on session null to remote] protocol.RequestAddCookies 123 - CookieSpec selected: default
01-03-2022 16:30:13 RequestAuthCache.java DEBUG [Forwarding newSession on session null to remote] protocol.RequestAuthCache 77 - Auth cache not set in the context
01-03-2022 16:30:13 PoolingHttpClientConnectionManager.java DEBUG [Forwarding newSession on session null to remote] conn.PoolingHttpClientConnectionManager 255 - Connection request: [route: {}->http://localhost:18071][total kept alive: 3; route allocated: 0 of 2000; total allocated: 3 of 2000]
01-03-2022 16:30:13 PoolingHttpClientConnectionManager.java DEBUG [Forwarding newSession on session null to remote] conn.PoolingHttpClientConnectionManager 288 - Connection leased: [id: 3][route: {}->http://localhost:18071][total kept alive: 3; route allocated: 1 of 2000; total allocated: 4 of 2000]
01-03-2022 16:30:13 MainClientExec.java DEBUG [Forwarding newSession on session null to remote] execchain.MainClientExec 235 - Opening connection {}->http://localhost:18071
01-03-2022 16:30:13 DefaultHttpClientConnectionOperator.java DEBUG [Forwarding newSession on session null to remote] conn.DefaultHttpClientConnectionOperator 139 - Connecting to localhost/127.0.0.1:18071
01-03-2022 16:30:13 DefaultHttpClientConnectionOperator.java DEBUG [Forwarding newSession on session null to remote] conn.DefaultHttpClientConnectionOperator 146 - Connection established 127.0.0.1:54111<->127.0.0.1:18071
01-03-2022 16:30:13 LoggingManagedHttpClientConnection.java DEBUG [Forwarding newSession on session null to remote] conn.DefaultManagedHttpClientConnection 88 - http-outgoing-3: set socket timeout to 10800000
01-03-2022 16:30:13 MainClientExec.java DEBUG [Forwarding newSession on session null to remote] execchain.MainClientExec 256 - Executing request POST /session HTTP/1.1
01-03-2022 16:30:13 MainClientExec.java DEBUG [Forwarding newSession on session null to remote] execchain.MainClientExec 261 - Target auth state: UNCHALLENGED
01-03-2022 16:30:13 MainClientExec.java DEBUG [Forwarding newSession on session null to remote] execchain.MainClientExec 267 - Proxy auth state: UNCHALLENGED
01-03-2022 16:30:13 LoggingManagedHttpClientConnection.java DEBUG [Forwarding newSession on session null to remote] http.headers 133 - http-outgoing-3 >> POST /session HTTP/1.1
01-03-2022 16:30:13 LoggingManagedHttpClientConnection.java DEBUG [Forwarding newSession on session null to remote] http.headers 136 - http-outgoing-3 >> Content-Type: application/json; charset=utf-8
01-03-2022 16:30:13 LoggingManagedHttpClientConnection.java DEBUG [Forwarding newSession on session null to remote] http.headers 136 - http-outgoing-3 >> Content-Length: 335
01-03-2022 16:30:13 LoggingManagedHttpClientConnection.java DEBUG [Forwarding newSession on session null to remote] http.headers 136 - http-outgoing-3 >> Host: localhost:18071
01-03-2022 16:30:13 LoggingManagedHttpClientConnection.java DEBUG [Forwarding newSession on session null to remote] http.headers 136 - http-outgoing-3 >> Connection: Keep-Alive
01-03-2022 16:30:13 LoggingManagedHttpClientConnection.java DEBUG [Forwarding newSession on session null to remote] http.headers 136 - http-outgoing-3 >> User-Agent: Apache-HttpClient/4.5.3 (Java/1.8.0_202)
01-03-2022 16:30:13 LoggingManagedHttpClientConnection.java DEBUG [Forwarding newSession on session null to remote] http.headers 136 - http-outgoing-3 >> Accept-Encoding: gzip,deflate
01-03-2022 16:30:13 Wire.java DEBUG [Forwarding newSession on session null to remote] http.wire 73 - http-outgoing-3 >> "POST /session HTTP/1.1[\r][\n]"
01-03-2022 16:30:13 Wire.java DEBUG [Forwarding newSession on session null to remote] http.wire 73 - http-outgoing-3 >> "Content-Type: application/json; charset=utf-8[\r][\n]"
01-03-2022 16:30:13 Wire.java DEBUG [Forwarding newSession on session null to remote] http.wire 73 - http-outgoing-3 >> "Content-Length: 335[\r][\n]"
01-03-2022 16:30:13 Wire.java DEBUG [Forwarding newSession on session null to remote] http.wire 73 - http-outgoing-3 >> "Host: localhost:18071[\r][\n]"
01-03-2022 16:30:13 Wire.java DEBUG [Forwarding newSession on session null to remote] http.wire 73 - http-outgoing-3 >> "Connection: Keep-Alive[\r][\n]"
01-03-2022 16:30:13 Wire.java DEBUG [Forwarding newSession on session null to remote] http.wire 73 - http-outgoing-3 >> "User-Agent: Apache-HttpClient/4.5.3 (Java/1.8.0_202)[\r][\n]"
01-03-2022 16:30:13 Wire.java DEBUG [Forwarding newSession on session null to remote] http.wire 73 - http-outgoing-3 >> "Accept-Encoding: gzip,deflate[\r][\n]"
01-03-2022 16:30:13 Wire.java DEBUG [Forwarding newSession on session null to remote] http.wire 73 - http-outgoing-3 >> "[\r][\n]"
01-03-2022 16:30:13 Wire.java DEBUG [Forwarding newSession on session null to remote] http.wire 73 - http-outgoing-3 >> "{[\n]"
01-03-2022 16:30:13 Wire.java DEBUG [Forwarding newSession on session null to remote] http.wire 73 - http-outgoing-3 >> "  "desiredCapabilities": {"browserName":"chrome","goog:chromeOptions":{"args":[],"extensions":[]}},[\n]"
01-03-2022 16:30:13 Wire.java DEBUG [Forwarding newSession on session null to remote] http.wire 73 - http-outgoing-3 >> "  "capabilities": {[\n]"
01-03-2022 16:30:13 Wire.java DEBUG [Forwarding newSession on session null to remote] http.wire 73 - http-outgoing-3 >> "    "desiredCapabilities": {"browserName":"chrome","goog:chromeOptions":{"args":[],"extensions":[]}},[\n]"
01-03-2022 16:30:13 Wire.java DEBUG [Forwarding newSession on session null to remote] http.wire 73 - http-outgoing-3 >> "    "firstMatch": [[\n]"
01-03-2022 16:30:13 Wire.java DEBUG [Forwarding newSession on session null to remote] http.wire 73 - http-outgoing-3 >> "      {"browserName":"chrome","goog:chromeOptions":{"args":[],"extensions":[]}}[\n]"
01-03-2022 16:30:13 Wire.java DEBUG [Forwarding newSession on session null to remote] http.wire 73 - http-outgoing-3 >> "    ][\n]"
01-03-2022 16:30:13 Wire.java DEBUG [Forwarding newSession on session null to remote] http.wire 73 - http-outgoing-3 >> "  }[\n]"
01-03-2022 16:30:13 Wire.java DEBUG [Forwarding newSession on session null to remote] http.wire 87 - http-outgoing-3 >> "}"
01-03-2022 16:30:14 Wire.java DEBUG [Forwarding newSession on session null to remote] http.wire 73 - http-outgoing-3 << "HTTP/1.1 200 OK[\r][\n]"
01-03-2022 16:30:14 Wire.java DEBUG [Forwarding newSession on session null to remote] http.wire 73 - http-outgoing-3 << "Content-Length:786[\r][\n]"
01-03-2022 16:30:14 Wire.java DEBUG [Forwarding newSession on session null to remote] http.wire 73 - http-outgoing-3 << "Content-Type:application/json; charset=utf-8[\r][\n]"
01-03-2022 16:30:14 Wire.java DEBUG [Forwarding newSession on session null to remote] http.wire 73 - http-outgoing-3 << "cache-control:no-cache[\r][\n]"
01-03-2022 16:30:14 Wire.java DEBUG [Forwarding newSession on session null to remote] http.wire 73 - http-outgoing-3 << "[\r][\n]"
01-03-2022 16:30:14 Wire.java DEBUG [Forwarding newSession on session null to remote] http.wire 87 - http-outgoing-3 << "{"value":{"capabilities":{"acceptInsecureCerts":false,"browserName":"chrome","browserVersion":"96.0.4664.110","chrome":{"chromedriverVersion":"96.0.4664.45 (76e4c1bb2ab4671b8beba3444e61c0f17584b2fc-refs/branch-heads/4664@{#947})","userDataDir":"C:\\Users\\adm\\AppData\\Local\\Temp\\scoped_dir10316_147985592"},"goog:chromeOptions":{"debuggerAddress":"localhost:54112"},"networkConnectionEnabled":false,"pageLoadStrategy":"normal","platformName":"windows","proxy":{},"setWindowRect":true,"strictFileInteractability":false,"timeouts":{"implicit":0,"pageLoad":300000,"script":30000},"unhandledPromptBehavior":"dismiss and notify","webauthn:extension:credBlob":true,"webauthn:extension:largeBlob":true,"webauthn:virtualAuthenticators":true},"sessionId":"528dea28d01658b4690af19def52eea7"}}"
01-03-2022 16:30:14 LoggingManagedHttpClientConnection.java DEBUG [Forwarding newSession on session null to remote] http.headers 122 - http-outgoing-3 << HTTP/1.1 200 OK
01-03-2022 16:30:14 LoggingManagedHttpClientConnection.java DEBUG [Forwarding newSession on session null to remote] http.headers 125 - http-outgoing-3 << Content-Length:786
01-03-2022 16:30:14 LoggingManagedHttpClientConnection.java DEBUG [Forwarding newSession on session null to remote] http.headers 125 - http-outgoing-3 << Content-Type:application/json; charset=utf-8
01-03-2022 16:30:14 LoggingManagedHttpClientConnection.java DEBUG [Forwarding newSession on session null to remote] http.headers 125 - http-outgoing-3 << cache-control:no-cache
01-03-2022 16:30:14 MainClientExec.java DEBUG [Forwarding newSession on session null to remote] execchain.MainClientExec 285 - Connection can be kept alive indefinitely
01-03-2022 16:30:14 PoolingHttpClientConnectionManager.java DEBUG [Forwarding newSession on session null to remote] conn.PoolingHttpClientConnectionManager 320 - Connection [id: 3][route: {}->http://localhost:18071] can be kept alive indefinitely
01-03-2022 16:30:14 PoolingHttpClientConnectionManager.java DEBUG [Forwarding newSession on session null to remote] conn.PoolingHttpClientConnectionManager 326 - Connection released: [id: 3][route: {}->http://localhost:18071][total kept alive: 4; route allocated: 1 of 2000; total allocated: 4 of 2000]
01-03-2022 16:30:14 RequestAddCookies.java DEBUG [Forwarding deleteAllCookies on session 528dea28d01658b4690af19def52eea7 to remote] protocol.RequestAddCookies 123 - CookieSpec selected: default
01-03-2022 16:30:14 RequestAuthCache.java DEBUG [Forwarding deleteAllCookies on session 528dea28d01658b4690af19def52eea7 to remote] protocol.RequestAuthCache 77 - Auth cache not set in the context
01-03-2022 16:30:14 PoolingHttpClientConnectionManager.java DEBUG [Forwarding deleteAllCookies on session 528dea28d01658b4690af19def52eea7 to remote] conn.PoolingHttpClientConnectionManager 255 - Connection request: [route: {}->http://localhost:18071][total kept alive: 4; route allocated: 1 of 2000; total allocated: 4 of 2000]
01-03-2022 16:30:14 PoolingHttpClientConnectionManager.java DEBUG [Forwarding deleteAllCookies on session 528dea28d01658b4690af19def52eea7 to remote] conn.PoolingHttpClientConnectionManager 288 - Connection leased: [id: 3][route: {}->http://localhost:18071][total kept alive: 3; route allocated: 1 of 2000; total allocated: 4 of 2000]
01-03-2022 16:30:14 MainClientExec.java DEBUG [Forwarding deleteAllCookies on session 528dea28d01658b4690af19def52eea7 to remote] execchain.MainClientExec 208 - Stale connection check
01-03-2022 16:30:14 Wire.java DEBUG [Forwarding deleteAllCookies on session 528dea28d01658b4690af19def52eea7 to remote] http.wire 87 - http-outgoing-3 << "[read] I/O error: Read timed out"
01-03-2022 16:30:14 LoggingManagedHttpClientConnection.java DEBUG [Forwarding deleteAllCookies on session 528dea28d01658b4690af19def52eea7 to remote] conn.DefaultManagedHttpClientConnection 88 - http-outgoing-3: set socket timeout to 10800000
01-03-2022 16:30:14 MainClientExec.java DEBUG [Forwarding deleteAllCookies on session 528dea28d01658b4690af19def52eea7 to remote] execchain.MainClientExec 256 - Executing request DELETE /session/528dea28d01658b4690af19def52eea7/cookie HTTP/1.1
01-03-2022 16:30:14 MainClientExec.java DEBUG [Forwarding deleteAllCookies on session 528dea28d01658b4690af19def52eea7 to remote] execchain.MainClientExec 261 - Target auth state: UNCHALLENGED
01-03-2022 16:30:14 MainClientExec.java DEBUG [Forwarding deleteAllCookies on session 528dea28d01658b4690af19def52eea7 to remote] execchain.MainClientExec 267 - Proxy auth state: UNCHALLENGED
01-03-2022 16:30:14 LoggingManagedHttpClientConnection.java DEBUG [Forwarding deleteAllCookies on session 528dea28d01658b4690af19def52eea7 to remote] http.headers 133 - http-outgoing-3 >> DELETE /session/528dea28d01658b4690af19def52eea7/cookie HTTP/1.1
01-03-2022 16:30:14 LoggingManagedHttpClientConnection.java DEBUG [Forwarding deleteAllCookies on session 528dea28d01658b4690af19def52eea7 to remote] http.headers 136 - http-outgoing-3 >> Host: localhost:18071
01-03-2022 16:30:14 LoggingManagedHttpClientConnection.java DEBUG [Forwarding deleteAllCookies on session 528dea28d01658b4690af19def52eea7 to remote] http.headers 136 - http-outgoing-3 >> Connection: Keep-Alive
01-03-2022 16:30:14 LoggingManagedHttpClientConnection.java DEBUG [Forwarding deleteAllCookies on session 528dea28d01658b4690af19def52eea7 to remote] http.headers 136 - http-outgoing-3 >> User-Agent: Apache-HttpClient/4.5.3 (Java/1.8.0_202)
01-03-2022 16:30:14 LoggingManagedHttpClientConnection.java DEBUG [Forwarding deleteAllCookies on session 528dea28d01658b4690af19def52eea7 to remote] http.headers 136 - http-outgoing-3 >> Accept-Encoding: gzip,deflate
01-03-2022 16:30:14 Wire.java DEBUG [Forwarding deleteAllCookies on session 528dea28d01658b4690af19def52eea7 to remote] http.wire 73 - http-outgoing-3 >> "DELETE /session/528dea28d01658b4690af19def52eea7/cookie HTTP/1.1[\r][\n]"
01-03-2022 16:30:14 Wire.java DEBUG [Forwarding deleteAllCookies on session 528dea28d01658b4690af19def52eea7 to remote] http.wire 73 - http-outgoing-3 >> "Host: localhost:18071[\r][\n]"
01-03-2022 16:30:14 Wire.java DEBUG [Forwarding deleteAllCookies on session 528dea28d01658b4690af19def52eea7 to remote] http.wire 73 - http-outgoing-3 >> "Connection: Keep-Alive[\r][\n]"
01-03-2022 16:30:14 Wire.java DEBUG [Forwarding deleteAllCookies on session 528dea28d01658b4690af19def52eea7 to remote] http.wire 73 - http-outgoing-3 >> "User-Agent: Apache-HttpClient/4.5.3 (Java/1.8.0_202)[\r][\n]"
01-03-2022 16:30:14 Wire.java DEBUG [Forwarding deleteAllCookies on session 528dea28d01658b4690af19def52eea7 to remote] http.wire 73 - http-outgoing-3 >> "Accept-Encoding: gzip,deflate[\r][\n]"
01-03-2022 16:30:14 Wire.java DEBUG [Forwarding deleteAllCookies on session 528dea28d01658b4690af19def52eea7 to remote] http.wire 73 - http-outgoing-3 >> "[\r][\n]"
01-03-2022 16:30:14 Wire.java DEBUG [Forwarding deleteAllCookies on session 528dea28d01658b4690af19def52eea7 to remote] http.wire 73 - http-outgoing-3 << "HTTP/1.1 200 OK[\r][\n]"
01-03-2022 16:30:14 Wire.java DEBUG [Forwarding deleteAllCookies on session 528dea28d01658b4690af19def52eea7 to remote] http.wire 73 - http-outgoing-3 << "Content-Length:14[\r][\n]"
01-03-2022 16:30:14 Wire.java DEBUG [Forwarding deleteAllCookies on session 528dea28d01658b4690af19def52eea7 to remote] http.wire 73 - http-outgoing-3 << "Content-Type:application/json; charset=utf-8[\r][\n]"
01-03-2022 16:30:14 Wire.java DEBUG [Forwarding deleteAllCookies on session 528dea28d01658b4690af19def52eea7 to remote] http.wire 73 - http-outgoing-3 << "cache-control:no-cache[\r][\n]"
01-03-2022 16:30:14 Wire.java DEBUG [Forwarding deleteAllCookies on session 528dea28d01658b4690af19def52eea7 to remote] http.wire 73 - http-outgoing-3 << "[\r][\n]"
01-03-2022 16:30:14 Wire.java DEBUG [Forwarding deleteAllCookies on session 528dea28d01658b4690af19def52eea7 to remote] http.wire 87 - http-outgoing-3 << "{"value":null}"
01-03-2022 16:30:14 LoggingManagedHttpClientConnection.java DEBUG [Forwarding deleteAllCookies on session 528dea28d01658b4690af19def52eea7 to remote] http.headers 122 - http-outgoing-3 << HTTP/1.1 200 OK
01-03-2022 16:30:14 LoggingManagedHttpClientConnection.java DEBUG [Forwarding deleteAllCookies on session 528dea28d01658b4690af19def52eea7 to remote] http.headers 125 - http-outgoing-3 << Content-Length:14
01-03-2022 16:30:14 LoggingManagedHttpClientConnection.java DEBUG [Forwarding deleteAllCookies on session 528dea28d01658b4690af19def52eea7 to remote] http.headers 125 - http-outgoing-3 << Content-Type:application/json; charset=utf-8
01-03-2022 16:30:14 LoggingManagedHttpClientConnection.java DEBUG [Forwarding deleteAllCookies on session 528dea28d01658b4690af19def52eea7 to remote] http.headers 125 - http-outgoing-3 << cache-control:no-cache
01-03-2022 16:30:14 MainClientExec.java DEBUG [Forwarding deleteAllCookies on session 528dea28d01658b4690af19def52eea7 to remote] execchain.MainClientExec 285 - Connection can be kept alive indefinitely
01-03-2022 16:30:14 PoolingHttpClientConnectionManager.java DEBUG [Forwarding deleteAllCookies on session 528dea28d01658b4690af19def52eea7 to remote] conn.PoolingHttpClientConnectionManager 320 - Connection [id: 3][route: {}->http://localhost:18071] can be kept alive indefinitely
01-03-2022 16:30:14 PoolingHttpClientConnectionManager.java DEBUG [Forwarding deleteAllCookies on session 528dea28d01658b4690af19def52eea7 to remote] conn.PoolingHttpClientConnectionManager 326 - Connection released: [id: 3][route: {}->http://localhost:18071][total kept alive: 4; route allocated: 1 of 2000; total allocated: 4 of 2000]
01-03-2022 16:30:14 RequestAddCookies.java DEBUG [Forwarding setTimeout on session 528dea28d01658b4690af19def52eea7 to remote] protocol.RequestAddCookies 123 - CookieSpec selected: default
01-03-2022 16:30:14 RequestAuthCache.java DEBUG [Forwarding setTimeout on session 528dea28d01658b4690af19def52eea7 to remote] protocol.RequestAuthCache 77 - Auth cache not set in the context
01-03-2022 16:30:14 PoolingHttpClientConnectionManager.java DEBUG [Forwarding setTimeout on session 528dea28d01658b4690af19def52eea7 to remote] conn.PoolingHttpClientConnectionManager 255 - Connection request: [route: {}->http://localhost:18071][total kept alive: 4; route allocated: 1 of 2000; total allocated: 4 of 2000]
01-03-2022 16:30:14 PoolingHttpClientConnectionManager.java DEBUG [Forwarding setTimeout on session 528dea28d01658b4690af19def52eea7 to remote] conn.PoolingHttpClientConnectionManager 288 - Connection leased: [id: 3][route: {}->http://localhost:18071][total kept alive: 3; route allocated: 1 of 2000; total allocated: 4 of 2000]
01-03-2022 16:30:14 MainClientExec.java DEBUG [Forwarding setTimeout on session 528dea28d01658b4690af19def52eea7 to remote] execchain.MainClientExec 208 - Stale connection check
01-03-2022 16:30:14 Wire.java DEBUG [Forwarding setTimeout on session 528dea28d01658b4690af19def52eea7 to remote] http.wire 87 - http-outgoing-3 << "[read] I/O error: Read timed out"
01-03-2022 16:30:14 LoggingManagedHttpClientConnection.java DEBUG [Forwarding setTimeout on session 528dea28d01658b4690af19def52eea7 to remote] conn.DefaultManagedHttpClientConnection 88 - http-outgoing-3: set socket timeout to 10800000
01-03-2022 16:30:14 MainClientExec.java DEBUG [Forwarding setTimeout on session 528dea28d01658b4690af19def52eea7 to remote] execchain.MainClientExec 256 - Executing request POST /session/528dea28d01658b4690af19def52eea7/timeouts HTTP/1.1
01-03-2022 16:30:14 MainClientExec.java DEBUG [Forwarding setTimeout on session 528dea28d01658b4690af19def52eea7 to remote] execchain.MainClientExec 261 - Target auth state: UNCHALLENGED
01-03-2022 16:30:14 MainClientExec.java DEBUG [Forwarding setTimeout on session 528dea28d01658b4690af19def52eea7 to remote] execchain.MainClientExec 267 - Proxy auth state: UNCHALLENGED
01-03-2022 16:30:14 LoggingManagedHttpClientConnection.java DEBUG [Forwarding setTimeout on session 528dea28d01658b4690af19def52eea7 to remote] http.headers 133 - http-outgoing-3 >> POST /session/528dea28d01658b4690af19def52eea7/timeouts HTTP/1.1
01-03-2022 16:30:14 LoggingManagedHttpClientConnection.java DEBUG [Forwarding setTimeout on session 528dea28d01658b4690af19def52eea7 to remote] http.headers 136 - http-outgoing-3 >> Content-Type: application/json; charset=utf-8
01-03-2022 16:30:14 LoggingManagedHttpClientConnection.java DEBUG [Forwarding setTimeout on session 528dea28d01658b4690af19def52eea7 to remote] http.headers 136 - http-outgoing-3 >> Content-Length: 18
01-03-2022 16:30:14 LoggingManagedHttpClientConnection.java DEBUG [Forwarding setTimeout on session 528dea28d01658b4690af19def52eea7 to remote] http.headers 136 - http-outgoing-3 >> Host: localhost:18071
01-03-2022 16:30:14 LoggingManagedHttpClientConnection.java DEBUG [Forwarding setTimeout on session 528dea28d01658b4690af19def52eea7 to remote] http.headers 136 - http-outgoing-3 >> Connection: Keep-Alive
01-03-2022 16:30:14 LoggingManagedHttpClientConnection.java DEBUG [Forwarding setTimeout on session 528dea28d01658b4690af19def52eea7 to remote] http.headers 136 - http-outgoing-3 >> User-Agent: Apache-HttpClient/4.5.3 (Java/1.8.0_202)
01-03-2022 16:30:14 LoggingManagedHttpClientConnection.java DEBUG [Forwarding setTimeout on session 528dea28d01658b4690af19def52eea7 to remote] http.headers 136 - http-outgoing-3 >> Accept-Encoding: gzip,deflate
01-03-2022 16:30:14 Wire.java DEBUG [Forwarding setTimeout on session 528dea28d01658b4690af19def52eea7 to remote] http.wire 73 - http-outgoing-3 >> "POST /session/528dea28d01658b4690af19def52eea7/timeouts HTTP/1.1[\r][\n]"
01-03-2022 16:30:14 Wire.java DEBUG [Forwarding setTimeout on session 528dea28d01658b4690af19def52eea7 to remote] http.wire 73 - http-outgoing-3 >> "Content-Type: application/json; charset=utf-8[\r][\n]"
01-03-2022 16:30:14 Wire.java DEBUG [Forwarding setTimeout on session 528dea28d01658b4690af19def52eea7 to remote] http.wire 73 - http-outgoing-3 >> "Content-Length: 18[\r][\n]"
01-03-2022 16:30:14 Wire.java DEBUG [Forwarding setTimeout on session 528dea28d01658b4690af19def52eea7 to remote] http.wire 73 - http-outgoing-3 >> "Host: localhost:18071[\r][\n]"
01-03-2022 16:30:14 Wire.java DEBUG [Forwarding setTimeout on session 528dea28d01658b4690af19def52eea7 to remote] http.wire 73 - http-outgoing-3 >> "Connection: Keep-Alive[\r][\n]"
01-03-2022 16:30:14 Wire.java DEBUG [Forwarding setTimeout on session 528dea28d01658b4690af19def52eea7 to remote] http.wire 73 - http-outgoing-3 >> "User-Agent: Apache-HttpClient/4.5.3 (Java/1.8.0_202)[\r][\n]"
01-03-2022 16:30:14 Wire.java DEBUG [Forwarding setTimeout on session 528dea28d01658b4690af19def52eea7 to remote] http.wire 73 - http-outgoing-3 >> "Accept-Encoding: gzip,deflate[\r][\n]"
01-03-2022 16:30:14 Wire.java DEBUG [Forwarding setTimeout on session 528dea28d01658b4690af19def52eea7 to remote] http.wire 73 - http-outgoing-3 >> "[\r][\n]"
01-03-2022 16:30:14 Wire.java DEBUG [Forwarding setTimeout on session 528dea28d01658b4690af19def52eea7 to remote] http.wire 87 - http-outgoing-3 >> "{"implicit":10000}"
01-03-2022 16:30:14 Wire.java DEBUG [Forwarding setTimeout on session 528dea28d01658b4690af19def52eea7 to remote] http.wire 73 - http-outgoing-3 << "HTTP/1.1 200 OK[\r][\n]"
01-03-2022 16:30:14 Wire.java DEBUG [Forwarding setTimeout on session 528dea28d01658b4690af19def52eea7 to remote] http.wire 73 - http-outgoing-3 << "Content-Length:14[\r][\n]"
01-03-2022 16:30:14 Wire.java DEBUG [Forwarding setTimeout on session 528dea28d01658b4690af19def52eea7 to remote] http.wire 73 - http-outgoing-3 << "Content-Type:application/json; charset=utf-8[\r][\n]"
01-03-2022 16:30:14 Wire.java DEBUG [Forwarding setTimeout on session 528dea28d01658b4690af19def52eea7 to remote] http.wire 73 - http-outgoing-3 << "cache-control:no-cache[\r][\n]"
01-03-2022 16:30:14 Wire.java DEBUG [Forwarding setTimeout on session 528dea28d01658b4690af19def52eea7 to remote] http.wire 73 - http-outgoing-3 << "[\r][\n]"
01-03-2022 16:30:14 Wire.java DEBUG [Forwarding setTimeout on session 528dea28d01658b4690af19def52eea7 to remote] http.wire 87 - http-outgoing-3 << "{"value":null}"
01-03-2022 16:30:14 LoggingManagedHttpClientConnection.java DEBUG [Forwarding setTimeout on session 528dea28d01658b4690af19def52eea7 to remote] http.headers 122 - http-outgoing-3 << HTTP/1.1 200 OK
01-03-2022 16:30:14 LoggingManagedHttpClientConnection.java DEBUG [Forwarding setTimeout on session 528dea28d01658b4690af19def52eea7 to remote] http.headers 125 - http-outgoing-3 << Content-Length:14
01-03-2022 16:30:14 LoggingManagedHttpClientConnection.java DEBUG [Forwarding setTimeout on session 528dea28d01658b4690af19def52eea7 to remote] http.headers 125 - http-outgoing-3 << Content-Type:application/json; charset=utf-8
01-03-2022 16:30:14 LoggingManagedHttpClientConnection.java DEBUG [Forwarding setTimeout on session 528dea28d01658b4690af19def52eea7 to remote] http.headers 125 - http-outgoing-3 << cache-control:no-cache
01-03-2022 16:30:14 MainClientExec.java DEBUG [Forwarding setTimeout on session 528dea28d01658b4690af19def52eea7 to remote] execchain.MainClientExec 285 - Connection can be kept alive indefinitely
01-03-2022 16:30:14 PoolingHttpClientConnectionManager.java DEBUG [Forwarding setTimeout on session 528dea28d01658b4690af19def52eea7 to remote] conn.PoolingHttpClientConnectionManager 320 - Connection [id: 3][route: {}->http://localhost:18071] can be kept alive indefinitely
01-03-2022 16:30:14 PoolingHttpClientConnectionManager.java DEBUG [Forwarding setTimeout on session 528dea28d01658b4690af19def52eea7 to remote] conn.PoolingHttpClientConnectionManager 326 - Connection released: [id: 3][route: {}->http://localhost:18071][total kept alive: 4; route allocated: 1 of 2000; total allocated: 4 of 2000]
01-03-2022 16:30:14 RequestAddCookies.java DEBUG [Forwarding maximizeCurrentWindow on session 528dea28d01658b4690af19def52eea7 to remote] protocol.RequestAddCookies 123 - CookieSpec selected: default
01-03-2022 16:30:14 RequestAuthCache.java DEBUG [Forwarding maximizeCurrentWindow on session 528dea28d01658b4690af19def52eea7 to remote] protocol.RequestAuthCache 77 - Auth cache not set in the context
01-03-2022 16:30:14 PoolingHttpClientConnectionManager.java DEBUG [Forwarding maximizeCurrentWindow on session 528dea28d01658b4690af19def52eea7 to remote] conn.PoolingHttpClientConnectionManager 255 - Connection request: [route: {}->http://localhost:18071][total kept alive: 4; route allocated: 1 of 2000; total allocated: 4 of 2000]
01-03-2022 16:30:14 PoolingHttpClientConnectionManager.java DEBUG [Forwarding maximizeCurrentWindow on session 528dea28d01658b4690af19def52eea7 to remote] conn.PoolingHttpClientConnectionManager 288 - Connection leased: [id: 3][route: {}->http://localhost:18071][total kept alive: 3; route allocated: 1 of 2000; total allocated: 4 of 2000]
01-03-2022 16:30:14 MainClientExec.java DEBUG [Forwarding maximizeCurrentWindow on session 528dea28d01658b4690af19def52eea7 to remote] execchain.MainClientExec 208 - Stale connection check
01-03-2022 16:30:14 Wire.java DEBUG [Forwarding maximizeCurrentWindow on session 528dea28d01658b4690af19def52eea7 to remote] http.wire 87 - http-outgoing-3 << "[read] I/O error: Read timed out"
01-03-2022 16:30:14 LoggingManagedHttpClientConnection.java DEBUG [Forwarding maximizeCurrentWindow on session 528dea28d01658b4690af19def52eea7 to remote] conn.DefaultManagedHttpClientConnection 88 - http-outgoing-3: set socket timeout to 10800000
01-03-2022 16:30:14 MainClientExec.java DEBUG [Forwarding maximizeCurrentWindow on session 528dea28d01658b4690af19def52eea7 to remote] execchain.MainClientExec 256 - Executing request POST /session/528dea28d01658b4690af19def52eea7/window/maximize HTTP/1.1
01-03-2022 16:30:14 MainClientExec.java DEBUG [Forwarding maximizeCurrentWindow on session 528dea28d01658b4690af19def52eea7 to remote] execchain.MainClientExec 261 - Target auth state: UNCHALLENGED
01-03-2022 16:30:14 MainClientExec.java DEBUG [Forwarding maximizeCurrentWindow on session 528dea28d01658b4690af19def52eea7 to remote] execchain.MainClientExec 267 - Proxy auth state: UNCHALLENGED
01-03-2022 16:30:14 LoggingManagedHttpClientConnection.java DEBUG [Forwarding maximizeCurrentWindow on session 528dea28d01658b4690af19def52eea7 to remote] http.headers 133 - http-outgoing-3 >> POST /session/528dea28d01658b4690af19def52eea7/window/maximize HTTP/1.1
01-03-2022 16:30:14 LoggingManagedHttpClientConnection.java DEBUG [Forwarding maximizeCurrentWindow on session 528dea28d01658b4690af19def52eea7 to remote] http.headers 136 - http-outgoing-3 >> Content-Type: application/json; charset=utf-8
01-03-2022 16:30:14 LoggingManagedHttpClientConnection.java DEBUG [Forwarding maximizeCurrentWindow on session 528dea28d01658b4690af19def52eea7 to remote] http.headers 136 - http-outgoing-3 >> Content-Length: 2
01-03-2022 16:30:14 LoggingManagedHttpClientConnection.java DEBUG [Forwarding maximizeCurrentWindow on session 528dea28d01658b4690af19def52eea7 to remote] http.headers 136 - http-outgoing-3 >> Host: localhost:18071
01-03-2022 16:30:14 LoggingManagedHttpClientConnection.java DEBUG [Forwarding maximizeCurrentWindow on session 528dea28d01658b4690af19def52eea7 to remote] http.headers 136 - http-outgoing-3 >> Connection: Keep-Alive
01-03-2022 16:30:14 LoggingManagedHttpClientConnection.java DEBUG [Forwarding maximizeCurrentWindow on session 528dea28d01658b4690af19def52eea7 to remote] http.headers 136 - http-outgoing-3 >> User-Agent: Apache-HttpClient/4.5.3 (Java/1.8.0_202)
01-03-2022 16:30:14 LoggingManagedHttpClientConnection.java DEBUG [Forwarding maximizeCurrentWindow on session 528dea28d01658b4690af19def52eea7 to remote] http.headers 136 - http-outgoing-3 >> Accept-Encoding: gzip,deflate
01-03-2022 16:30:14 Wire.java DEBUG [Forwarding maximizeCurrentWindow on session 528dea28d01658b4690af19def52eea7 to remote] http.wire 73 - http-outgoing-3 >> "POST /session/528dea28d01658b4690af19def52eea7/window/maximize HTTP/1.1[\r][\n]"
01-03-2022 16:30:14 Wire.java DEBUG [Forwarding maximizeCurrentWindow on session 528dea28d01658b4690af19def52eea7 to remote] http.wire 73 - http-outgoing-3 >> "Content-Type: application/json; charset=utf-8[\r][\n]"
01-03-2022 16:30:14 Wire.java DEBUG [Forwarding maximizeCurrentWindow on session 528dea28d01658b4690af19def52eea7 to remote] http.wire 73 - http-outgoing-3 >> "Content-Length: 2[\r][\n]"
01-03-2022 16:30:14 Wire.java DEBUG [Forwarding maximizeCurrentWindow on session 528dea28d01658b4690af19def52eea7 to remote] http.wire 73 - http-outgoing-3 >> "Host: localhost:18071[\r][\n]"
01-03-2022 16:30:14 Wire.java DEBUG [Forwarding maximizeCurrentWindow on session 528dea28d01658b4690af19def52eea7 to remote] http.wire 73 - http-outgoing-3 >> "Connection: Keep-Alive[\r][\n]"
01-03-2022 16:30:14 Wire.java DEBUG [Forwarding maximizeCurrentWindow on session 528dea28d01658b4690af19def52eea7 to remote] http.wire 73 - http-outgoing-3 >> "User-Agent: Apache-HttpClient/4.5.3 (Java/1.8.0_202)[\r][\n]"
01-03-2022 16:30:14 Wire.java DEBUG [Forwarding maximizeCurrentWindow on session 528dea28d01658b4690af19def52eea7 to remote] http.wire 73 - http-outgoing-3 >> "Accept-Encoding: gzip,deflate[\r][\n]"
01-03-2022 16:30:14 Wire.java DEBUG [Forwarding maximizeCurrentWindow on session 528dea28d01658b4690af19def52eea7 to remote] http.wire 73 - http-outgoing-3 >> "[\r][\n]"
01-03-2022 16:30:14 Wire.java DEBUG [Forwarding maximizeCurrentWindow on session 528dea28d01658b4690af19def52eea7 to remote] http.wire 87 - http-outgoing-3 >> "{}"
01-03-2022 16:30:14 Wire.java DEBUG [Forwarding maximizeCurrentWindow on session 528dea28d01658b4690af19def52eea7 to remote] http.wire 73 - http-outgoing-3 << "HTTP/1.1 200 OK[\r][\n]"
01-03-2022 16:30:14 Wire.java DEBUG [Forwarding maximizeCurrentWindow on session 528dea28d01658b4690af19def52eea7 to remote] http.wire 73 - http-outgoing-3 << "Content-Length:51[\r][\n]"
01-03-2022 16:30:14 Wire.java DEBUG [Forwarding maximizeCurrentWindow on session 528dea28d01658b4690af19def52eea7 to remote] http.wire 73 - http-outgoing-3 << "Content-Type:application/json; charset=utf-8[\r][\n]"
01-03-2022 16:30:14 Wire.java DEBUG [Forwarding maximizeCurrentWindow on session 528dea28d01658b4690af19def52eea7 to remote] http.wire 73 - http-outgoing-3 << "cache-control:no-cache[\r][\n]"
01-03-2022 16:30:14 Wire.java DEBUG [Forwarding maximizeCurrentWindow on session 528dea28d01658b4690af19def52eea7 to remote] http.wire 73 - http-outgoing-3 << "[\r][\n]"
01-03-2022 16:30:14 Wire.java DEBUG [Forwarding maximizeCurrentWindow on session 528dea28d01658b4690af19def52eea7 to remote] http.wire 87 - http-outgoing-3 << "{"value":{"height":744,"width":1376,"x":-8,"y":-8}}"
01-03-2022 16:30:14 LoggingManagedHttpClientConnection.java DEBUG [Forwarding maximizeCurrentWindow on session 528dea28d01658b4690af19def52eea7 to remote] http.headers 122 - http-outgoing-3 << HTTP/1.1 200 OK
01-03-2022 16:30:14 LoggingManagedHttpClientConnection.java DEBUG [Forwarding maximizeCurrentWindow on session 528dea28d01658b4690af19def52eea7 to remote] http.headers 125 - http-outgoing-3 << Content-Length:51
01-03-2022 16:30:14 LoggingManagedHttpClientConnection.java DEBUG [Forwarding maximizeCurrentWindow on session 528dea28d01658b4690af19def52eea7 to remote] http.headers 125 - http-outgoing-3 << Content-Type:application/json; charset=utf-8
01-03-2022 16:30:14 LoggingManagedHttpClientConnection.java DEBUG [Forwarding maximizeCurrentWindow on session 528dea28d01658b4690af19def52eea7 to remote] http.headers 125 - http-outgoing-3 << cache-control:no-cache
01-03-2022 16:30:14 MainClientExec.java DEBUG [Forwarding maximizeCurrentWindow on session 528dea28d01658b4690af19def52eea7 to remote] execchain.MainClientExec 285 - Connection can be kept alive indefinitely
01-03-2022 16:30:14 PoolingHttpClientConnectionManager.java DEBUG [Forwarding maximizeCurrentWindow on session 528dea28d01658b4690af19def52eea7 to remote] conn.PoolingHttpClientConnectionManager 320 - Connection [id: 3][route: {}->http://localhost:18071] can be kept alive indefinitely
01-03-2022 16:30:14 PoolingHttpClientConnectionManager.java DEBUG [Forwarding maximizeCurrentWindow on session 528dea28d01658b4690af19def52eea7 to remote] conn.PoolingHttpClientConnectionManager 326 - Connection released: [id: 3][route: {}->http://localhost:18071][total kept alive: 4; route allocated: 1 of 2000; total allocated: 4 of 2000]
Before navigating to: 'https://kolhapur.gov.in/en/'
01-03-2022 16:30:14 RequestAddCookies.java DEBUG [Forwarding get on session 528dea28d01658b4690af19def52eea7 to remote] protocol.RequestAddCookies 123 - CookieSpec selected: default
01-03-2022 16:30:14 RequestAuthCache.java DEBUG [Forwarding get on session 528dea28d01658b4690af19def52eea7 to remote] protocol.RequestAuthCache 77 - Auth cache not set in the context
01-03-2022 16:30:14 PoolingHttpClientConnectionManager.java DEBUG [Forwarding get on session 528dea28d01658b4690af19def52eea7 to remote] conn.PoolingHttpClientConnectionManager 255 - Connection request: [route: {}->http://localhost:18071][total kept alive: 4; route allocated: 1 of 2000; total allocated: 4 of 2000]
01-03-2022 16:30:14 PoolingHttpClientConnectionManager.java DEBUG [Forwarding get on session 528dea28d01658b4690af19def52eea7 to remote] conn.PoolingHttpClientConnectionManager 288 - Connection leased: [id: 3][route: {}->http://localhost:18071][total kept alive: 3; route allocated: 1 of 2000; total allocated: 4 of 2000]
01-03-2022 16:30:14 MainClientExec.java DEBUG [Forwarding get on session 528dea28d01658b4690af19def52eea7 to remote] execchain.MainClientExec 208 - Stale connection check
01-03-2022 16:30:14 Wire.java DEBUG [Forwarding get on session 528dea28d01658b4690af19def52eea7 to remote] http.wire 87 - http-outgoing-3 << "[read] I/O error: Read timed out"
01-03-2022 16:30:14 LoggingManagedHttpClientConnection.java DEBUG [Forwarding get on session 528dea28d01658b4690af19def52eea7 to remote] conn.DefaultManagedHttpClientConnection 88 - http-outgoing-3: set socket timeout to 10800000
01-03-2022 16:30:14 MainClientExec.java DEBUG [Forwarding get on session 528dea28d01658b4690af19def52eea7 to remote] execchain.MainClientExec 256 - Executing request POST /session/528dea28d01658b4690af19def52eea7/url HTTP/1.1
01-03-2022 16:30:14 MainClientExec.java DEBUG [Forwarding get on session 528dea28d01658b4690af19def52eea7 to remote] execchain.MainClientExec 261 - Target auth state: UNCHALLENGED
01-03-2022 16:30:14 MainClientExec.java DEBUG [Forwarding get on session 528dea28d01658b4690af19def52eea7 to remote] execchain.MainClientExec 267 - Proxy auth state: UNCHALLENGED
01-03-2022 16:30:14 LoggingManagedHttpClientConnection.java DEBUG [Forwarding get on session 528dea28d01658b4690af19def52eea7 to remote] http.headers 133 - http-outgoing-3 >> POST /session/528dea28d01658b4690af19def52eea7/url HTTP/1.1
01-03-2022 16:30:14 LoggingManagedHttpClientConnection.java DEBUG [Forwarding get on session 528dea28d01658b4690af19def52eea7 to remote] http.headers 136 - http-outgoing-3 >> Content-Type: application/json; charset=utf-8
01-03-2022 16:30:14 LoggingManagedHttpClientConnection.java DEBUG [Forwarding get on session 528dea28d01658b4690af19def52eea7 to remote] http.headers 136 - http-outgoing-3 >> Content-Length: 37
01-03-2022 16:30:14 LoggingManagedHttpClientConnection.java DEBUG [Forwarding get on session 528dea28d01658b4690af19def52eea7 to remote] http.headers 136 - http-outgoing-3 >> Host: localhost:18071
01-03-2022 16:30:14 LoggingManagedHttpClientConnection.java DEBUG [Forwarding get on session 528dea28d01658b4690af19def52eea7 to remote] http.headers 136 - http-outgoing-3 >> Connection: Keep-Alive
01-03-2022 16:30:14 LoggingManagedHttpClientConnection.java DEBUG [Forwarding get on session 528dea28d01658b4690af19def52eea7 to remote] http.headers 136 - http-outgoing-3 >> User-Agent: Apache-HttpClient/4.5.3 (Java/1.8.0_202)
01-03-2022 16:30:14 LoggingManagedHttpClientConnection.java DEBUG [Forwarding get on session 528dea28d01658b4690af19def52eea7 to remote] http.headers 136 - http-outgoing-3 >> Accept-Encoding: gzip,deflate
01-03-2022 16:30:14 Wire.java DEBUG [Forwarding get on session 528dea28d01658b4690af19def52eea7 to remote] http.wire 73 - http-outgoing-3 >> "POST /session/528dea28d01658b4690af19def52eea7/url HTTP/1.1[\r][\n]"
01-03-2022 16:30:14 Wire.java DEBUG [Forwarding get on session 528dea28d01658b4690af19def52eea7 to remote] http.wire 73 - http-outgoing-3 >> "Content-Type: application/json; charset=utf-8[\r][\n]"
01-03-2022 16:30:14 Wire.java DEBUG [Forwarding get on session 528dea28d01658b4690af19def52eea7 to remote] http.wire 73 - http-outgoing-3 >> "Content-Length: 37[\r][\n]"
01-03-2022 16:30:14 Wire.java DEBUG [Forwarding get on session 528dea28d01658b4690af19def52eea7 to remote] http.wire 73 - http-outgoing-3 >> "Host: localhost:18071[\r][\n]"
01-03-2022 16:30:14 Wire.java DEBUG [Forwarding get on session 528dea28d01658b4690af19def52eea7 to remote] http.wire 73 - http-outgoing-3 >> "Connection: Keep-Alive[\r][\n]"
01-03-2022 16:30:14 Wire.java DEBUG [Forwarding get on session 528dea28d01658b4690af19def52eea7 to remote] http.wire 73 - http-outgoing-3 >> "User-Agent: Apache-HttpClient/4.5.3 (Java/1.8.0_202)[\r][\n]"
01-03-2022 16:30:14 Wire.java DEBUG [Forwarding get on session 528dea28d01658b4690af19def52eea7 to remote] http.wire 73 - http-outgoing-3 >> "Accept-Encoding: gzip,deflate[\r][\n]"
01-03-2022 16:30:14 Wire.java DEBUG [Forwarding get on session 528dea28d01658b4690af19def52eea7 to remote] http.wire 73 - http-outgoing-3 >> "[\r][\n]"
01-03-2022 16:30:14 Wire.java DEBUG [Forwarding get on session 528dea28d01658b4690af19def52eea7 to remote] http.wire 87 - http-outgoing-3 >> "{"url":"https://kolhapur.gov.in/en/"}"
01-03-2022 16:30:36 Wire.java DEBUG [Forwarding get on session 528dea28d01658b4690af19def52eea7 to remote] http.wire 73 - http-outgoing-3 << "HTTP/1.1 200 OK[\r][\n]"
01-03-2022 16:30:36 Wire.java DEBUG [Forwarding get on session 528dea28d01658b4690af19def52eea7 to remote] http.wire 73 - http-outgoing-3 << "Content-Length:14[\r][\n]"
01-03-2022 16:30:36 Wire.java DEBUG [Forwarding get on session 528dea28d01658b4690af19def52eea7 to remote] http.wire 73 - http-outgoing-3 << "Content-Type:application/json; charset=utf-8[\r][\n]"
01-03-2022 16:30:36 Wire.java DEBUG [Forwarding get on session 528dea28d01658b4690af19def52eea7 to remote] http.wire 73 - http-outgoing-3 << "cache-control:no-cache[\r][\n]"
01-03-2022 16:30:36 Wire.java DEBUG [Forwarding get on session 528dea28d01658b4690af19def52eea7 to remote] http.wire 73 - http-outgoing-3 << "[\r][\n]"
01-03-2022 16:30:36 Wire.java DEBUG [Forwarding get on session 528dea28d01658b4690af19def52eea7 to remote] http.wire 87 - http-outgoing-3 << "{"value":null}"
01-03-2022 16:30:36 LoggingManagedHttpClientConnection.java DEBUG [Forwarding get on session 528dea28d01658b4690af19def52eea7 to remote] http.headers 122 - http-outgoing-3 << HTTP/1.1 200 OK
01-03-2022 16:30:36 LoggingManagedHttpClientConnection.java DEBUG [Forwarding get on session 528dea28d01658b4690af19def52eea7 to remote] http.headers 125 - http-outgoing-3 << Content-Length:14
01-03-2022 16:30:36 LoggingManagedHttpClientConnection.java DEBUG [Forwarding get on session 528dea28d01658b4690af19def52eea7 to remote] http.headers 125 - http-outgoing-3 << Content-Type:application/json; charset=utf-8
01-03-2022 16:30:36 LoggingManagedHttpClientConnection.java DEBUG [Forwarding get on session 528dea28d01658b4690af19def52eea7 to remote] http.headers 125 - http-outgoing-3 << cache-control:no-cache
01-03-2022 16:30:36 MainClientExec.java DEBUG [Forwarding get on session 528dea28d01658b4690af19def52eea7 to remote] execchain.MainClientExec 285 - Connection can be kept alive indefinitely
01-03-2022 16:30:36 PoolingHttpClientConnectionManager.java DEBUG [Forwarding get on session 528dea28d01658b4690af19def52eea7 to remote] conn.PoolingHttpClientConnectionManager 320 - Connection [id: 3][route: {}->http://localhost:18071] can be kept alive indefinitely
01-03-2022 16:30:36 PoolingHttpClientConnectionManager.java DEBUG [Forwarding get on session 528dea28d01658b4690af19def52eea7 to remote] conn.PoolingHttpClientConnectionManager 326 - Connection released: [id: 3][route: {}->http://localhost:18071][total kept alive: 4; route allocated: 1 of 2000; total allocated: 4 of 2000]
Navigated to:'https://kolhapur.gov.in/en/'
01-03-2022 16:30:36 TestBase.java INFO  [main] KolhapurAutomationHybridFramework 61 - **************************url lauched*****************
Trying to find Element By : By.xpath: //a[text()='Feedback']
01-03-2022 16:30:36 RequestAddCookies.java DEBUG [Forwarding findElement on session 528dea28d01658b4690af19def52eea7 to remote] protocol.RequestAddCookies 123 - CookieSpec selected: default
01-03-2022 16:30:36 RequestAuthCache.java DEBUG [Forwarding findElement on session 528dea28d01658b4690af19def52eea7 to remote] protocol.RequestAuthCache 77 - Auth cache not set in the context
01-03-2022 16:30:36 PoolingHttpClientConnectionManager.java DEBUG [Forwarding findElement on session 528dea28d01658b4690af19def52eea7 to remote] conn.PoolingHttpClientConnectionManager 255 - Connection request: [route: {}->http://localhost:18071][total kept alive: 4; route allocated: 1 of 2000; total allocated: 4 of 2000]
01-03-2022 16:30:36 PoolingHttpClientConnectionManager.java DEBUG [Forwarding findElement on session 528dea28d01658b4690af19def52eea7 to remote] conn.PoolingHttpClientConnectionManager 288 - Connection leased: [id: 3][route: {}->http://localhost:18071][total kept alive: 3; route allocated: 1 of 2000; total allocated: 4 of 2000]
01-03-2022 16:30:36 MainClientExec.java DEBUG [Forwarding findElement on session 528dea28d01658b4690af19def52eea7 to remote] execchain.MainClientExec 208 - Stale connection check
01-03-2022 16:30:36 Wire.java DEBUG [Forwarding findElement on session 528dea28d01658b4690af19def52eea7 to remote] http.wire 87 - http-outgoing-3 << "[read] I/O error: Read timed out"
01-03-2022 16:30:36 LoggingManagedHttpClientConnection.java DEBUG [Forwarding findElement on session 528dea28d01658b4690af19def52eea7 to remote] conn.DefaultManagedHttpClientConnection 88 - http-outgoing-3: set socket timeout to 10800000
01-03-2022 16:30:36 MainClientExec.java DEBUG [Forwarding findElement on session 528dea28d01658b4690af19def52eea7 to remote] execchain.MainClientExec 256 - Executing request POST /session/528dea28d01658b4690af19def52eea7/element HTTP/1.1
01-03-2022 16:30:36 MainClientExec.java DEBUG [Forwarding findElement on session 528dea28d01658b4690af19def52eea7 to remote] execchain.MainClientExec 261 - Target auth state: UNCHALLENGED
01-03-2022 16:30:36 MainClientExec.java DEBUG [Forwarding findElement on session 528dea28d01658b4690af19def52eea7 to remote] execchain.MainClientExec 267 - Proxy auth state: UNCHALLENGED
01-03-2022 16:30:36 LoggingManagedHttpClientConnection.java DEBUG [Forwarding findElement on session 528dea28d01658b4690af19def52eea7 to remote] http.headers 133 - http-outgoing-3 >> POST /session/528dea28d01658b4690af19def52eea7/element HTTP/1.1
01-03-2022 16:30:36 LoggingManagedHttpClientConnection.java DEBUG [Forwarding findElement on session 528dea28d01658b4690af19def52eea7 to remote] http.headers 136 - http-outgoing-3 >> Content-Type: application/json; charset=utf-8
01-03-2022 16:30:36 LoggingManagedHttpClientConnection.java DEBUG [Forwarding findElement on session 528dea28d01658b4690af19def52eea7 to remote] http.headers 136 - http-outgoing-3 >> Content-Length: 65
01-03-2022 16:30:36 LoggingManagedHttpClientConnection.java DEBUG [Forwarding findElement on session 528dea28d01658b4690af19def52eea7 to remote] http.headers 136 - http-outgoing-3 >> Host: localhost:18071
01-03-2022 16:30:36 LoggingManagedHttpClientConnection.java DEBUG [Forwarding findElement on session 528dea28d01658b4690af19def52eea7 to remote] http.headers 136 - http-outgoing-3 >> Connection: Keep-Alive
01-03-2022 16:30:36 LoggingManagedHttpClientConnection.java DEBUG [Forwarding findElement on session 528dea28d01658b4690af19def52eea7 to remote] http.headers 136 - http-outgoing-3 >> User-Agent: Apache-HttpClient/4.5.3 (Java/1.8.0_202)
01-03-2022 16:30:36 LoggingManagedHttpClientConnection.java DEBUG [Forwarding findElement on session 528dea28d01658b4690af19def52eea7 to remote] http.headers 136 - http-outgoing-3 >> Accept-Encoding: gzip,deflate
01-03-2022 16:30:36 Wire.java DEBUG [Forwarding findElement on session 528dea28d01658b4690af19def52eea7 to remote] http.wire 73 - http-outgoing-3 >> "POST /session/528dea28d01658b4690af19def52eea7/element HTTP/1.1[\r][\n]"
01-03-2022 16:30:36 Wire.java DEBUG [Forwarding findElement on session 528dea28d01658b4690af19def52eea7 to remote] http.wire 73 - http-outgoing-3 >> "Content-Type: application/json; charset=utf-8[\r][\n]"
01-03-2022 16:30:36 Wire.java DEBUG [Forwarding findElement on session 528dea28d01658b4690af19def52eea7 to remote] http.wire 73 - http-outgoing-3 >> "Content-Length: 65[\r][\n]"
01-03-2022 16:30:36 Wire.java DEBUG [Forwarding findElement on session 528dea28d01658b4690af19def52eea7 to remote] http.wire 73 - http-outgoing-3 >> "Host: localhost:18071[\r][\n]"
01-03-2022 16:30:36 Wire.java DEBUG [Forwarding findElement on session 528dea28d01658b4690af19def52eea7 to remote] http.wire 73 - http-outgoing-3 >> "Connection: Keep-Alive[\r][\n]"
01-03-2022 16:30:36 Wire.java DEBUG [Forwarding findElement on session 528dea28d01658b4690af19def52eea7 to remote] http.wire 73 - http-outgoing-3 >> "User-Agent: Apache-HttpClient/4.5.3 (Java/1.8.0_202)[\r][\n]"
01-03-2022 16:30:36 Wire.java DEBUG [Forwarding findElement on session 528dea28d01658b4690af19def52eea7 to remote] http.wire 73 - http-outgoing-3 >> "Accept-Encoding: gzip,deflate[\r][\n]"
01-03-2022 16:30:36 Wire.java DEBUG [Forwarding findElement on session 528dea28d01658b4690af19def52eea7 to remote] http.wire 73 - http-outgoing-3 >> "[\r][\n]"
01-03-2022 16:30:36 Wire.java DEBUG [Forwarding findElement on session 528dea28d01658b4690af19def52eea7 to remote] http.wire 87 - http-outgoing-3 >> "{"value":"//a[text()\u003d\u0027Feedback\u0027]","using":"xpath"}"
01-03-2022 16:30:36 Wire.java DEBUG [Forwarding findElement on session 528dea28d01658b4690af19def52eea7 to remote] http.wire 73 - http-outgoing-3 << "HTTP/1.1 200 OK[\r][\n]"
01-03-2022 16:30:36 Wire.java DEBUG [Forwarding findElement on session 528dea28d01658b4690af19def52eea7 to remote] http.wire 73 - http-outgoing-3 << "Content-Length:88[\r][\n]"
01-03-2022 16:30:36 Wire.java DEBUG [Forwarding findElement on session 528dea28d01658b4690af19def52eea7 to remote] http.wire 73 - http-outgoing-3 << "Content-Type:application/json; charset=utf-8[\r][\n]"
01-03-2022 16:30:36 Wire.java DEBUG [Forwarding findElement on session 528dea28d01658b4690af19def52eea7 to remote] http.wire 73 - http-outgoing-3 << "cache-control:no-cache[\r][\n]"
01-03-2022 16:30:36 Wire.java DEBUG [Forwarding findElement on session 528dea28d01658b4690af19def52eea7 to remote] http.wire 73 - http-outgoing-3 << "[\r][\n]"
01-03-2022 16:30:36 Wire.java DEBUG [Forwarding findElement on session 528dea28d01658b4690af19def52eea7 to remote] http.wire 87 - http-outgoing-3 << "{"value":{"element-6066-11e4-a52e-4f735466cecf":"2677c74b-bb09-4bf6-b366-55569dd906c7"}}"
01-03-2022 16:30:36 LoggingManagedHttpClientConnection.java DEBUG [Forwarding findElement on session 528dea28d01658b4690af19def52eea7 to remote] http.headers 122 - http-outgoing-3 << HTTP/1.1 200 OK
01-03-2022 16:30:36 LoggingManagedHttpClientConnection.java DEBUG [Forwarding findElement on session 528dea28d01658b4690af19def52eea7 to remote] http.headers 125 - http-outgoing-3 << Content-Length:88
01-03-2022 16:30:36 LoggingManagedHttpClientConnection.java DEBUG [Forwarding findElement on session 528dea28d01658b4690af19def52eea7 to remote] http.headers 125 - http-outgoing-3 << Content-Type:application/json; charset=utf-8
01-03-2022 16:30:36 LoggingManagedHttpClientConnection.java DEBUG [Forwarding findElement on session 528dea28d01658b4690af19def52eea7 to remote] http.headers 125 - http-outgoing-3 << cache-control:no-cache
01-03-2022 16:30:36 MainClientExec.java DEBUG [Forwarding findElement on session 528dea28d01658b4690af19def52eea7 to remote] execchain.MainClientExec 285 - Connection can be kept alive indefinitely
01-03-2022 16:30:36 PoolingHttpClientConnectionManager.java DEBUG [Forwarding findElement on session 528dea28d01658b4690af19def52eea7 to remote] conn.PoolingHttpClientConnectionManager 320 - Connection [id: 3][route: {}->http://localhost:18071] can be kept alive indefinitely
01-03-2022 16:30:36 PoolingHttpClientConnectionManager.java DEBUG [Forwarding findElement on session 528dea28d01658b4690af19def52eea7 to remote] conn.PoolingHttpClientConnectionManager 326 - Connection released: [id: 3][route: {}->http://localhost:18071][total kept alive: 4; route allocated: 1 of 2000; total allocated: 4 of 2000]
Found Element By : By.xpath: //a[text()='Feedback']
Trying to click on: [[ChromeDriver: chrome on WINDOWS (528dea28d01658b4690af19def52eea7)] -> xpath: //a[text()='Feedback']]
01-03-2022 16:30:36 RequestAddCookies.java DEBUG [Forwarding clickElement on session 528dea28d01658b4690af19def52eea7 to remote] protocol.RequestAddCookies 123 - CookieSpec selected: default
01-03-2022 16:30:36 RequestAuthCache.java DEBUG [Forwarding clickElement on session 528dea28d01658b4690af19def52eea7 to remote] protocol.RequestAuthCache 77 - Auth cache not set in the context
01-03-2022 16:30:36 PoolingHttpClientConnectionManager.java DEBUG [Forwarding clickElement on session 528dea28d01658b4690af19def52eea7 to remote] conn.PoolingHttpClientConnectionManager 255 - Connection request: [route: {}->http://localhost:18071][total kept alive: 4; route allocated: 1 of 2000; total allocated: 4 of 2000]
01-03-2022 16:30:36 PoolingHttpClientConnectionManager.java DEBUG [Forwarding clickElement on session 528dea28d01658b4690af19def52eea7 to remote] conn.PoolingHttpClientConnectionManager 288 - Connection leased: [id: 3][route: {}->http://localhost:18071][total kept alive: 3; route allocated: 1 of 2000; total allocated: 4 of 2000]
01-03-2022 16:30:36 MainClientExec.java DEBUG [Forwarding clickElement on session 528dea28d01658b4690af19def52eea7 to remote] execchain.MainClientExec 208 - Stale connection check
01-03-2022 16:30:36 Wire.java DEBUG [Forwarding clickElement on session 528dea28d01658b4690af19def52eea7 to remote] http.wire 87 - http-outgoing-3 << "[read] I/O error: Read timed out"
01-03-2022 16:30:36 LoggingManagedHttpClientConnection.java DEBUG [Forwarding clickElement on session 528dea28d01658b4690af19def52eea7 to remote] conn.DefaultManagedHttpClientConnection 88 - http-outgoing-3: set socket timeout to 10800000
01-03-2022 16:30:36 MainClientExec.java DEBUG [Forwarding clickElement on session 528dea28d01658b4690af19def52eea7 to remote] execchain.MainClientExec 256 - Executing request POST /session/528dea28d01658b4690af19def52eea7/element/2677c74b-bb09-4bf6-b366-55569dd906c7/click HTTP/1.1
01-03-2022 16:30:36 MainClientExec.java DEBUG [Forwarding clickElement on session 528dea28d01658b4690af19def52eea7 to remote] execchain.MainClientExec 261 - Target auth state: UNCHALLENGED
01-03-2022 16:30:36 MainClientExec.java DEBUG [Forwarding clickElement on session 528dea28d01658b4690af19def52eea7 to remote] execchain.MainClientExec 267 - Proxy auth state: UNCHALLENGED
01-03-2022 16:30:36 LoggingManagedHttpClientConnection.java DEBUG [Forwarding clickElement on session 528dea28d01658b4690af19def52eea7 to remote] http.headers 133 - http-outgoing-3 >> POST /session/528dea28d01658b4690af19def52eea7/element/2677c74b-bb09-4bf6-b366-55569dd906c7/click HTTP/1.1
01-03-2022 16:30:36 LoggingManagedHttpClientConnection.java DEBUG [Forwarding clickElement on session 528dea28d01658b4690af19def52eea7 to remote] http.headers 136 - http-outgoing-3 >> Content-Type: application/json; charset=utf-8
01-03-2022 16:30:36 LoggingManagedHttpClientConnection.java DEBUG [Forwarding clickElement on session 528dea28d01658b4690af19def52eea7 to remote] http.headers 136 - http-outgoing-3 >> Content-Length: 45
01-03-2022 16:30:36 LoggingManagedHttpClientConnection.java DEBUG [Forwarding clickElement on session 528dea28d01658b4690af19def52eea7 to remote] http.headers 136 - http-outgoing-3 >> Host: localhost:18071
01-03-2022 16:30:36 LoggingManagedHttpClientConnection.java DEBUG [Forwarding clickElement on session 528dea28d01658b4690af19def52eea7 to remote] http.headers 136 - http-outgoing-3 >> Connection: Keep-Alive
01-03-2022 16:30:36 LoggingManagedHttpClientConnection.java DEBUG [Forwarding clickElement on session 528dea28d01658b4690af19def52eea7 to remote] http.headers 136 - http-outgoing-3 >> User-Agent: Apache-HttpClient/4.5.3 (Java/1.8.0_202)
01-03-2022 16:30:36 LoggingManagedHttpClientConnection.java DEBUG [Forwarding clickElement on session 528dea28d01658b4690af19def52eea7 to remote] http.headers 136 - http-outgoing-3 >> Accept-Encoding: gzip,deflate
01-03-2022 16:30:36 Wire.java DEBUG [Forwarding clickElement on session 528dea28d01658b4690af19def52eea7 to remote] http.wire 73 - http-outgoing-3 >> "POST /session/528dea28d01658b4690af19def52eea7/element/2677c74b-bb09-4bf6-b366-55569dd906c7/click HTTP/1.1[\r][\n]"
01-03-2022 16:30:36 Wire.java DEBUG [Forwarding clickElement on session 528dea28d01658b4690af19def52eea7 to remote] http.wire 73 - http-outgoing-3 >> "Content-Type: application/json; charset=utf-8[\r][\n]"
01-03-2022 16:30:36 Wire.java DEBUG [Forwarding clickElement on session 528dea28d01658b4690af19def52eea7 to remote] http.wire 73 - http-outgoing-3 >> "Content-Length: 45[\r][\n]"
01-03-2022 16:30:36 Wire.java DEBUG [Forwarding clickElement on session 528dea28d01658b4690af19def52eea7 to remote] http.wire 73 - http-outgoing-3 >> "Host: localhost:18071[\r][\n]"
01-03-2022 16:30:36 Wire.java DEBUG [Forwarding clickElement on session 528dea28d01658b4690af19def52eea7 to remote] http.wire 73 - http-outgoing-3 >> "Connection: Keep-Alive[\r][\n]"
01-03-2022 16:30:36 Wire.java DEBUG [Forwarding clickElement on session 528dea28d01658b4690af19def52eea7 to remote] http.wire 73 - http-outgoing-3 >> "User-Agent: Apache-HttpClient/4.5.3 (Java/1.8.0_202)[\r][\n]"
01-03-2022 16:30:36 Wire.java DEBUG [Forwarding clickElement on session 528dea28d01658b4690af19def52eea7 to remote] http.wire 73 - http-outgoing-3 >> "Accept-Encoding: gzip,deflate[\r][\n]"
01-03-2022 16:30:36 Wire.java DEBUG [Forwarding clickElement on session 528dea28d01658b4690af19def52eea7 to remote] http.wire 73 - http-outgoing-3 >> "[\r][\n]"
01-03-2022 16:30:36 Wire.java DEBUG [Forwarding clickElement on session 528dea28d01658b4690af19def52eea7 to remote] http.wire 87 - http-outgoing-3 >> "{"id":"2677c74b-bb09-4bf6-b366-55569dd906c7"}"
01-03-2022 16:30:47 Wire.java DEBUG [Forwarding clickElement on session 528dea28d01658b4690af19def52eea7 to remote] http.wire 73 - http-outgoing-3 << "HTTP/1.1 200 OK[\r][\n]"
01-03-2022 16:30:47 Wire.java DEBUG [Forwarding clickElement on session 528dea28d01658b4690af19def52eea7 to remote] http.wire 73 - http-outgoing-3 << "Content-Length:14[\r][\n]"
01-03-2022 16:30:47 Wire.java DEBUG [Forwarding clickElement on session 528dea28d01658b4690af19def52eea7 to remote] http.wire 73 - http-outgoing-3 << "Content-Type:application/json; charset=utf-8[\r][\n]"
01-03-2022 16:30:47 Wire.java DEBUG [Forwarding clickElement on session 528dea28d01658b4690af19def52eea7 to remote] http.wire 73 - http-outgoing-3 << "cache-control:no-cache[\r][\n]"
01-03-2022 16:30:47 Wire.java DEBUG [Forwarding clickElement on session 528dea28d01658b4690af19def52eea7 to remote] http.wire 73 - http-outgoing-3 << "[\r][\n]"
01-03-2022 16:30:47 Wire.java DEBUG [Forwarding clickElement on session 528dea28d01658b4690af19def52eea7 to remote] http.wire 87 - http-outgoing-3 << "{"value":null}"
01-03-2022 16:30:47 LoggingManagedHttpClientConnection.java DEBUG [Forwarding clickElement on session 528dea28d01658b4690af19def52eea7 to remote] http.headers 122 - http-outgoing-3 << HTTP/1.1 200 OK
01-03-2022 16:30:47 LoggingManagedHttpClientConnection.java DEBUG [Forwarding clickElement on session 528dea28d01658b4690af19def52eea7 to remote] http.headers 125 - http-outgoing-3 << Content-Length:14
01-03-2022 16:30:47 LoggingManagedHttpClientConnection.java DEBUG [Forwarding clickElement on session 528dea28d01658b4690af19def52eea7 to remote] http.headers 125 - http-outgoing-3 << Content-Type:application/json; charset=utf-8
01-03-2022 16:30:47 LoggingManagedHttpClientConnection.java DEBUG [Forwarding clickElement on session 528dea28d01658b4690af19def52eea7 to remote] http.headers 125 - http-outgoing-3 << cache-control:no-cache
01-03-2022 16:30:47 MainClientExec.java DEBUG [Forwarding clickElement on session 528dea28d01658b4690af19def52eea7 to remote] execchain.MainClientExec 285 - Connection can be kept alive indefinitely
01-03-2022 16:30:47 PoolingHttpClientConnectionManager.java DEBUG [Forwarding clickElement on session 528dea28d01658b4690af19def52eea7 to remote] conn.PoolingHttpClientConnectionManager 320 - Connection [id: 3][route: {}->http://localhost:18071] can be kept alive indefinitely
01-03-2022 16:30:47 PoolingHttpClientConnectionManager.java DEBUG [Forwarding clickElement on session 528dea28d01658b4690af19def52eea7 to remote] conn.PoolingHttpClientConnectionManager 326 - Connection released: [id: 3][route: {}->http://localhost:18071][total kept alive: 4; route allocated: 1 of 2000; total allocated: 4 of 2000]
Clicked on: [[ChromeDriver: chrome on WINDOWS (528dea28d01658b4690af19def52eea7)] -> xpath: //a[text()='Feedback']]
Trying to find Element By : By.id: your-name
01-03-2022 16:30:47 RequestAddCookies.java DEBUG [Forwarding findElement on session 528dea28d01658b4690af19def52eea7 to remote] protocol.RequestAddCookies 123 - CookieSpec selected: default
01-03-2022 16:30:47 RequestAuthCache.java DEBUG [Forwarding findElement on session 528dea28d01658b4690af19def52eea7 to remote] protocol.RequestAuthCache 77 - Auth cache not set in the context
01-03-2022 16:30:47 PoolingHttpClientConnectionManager.java DEBUG [Forwarding findElement on session 528dea28d01658b4690af19def52eea7 to remote] conn.PoolingHttpClientConnectionManager 255 - Connection request: [route: {}->http://localhost:18071][total kept alive: 4; route allocated: 1 of 2000; total allocated: 4 of 2000]
01-03-2022 16:30:47 PoolingHttpClientConnectionManager.java DEBUG [Forwarding findElement on session 528dea28d01658b4690af19def52eea7 to remote] conn.PoolingHttpClientConnectionManager 288 - Connection leased: [id: 3][route: {}->http://localhost:18071][total kept alive: 3; route allocated: 1 of 2000; total allocated: 4 of 2000]
01-03-2022 16:30:47 MainClientExec.java DEBUG [Forwarding findElement on session 528dea28d01658b4690af19def52eea7 to remote] execchain.MainClientExec 208 - Stale connection check
01-03-2022 16:30:47 Wire.java DEBUG [Forwarding findElement on session 528dea28d01658b4690af19def52eea7 to remote] http.wire 87 - http-outgoing-3 << "[read] I/O error: Read timed out"
01-03-2022 16:30:47 LoggingManagedHttpClientConnection.java DEBUG [Forwarding findElement on session 528dea28d01658b4690af19def52eea7 to remote] conn.DefaultManagedHttpClientConnection 88 - http-outgoing-3: set socket timeout to 10800000
01-03-2022 16:30:47 MainClientExec.java DEBUG [Forwarding findElement on session 528dea28d01658b4690af19def52eea7 to remote] execchain.MainClientExec 256 - Executing request POST /session/528dea28d01658b4690af19def52eea7/element HTTP/1.1
01-03-2022 16:30:47 MainClientExec.java DEBUG [Forwarding findElement on session 528dea28d01658b4690af19def52eea7 to remote] execchain.MainClientExec 261 - Target auth state: UNCHALLENGED
01-03-2022 16:30:47 MainClientExec.java DEBUG [Forwarding findElement on session 528dea28d01658b4690af19def52eea7 to remote] execchain.MainClientExec 267 - Proxy auth state: UNCHALLENGED
01-03-2022 16:30:47 LoggingManagedHttpClientConnection.java DEBUG [Forwarding findElement on session 528dea28d01658b4690af19def52eea7 to remote] http.headers 133 - http-outgoing-3 >> POST /session/528dea28d01658b4690af19def52eea7/element HTTP/1.1
01-03-2022 16:30:47 LoggingManagedHttpClientConnection.java DEBUG [Forwarding findElement on session 528dea28d01658b4690af19def52eea7 to remote] http.headers 136 - http-outgoing-3 >> Content-Type: application/json; charset=utf-8
01-03-2022 16:30:47 LoggingManagedHttpClientConnection.java DEBUG [Forwarding findElement on session 528dea28d01658b4690af19def52eea7 to remote] http.headers 136 - http-outgoing-3 >> Content-Length: 47
01-03-2022 16:30:47 LoggingManagedHttpClientConnection.java DEBUG [Forwarding findElement on session 528dea28d01658b4690af19def52eea7 to remote] http.headers 136 - http-outgoing-3 >> Host: localhost:18071
01-03-2022 16:30:47 LoggingManagedHttpClientConnection.java DEBUG [Forwarding findElement on session 528dea28d01658b4690af19def52eea7 to remote] http.headers 136 - http-outgoing-3 >> Connection: Keep-Alive
01-03-2022 16:30:47 LoggingManagedHttpClientConnection.java DEBUG [Forwarding findElement on session 528dea28d01658b4690af19def52eea7 to remote] http.headers 136 - http-outgoing-3 >> User-Agent: Apache-HttpClient/4.5.3 (Java/1.8.0_202)
01-03-2022 16:30:47 LoggingManagedHttpClientConnection.java DEBUG [Forwarding findElement on session 528dea28d01658b4690af19def52eea7 to remote] http.headers 136 - http-outgoing-3 >> Accept-Encoding: gzip,deflate
01-03-2022 16:30:47 Wire.java DEBUG [Forwarding findElement on session 528dea28d01658b4690af19def52eea7 to remote] http.wire 73 - http-outgoing-3 >> "POST /session/528dea28d01658b4690af19def52eea7/element HTTP/1.1[\r][\n]"
01-03-2022 16:30:47 Wire.java DEBUG [Forwarding findElement on session 528dea28d01658b4690af19def52eea7 to remote] http.wire 73 - http-outgoing-3 >> "Content-Type: application/json; charset=utf-8[\r][\n]"
01-03-2022 16:30:47 Wire.java DEBUG [Forwarding findElement on session 528dea28d01658b4690af19def52eea7 to remote] http.wire 73 - http-outgoing-3 >> "Content-Length: 47[\r][\n]"
01-03-2022 16:30:47 Wire.java DEBUG [Forwarding findElement on session 528dea28d01658b4690af19def52eea7 to remote] http.wire 73 - http-outgoing-3 >> "Host: localhost:18071[\r][\n]"
01-03-2022 16:30:47 Wire.java DEBUG [Forwarding findElement on session 528dea28d01658b4690af19def52eea7 to remote] http.wire 73 - http-outgoing-3 >> "Connection: Keep-Alive[\r][\n]"
01-03-2022 16:30:47 Wire.java DEBUG [Forwarding findElement on session 528dea28d01658b4690af19def52eea7 to remote] http.wire 73 - http-outgoing-3 >> "User-Agent: Apache-HttpClient/4.5.3 (Java/1.8.0_202)[\r][\n]"
01-03-2022 16:30:47 Wire.java DEBUG [Forwarding findElement on session 528dea28d01658b4690af19def52eea7 to remote] http.wire 73 - http-outgoing-3 >> "Accept-Encoding: gzip,deflate[\r][\n]"
01-03-2022 16:30:47 Wire.java DEBUG [Forwarding findElement on session 528dea28d01658b4690af19def52eea7 to remote] http.wire 73 - http-outgoing-3 >> "[\r][\n]"
01-03-2022 16:30:47 Wire.java DEBUG [Forwarding findElement on session 528dea28d01658b4690af19def52eea7 to remote] http.wire 87 - http-outgoing-3 >> "{"value":"#your\\-name","using":"css selector"}"
01-03-2022 16:30:47 Wire.java DEBUG [Forwarding findElement on session 528dea28d01658b4690af19def52eea7 to remote] http.wire 73 - http-outgoing-3 << "HTTP/1.1 200 OK[\r][\n]"
01-03-2022 16:30:47 Wire.java DEBUG [Forwarding findElement on session 528dea28d01658b4690af19def52eea7 to remote] http.wire 73 - http-outgoing-3 << "Content-Length:88[\r][\n]"
01-03-2022 16:30:47 Wire.java DEBUG [Forwarding findElement on session 528dea28d01658b4690af19def52eea7 to remote] http.wire 73 - http-outgoing-3 << "Content-Type:application/json; charset=utf-8[\r][\n]"
01-03-2022 16:30:47 Wire.java DEBUG [Forwarding findElement on session 528dea28d01658b4690af19def52eea7 to remote] http.wire 73 - http-outgoing-3 << "cache-control:no-cache[\r][\n]"
01-03-2022 16:30:47 Wire.java DEBUG [Forwarding findElement on session 528dea28d01658b4690af19def52eea7 to remote] http.wire 73 - http-outgoing-3 << "[\r][\n]"
01-03-2022 16:30:47 Wire.java DEBUG [Forwarding findElement on session 528dea28d01658b4690af19def52eea7 to remote] http.wire 87 - http-outgoing-3 << "{"value":{"element-6066-11e4-a52e-4f735466cecf":"34f52b24-4976-491a-a9c5-2596ae1fe299"}}"
01-03-2022 16:30:47 LoggingManagedHttpClientConnection.java DEBUG [Forwarding findElement on session 528dea28d01658b4690af19def52eea7 to remote] http.headers 122 - http-outgoing-3 << HTTP/1.1 200 OK
01-03-2022 16:30:47 LoggingManagedHttpClientConnection.java DEBUG [Forwarding findElement on session 528dea28d01658b4690af19def52eea7 to remote] http.headers 125 - http-outgoing-3 << Content-Length:88
01-03-2022 16:30:47 LoggingManagedHttpClientConnection.java DEBUG [Forwarding findElement on session 528dea28d01658b4690af19def52eea7 to remote] http.headers 125 - http-outgoing-3 << Content-Type:application/json; charset=utf-8
01-03-2022 16:30:47 LoggingManagedHttpClientConnection.java DEBUG [Forwarding findElement on session 528dea28d01658b4690af19def52eea7 to remote] http.headers 125 - http-outgoing-3 << cache-control:no-cache
01-03-2022 16:30:47 MainClientExec.java DEBUG [Forwarding findElement on session 528dea28d01658b4690af19def52eea7 to remote] execchain.MainClientExec 285 - Connection can be kept alive indefinitely
01-03-2022 16:30:47 PoolingHttpClientConnectionManager.java DEBUG [Forwarding findElement on session 528dea28d01658b4690af19def52eea7 to remote] conn.PoolingHttpClientConnectionManager 320 - Connection [id: 3][route: {}->http://localhost:18071] can be kept alive indefinitely
01-03-2022 16:30:47 PoolingHttpClientConnectionManager.java DEBUG [Forwarding findElement on session 528dea28d01658b4690af19def52eea7 to remote] conn.PoolingHttpClientConnectionManager 326 - Connection released: [id: 3][route: {}->http://localhost:18071][total kept alive: 4; route allocated: 1 of 2000; total allocated: 4 of 2000]
Found Element By : By.id: your-name
01-03-2022 16:30:47 RequestAddCookies.java DEBUG [Forwarding sendKeysToElement on session 528dea28d01658b4690af19def52eea7 to remote] protocol.RequestAddCookies 123 - CookieSpec selected: default
01-03-2022 16:30:47 RequestAuthCache.java DEBUG [Forwarding sendKeysToElement on session 528dea28d01658b4690af19def52eea7 to remote] protocol.RequestAuthCache 77 - Auth cache not set in the context
01-03-2022 16:30:47 PoolingHttpClientConnectionManager.java DEBUG [Forwarding sendKeysToElement on session 528dea28d01658b4690af19def52eea7 to remote] conn.PoolingHttpClientConnectionManager 255 - Connection request: [route: {}->http://localhost:18071][total kept alive: 4; route allocated: 1 of 2000; total allocated: 4 of 2000]
01-03-2022 16:30:47 PoolingHttpClientConnectionManager.java DEBUG [Forwarding sendKeysToElement on session 528dea28d01658b4690af19def52eea7 to remote] conn.PoolingHttpClientConnectionManager 288 - Connection leased: [id: 3][route: {}->http://localhost:18071][total kept alive: 3; route allocated: 1 of 2000; total allocated: 4 of 2000]
01-03-2022 16:30:47 MainClientExec.java DEBUG [Forwarding sendKeysToElement on session 528dea28d01658b4690af19def52eea7 to remote] execchain.MainClientExec 208 - Stale connection check
01-03-2022 16:30:47 Wire.java DEBUG [Forwarding sendKeysToElement on session 528dea28d01658b4690af19def52eea7 to remote] http.wire 87 - http-outgoing-3 << "[read] I/O error: Read timed out"
01-03-2022 16:30:47 LoggingManagedHttpClientConnection.java DEBUG [Forwarding sendKeysToElement on session 528dea28d01658b4690af19def52eea7 to remote] conn.DefaultManagedHttpClientConnection 88 - http-outgoing-3: set socket timeout to 10800000
01-03-2022 16:30:47 MainClientExec.java DEBUG [Forwarding sendKeysToElement on session 528dea28d01658b4690af19def52eea7 to remote] execchain.MainClientExec 256 - Executing request POST /session/528dea28d01658b4690af19def52eea7/element/34f52b24-4976-491a-a9c5-2596ae1fe299/value HTTP/1.1
01-03-2022 16:30:47 MainClientExec.java DEBUG [Forwarding sendKeysToElement on session 528dea28d01658b4690af19def52eea7 to remote] execchain.MainClientExec 261 - Target auth state: UNCHALLENGED
01-03-2022 16:30:47 MainClientExec.java DEBUG [Forwarding sendKeysToElement on session 528dea28d01658b4690af19def52eea7 to remote] execchain.MainClientExec 267 - Proxy auth state: UNCHALLENGED
01-03-2022 16:30:47 LoggingManagedHttpClientConnection.java DEBUG [Forwarding sendKeysToElement on session 528dea28d01658b4690af19def52eea7 to remote] http.headers 133 - http-outgoing-3 >> POST /session/528dea28d01658b4690af19def52eea7/element/34f52b24-4976-491a-a9c5-2596ae1fe299/value HTTP/1.1
01-03-2022 16:30:47 LoggingManagedHttpClientConnection.java DEBUG [Forwarding sendKeysToElement on session 528dea28d01658b4690af19def52eea7 to remote] http.headers 136 - http-outgoing-3 >> Content-Type: application/json; charset=utf-8
01-03-2022 16:30:47 LoggingManagedHttpClientConnection.java DEBUG [Forwarding sendKeysToElement on session 528dea28d01658b4690af19def52eea7 to remote] http.headers 136 - http-outgoing-3 >> Content-Length: 90
01-03-2022 16:30:47 LoggingManagedHttpClientConnection.java DEBUG [Forwarding sendKeysToElement on session 528dea28d01658b4690af19def52eea7 to remote] http.headers 136 - http-outgoing-3 >> Host: localhost:18071
01-03-2022 16:30:47 LoggingManagedHttpClientConnection.java DEBUG [Forwarding sendKeysToElement on session 528dea28d01658b4690af19def52eea7 to remote] http.headers 136 - http-outgoing-3 >> Connection: Keep-Alive
01-03-2022 16:30:47 LoggingManagedHttpClientConnection.java DEBUG [Forwarding sendKeysToElement on session 528dea28d01658b4690af19def52eea7 to remote] http.headers 136 - http-outgoing-3 >> User-Agent: Apache-HttpClient/4.5.3 (Java/1.8.0_202)
01-03-2022 16:30:47 LoggingManagedHttpClientConnection.java DEBUG [Forwarding sendKeysToElement on session 528dea28d01658b4690af19def52eea7 to remote] http.headers 136 - http-outgoing-3 >> Accept-Encoding: gzip,deflate
01-03-2022 16:30:47 Wire.java DEBUG [Forwarding sendKeysToElement on session 528dea28d01658b4690af19def52eea7 to remote] http.wire 73 - http-outgoing-3 >> "POST /session/528dea28d01658b4690af19def52eea7/element/34f52b24-4976-491a-a9c5-2596ae1fe299/value HTTP/1.1[\r][\n]"
01-03-2022 16:30:47 Wire.java DEBUG [Forwarding sendKeysToElement on session 528dea28d01658b4690af19def52eea7 to remote] http.wire 73 - http-outgoing-3 >> "Content-Type: application/json; charset=utf-8[\r][\n]"
01-03-2022 16:30:47 Wire.java DEBUG [Forwarding sendKeysToElement on session 528dea28d01658b4690af19def52eea7 to remote] http.wire 73 - http-outgoing-3 >> "Content-Length: 90[\r][\n]"
01-03-2022 16:30:47 Wire.java DEBUG [Forwarding sendKeysToElement on session 528dea28d01658b4690af19def52eea7 to remote] http.wire 73 - http-outgoing-3 >> "Host: localhost:18071[\r][\n]"
01-03-2022 16:30:47 Wire.java DEBUG [Forwarding sendKeysToElement on session 528dea28d01658b4690af19def52eea7 to remote] http.wire 73 - http-outgoing-3 >> "Connection: Keep-Alive[\r][\n]"
01-03-2022 16:30:47 Wire.java DEBUG [Forwarding sendKeysToElement on session 528dea28d01658b4690af19def52eea7 to remote] http.wire 73 - http-outgoing-3 >> "User-Agent: Apache-HttpClient/4.5.3 (Java/1.8.0_202)[\r][\n]"
01-03-2022 16:30:47 Wire.java DEBUG [Forwarding sendKeysToElement on session 528dea28d01658b4690af19def52eea7 to remote] http.wire 73 - http-outgoing-3 >> "Accept-Encoding: gzip,deflate[\r][\n]"
01-03-2022 16:30:47 Wire.java DEBUG [Forwarding sendKeysToElement on session 528dea28d01658b4690af19def52eea7 to remote] http.wire 73 - http-outgoing-3 >> "[\r][\n]"
01-03-2022 16:30:47 Wire.java DEBUG [Forwarding sendKeysToElement on session 528dea28d01658b4690af19def52eea7 to remote] http.wire 87 - http-outgoing-3 >> "{"id":"34f52b24-4976-491a-a9c5-2596ae1fe299","text":"Kiran","value":["K","i","r","a","n"]}"
01-03-2022 16:30:47 Wire.java DEBUG [Forwarding sendKeysToElement on session 528dea28d01658b4690af19def52eea7 to remote] http.wire 73 - http-outgoing-3 << "HTTP/1.1 200 OK[\r][\n]"
01-03-2022 16:30:47 Wire.java DEBUG [Forwarding sendKeysToElement on session 528dea28d01658b4690af19def52eea7 to remote] http.wire 73 - http-outgoing-3 << "Content-Length:14[\r][\n]"
01-03-2022 16:30:47 Wire.java DEBUG [Forwarding sendKeysToElement on session 528dea28d01658b4690af19def52eea7 to remote] http.wire 73 - http-outgoing-3 << "Content-Type:application/json; charset=utf-8[\r][\n]"
01-03-2022 16:30:47 Wire.java DEBUG [Forwarding sendKeysToElement on session 528dea28d01658b4690af19def52eea7 to remote] http.wire 73 - http-outgoing-3 << "cache-control:no-cache[\r][\n]"
01-03-2022 16:30:47 Wire.java DEBUG [Forwarding sendKeysToElement on session 528dea28d01658b4690af19def52eea7 to remote] http.wire 73 - http-outgoing-3 << "[\r][\n]"
01-03-2022 16:30:47 Wire.java DEBUG [Forwarding sendKeysToElement on session 528dea28d01658b4690af19def52eea7 to remote] http.wire 87 - http-outgoing-3 << "{"value":null}"
01-03-2022 16:30:47 LoggingManagedHttpClientConnection.java DEBUG [Forwarding sendKeysToElement on session 528dea28d01658b4690af19def52eea7 to remote] http.headers 122 - http-outgoing-3 << HTTP/1.1 200 OK
01-03-2022 16:30:47 LoggingManagedHttpClientConnection.java DEBUG [Forwarding sendKeysToElement on session 528dea28d01658b4690af19def52eea7 to remote] http.headers 125 - http-outgoing-3 << Content-Length:14
01-03-2022 16:30:47 LoggingManagedHttpClientConnection.java DEBUG [Forwarding sendKeysToElement on session 528dea28d01658b4690af19def52eea7 to remote] http.headers 125 - http-outgoing-3 << Content-Type:application/json; charset=utf-8
01-03-2022 16:30:47 LoggingManagedHttpClientConnection.java DEBUG [Forwarding sendKeysToElement on session 528dea28d01658b4690af19def52eea7 to remote] http.headers 125 - http-outgoing-3 << cache-control:no-cache
01-03-2022 16:30:47 MainClientExec.java DEBUG [Forwarding sendKeysToElement on session 528dea28d01658b4690af19def52eea7 to remote] execchain.MainClientExec 285 - Connection can be kept alive indefinitely
01-03-2022 16:30:47 PoolingHttpClientConnectionManager.java DEBUG [Forwarding sendKeysToElement on session 528dea28d01658b4690af19def52eea7 to remote] conn.PoolingHttpClientConnectionManager 320 - Connection [id: 3][route: {}->http://localhost:18071] can be kept alive indefinitely
01-03-2022 16:30:47 PoolingHttpClientConnectionManager.java DEBUG [Forwarding sendKeysToElement on session 528dea28d01658b4690af19def52eea7 to remote] conn.PoolingHttpClientConnectionManager 326 - Connection released: [id: 3][route: {}->http://localhost:18071][total kept alive: 4; route allocated: 1 of 2000; total allocated: 4 of 2000]
Trying to find Element By : By.id: your-email
01-03-2022 16:30:47 RequestAddCookies.java DEBUG [Forwarding findElement on session 528dea28d01658b4690af19def52eea7 to remote] protocol.RequestAddCookies 123 - CookieSpec selected: default
01-03-2022 16:30:47 RequestAuthCache.java DEBUG [Forwarding findElement on session 528dea28d01658b4690af19def52eea7 to remote] protocol.RequestAuthCache 77 - Auth cache not set in the context
01-03-2022 16:30:47 PoolingHttpClientConnectionManager.java DEBUG [Forwarding findElement on session 528dea28d01658b4690af19def52eea7 to remote] conn.PoolingHttpClientConnectionManager 255 - Connection request: [route: {}->http://localhost:18071][total kept alive: 4; route allocated: 1 of 2000; total allocated: 4 of 2000]
01-03-2022 16:30:47 PoolingHttpClientConnectionManager.java DEBUG [Forwarding findElement on session 528dea28d01658b4690af19def52eea7 to remote] conn.PoolingHttpClientConnectionManager 288 - Connection leased: [id: 3][route: {}->http://localhost:18071][total kept alive: 3; route allocated: 1 of 2000; total allocated: 4 of 2000]
01-03-2022 16:30:47 MainClientExec.java DEBUG [Forwarding findElement on session 528dea28d01658b4690af19def52eea7 to remote] execchain.MainClientExec 208 - Stale connection check
01-03-2022 16:30:47 Wire.java DEBUG [Forwarding findElement on session 528dea28d01658b4690af19def52eea7 to remote] http.wire 87 - http-outgoing-3 << "[read] I/O error: Read timed out"
01-03-2022 16:30:47 LoggingManagedHttpClientConnection.java DEBUG [Forwarding findElement on session 528dea28d01658b4690af19def52eea7 to remote] conn.DefaultManagedHttpClientConnection 88 - http-outgoing-3: set socket timeout to 10800000
01-03-2022 16:30:47 MainClientExec.java DEBUG [Forwarding findElement on session 528dea28d01658b4690af19def52eea7 to remote] execchain.MainClientExec 256 - Executing request POST /session/528dea28d01658b4690af19def52eea7/element HTTP/1.1
01-03-2022 16:30:47 MainClientExec.java DEBUG [Forwarding findElement on session 528dea28d01658b4690af19def52eea7 to remote] execchain.MainClientExec 261 - Target auth state: UNCHALLENGED
01-03-2022 16:30:47 MainClientExec.java DEBUG [Forwarding findElement on session 528dea28d01658b4690af19def52eea7 to remote] execchain.MainClientExec 267 - Proxy auth state: UNCHALLENGED
01-03-2022 16:30:47 LoggingManagedHttpClientConnection.java DEBUG [Forwarding findElement on session 528dea28d01658b4690af19def52eea7 to remote] http.headers 133 - http-outgoing-3 >> POST /session/528dea28d01658b4690af19def52eea7/element HTTP/1.1
01-03-2022 16:30:47 LoggingManagedHttpClientConnection.java DEBUG [Forwarding findElement on session 528dea28d01658b4690af19def52eea7 to remote] http.headers 136 - http-outgoing-3 >> Content-Type: application/json; charset=utf-8
01-03-2022 16:30:47 LoggingManagedHttpClientConnection.java DEBUG [Forwarding findElement on session 528dea28d01658b4690af19def52eea7 to remote] http.headers 136 - http-outgoing-3 >> Content-Length: 48
01-03-2022 16:30:47 LoggingManagedHttpClientConnection.java DEBUG [Forwarding findElement on session 528dea28d01658b4690af19def52eea7 to remote] http.headers 136 - http-outgoing-3 >> Host: localhost:18071
01-03-2022 16:30:47 LoggingManagedHttpClientConnection.java DEBUG [Forwarding findElement on session 528dea28d01658b4690af19def52eea7 to remote] http.headers 136 - http-outgoing-3 >> Connection: Keep-Alive
01-03-2022 16:30:47 LoggingManagedHttpClientConnection.java DEBUG [Forwarding findElement on session 528dea28d01658b4690af19def52eea7 to remote] http.headers 136 - http-outgoing-3 >> User-Agent: Apache-HttpClient/4.5.3 (Java/1.8.0_202)
01-03-2022 16:30:47 LoggingManagedHttpClientConnection.java DEBUG [Forwarding findElement on session 528dea28d01658b4690af19def52eea7 to remote] http.headers 136 - http-outgoing-3 >> Accept-Encoding: gzip,deflate
01-03-2022 16:30:47 Wire.java DEBUG [Forwarding findElement on session 528dea28d01658b4690af19def52eea7 to remote] http.wire 73 - http-outgoing-3 >> "POST /session/528dea28d01658b4690af19def52eea7/element HTTP/1.1[\r][\n]"
01-03-2022 16:30:47 Wire.java DEBUG [Forwarding findElement on session 528dea28d01658b4690af19def52eea7 to remote] http.wire 73 - http-outgoing-3 >> "Content-Type: application/json; charset=utf-8[\r][\n]"
01-03-2022 16:30:47 Wire.java DEBUG [Forwarding findElement on session 528dea28d01658b4690af19def52eea7 to remote] http.wire 73 - http-outgoing-3 >> "Content-Length: 48[\r][\n]"
01-03-2022 16:30:47 Wire.java DEBUG [Forwarding findElement on session 528dea28d01658b4690af19def52eea7 to remote] http.wire 73 - http-outgoing-3 >> "Host: localhost:18071[\r][\n]"
01-03-2022 16:30:47 Wire.java DEBUG [Forwarding findElement on session 528dea28d01658b4690af19def52eea7 to remote] http.wire 73 - http-outgoing-3 >> "Connection: Keep-Alive[\r][\n]"
01-03-2022 16:30:47 Wire.java DEBUG [Forwarding findElement on session 528dea28d01658b4690af19def52eea7 to remote] http.wire 73 - http-outgoing-3 >> "User-Agent: Apache-HttpClient/4.5.3 (Java/1.8.0_202)[\r][\n]"
01-03-2022 16:30:47 Wire.java DEBUG [Forwarding findElement on session 528dea28d01658b4690af19def52eea7 to remote] http.wire 73 - http-outgoing-3 >> "Accept-Encoding: gzip,deflate[\r][\n]"
01-03-2022 16:30:47 Wire.java DEBUG [Forwarding findElement on session 528dea28d01658b4690af19def52eea7 to remote] http.wire 73 - http-outgoing-3 >> "[\r][\n]"
01-03-2022 16:30:47 Wire.java DEBUG [Forwarding findElement on session 528dea28d01658b4690af19def52eea7 to remote] http.wire 87 - http-outgoing-3 >> "{"value":"#your\\-email","using":"css selector"}"
01-03-2022 16:30:47 Wire.java DEBUG [Forwarding findElement on session 528dea28d01658b4690af19def52eea7 to remote] http.wire 73 - http-outgoing-3 << "HTTP/1.1 200 OK[\r][\n]"
01-03-2022 16:30:47 Wire.java DEBUG [Forwarding findElement on session 528dea28d01658b4690af19def52eea7 to remote] http.wire 73 - http-outgoing-3 << "Content-Length:88[\r][\n]"
01-03-2022 16:30:47 Wire.java DEBUG [Forwarding findElement on session 528dea28d01658b4690af19def52eea7 to remote] http.wire 73 - http-outgoing-3 << "Content-Type:application/json; charset=utf-8[\r][\n]"
01-03-2022 16:30:47 Wire.java DEBUG [Forwarding findElement on session 528dea28d01658b4690af19def52eea7 to remote] http.wire 73 - http-outgoing-3 << "cache-control:no-cache[\r][\n]"
01-03-2022 16:30:47 Wire.java DEBUG [Forwarding findElement on session 528dea28d01658b4690af19def52eea7 to remote] http.wire 73 - http-outgoing-3 << "[\r][\n]"
01-03-2022 16:30:47 Wire.java DEBUG [Forwarding findElement on session 528dea28d01658b4690af19def52eea7 to remote] http.wire 87 - http-outgoing-3 << "{"value":{"element-6066-11e4-a52e-4f735466cecf":"928ce082-3b6a-4963-a194-c27b93a48d52"}}"
01-03-2022 16:30:47 LoggingManagedHttpClientConnection.java DEBUG [Forwarding findElement on session 528dea28d01658b4690af19def52eea7 to remote] http.headers 122 - http-outgoing-3 << HTTP/1.1 200 OK
01-03-2022 16:30:47 LoggingManagedHttpClientConnection.java DEBUG [Forwarding findElement on session 528dea28d01658b4690af19def52eea7 to remote] http.headers 125 - http-outgoing-3 << Content-Length:88
01-03-2022 16:30:47 LoggingManagedHttpClientConnection.java DEBUG [Forwarding findElement on session 528dea28d01658b4690af19def52eea7 to remote] http.headers 125 - http-outgoing-3 << Content-Type:application/json; charset=utf-8
01-03-2022 16:30:47 LoggingManagedHttpClientConnection.java DEBUG [Forwarding findElement on session 528dea28d01658b4690af19def52eea7 to remote] http.headers 125 - http-outgoing-3 << cache-control:no-cache
01-03-2022 16:30:47 MainClientExec.java DEBUG [Forwarding findElement on session 528dea28d01658b4690af19def52eea7 to remote] execchain.MainClientExec 285 - Connection can be kept alive indefinitely
01-03-2022 16:30:47 PoolingHttpClientConnectionManager.java DEBUG [Forwarding findElement on session 528dea28d01658b4690af19def52eea7 to remote] conn.PoolingHttpClientConnectionManager 320 - Connection [id: 3][route: {}->http://localhost:18071] can be kept alive indefinitely
01-03-2022 16:30:47 PoolingHttpClientConnectionManager.java DEBUG [Forwarding findElement on session 528dea28d01658b4690af19def52eea7 to remote] conn.PoolingHttpClientConnectionManager 326 - Connection released: [id: 3][route: {}->http://localhost:18071][total kept alive: 4; route allocated: 1 of 2000; total allocated: 4 of 2000]
Found Element By : By.id: your-email
01-03-2022 16:30:47 RequestAddCookies.java DEBUG [Forwarding sendKeysToElement on session 528dea28d01658b4690af19def52eea7 to remote] protocol.RequestAddCookies 123 - CookieSpec selected: default
01-03-2022 16:30:47 RequestAuthCache.java DEBUG [Forwarding sendKeysToElement on session 528dea28d01658b4690af19def52eea7 to remote] protocol.RequestAuthCache 77 - Auth cache not set in the context
01-03-2022 16:30:47 PoolingHttpClientConnectionManager.java DEBUG [Forwarding sendKeysToElement on session 528dea28d01658b4690af19def52eea7 to remote] conn.PoolingHttpClientConnectionManager 255 - Connection request: [route: {}->http://localhost:18071][total kept alive: 4; route allocated: 1 of 2000; total allocated: 4 of 2000]
01-03-2022 16:30:47 PoolingHttpClientConnectionManager.java DEBUG [Forwarding sendKeysToElement on session 528dea28d01658b4690af19def52eea7 to remote] conn.PoolingHttpClientConnectionManager 288 - Connection leased: [id: 3][route: {}->http://localhost:18071][total kept alive: 3; route allocated: 1 of 2000; total allocated: 4 of 2000]
01-03-2022 16:30:47 MainClientExec.java DEBUG [Forwarding sendKeysToElement on session 528dea28d01658b4690af19def52eea7 to remote] execchain.MainClientExec 208 - Stale connection check
01-03-2022 16:30:47 Wire.java DEBUG [Forwarding sendKeysToElement on session 528dea28d01658b4690af19def52eea7 to remote] http.wire 87 - http-outgoing-3 << "[read] I/O error: Read timed out"
01-03-2022 16:30:47 LoggingManagedHttpClientConnection.java DEBUG [Forwarding sendKeysToElement on session 528dea28d01658b4690af19def52eea7 to remote] conn.DefaultManagedHttpClientConnection 88 - http-outgoing-3: set socket timeout to 10800000
01-03-2022 16:30:47 MainClientExec.java DEBUG [Forwarding sendKeysToElement on session 528dea28d01658b4690af19def52eea7 to remote] execchain.MainClientExec 256 - Executing request POST /session/528dea28d01658b4690af19def52eea7/element/928ce082-3b6a-4963-a194-c27b93a48d52/value HTTP/1.1
01-03-2022 16:30:47 MainClientExec.java DEBUG [Forwarding sendKeysToElement on session 528dea28d01658b4690af19def52eea7 to remote] execchain.MainClientExec 261 - Target auth state: UNCHALLENGED
01-03-2022 16:30:47 MainClientExec.java DEBUG [Forwarding sendKeysToElement on session 528dea28d01658b4690af19def52eea7 to remote] execchain.MainClientExec 267 - Proxy auth state: UNCHALLENGED
01-03-2022 16:30:47 LoggingManagedHttpClientConnection.java DEBUG [Forwarding sendKeysToElement on session 528dea28d01658b4690af19def52eea7 to remote] http.headers 133 - http-outgoing-3 >> POST /session/528dea28d01658b4690af19def52eea7/element/928ce082-3b6a-4963-a194-c27b93a48d52/value HTTP/1.1
01-03-2022 16:30:47 LoggingManagedHttpClientConnection.java DEBUG [Forwarding sendKeysToElement on session 528dea28d01658b4690af19def52eea7 to remote] http.headers 136 - http-outgoing-3 >> Content-Type: application/json; charset=utf-8
01-03-2022 16:30:47 LoggingManagedHttpClientConnection.java DEBUG [Forwarding sendKeysToElement on session 528dea28d01658b4690af19def52eea7 to remote] http.headers 136 - http-outgoing-3 >> Content-Length: 160
01-03-2022 16:30:47 LoggingManagedHttpClientConnection.java DEBUG [Forwarding sendKeysToElement on session 528dea28d01658b4690af19def52eea7 to remote] http.headers 136 - http-outgoing-3 >> Host: localhost:18071
01-03-2022 16:30:47 LoggingManagedHttpClientConnection.java DEBUG [Forwarding sendKeysToElement on session 528dea28d01658b4690af19def52eea7 to remote] http.headers 136 - http-outgoing-3 >> Connection: Keep-Alive
01-03-2022 16:30:47 LoggingManagedHttpClientConnection.java DEBUG [Forwarding sendKeysToElement on session 528dea28d01658b4690af19def52eea7 to remote] http.headers 136 - http-outgoing-3 >> User-Agent: Apache-HttpClient/4.5.3 (Java/1.8.0_202)
01-03-2022 16:30:47 LoggingManagedHttpClientConnection.java DEBUG [Forwarding sendKeysToElement on session 528dea28d01658b4690af19def52eea7 to remote] http.headers 136 - http-outgoing-3 >> Accept-Encoding: gzip,deflate
01-03-2022 16:30:47 Wire.java DEBUG [Forwarding sendKeysToElement on session 528dea28d01658b4690af19def52eea7 to remote] http.wire 73 - http-outgoing-3 >> "POST /session/528dea28d01658b4690af19def52eea7/element/928ce082-3b6a-4963-a194-c27b93a48d52/value HTTP/1.1[\r][\n]"
01-03-2022 16:30:47 Wire.java DEBUG [Forwarding sendKeysToElement on session 528dea28d01658b4690af19def52eea7 to remote] http.wire 73 - http-outgoing-3 >> "Content-Type: application/json; charset=utf-8[\r][\n]"
01-03-2022 16:30:47 Wire.java DEBUG [Forwarding sendKeysToElement on session 528dea28d01658b4690af19def52eea7 to remote] http.wire 73 - http-outgoing-3 >> "Content-Length: 160[\r][\n]"
01-03-2022 16:30:47 Wire.java DEBUG [Forwarding sendKeysToElement on session 528dea28d01658b4690af19def52eea7 to remote] http.wire 73 - http-outgoing-3 >> "Host: localhost:18071[\r][\n]"
01-03-2022 16:30:47 Wire.java DEBUG [Forwarding sendKeysToElement on session 528dea28d01658b4690af19def52eea7 to remote] http.wire 73 - http-outgoing-3 >> "Connection: Keep-Alive[\r][\n]"
01-03-2022 16:30:47 Wire.java DEBUG [Forwarding sendKeysToElement on session 528dea28d01658b4690af19def52eea7 to remote] http.wire 73 - http-outgoing-3 >> "User-Agent: Apache-HttpClient/4.5.3 (Java/1.8.0_202)[\r][\n]"
01-03-2022 16:30:47 Wire.java DEBUG [Forwarding sendKeysToElement on session 528dea28d01658b4690af19def52eea7 to remote] http.wire 73 - http-outgoing-3 >> "Accept-Encoding: gzip,deflate[\r][\n]"
01-03-2022 16:30:47 Wire.java DEBUG [Forwarding sendKeysToElement on session 528dea28d01658b4690af19def52eea7 to remote] http.wire 73 - http-outgoing-3 >> "[\r][\n]"
01-03-2022 16:30:47 Wire.java DEBUG [Forwarding sendKeysToElement on session 528dea28d01658b4690af19def52eea7 to remote] http.wire 87 - http-outgoing-3 >> "{"id":"928ce082-3b6a-4963-a194-c27b93a48d52","text":"kirangodse@gmailcom","value":["k","i","r","a","n","g","o","d","s","e","@","g","m","a","i","l","c","o","m"]}"
01-03-2022 16:30:47 Wire.java DEBUG [Forwarding sendKeysToElement on session 528dea28d01658b4690af19def52eea7 to remote] http.wire 73 - http-outgoing-3 << "HTTP/1.1 200 OK[\r][\n]"
01-03-2022 16:30:47 Wire.java DEBUG [Forwarding sendKeysToElement on session 528dea28d01658b4690af19def52eea7 to remote] http.wire 73 - http-outgoing-3 << "Content-Length:14[\r][\n]"
01-03-2022 16:30:47 Wire.java DEBUG [Forwarding sendKeysToElement on session 528dea28d01658b4690af19def52eea7 to remote] http.wire 73 - http-outgoing-3 << "Content-Type:application/json; charset=utf-8[\r][\n]"
01-03-2022 16:30:47 Wire.java DEBUG [Forwarding sendKeysToElement on session 528dea28d01658b4690af19def52eea7 to remote] http.wire 73 - http-outgoing-3 << "cache-control:no-cache[\r][\n]"
01-03-2022 16:30:47 Wire.java DEBUG [Forwarding sendKeysToElement on session 528dea28d01658b4690af19def52eea7 to remote] http.wire 73 - http-outgoing-3 << "[\r][\n]"
01-03-2022 16:30:47 Wire.java DEBUG [Forwarding sendKeysToElement on session 528dea28d01658b4690af19def52eea7 to remote] http.wire 87 - http-outgoing-3 << "{"value":null}"
01-03-2022 16:30:47 LoggingManagedHttpClientConnection.java DEBUG [Forwarding sendKeysToElement on session 528dea28d01658b4690af19def52eea7 to remote] http.headers 122 - http-outgoing-3 << HTTP/1.1 200 OK
01-03-2022 16:30:47 LoggingManagedHttpClientConnection.java DEBUG [Forwarding sendKeysToElement on session 528dea28d01658b4690af19def52eea7 to remote] http.headers 125 - http-outgoing-3 << Content-Length:14
01-03-2022 16:30:47 LoggingManagedHttpClientConnection.java DEBUG [Forwarding sendKeysToElement on session 528dea28d01658b4690af19def52eea7 to remote] http.headers 125 - http-outgoing-3 << Content-Type:application/json; charset=utf-8
01-03-2022 16:30:47 LoggingManagedHttpClientConnection.java DEBUG [Forwarding sendKeysToElement on session 528dea28d01658b4690af19def52eea7 to remote] http.headers 125 - http-outgoing-3 << cache-control:no-cache
01-03-2022 16:30:47 MainClientExec.java DEBUG [Forwarding sendKeysToElement on session 528dea28d01658b4690af19def52eea7 to remote] execchain.MainClientExec 285 - Connection can be kept alive indefinitely
01-03-2022 16:30:47 PoolingHttpClientConnectionManager.java DEBUG [Forwarding sendKeysToElement on session 528dea28d01658b4690af19def52eea7 to remote] conn.PoolingHttpClientConnectionManager 320 - Connection [id: 3][route: {}->http://localhost:18071] can be kept alive indefinitely
01-03-2022 16:30:47 PoolingHttpClientConnectionManager.java DEBUG [Forwarding sendKeysToElement on session 528dea28d01658b4690af19def52eea7 to remote] conn.PoolingHttpClientConnectionManager 326 - Connection released: [id: 3][route: {}->http://localhost:18071][total kept alive: 4; route allocated: 1 of 2000; total allocated: 4 of 2000]
Trying to find Element By : By.id: your-subject
01-03-2022 16:30:47 RequestAddCookies.java DEBUG [Forwarding findElement on session 528dea28d01658b4690af19def52eea7 to remote] protocol.RequestAddCookies 123 - CookieSpec selected: default
01-03-2022 16:30:47 RequestAuthCache.java DEBUG [Forwarding findElement on session 528dea28d01658b4690af19def52eea7 to remote] protocol.RequestAuthCache 77 - Auth cache not set in the context
01-03-2022 16:30:47 PoolingHttpClientConnectionManager.java DEBUG [Forwarding findElement on session 528dea28d01658b4690af19def52eea7 to remote] conn.PoolingHttpClientConnectionManager 255 - Connection request: [route: {}->http://localhost:18071][total kept alive: 4; route allocated: 1 of 2000; total allocated: 4 of 2000]
01-03-2022 16:30:47 PoolingHttpClientConnectionManager.java DEBUG [Forwarding findElement on session 528dea28d01658b4690af19def52eea7 to remote] conn.PoolingHttpClientConnectionManager 288 - Connection leased: [id: 3][route: {}->http://localhost:18071][total kept alive: 3; route allocated: 1 of 2000; total allocated: 4 of 2000]
01-03-2022 16:30:47 MainClientExec.java DEBUG [Forwarding findElement on session 528dea28d01658b4690af19def52eea7 to remote] execchain.MainClientExec 208 - Stale connection check
01-03-2022 16:30:47 Wire.java DEBUG [Forwarding findElement on session 528dea28d01658b4690af19def52eea7 to remote] http.wire 87 - http-outgoing-3 << "[read] I/O error: Read timed out"
01-03-2022 16:30:47 LoggingManagedHttpClientConnection.java DEBUG [Forwarding findElement on session 528dea28d01658b4690af19def52eea7 to remote] conn.DefaultManagedHttpClientConnection 88 - http-outgoing-3: set socket timeout to 10800000
01-03-2022 16:30:47 MainClientExec.java DEBUG [Forwarding findElement on session 528dea28d01658b4690af19def52eea7 to remote] execchain.MainClientExec 256 - Executing request POST /session/528dea28d01658b4690af19def52eea7/element HTTP/1.1
01-03-2022 16:30:47 MainClientExec.java DEBUG [Forwarding findElement on session 528dea28d01658b4690af19def52eea7 to remote] execchain.MainClientExec 261 - Target auth state: UNCHALLENGED
01-03-2022 16:30:47 MainClientExec.java DEBUG [Forwarding findElement on session 528dea28d01658b4690af19def52eea7 to remote] execchain.MainClientExec 267 - Proxy auth state: UNCHALLENGED
01-03-2022 16:30:47 LoggingManagedHttpClientConnection.java DEBUG [Forwarding findElement on session 528dea28d01658b4690af19def52eea7 to remote] http.headers 133 - http-outgoing-3 >> POST /session/528dea28d01658b4690af19def52eea7/element HTTP/1.1
01-03-2022 16:30:47 LoggingManagedHttpClientConnection.java DEBUG [Forwarding findElement on session 528dea28d01658b4690af19def52eea7 to remote] http.headers 136 - http-outgoing-3 >> Content-Type: application/json; charset=utf-8
01-03-2022 16:30:47 LoggingManagedHttpClientConnection.java DEBUG [Forwarding findElement on session 528dea28d01658b4690af19def52eea7 to remote] http.headers 136 - http-outgoing-3 >> Content-Length: 50
01-03-2022 16:30:47 LoggingManagedHttpClientConnection.java DEBUG [Forwarding findElement on session 528dea28d01658b4690af19def52eea7 to remote] http.headers 136 - http-outgoing-3 >> Host: localhost:18071
01-03-2022 16:30:47 LoggingManagedHttpClientConnection.java DEBUG [Forwarding findElement on session 528dea28d01658b4690af19def52eea7 to remote] http.headers 136 - http-outgoing-3 >> Connection: Keep-Alive
01-03-2022 16:30:47 LoggingManagedHttpClientConnection.java DEBUG [Forwarding findElement on session 528dea28d01658b4690af19def52eea7 to remote] http.headers 136 - http-outgoing-3 >> User-Agent: Apache-HttpClient/4.5.3 (Java/1.8.0_202)
01-03-2022 16:30:47 LoggingManagedHttpClientConnection.java DEBUG [Forwarding findElement on session 528dea28d01658b4690af19def52eea7 to remote] http.headers 136 - http-outgoing-3 >> Accept-Encoding: gzip,deflate
01-03-2022 16:30:47 Wire.java DEBUG [Forwarding findElement on session 528dea28d01658b4690af19def52eea7 to remote] http.wire 73 - http-outgoing-3 >> "POST /session/528dea28d01658b4690af19def52eea7/element HTTP/1.1[\r][\n]"
01-03-2022 16:30:47 Wire.java DEBUG [Forwarding findElement on session 528dea28d01658b4690af19def52eea7 to remote] http.wire 73 - http-outgoing-3 >> "Content-Type: application/json; charset=utf-8[\r][\n]"
01-03-2022 16:30:47 Wire.java DEBUG [Forwarding findElement on session 528dea28d01658b4690af19def52eea7 to remote] http.wire 73 - http-outgoing-3 >> "Content-Length: 50[\r][\n]"
01-03-2022 16:30:47 Wire.java DEBUG [Forwarding findElement on session 528dea28d01658b4690af19def52eea7 to remote] http.wire 73 - http-outgoing-3 >> "Host: localhost:18071[\r][\n]"
01-03-2022 16:30:47 Wire.java DEBUG [Forwarding findElement on session 528dea28d01658b4690af19def52eea7 to remote] http.wire 73 - http-outgoing-3 >> "Connection: Keep-Alive[\r][\n]"
01-03-2022 16:30:47 Wire.java DEBUG [Forwarding findElement on session 528dea28d01658b4690af19def52eea7 to remote] http.wire 73 - http-outgoing-3 >> "User-Agent: Apache-HttpClient/4.5.3 (Java/1.8.0_202)[\r][\n]"
01-03-2022 16:30:47 Wire.java DEBUG [Forwarding findElement on session 528dea28d01658b4690af19def52eea7 to remote] http.wire 73 - http-outgoing-3 >> "Accept-Encoding: gzip,deflate[\r][\n]"
01-03-2022 16:30:47 Wire.java DEBUG [Forwarding findElement on session 528dea28d01658b4690af19def52eea7 to remote] http.wire 73 - http-outgoing-3 >> "[\r][\n]"
01-03-2022 16:30:47 Wire.java DEBUG [Forwarding findElement on session 528dea28d01658b4690af19def52eea7 to remote] http.wire 87 - http-outgoing-3 >> "{"value":"#your\\-subject","using":"css selector"}"
01-03-2022 16:30:47 Wire.java DEBUG [Forwarding findElement on session 528dea28d01658b4690af19def52eea7 to remote] http.wire 73 - http-outgoing-3 << "HTTP/1.1 200 OK[\r][\n]"
01-03-2022 16:30:47 Wire.java DEBUG [Forwarding findElement on session 528dea28d01658b4690af19def52eea7 to remote] http.wire 73 - http-outgoing-3 << "Content-Length:88[\r][\n]"
01-03-2022 16:30:47 Wire.java DEBUG [Forwarding findElement on session 528dea28d01658b4690af19def52eea7 to remote] http.wire 73 - http-outgoing-3 << "Content-Type:application/json; charset=utf-8[\r][\n]"
01-03-2022 16:30:47 Wire.java DEBUG [Forwarding findElement on session 528dea28d01658b4690af19def52eea7 to remote] http.wire 73 - http-outgoing-3 << "cache-control:no-cache[\r][\n]"
01-03-2022 16:30:47 Wire.java DEBUG [Forwarding findElement on session 528dea28d01658b4690af19def52eea7 to remote] http.wire 73 - http-outgoing-3 << "[\r][\n]"
01-03-2022 16:30:47 Wire.java DEBUG [Forwarding findElement on session 528dea28d01658b4690af19def52eea7 to remote] http.wire 87 - http-outgoing-3 << "{"value":{"element-6066-11e4-a52e-4f735466cecf":"12bc2d09-d772-4373-8c42-097eb8ad6dfd"}}"
01-03-2022 16:30:47 LoggingManagedHttpClientConnection.java DEBUG [Forwarding findElement on session 528dea28d01658b4690af19def52eea7 to remote] http.headers 122 - http-outgoing-3 << HTTP/1.1 200 OK
01-03-2022 16:30:47 LoggingManagedHttpClientConnection.java DEBUG [Forwarding findElement on session 528dea28d01658b4690af19def52eea7 to remote] http.headers 125 - http-outgoing-3 << Content-Length:88
01-03-2022 16:30:47 LoggingManagedHttpClientConnection.java DEBUG [Forwarding findElement on session 528dea28d01658b4690af19def52eea7 to remote] http.headers 125 - http-outgoing-3 << Content-Type:application/json; charset=utf-8
01-03-2022 16:30:47 LoggingManagedHttpClientConnection.java DEBUG [Forwarding findElement on session 528dea28d01658b4690af19def52eea7 to remote] http.headers 125 - http-outgoing-3 << cache-control:no-cache
01-03-2022 16:30:47 MainClientExec.java DEBUG [Forwarding findElement on session 528dea28d01658b4690af19def52eea7 to remote] execchain.MainClientExec 285 - Connection can be kept alive indefinitely
01-03-2022 16:30:47 PoolingHttpClientConnectionManager.java DEBUG [Forwarding findElement on session 528dea28d01658b4690af19def52eea7 to remote] conn.PoolingHttpClientConnectionManager 320 - Connection [id: 3][route: {}->http://localhost:18071] can be kept alive indefinitely
01-03-2022 16:30:47 PoolingHttpClientConnectionManager.java DEBUG [Forwarding findElement on session 528dea28d01658b4690af19def52eea7 to remote] conn.PoolingHttpClientConnectionManager 326 - Connection released: [id: 3][route: {}->http://localhost:18071][total kept alive: 4; route allocated: 1 of 2000; total allocated: 4 of 2000]
Found Element By : By.id: your-subject
01-03-2022 16:30:47 RequestAddCookies.java DEBUG [Forwarding sendKeysToElement on session 528dea28d01658b4690af19def52eea7 to remote] protocol.RequestAddCookies 123 - CookieSpec selected: default
01-03-2022 16:30:47 RequestAuthCache.java DEBUG [Forwarding sendKeysToElement on session 528dea28d01658b4690af19def52eea7 to remote] protocol.RequestAuthCache 77 - Auth cache not set in the context
01-03-2022 16:30:47 PoolingHttpClientConnectionManager.java DEBUG [Forwarding sendKeysToElement on session 528dea28d01658b4690af19def52eea7 to remote] conn.PoolingHttpClientConnectionManager 255 - Connection request: [route: {}->http://localhost:18071][total kept alive: 4; route allocated: 1 of 2000; total allocated: 4 of 2000]
01-03-2022 16:30:47 PoolingHttpClientConnectionManager.java DEBUG [Forwarding sendKeysToElement on session 528dea28d01658b4690af19def52eea7 to remote] conn.PoolingHttpClientConnectionManager 288 - Connection leased: [id: 3][route: {}->http://localhost:18071][total kept alive: 3; route allocated: 1 of 2000; total allocated: 4 of 2000]
01-03-2022 16:30:47 MainClientExec.java DEBUG [Forwarding sendKeysToElement on session 528dea28d01658b4690af19def52eea7 to remote] execchain.MainClientExec 208 - Stale connection check
01-03-2022 16:30:47 Wire.java DEBUG [Forwarding sendKeysToElement on session 528dea28d01658b4690af19def52eea7 to remote] http.wire 87 - http-outgoing-3 << "[read] I/O error: Read timed out"
01-03-2022 16:30:47 LoggingManagedHttpClientConnection.java DEBUG [Forwarding sendKeysToElement on session 528dea28d01658b4690af19def52eea7 to remote] conn.DefaultManagedHttpClientConnection 88 - http-outgoing-3: set socket timeout to 10800000
01-03-2022 16:30:47 MainClientExec.java DEBUG [Forwarding sendKeysToElement on session 528dea28d01658b4690af19def52eea7 to remote] execchain.MainClientExec 256 - Executing request POST /session/528dea28d01658b4690af19def52eea7/element/12bc2d09-d772-4373-8c42-097eb8ad6dfd/value HTTP/1.1
01-03-2022 16:30:47 MainClientExec.java DEBUG [Forwarding sendKeysToElement on session 528dea28d01658b4690af19def52eea7 to remote] execchain.MainClientExec 261 - Target auth state: UNCHALLENGED
01-03-2022 16:30:47 MainClientExec.java DEBUG [Forwarding sendKeysToElement on session 528dea28d01658b4690af19def52eea7 to remote] execchain.MainClientExec 267 - Proxy auth state: UNCHALLENGED
01-03-2022 16:30:47 LoggingManagedHttpClientConnection.java DEBUG [Forwarding sendKeysToElement on session 528dea28d01658b4690af19def52eea7 to remote] http.headers 133 - http-outgoing-3 >> POST /session/528dea28d01658b4690af19def52eea7/element/12bc2d09-d772-4373-8c42-097eb8ad6dfd/value HTTP/1.1
01-03-2022 16:30:47 LoggingManagedHttpClientConnection.java DEBUG [Forwarding sendKeysToElement on session 528dea28d01658b4690af19def52eea7 to remote] http.headers 136 - http-outgoing-3 >> Content-Type: application/json; charset=utf-8
01-03-2022 16:30:47 LoggingManagedHttpClientConnection.java DEBUG [Forwarding sendKeysToElement on session 528dea28d01658b4690af19def52eea7 to remote] http.headers 136 - http-outgoing-3 >> Content-Length: 100
01-03-2022 16:30:47 LoggingManagedHttpClientConnection.java DEBUG [Forwarding sendKeysToElement on session 528dea28d01658b4690af19def52eea7 to remote] http.headers 136 - http-outgoing-3 >> Host: localhost:18071
01-03-2022 16:30:47 LoggingManagedHttpClientConnection.java DEBUG [Forwarding sendKeysToElement on session 528dea28d01658b4690af19def52eea7 to remote] http.headers 136 - http-outgoing-3 >> Connection: Keep-Alive
01-03-2022 16:30:47 LoggingManagedHttpClientConnection.java DEBUG [Forwarding sendKeysToElement on session 528dea28d01658b4690af19def52eea7 to remote] http.headers 136 - http-outgoing-3 >> User-Agent: Apache-HttpClient/4.5.3 (Java/1.8.0_202)
01-03-2022 16:30:47 LoggingManagedHttpClientConnection.java DEBUG [Forwarding sendKeysToElement on session 528dea28d01658b4690af19def52eea7 to remote] http.headers 136 - http-outgoing-3 >> Accept-Encoding: gzip,deflate
01-03-2022 16:30:47 Wire.java DEBUG [Forwarding sendKeysToElement on session 528dea28d01658b4690af19def52eea7 to remote] http.wire 73 - http-outgoing-3 >> "POST /session/528dea28d01658b4690af19def52eea7/element/12bc2d09-d772-4373-8c42-097eb8ad6dfd/value HTTP/1.1[\r][\n]"
01-03-2022 16:30:47 Wire.java DEBUG [Forwarding sendKeysToElement on session 528dea28d01658b4690af19def52eea7 to remote] http.wire 73 - http-outgoing-3 >> "Content-Type: application/json; charset=utf-8[\r][\n]"
01-03-2022 16:30:47 Wire.java DEBUG [Forwarding sendKeysToElement on session 528dea28d01658b4690af19def52eea7 to remote] http.wire 73 - http-outgoing-3 >> "Content-Length: 100[\r][\n]"
01-03-2022 16:30:47 Wire.java DEBUG [Forwarding sendKeysToElement on session 528dea28d01658b4690af19def52eea7 to remote] http.wire 73 - http-outgoing-3 >> "Host: localhost:18071[\r][\n]"
01-03-2022 16:30:47 Wire.java DEBUG [Forwarding sendKeysToElement on session 528dea28d01658b4690af19def52eea7 to remote] http.wire 73 - http-outgoing-3 >> "Connection: Keep-Alive[\r][\n]"
01-03-2022 16:30:47 Wire.java DEBUG [Forwarding sendKeysToElement on session 528dea28d01658b4690af19def52eea7 to remote] http.wire 73 - http-outgoing-3 >> "User-Agent: Apache-HttpClient/4.5.3 (Java/1.8.0_202)[\r][\n]"
01-03-2022 16:30:47 Wire.java DEBUG [Forwarding sendKeysToElement on session 528dea28d01658b4690af19def52eea7 to remote] http.wire 73 - http-outgoing-3 >> "Accept-Encoding: gzip,deflate[\r][\n]"
01-03-2022 16:30:47 Wire.java DEBUG [Forwarding sendKeysToElement on session 528dea28d01658b4690af19def52eea7 to remote] http.wire 73 - http-outgoing-3 >> "[\r][\n]"
01-03-2022 16:30:47 Wire.java DEBUG [Forwarding sendKeysToElement on session 528dea28d01658b4690af19def52eea7 to remote] http.wire 87 - http-outgoing-3 >> "{"id":"12bc2d09-d772-4373-8c42-097eb8ad6dfd","text":"English","value":["E","n","g","l","i","s","h"]}"
01-03-2022 16:30:47 Wire.java DEBUG [Forwarding sendKeysToElement on session 528dea28d01658b4690af19def52eea7 to remote] http.wire 73 - http-outgoing-3 << "HTTP/1.1 200 OK[\r][\n]"
01-03-2022 16:30:47 Wire.java DEBUG [Forwarding sendKeysToElement on session 528dea28d01658b4690af19def52eea7 to remote] http.wire 73 - http-outgoing-3 << "Content-Length:14[\r][\n]"
01-03-2022 16:30:47 Wire.java DEBUG [Forwarding sendKeysToElement on session 528dea28d01658b4690af19def52eea7 to remote] http.wire 73 - http-outgoing-3 << "Content-Type:application/json; charset=utf-8[\r][\n]"
01-03-2022 16:30:47 Wire.java DEBUG [Forwarding sendKeysToElement on session 528dea28d01658b4690af19def52eea7 to remote] http.wire 73 - http-outgoing-3 << "cache-control:no-cache[\r][\n]"
01-03-2022 16:30:47 Wire.java DEBUG [Forwarding sendKeysToElement on session 528dea28d01658b4690af19def52eea7 to remote] http.wire 73 - http-outgoing-3 << "[\r][\n]"
01-03-2022 16:30:47 Wire.java DEBUG [Forwarding sendKeysToElement on session 528dea28d01658b4690af19def52eea7 to remote] http.wire 87 - http-outgoing-3 << "{"value":null}"
01-03-2022 16:30:47 LoggingManagedHttpClientConnection.java DEBUG [Forwarding sendKeysToElement on session 528dea28d01658b4690af19def52eea7 to remote] http.headers 122 - http-outgoing-3 << HTTP/1.1 200 OK
01-03-2022 16:30:47 LoggingManagedHttpClientConnection.java DEBUG [Forwarding sendKeysToElement on session 528dea28d01658b4690af19def52eea7 to remote] http.headers 125 - http-outgoing-3 << Content-Length:14
01-03-2022 16:30:47 LoggingManagedHttpClientConnection.java DEBUG [Forwarding sendKeysToElement on session 528dea28d01658b4690af19def52eea7 to remote] http.headers 125 - http-outgoing-3 << Content-Type:application/json; charset=utf-8
01-03-2022 16:30:47 LoggingManagedHttpClientConnection.java DEBUG [Forwarding sendKeysToElement on session 528dea28d01658b4690af19def52eea7 to remote] http.headers 125 - http-outgoing-3 << cache-control:no-cache
01-03-2022 16:30:47 MainClientExec.java DEBUG [Forwarding sendKeysToElement on session 528dea28d01658b4690af19def52eea7 to remote] execchain.MainClientExec 285 - Connection can be kept alive indefinitely
01-03-2022 16:30:47 PoolingHttpClientConnectionManager.java DEBUG [Forwarding sendKeysToElement on session 528dea28d01658b4690af19def52eea7 to remote] conn.PoolingHttpClientConnectionManager 320 - Connection [id: 3][route: {}->http://localhost:18071] can be kept alive indefinitely
01-03-2022 16:30:47 PoolingHttpClientConnectionManager.java DEBUG [Forwarding sendKeysToElement on session 528dea28d01658b4690af19def52eea7 to remote] conn.PoolingHttpClientConnectionManager 326 - Connection released: [id: 3][route: {}->http://localhost:18071][total kept alive: 4; route allocated: 1 of 2000; total allocated: 4 of 2000]
Trying to find Element By : By.id: your-message
01-03-2022 16:30:47 RequestAddCookies.java DEBUG [Forwarding findElement on session 528dea28d01658b4690af19def52eea7 to remote] protocol.RequestAddCookies 123 - CookieSpec selected: default
01-03-2022 16:30:47 RequestAuthCache.java DEBUG [Forwarding findElement on session 528dea28d01658b4690af19def52eea7 to remote] protocol.RequestAuthCache 77 - Auth cache not set in the context
01-03-2022 16:30:47 PoolingHttpClientConnectionManager.java DEBUG [Forwarding findElement on session 528dea28d01658b4690af19def52eea7 to remote] conn.PoolingHttpClientConnectionManager 255 - Connection request: [route: {}->http://localhost:18071][total kept alive: 4; route allocated: 1 of 2000; total allocated: 4 of 2000]
01-03-2022 16:30:47 PoolingHttpClientConnectionManager.java DEBUG [Forwarding findElement on session 528dea28d01658b4690af19def52eea7 to remote] conn.PoolingHttpClientConnectionManager 288 - Connection leased: [id: 3][route: {}->http://localhost:18071][total kept alive: 3; route allocated: 1 of 2000; total allocated: 4 of 2000]
01-03-2022 16:30:47 MainClientExec.java DEBUG [Forwarding findElement on session 528dea28d01658b4690af19def52eea7 to remote] execchain.MainClientExec 208 - Stale connection check
01-03-2022 16:30:47 Wire.java DEBUG [Forwarding findElement on session 528dea28d01658b4690af19def52eea7 to remote] http.wire 87 - http-outgoing-3 << "[read] I/O error: Read timed out"
01-03-2022 16:30:47 LoggingManagedHttpClientConnection.java DEBUG [Forwarding findElement on session 528dea28d01658b4690af19def52eea7 to remote] conn.DefaultManagedHttpClientConnection 88 - http-outgoing-3: set socket timeout to 10800000
01-03-2022 16:30:47 MainClientExec.java DEBUG [Forwarding findElement on session 528dea28d01658b4690af19def52eea7 to remote] execchain.MainClientExec 256 - Executing request POST /session/528dea28d01658b4690af19def52eea7/element HTTP/1.1
01-03-2022 16:30:47 MainClientExec.java DEBUG [Forwarding findElement on session 528dea28d01658b4690af19def52eea7 to remote] execchain.MainClientExec 261 - Target auth state: UNCHALLENGED
01-03-2022 16:30:47 MainClientExec.java DEBUG [Forwarding findElement on session 528dea28d01658b4690af19def52eea7 to remote] execchain.MainClientExec 267 - Proxy auth state: UNCHALLENGED
01-03-2022 16:30:47 LoggingManagedHttpClientConnection.java DEBUG [Forwarding findElement on session 528dea28d01658b4690af19def52eea7 to remote] http.headers 133 - http-outgoing-3 >> POST /session/528dea28d01658b4690af19def52eea7/element HTTP/1.1
01-03-2022 16:30:47 LoggingManagedHttpClientConnection.java DEBUG [Forwarding findElement on session 528dea28d01658b4690af19def52eea7 to remote] http.headers 136 - http-outgoing-3 >> Content-Type: application/json; charset=utf-8
01-03-2022 16:30:47 LoggingManagedHttpClientConnection.java DEBUG [Forwarding findElement on session 528dea28d01658b4690af19def52eea7 to remote] http.headers 136 - http-outgoing-3 >> Content-Length: 50
01-03-2022 16:30:47 LoggingManagedHttpClientConnection.java DEBUG [Forwarding findElement on session 528dea28d01658b4690af19def52eea7 to remote] http.headers 136 - http-outgoing-3 >> Host: localhost:18071
01-03-2022 16:30:47 LoggingManagedHttpClientConnection.java DEBUG [Forwarding findElement on session 528dea28d01658b4690af19def52eea7 to remote] http.headers 136 - http-outgoing-3 >> Connection: Keep-Alive
01-03-2022 16:30:47 LoggingManagedHttpClientConnection.java DEBUG [Forwarding findElement on session 528dea28d01658b4690af19def52eea7 to remote] http.headers 136 - http-outgoing-3 >> User-Agent: Apache-HttpClient/4.5.3 (Java/1.8.0_202)
01-03-2022 16:30:47 LoggingManagedHttpClientConnection.java DEBUG [Forwarding findElement on session 528dea28d01658b4690af19def52eea7 to remote] http.headers 136 - http-outgoing-3 >> Accept-Encoding: gzip,deflate
01-03-2022 16:30:47 Wire.java DEBUG [Forwarding findElement on session 528dea28d01658b4690af19def52eea7 to remote] http.wire 73 - http-outgoing-3 >> "POST /session/528dea28d01658b4690af19def52eea7/element HTTP/1.1[\r][\n]"
01-03-2022 16:30:47 Wire.java DEBUG [Forwarding findElement on session 528dea28d01658b4690af19def52eea7 to remote] http.wire 73 - http-outgoing-3 >> "Content-Type: application/json; charset=utf-8[\r][\n]"
01-03-2022 16:30:47 Wire.java DEBUG [Forwarding findElement on session 528dea28d01658b4690af19def52eea7 to remote] http.wire 73 - http-outgoing-3 >> "Content-Length: 50[\r][\n]"
01-03-2022 16:30:47 Wire.java DEBUG [Forwarding findElement on session 528dea28d01658b4690af19def52eea7 to remote] http.wire 73 - http-outgoing-3 >> "Host: localhost:18071[\r][\n]"
01-03-2022 16:30:47 Wire.java DEBUG [Forwarding findElement on session 528dea28d01658b4690af19def52eea7 to remote] http.wire 73 - http-outgoing-3 >> "Connection: Keep-Alive[\r][\n]"
01-03-2022 16:30:47 Wire.java DEBUG [Forwarding findElement on session 528dea28d01658b4690af19def52eea7 to remote] http.wire 73 - http-outgoing-3 >> "User-Agent: Apache-HttpClient/4.5.3 (Java/1.8.0_202)[\r][\n]"
01-03-2022 16:30:47 Wire.java DEBUG [Forwarding findElement on session 528dea28d01658b4690af19def52eea7 to remote] http.wire 73 - http-outgoing-3 >> "Accept-Encoding: gzip,deflate[\r][\n]"
01-03-2022 16:30:47 Wire.java DEBUG [Forwarding findElement on session 528dea28d01658b4690af19def52eea7 to remote] http.wire 73 - http-outgoing-3 >> "[\r][\n]"
01-03-2022 16:30:47 Wire.java DEBUG [Forwarding findElement on session 528dea28d01658b4690af19def52eea7 to remote] http.wire 87 - http-outgoing-3 >> "{"value":"#your\\-message","using":"css selector"}"
01-03-2022 16:30:47 Wire.java DEBUG [Forwarding findElement on session 528dea28d01658b4690af19def52eea7 to remote] http.wire 73 - http-outgoing-3 << "HTTP/1.1 200 OK[\r][\n]"
01-03-2022 16:30:47 Wire.java DEBUG [Forwarding findElement on session 528dea28d01658b4690af19def52eea7 to remote] http.wire 73 - http-outgoing-3 << "Content-Length:88[\r][\n]"
01-03-2022 16:30:47 Wire.java DEBUG [Forwarding findElement on session 528dea28d01658b4690af19def52eea7 to remote] http.wire 73 - http-outgoing-3 << "Content-Type:application/json; charset=utf-8[\r][\n]"
01-03-2022 16:30:47 Wire.java DEBUG [Forwarding findElement on session 528dea28d01658b4690af19def52eea7 to remote] http.wire 73 - http-outgoing-3 << "cache-control:no-cache[\r][\n]"
01-03-2022 16:30:47 Wire.java DEBUG [Forwarding findElement on session 528dea28d01658b4690af19def52eea7 to remote] http.wire 73 - http-outgoing-3 << "[\r][\n]"
01-03-2022 16:30:47 Wire.java DEBUG [Forwarding findElement on session 528dea28d01658b4690af19def52eea7 to remote] http.wire 87 - http-outgoing-3 << "{"value":{"element-6066-11e4-a52e-4f735466cecf":"3f813df0-6554-4493-a373-d1bf1aca3c0c"}}"
01-03-2022 16:30:47 LoggingManagedHttpClientConnection.java DEBUG [Forwarding findElement on session 528dea28d01658b4690af19def52eea7 to remote] http.headers 122 - http-outgoing-3 << HTTP/1.1 200 OK
01-03-2022 16:30:47 LoggingManagedHttpClientConnection.java DEBUG [Forwarding findElement on session 528dea28d01658b4690af19def52eea7 to remote] http.headers 125 - http-outgoing-3 << Content-Length:88
01-03-2022 16:30:47 LoggingManagedHttpClientConnection.java DEBUG [Forwarding findElement on session 528dea28d01658b4690af19def52eea7 to remote] http.headers 125 - http-outgoing-3 << Content-Type:application/json; charset=utf-8
01-03-2022 16:30:47 LoggingManagedHttpClientConnection.java DEBUG [Forwarding findElement on session 528dea28d01658b4690af19def52eea7 to remote] http.headers 125 - http-outgoing-3 << cache-control:no-cache
01-03-2022 16:30:47 MainClientExec.java DEBUG [Forwarding findElement on session 528dea28d01658b4690af19def52eea7 to remote] execchain.MainClientExec 285 - Connection can be kept alive indefinitely
01-03-2022 16:30:47 PoolingHttpClientConnectionManager.java DEBUG [Forwarding findElement on session 528dea28d01658b4690af19def52eea7 to remote] conn.PoolingHttpClientConnectionManager 320 - Connection [id: 3][route: {}->http://localhost:18071] can be kept alive indefinitely
01-03-2022 16:30:47 PoolingHttpClientConnectionManager.java DEBUG [Forwarding findElement on session 528dea28d01658b4690af19def52eea7 to remote] conn.PoolingHttpClientConnectionManager 326 - Connection released: [id: 3][route: {}->http://localhost:18071][total kept alive: 4; route allocated: 1 of 2000; total allocated: 4 of 2000]
Found Element By : By.id: your-message
01-03-2022 16:30:47 RequestAddCookies.java DEBUG [Forwarding sendKeysToElement on session 528dea28d01658b4690af19def52eea7 to remote] protocol.RequestAddCookies 123 - CookieSpec selected: default
01-03-2022 16:30:47 RequestAuthCache.java DEBUG [Forwarding sendKeysToElement on session 528dea28d01658b4690af19def52eea7 to remote] protocol.RequestAuthCache 77 - Auth cache not set in the context
01-03-2022 16:30:47 PoolingHttpClientConnectionManager.java DEBUG [Forwarding sendKeysToElement on session 528dea28d01658b4690af19def52eea7 to remote] conn.PoolingHttpClientConnectionManager 255 - Connection request: [route: {}->http://localhost:18071][total kept alive: 4; route allocated: 1 of 2000; total allocated: 4 of 2000]
01-03-2022 16:30:47 PoolingHttpClientConnectionManager.java DEBUG [Forwarding sendKeysToElement on session 528dea28d01658b4690af19def52eea7 to remote] conn.PoolingHttpClientConnectionManager 288 - Connection leased: [id: 3][route: {}->http://localhost:18071][total kept alive: 3; route allocated: 1 of 2000; total allocated: 4 of 2000]
01-03-2022 16:30:47 MainClientExec.java DEBUG [Forwarding sendKeysToElement on session 528dea28d01658b4690af19def52eea7 to remote] execchain.MainClientExec 208 - Stale connection check
01-03-2022 16:30:47 Wire.java DEBUG [Forwarding sendKeysToElement on session 528dea28d01658b4690af19def52eea7 to remote] http.wire 87 - http-outgoing-3 << "[read] I/O error: Read timed out"
01-03-2022 16:30:47 LoggingManagedHttpClientConnection.java DEBUG [Forwarding sendKeysToElement on session 528dea28d01658b4690af19def52eea7 to remote] conn.DefaultManagedHttpClientConnection 88 - http-outgoing-3: set socket timeout to 10800000
01-03-2022 16:30:47 MainClientExec.java DEBUG [Forwarding sendKeysToElement on session 528dea28d01658b4690af19def52eea7 to remote] execchain.MainClientExec 256 - Executing request POST /session/528dea28d01658b4690af19def52eea7/element/3f813df0-6554-4493-a373-d1bf1aca3c0c/value HTTP/1.1
01-03-2022 16:30:47 MainClientExec.java DEBUG [Forwarding sendKeysToElement on session 528dea28d01658b4690af19def52eea7 to remote] execchain.MainClientExec 261 - Target auth state: UNCHALLENGED
01-03-2022 16:30:47 MainClientExec.java DEBUG [Forwarding sendKeysToElement on session 528dea28d01658b4690af19def52eea7 to remote] execchain.MainClientExec 267 - Proxy auth state: UNCHALLENGED
01-03-2022 16:30:47 LoggingManagedHttpClientConnection.java DEBUG [Forwarding sendKeysToElement on session 528dea28d01658b4690af19def52eea7 to remote] http.headers 133 - http-outgoing-3 >> POST /session/528dea28d01658b4690af19def52eea7/element/3f813df0-6554-4493-a373-d1bf1aca3c0c/value HTTP/1.1
01-03-2022 16:30:47 LoggingManagedHttpClientConnection.java DEBUG [Forwarding sendKeysToElement on session 528dea28d01658b4690af19def52eea7 to remote] http.headers 136 - http-outgoing-3 >> Content-Type: application/json; charset=utf-8
01-03-2022 16:30:47 LoggingManagedHttpClientConnection.java DEBUG [Forwarding sendKeysToElement on session 528dea28d01658b4690af19def52eea7 to remote] http.headers 136 - http-outgoing-3 >> Content-Length: 90
01-03-2022 16:30:47 LoggingManagedHttpClientConnection.java DEBUG [Forwarding sendKeysToElement on session 528dea28d01658b4690af19def52eea7 to remote] http.headers 136 - http-outgoing-3 >> Host: localhost:18071
01-03-2022 16:30:47 LoggingManagedHttpClientConnection.java DEBUG [Forwarding sendKeysToElement on session 528dea28d01658b4690af19def52eea7 to remote] http.headers 136 - http-outgoing-3 >> Connection: Keep-Alive
01-03-2022 16:30:47 LoggingManagedHttpClientConnection.java DEBUG [Forwarding sendKeysToElement on session 528dea28d01658b4690af19def52eea7 to remote] http.headers 136 - http-outgoing-3 >> User-Agent: Apache-HttpClient/4.5.3 (Java/1.8.0_202)
01-03-2022 16:30:47 LoggingManagedHttpClientConnection.java DEBUG [Forwarding sendKeysToElement on session 528dea28d01658b4690af19def52eea7 to remote] http.headers 136 - http-outgoing-3 >> Accept-Encoding: gzip,deflate
01-03-2022 16:30:47 Wire.java DEBUG [Forwarding sendKeysToElement on session 528dea28d01658b4690af19def52eea7 to remote] http.wire 73 - http-outgoing-3 >> "POST /session/528dea28d01658b4690af19def52eea7/element/3f813df0-6554-4493-a373-d1bf1aca3c0c/value HTTP/1.1[\r][\n]"
01-03-2022 16:30:47 Wire.java DEBUG [Forwarding sendKeysToElement on session 528dea28d01658b4690af19def52eea7 to remote] http.wire 73 - http-outgoing-3 >> "Content-Type: application/json; charset=utf-8[\r][\n]"
01-03-2022 16:30:47 Wire.java DEBUG [Forwarding sendKeysToElement on session 528dea28d01658b4690af19def52eea7 to remote] http.wire 73 - http-outgoing-3 >> "Content-Length: 90[\r][\n]"
01-03-2022 16:30:47 Wire.java DEBUG [Forwarding sendKeysToElement on session 528dea28d01658b4690af19def52eea7 to remote] http.wire 73 - http-outgoing-3 >> "Host: localhost:18071[\r][\n]"
01-03-2022 16:30:47 Wire.java DEBUG [Forwarding sendKeysToElement on session 528dea28d01658b4690af19def52eea7 to remote] http.wire 73 - http-outgoing-3 >> "Connection: Keep-Alive[\r][\n]"
01-03-2022 16:30:47 Wire.java DEBUG [Forwarding sendKeysToElement on session 528dea28d01658b4690af19def52eea7 to remote] http.wire 73 - http-outgoing-3 >> "User-Agent: Apache-HttpClient/4.5.3 (Java/1.8.0_202)[\r][\n]"
01-03-2022 16:30:47 Wire.java DEBUG [Forwarding sendKeysToElement on session 528dea28d01658b4690af19def52eea7 to remote] http.wire 73 - http-outgoing-3 >> "Accept-Encoding: gzip,deflate[\r][\n]"
01-03-2022 16:30:47 Wire.java DEBUG [Forwarding sendKeysToElement on session 528dea28d01658b4690af19def52eea7 to remote] http.wire 73 - http-outgoing-3 >> "[\r][\n]"
01-03-2022 16:30:47 Wire.java DEBUG [Forwarding sendKeysToElement on session 528dea28d01658b4690af19def52eea7 to remote] http.wire 87 - http-outgoing-3 >> "{"id":"3f813df0-6554-4493-a373-d1bf1aca3c0c","text":"hello","value":["h","e","l","l","o"]}"
01-03-2022 16:30:48 Wire.java DEBUG [Forwarding sendKeysToElement on session 528dea28d01658b4690af19def52eea7 to remote] http.wire 73 - http-outgoing-3 << "HTTP/1.1 200 OK[\r][\n]"
01-03-2022 16:30:48 Wire.java DEBUG [Forwarding sendKeysToElement on session 528dea28d01658b4690af19def52eea7 to remote] http.wire 73 - http-outgoing-3 << "Content-Length:14[\r][\n]"
01-03-2022 16:30:48 Wire.java DEBUG [Forwarding sendKeysToElement on session 528dea28d01658b4690af19def52eea7 to remote] http.wire 73 - http-outgoing-3 << "Content-Type:application/json; charset=utf-8[\r][\n]"
01-03-2022 16:30:48 Wire.java DEBUG [Forwarding sendKeysToElement on session 528dea28d01658b4690af19def52eea7 to remote] http.wire 73 - http-outgoing-3 << "cache-control:no-cache[\r][\n]"
01-03-2022 16:30:48 Wire.java DEBUG [Forwarding sendKeysToElement on session 528dea28d01658b4690af19def52eea7 to remote] http.wire 73 - http-outgoing-3 << "[\r][\n]"
01-03-2022 16:30:48 Wire.java DEBUG [Forwarding sendKeysToElement on session 528dea28d01658b4690af19def52eea7 to remote] http.wire 87 - http-outgoing-3 << "{"value":null}"
01-03-2022 16:30:48 LoggingManagedHttpClientConnection.java DEBUG [Forwarding sendKeysToElement on session 528dea28d01658b4690af19def52eea7 to remote] http.headers 122 - http-outgoing-3 << HTTP/1.1 200 OK
01-03-2022 16:30:48 LoggingManagedHttpClientConnection.java DEBUG [Forwarding sendKeysToElement on session 528dea28d01658b4690af19def52eea7 to remote] http.headers 125 - http-outgoing-3 << Content-Length:14
01-03-2022 16:30:48 LoggingManagedHttpClientConnection.java DEBUG [Forwarding sendKeysToElement on session 528dea28d01658b4690af19def52eea7 to remote] http.headers 125 - http-outgoing-3 << Content-Type:application/json; charset=utf-8
01-03-2022 16:30:48 LoggingManagedHttpClientConnection.java DEBUG [Forwarding sendKeysToElement on session 528dea28d01658b4690af19def52eea7 to remote] http.headers 125 - http-outgoing-3 << cache-control:no-cache
01-03-2022 16:30:48 MainClientExec.java DEBUG [Forwarding sendKeysToElement on session 528dea28d01658b4690af19def52eea7 to remote] execchain.MainClientExec 285 - Connection can be kept alive indefinitely
01-03-2022 16:30:48 PoolingHttpClientConnectionManager.java DEBUG [Forwarding sendKeysToElement on session 528dea28d01658b4690af19def52eea7 to remote] conn.PoolingHttpClientConnectionManager 320 - Connection [id: 3][route: {}->http://localhost:18071] can be kept alive indefinitely
01-03-2022 16:30:48 PoolingHttpClientConnectionManager.java DEBUG [Forwarding sendKeysToElement on session 528dea28d01658b4690af19def52eea7 to remote] conn.PoolingHttpClientConnectionManager 326 - Connection released: [id: 3][route: {}->http://localhost:18071][total kept alive: 4; route allocated: 1 of 2000; total allocated: 4 of 2000]
]]></system-out>
    <system-err><![CDATA[Starting ChromeDriver 96.0.4664.45 (76e4c1bb2ab4671b8beba3444e61c0f17584b2fc-refs/branch-heads/4664@{#947}) on port 18071
Only local connections are allowed.
Please see https://chromedriver.chromium.org/security-considerations for suggestions on keeping ChromeDriver safe.
ChromeDriver was started successfully.
Jan 03, 2022 4:30:14 PM org.openqa.selenium.remote.ProtocolHandshake createSession
INFO: Detected dialect: W3C
]]></system-err>
  </testcase>
  <testcase name="passdata_test[Shyam, shyamantarkar@yahoo.com, Bio, wellcome](3)" classname="com.kolhapur.testcases.FeedBackPageTest" time="10.692">
    <system-out><![CDATA[01-03-2022 16:30:48 RequestAddCookies.java DEBUG [Forwarding close on session 528dea28d01658b4690af19def52eea7 to remote] protocol.RequestAddCookies 123 - CookieSpec selected: default
01-03-2022 16:30:48 RequestAuthCache.java DEBUG [Forwarding close on session 528dea28d01658b4690af19def52eea7 to remote] protocol.RequestAuthCache 77 - Auth cache not set in the context
01-03-2022 16:30:48 PoolingHttpClientConnectionManager.java DEBUG [Forwarding close on session 528dea28d01658b4690af19def52eea7 to remote] conn.PoolingHttpClientConnectionManager 255 - Connection request: [route: {}->http://localhost:18071][total kept alive: 4; route allocated: 1 of 2000; total allocated: 4 of 2000]
01-03-2022 16:30:48 PoolingHttpClientConnectionManager.java DEBUG [Forwarding close on session 528dea28d01658b4690af19def52eea7 to remote] conn.PoolingHttpClientConnectionManager 288 - Connection leased: [id: 3][route: {}->http://localhost:18071][total kept alive: 3; route allocated: 1 of 2000; total allocated: 4 of 2000]
01-03-2022 16:30:48 MainClientExec.java DEBUG [Forwarding close on session 528dea28d01658b4690af19def52eea7 to remote] execchain.MainClientExec 208 - Stale connection check
01-03-2022 16:30:48 Wire.java DEBUG [Forwarding close on session 528dea28d01658b4690af19def52eea7 to remote] http.wire 87 - http-outgoing-3 << "[read] I/O error: Read timed out"
01-03-2022 16:30:48 LoggingManagedHttpClientConnection.java DEBUG [Forwarding close on session 528dea28d01658b4690af19def52eea7 to remote] conn.DefaultManagedHttpClientConnection 88 - http-outgoing-3: set socket timeout to 10800000
01-03-2022 16:30:48 MainClientExec.java DEBUG [Forwarding close on session 528dea28d01658b4690af19def52eea7 to remote] execchain.MainClientExec 256 - Executing request DELETE /session/528dea28d01658b4690af19def52eea7/window HTTP/1.1
01-03-2022 16:30:48 MainClientExec.java DEBUG [Forwarding close on session 528dea28d01658b4690af19def52eea7 to remote] execchain.MainClientExec 261 - Target auth state: UNCHALLENGED
01-03-2022 16:30:48 MainClientExec.java DEBUG [Forwarding close on session 528dea28d01658b4690af19def52eea7 to remote] execchain.MainClientExec 267 - Proxy auth state: UNCHALLENGED
01-03-2022 16:30:48 LoggingManagedHttpClientConnection.java DEBUG [Forwarding close on session 528dea28d01658b4690af19def52eea7 to remote] http.headers 133 - http-outgoing-3 >> DELETE /session/528dea28d01658b4690af19def52eea7/window HTTP/1.1
01-03-2022 16:30:48 LoggingManagedHttpClientConnection.java DEBUG [Forwarding close on session 528dea28d01658b4690af19def52eea7 to remote] http.headers 136 - http-outgoing-3 >> Host: localhost:18071
01-03-2022 16:30:48 LoggingManagedHttpClientConnection.java DEBUG [Forwarding close on session 528dea28d01658b4690af19def52eea7 to remote] http.headers 136 - http-outgoing-3 >> Connection: Keep-Alive
01-03-2022 16:30:48 LoggingManagedHttpClientConnection.java DEBUG [Forwarding close on session 528dea28d01658b4690af19def52eea7 to remote] http.headers 136 - http-outgoing-3 >> User-Agent: Apache-HttpClient/4.5.3 (Java/1.8.0_202)
01-03-2022 16:30:48 LoggingManagedHttpClientConnection.java DEBUG [Forwarding close on session 528dea28d01658b4690af19def52eea7 to remote] http.headers 136 - http-outgoing-3 >> Accept-Encoding: gzip,deflate
01-03-2022 16:30:48 Wire.java DEBUG [Forwarding close on session 528dea28d01658b4690af19def52eea7 to remote] http.wire 73 - http-outgoing-3 >> "DELETE /session/528dea28d01658b4690af19def52eea7/window HTTP/1.1[\r][\n]"
01-03-2022 16:30:48 Wire.java DEBUG [Forwarding close on session 528dea28d01658b4690af19def52eea7 to remote] http.wire 73 - http-outgoing-3 >> "Host: localhost:18071[\r][\n]"
01-03-2022 16:30:48 Wire.java DEBUG [Forwarding close on session 528dea28d01658b4690af19def52eea7 to remote] http.wire 73 - http-outgoing-3 >> "Connection: Keep-Alive[\r][\n]"
01-03-2022 16:30:48 Wire.java DEBUG [Forwarding close on session 528dea28d01658b4690af19def52eea7 to remote] http.wire 73 - http-outgoing-3 >> "User-Agent: Apache-HttpClient/4.5.3 (Java/1.8.0_202)[\r][\n]"
01-03-2022 16:30:48 Wire.java DEBUG [Forwarding close on session 528dea28d01658b4690af19def52eea7 to remote] http.wire 73 - http-outgoing-3 >> "Accept-Encoding: gzip,deflate[\r][\n]"
01-03-2022 16:30:48 Wire.java DEBUG [Forwarding close on session 528dea28d01658b4690af19def52eea7 to remote] http.wire 73 - http-outgoing-3 >> "[\r][\n]"
01-03-2022 16:30:48 Wire.java DEBUG [Forwarding close on session 528dea28d01658b4690af19def52eea7 to remote] http.wire 73 - http-outgoing-3 << "HTTP/1.1 200 OK[\r][\n]"
01-03-2022 16:30:48 Wire.java DEBUG [Forwarding close on session 528dea28d01658b4690af19def52eea7 to remote] http.wire 73 - http-outgoing-3 << "Content-Length:12[\r][\n]"
01-03-2022 16:30:48 Wire.java DEBUG [Forwarding close on session 528dea28d01658b4690af19def52eea7 to remote] http.wire 73 - http-outgoing-3 << "Content-Type:application/json; charset=utf-8[\r][\n]"
01-03-2022 16:30:48 Wire.java DEBUG [Forwarding close on session 528dea28d01658b4690af19def52eea7 to remote] http.wire 73 - http-outgoing-3 << "cache-control:no-cache[\r][\n]"
01-03-2022 16:30:48 Wire.java DEBUG [Forwarding close on session 528dea28d01658b4690af19def52eea7 to remote] http.wire 73 - http-outgoing-3 << "[\r][\n]"
01-03-2022 16:30:48 Wire.java DEBUG [Forwarding close on session 528dea28d01658b4690af19def52eea7 to remote] http.wire 87 - http-outgoing-3 << "{"value":[]}"
01-03-2022 16:30:48 LoggingManagedHttpClientConnection.java DEBUG [Forwarding close on session 528dea28d01658b4690af19def52eea7 to remote] http.headers 122 - http-outgoing-3 << HTTP/1.1 200 OK
01-03-2022 16:30:48 LoggingManagedHttpClientConnection.java DEBUG [Forwarding close on session 528dea28d01658b4690af19def52eea7 to remote] http.headers 125 - http-outgoing-3 << Content-Length:12
01-03-2022 16:30:48 LoggingManagedHttpClientConnection.java DEBUG [Forwarding close on session 528dea28d01658b4690af19def52eea7 to remote] http.headers 125 - http-outgoing-3 << Content-Type:application/json; charset=utf-8
01-03-2022 16:30:48 LoggingManagedHttpClientConnection.java DEBUG [Forwarding close on session 528dea28d01658b4690af19def52eea7 to remote] http.headers 125 - http-outgoing-3 << cache-control:no-cache
01-03-2022 16:30:48 MainClientExec.java DEBUG [Forwarding close on session 528dea28d01658b4690af19def52eea7 to remote] execchain.MainClientExec 285 - Connection can be kept alive indefinitely
01-03-2022 16:30:48 PoolingHttpClientConnectionManager.java DEBUG [Forwarding close on session 528dea28d01658b4690af19def52eea7 to remote] conn.PoolingHttpClientConnectionManager 320 - Connection [id: 3][route: {}->http://localhost:18071] can be kept alive indefinitely
01-03-2022 16:30:48 PoolingHttpClientConnectionManager.java DEBUG [Forwarding close on session 528dea28d01658b4690af19def52eea7 to remote] conn.PoolingHttpClientConnectionManager 326 - Connection released: [id: 3][route: {}->http://localhost:18071][total kept alive: 4; route allocated: 1 of 2000; total allocated: 4 of 2000]
01-03-2022 16:30:48 RequestAddCookies.java DEBUG [Forwarding newSession on session null to remote] protocol.RequestAddCookies 123 - CookieSpec selected: default
01-03-2022 16:30:48 RequestAuthCache.java DEBUG [Forwarding newSession on session null to remote] protocol.RequestAuthCache 77 - Auth cache not set in the context
01-03-2022 16:30:48 PoolingHttpClientConnectionManager.java DEBUG [Forwarding newSession on session null to remote] conn.PoolingHttpClientConnectionManager 255 - Connection request: [route: {}->http://localhost:29556][total kept alive: 4; route allocated: 0 of 2000; total allocated: 4 of 2000]
01-03-2022 16:30:48 PoolingHttpClientConnectionManager.java DEBUG [Forwarding newSession on session null to remote] conn.PoolingHttpClientConnectionManager 288 - Connection leased: [id: 4][route: {}->http://localhost:29556][total kept alive: 4; route allocated: 1 of 2000; total allocated: 5 of 2000]
01-03-2022 16:30:48 MainClientExec.java DEBUG [Forwarding newSession on session null to remote] execchain.MainClientExec 235 - Opening connection {}->http://localhost:29556
01-03-2022 16:30:48 DefaultHttpClientConnectionOperator.java DEBUG [Forwarding newSession on session null to remote] conn.DefaultHttpClientConnectionOperator 139 - Connecting to localhost/127.0.0.1:29556
01-03-2022 16:30:48 DefaultHttpClientConnectionOperator.java DEBUG [Forwarding newSession on session null to remote] conn.DefaultHttpClientConnectionOperator 146 - Connection established 127.0.0.1:54132<->127.0.0.1:29556
01-03-2022 16:30:48 LoggingManagedHttpClientConnection.java DEBUG [Forwarding newSession on session null to remote] conn.DefaultManagedHttpClientConnection 88 - http-outgoing-4: set socket timeout to 10800000
01-03-2022 16:30:48 MainClientExec.java DEBUG [Forwarding newSession on session null to remote] execchain.MainClientExec 256 - Executing request POST /session HTTP/1.1
01-03-2022 16:30:48 MainClientExec.java DEBUG [Forwarding newSession on session null to remote] execchain.MainClientExec 261 - Target auth state: UNCHALLENGED
01-03-2022 16:30:48 MainClientExec.java DEBUG [Forwarding newSession on session null to remote] execchain.MainClientExec 267 - Proxy auth state: UNCHALLENGED
01-03-2022 16:30:48 LoggingManagedHttpClientConnection.java DEBUG [Forwarding newSession on session null to remote] http.headers 133 - http-outgoing-4 >> POST /session HTTP/1.1
01-03-2022 16:30:48 LoggingManagedHttpClientConnection.java DEBUG [Forwarding newSession on session null to remote] http.headers 136 - http-outgoing-4 >> Content-Type: application/json; charset=utf-8
01-03-2022 16:30:48 LoggingManagedHttpClientConnection.java DEBUG [Forwarding newSession on session null to remote] http.headers 136 - http-outgoing-4 >> Content-Length: 335
01-03-2022 16:30:48 LoggingManagedHttpClientConnection.java DEBUG [Forwarding newSession on session null to remote] http.headers 136 - http-outgoing-4 >> Host: localhost:29556
01-03-2022 16:30:48 LoggingManagedHttpClientConnection.java DEBUG [Forwarding newSession on session null to remote] http.headers 136 - http-outgoing-4 >> Connection: Keep-Alive
01-03-2022 16:30:48 LoggingManagedHttpClientConnection.java DEBUG [Forwarding newSession on session null to remote] http.headers 136 - http-outgoing-4 >> User-Agent: Apache-HttpClient/4.5.3 (Java/1.8.0_202)
01-03-2022 16:30:48 LoggingManagedHttpClientConnection.java DEBUG [Forwarding newSession on session null to remote] http.headers 136 - http-outgoing-4 >> Accept-Encoding: gzip,deflate
01-03-2022 16:30:48 Wire.java DEBUG [Forwarding newSession on session null to remote] http.wire 73 - http-outgoing-4 >> "POST /session HTTP/1.1[\r][\n]"
01-03-2022 16:30:48 Wire.java DEBUG [Forwarding newSession on session null to remote] http.wire 73 - http-outgoing-4 >> "Content-Type: application/json; charset=utf-8[\r][\n]"
01-03-2022 16:30:48 Wire.java DEBUG [Forwarding newSession on session null to remote] http.wire 73 - http-outgoing-4 >> "Content-Length: 335[\r][\n]"
01-03-2022 16:30:48 Wire.java DEBUG [Forwarding newSession on session null to remote] http.wire 73 - http-outgoing-4 >> "Host: localhost:29556[\r][\n]"
01-03-2022 16:30:48 Wire.java DEBUG [Forwarding newSession on session null to remote] http.wire 73 - http-outgoing-4 >> "Connection: Keep-Alive[\r][\n]"
01-03-2022 16:30:48 Wire.java DEBUG [Forwarding newSession on session null to remote] http.wire 73 - http-outgoing-4 >> "User-Agent: Apache-HttpClient/4.5.3 (Java/1.8.0_202)[\r][\n]"
01-03-2022 16:30:48 Wire.java DEBUG [Forwarding newSession on session null to remote] http.wire 73 - http-outgoing-4 >> "Accept-Encoding: gzip,deflate[\r][\n]"
01-03-2022 16:30:48 Wire.java DEBUG [Forwarding newSession on session null to remote] http.wire 73 - http-outgoing-4 >> "[\r][\n]"
01-03-2022 16:30:48 Wire.java DEBUG [Forwarding newSession on session null to remote] http.wire 73 - http-outgoing-4 >> "{[\n]"
01-03-2022 16:30:48 Wire.java DEBUG [Forwarding newSession on session null to remote] http.wire 73 - http-outgoing-4 >> "  "desiredCapabilities": {"browserName":"chrome","goog:chromeOptions":{"args":[],"extensions":[]}},[\n]"
01-03-2022 16:30:48 Wire.java DEBUG [Forwarding newSession on session null to remote] http.wire 73 - http-outgoing-4 >> "  "capabilities": {[\n]"
01-03-2022 16:30:48 Wire.java DEBUG [Forwarding newSession on session null to remote] http.wire 73 - http-outgoing-4 >> "    "desiredCapabilities": {"browserName":"chrome","goog:chromeOptions":{"args":[],"extensions":[]}},[\n]"
01-03-2022 16:30:48 Wire.java DEBUG [Forwarding newSession on session null to remote] http.wire 73 - http-outgoing-4 >> "    "firstMatch": [[\n]"
01-03-2022 16:30:48 Wire.java DEBUG [Forwarding newSession on session null to remote] http.wire 73 - http-outgoing-4 >> "      {"browserName":"chrome","goog:chromeOptions":{"args":[],"extensions":[]}}[\n]"
01-03-2022 16:30:48 Wire.java DEBUG [Forwarding newSession on session null to remote] http.wire 73 - http-outgoing-4 >> "    ][\n]"
01-03-2022 16:30:48 Wire.java DEBUG [Forwarding newSession on session null to remote] http.wire 73 - http-outgoing-4 >> "  }[\n]"
01-03-2022 16:30:48 Wire.java DEBUG [Forwarding newSession on session null to remote] http.wire 87 - http-outgoing-4 >> "}"
01-03-2022 16:30:49 Wire.java DEBUG [Forwarding newSession on session null to remote] http.wire 73 - http-outgoing-4 << "HTTP/1.1 200 OK[\r][\n]"
01-03-2022 16:30:49 Wire.java DEBUG [Forwarding newSession on session null to remote] http.wire 73 - http-outgoing-4 << "Content-Length:785[\r][\n]"
01-03-2022 16:30:49 Wire.java DEBUG [Forwarding newSession on session null to remote] http.wire 73 - http-outgoing-4 << "Content-Type:application/json; charset=utf-8[\r][\n]"
01-03-2022 16:30:49 Wire.java DEBUG [Forwarding newSession on session null to remote] http.wire 73 - http-outgoing-4 << "cache-control:no-cache[\r][\n]"
01-03-2022 16:30:49 Wire.java DEBUG [Forwarding newSession on session null to remote] http.wire 73 - http-outgoing-4 << "[\r][\n]"
01-03-2022 16:30:49 Wire.java DEBUG [Forwarding newSession on session null to remote] http.wire 87 - http-outgoing-4 << "{"value":{"capabilities":{"acceptInsecureCerts":false,"browserName":"chrome","browserVersion":"96.0.4664.110","chrome":{"chromedriverVersion":"96.0.4664.45 (76e4c1bb2ab4671b8beba3444e61c0f17584b2fc-refs/branch-heads/4664@{#947})","userDataDir":"C:\\Users\\adm\\AppData\\Local\\Temp\\scoped_dir9676_116305411"},"goog:chromeOptions":{"debuggerAddress":"localhost:54133"},"networkConnectionEnabled":false,"pageLoadStrategy":"normal","platformName":"windows","proxy":{},"setWindowRect":true,"strictFileInteractability":false,"timeouts":{"implicit":0,"pageLoad":300000,"script":30000},"unhandledPromptBehavior":"dismiss and notify","webauthn:extension:credBlob":true,"webauthn:extension:largeBlob":true,"webauthn:virtualAuthenticators":true},"sessionId":"8d30f405c9928b65aa70d3d9f50cde25"}}"
01-03-2022 16:30:49 LoggingManagedHttpClientConnection.java DEBUG [Forwarding newSession on session null to remote] http.headers 122 - http-outgoing-4 << HTTP/1.1 200 OK
01-03-2022 16:30:49 LoggingManagedHttpClientConnection.java DEBUG [Forwarding newSession on session null to remote] http.headers 125 - http-outgoing-4 << Content-Length:785
01-03-2022 16:30:49 LoggingManagedHttpClientConnection.java DEBUG [Forwarding newSession on session null to remote] http.headers 125 - http-outgoing-4 << Content-Type:application/json; charset=utf-8
01-03-2022 16:30:49 LoggingManagedHttpClientConnection.java DEBUG [Forwarding newSession on session null to remote] http.headers 125 - http-outgoing-4 << cache-control:no-cache
01-03-2022 16:30:49 MainClientExec.java DEBUG [Forwarding newSession on session null to remote] execchain.MainClientExec 285 - Connection can be kept alive indefinitely
01-03-2022 16:30:49 PoolingHttpClientConnectionManager.java DEBUG [Forwarding newSession on session null to remote] conn.PoolingHttpClientConnectionManager 320 - Connection [id: 4][route: {}->http://localhost:29556] can be kept alive indefinitely
01-03-2022 16:30:49 PoolingHttpClientConnectionManager.java DEBUG [Forwarding newSession on session null to remote] conn.PoolingHttpClientConnectionManager 326 - Connection released: [id: 4][route: {}->http://localhost:29556][total kept alive: 5; route allocated: 1 of 2000; total allocated: 5 of 2000]
01-03-2022 16:30:49 RequestAddCookies.java DEBUG [Forwarding deleteAllCookies on session 8d30f405c9928b65aa70d3d9f50cde25 to remote] protocol.RequestAddCookies 123 - CookieSpec selected: default
01-03-2022 16:30:49 RequestAuthCache.java DEBUG [Forwarding deleteAllCookies on session 8d30f405c9928b65aa70d3d9f50cde25 to remote] protocol.RequestAuthCache 77 - Auth cache not set in the context
01-03-2022 16:30:49 PoolingHttpClientConnectionManager.java DEBUG [Forwarding deleteAllCookies on session 8d30f405c9928b65aa70d3d9f50cde25 to remote] conn.PoolingHttpClientConnectionManager 255 - Connection request: [route: {}->http://localhost:29556][total kept alive: 5; route allocated: 1 of 2000; total allocated: 5 of 2000]
01-03-2022 16:30:49 PoolingHttpClientConnectionManager.java DEBUG [Forwarding deleteAllCookies on session 8d30f405c9928b65aa70d3d9f50cde25 to remote] conn.PoolingHttpClientConnectionManager 288 - Connection leased: [id: 4][route: {}->http://localhost:29556][total kept alive: 4; route allocated: 1 of 2000; total allocated: 5 of 2000]
01-03-2022 16:30:49 MainClientExec.java DEBUG [Forwarding deleteAllCookies on session 8d30f405c9928b65aa70d3d9f50cde25 to remote] execchain.MainClientExec 208 - Stale connection check
01-03-2022 16:30:49 Wire.java DEBUG [Forwarding deleteAllCookies on session 8d30f405c9928b65aa70d3d9f50cde25 to remote] http.wire 87 - http-outgoing-4 << "[read] I/O error: Read timed out"
01-03-2022 16:30:49 LoggingManagedHttpClientConnection.java DEBUG [Forwarding deleteAllCookies on session 8d30f405c9928b65aa70d3d9f50cde25 to remote] conn.DefaultManagedHttpClientConnection 88 - http-outgoing-4: set socket timeout to 10800000
01-03-2022 16:30:49 MainClientExec.java DEBUG [Forwarding deleteAllCookies on session 8d30f405c9928b65aa70d3d9f50cde25 to remote] execchain.MainClientExec 256 - Executing request DELETE /session/8d30f405c9928b65aa70d3d9f50cde25/cookie HTTP/1.1
01-03-2022 16:30:49 MainClientExec.java DEBUG [Forwarding deleteAllCookies on session 8d30f405c9928b65aa70d3d9f50cde25 to remote] execchain.MainClientExec 261 - Target auth state: UNCHALLENGED
01-03-2022 16:30:49 MainClientExec.java DEBUG [Forwarding deleteAllCookies on session 8d30f405c9928b65aa70d3d9f50cde25 to remote] execchain.MainClientExec 267 - Proxy auth state: UNCHALLENGED
01-03-2022 16:30:49 LoggingManagedHttpClientConnection.java DEBUG [Forwarding deleteAllCookies on session 8d30f405c9928b65aa70d3d9f50cde25 to remote] http.headers 133 - http-outgoing-4 >> DELETE /session/8d30f405c9928b65aa70d3d9f50cde25/cookie HTTP/1.1
01-03-2022 16:30:49 LoggingManagedHttpClientConnection.java DEBUG [Forwarding deleteAllCookies on session 8d30f405c9928b65aa70d3d9f50cde25 to remote] http.headers 136 - http-outgoing-4 >> Host: localhost:29556
01-03-2022 16:30:49 LoggingManagedHttpClientConnection.java DEBUG [Forwarding deleteAllCookies on session 8d30f405c9928b65aa70d3d9f50cde25 to remote] http.headers 136 - http-outgoing-4 >> Connection: Keep-Alive
01-03-2022 16:30:49 LoggingManagedHttpClientConnection.java DEBUG [Forwarding deleteAllCookies on session 8d30f405c9928b65aa70d3d9f50cde25 to remote] http.headers 136 - http-outgoing-4 >> User-Agent: Apache-HttpClient/4.5.3 (Java/1.8.0_202)
01-03-2022 16:30:49 LoggingManagedHttpClientConnection.java DEBUG [Forwarding deleteAllCookies on session 8d30f405c9928b65aa70d3d9f50cde25 to remote] http.headers 136 - http-outgoing-4 >> Accept-Encoding: gzip,deflate
01-03-2022 16:30:49 Wire.java DEBUG [Forwarding deleteAllCookies on session 8d30f405c9928b65aa70d3d9f50cde25 to remote] http.wire 73 - http-outgoing-4 >> "DELETE /session/8d30f405c9928b65aa70d3d9f50cde25/cookie HTTP/1.1[\r][\n]"
01-03-2022 16:30:49 Wire.java DEBUG [Forwarding deleteAllCookies on session 8d30f405c9928b65aa70d3d9f50cde25 to remote] http.wire 73 - http-outgoing-4 >> "Host: localhost:29556[\r][\n]"
01-03-2022 16:30:49 Wire.java DEBUG [Forwarding deleteAllCookies on session 8d30f405c9928b65aa70d3d9f50cde25 to remote] http.wire 73 - http-outgoing-4 >> "Connection: Keep-Alive[\r][\n]"
01-03-2022 16:30:49 Wire.java DEBUG [Forwarding deleteAllCookies on session 8d30f405c9928b65aa70d3d9f50cde25 to remote] http.wire 73 - http-outgoing-4 >> "User-Agent: Apache-HttpClient/4.5.3 (Java/1.8.0_202)[\r][\n]"
01-03-2022 16:30:49 Wire.java DEBUG [Forwarding deleteAllCookies on session 8d30f405c9928b65aa70d3d9f50cde25 to remote] http.wire 73 - http-outgoing-4 >> "Accept-Encoding: gzip,deflate[\r][\n]"
01-03-2022 16:30:49 Wire.java DEBUG [Forwarding deleteAllCookies on session 8d30f405c9928b65aa70d3d9f50cde25 to remote] http.wire 73 - http-outgoing-4 >> "[\r][\n]"
01-03-2022 16:30:49 Wire.java DEBUG [Forwarding deleteAllCookies on session 8d30f405c9928b65aa70d3d9f50cde25 to remote] http.wire 73 - http-outgoing-4 << "HTTP/1.1 200 OK[\r][\n]"
01-03-2022 16:30:49 Wire.java DEBUG [Forwarding deleteAllCookies on session 8d30f405c9928b65aa70d3d9f50cde25 to remote] http.wire 73 - http-outgoing-4 << "Content-Length:14[\r][\n]"
01-03-2022 16:30:49 Wire.java DEBUG [Forwarding deleteAllCookies on session 8d30f405c9928b65aa70d3d9f50cde25 to remote] http.wire 73 - http-outgoing-4 << "Content-Type:application/json; charset=utf-8[\r][\n]"
01-03-2022 16:30:49 Wire.java DEBUG [Forwarding deleteAllCookies on session 8d30f405c9928b65aa70d3d9f50cde25 to remote] http.wire 73 - http-outgoing-4 << "cache-control:no-cache[\r][\n]"
01-03-2022 16:30:49 Wire.java DEBUG [Forwarding deleteAllCookies on session 8d30f405c9928b65aa70d3d9f50cde25 to remote] http.wire 73 - http-outgoing-4 << "[\r][\n]"
01-03-2022 16:30:49 Wire.java DEBUG [Forwarding deleteAllCookies on session 8d30f405c9928b65aa70d3d9f50cde25 to remote] http.wire 87 - http-outgoing-4 << "{"value":null}"
01-03-2022 16:30:49 LoggingManagedHttpClientConnection.java DEBUG [Forwarding deleteAllCookies on session 8d30f405c9928b65aa70d3d9f50cde25 to remote] http.headers 122 - http-outgoing-4 << HTTP/1.1 200 OK
01-03-2022 16:30:49 LoggingManagedHttpClientConnection.java DEBUG [Forwarding deleteAllCookies on session 8d30f405c9928b65aa70d3d9f50cde25 to remote] http.headers 125 - http-outgoing-4 << Content-Length:14
01-03-2022 16:30:49 LoggingManagedHttpClientConnection.java DEBUG [Forwarding deleteAllCookies on session 8d30f405c9928b65aa70d3d9f50cde25 to remote] http.headers 125 - http-outgoing-4 << Content-Type:application/json; charset=utf-8
01-03-2022 16:30:49 LoggingManagedHttpClientConnection.java DEBUG [Forwarding deleteAllCookies on session 8d30f405c9928b65aa70d3d9f50cde25 to remote] http.headers 125 - http-outgoing-4 << cache-control:no-cache
01-03-2022 16:30:49 MainClientExec.java DEBUG [Forwarding deleteAllCookies on session 8d30f405c9928b65aa70d3d9f50cde25 to remote] execchain.MainClientExec 285 - Connection can be kept alive indefinitely
01-03-2022 16:30:49 PoolingHttpClientConnectionManager.java DEBUG [Forwarding deleteAllCookies on session 8d30f405c9928b65aa70d3d9f50cde25 to remote] conn.PoolingHttpClientConnectionManager 320 - Connection [id: 4][route: {}->http://localhost:29556] can be kept alive indefinitely
01-03-2022 16:30:49 PoolingHttpClientConnectionManager.java DEBUG [Forwarding deleteAllCookies on session 8d30f405c9928b65aa70d3d9f50cde25 to remote] conn.PoolingHttpClientConnectionManager 326 - Connection released: [id: 4][route: {}->http://localhost:29556][total kept alive: 5; route allocated: 1 of 2000; total allocated: 5 of 2000]
01-03-2022 16:30:49 RequestAddCookies.java DEBUG [Forwarding setTimeout on session 8d30f405c9928b65aa70d3d9f50cde25 to remote] protocol.RequestAddCookies 123 - CookieSpec selected: default
01-03-2022 16:30:49 RequestAuthCache.java DEBUG [Forwarding setTimeout on session 8d30f405c9928b65aa70d3d9f50cde25 to remote] protocol.RequestAuthCache 77 - Auth cache not set in the context
01-03-2022 16:30:49 PoolingHttpClientConnectionManager.java DEBUG [Forwarding setTimeout on session 8d30f405c9928b65aa70d3d9f50cde25 to remote] conn.PoolingHttpClientConnectionManager 255 - Connection request: [route: {}->http://localhost:29556][total kept alive: 5; route allocated: 1 of 2000; total allocated: 5 of 2000]
01-03-2022 16:30:49 PoolingHttpClientConnectionManager.java DEBUG [Forwarding setTimeout on session 8d30f405c9928b65aa70d3d9f50cde25 to remote] conn.PoolingHttpClientConnectionManager 288 - Connection leased: [id: 4][route: {}->http://localhost:29556][total kept alive: 4; route allocated: 1 of 2000; total allocated: 5 of 2000]
01-03-2022 16:30:49 MainClientExec.java DEBUG [Forwarding setTimeout on session 8d30f405c9928b65aa70d3d9f50cde25 to remote] execchain.MainClientExec 208 - Stale connection check
01-03-2022 16:30:49 Wire.java DEBUG [Forwarding setTimeout on session 8d30f405c9928b65aa70d3d9f50cde25 to remote] http.wire 87 - http-outgoing-4 << "[read] I/O error: Read timed out"
01-03-2022 16:30:49 LoggingManagedHttpClientConnection.java DEBUG [Forwarding setTimeout on session 8d30f405c9928b65aa70d3d9f50cde25 to remote] conn.DefaultManagedHttpClientConnection 88 - http-outgoing-4: set socket timeout to 10800000
01-03-2022 16:30:49 MainClientExec.java DEBUG [Forwarding setTimeout on session 8d30f405c9928b65aa70d3d9f50cde25 to remote] execchain.MainClientExec 256 - Executing request POST /session/8d30f405c9928b65aa70d3d9f50cde25/timeouts HTTP/1.1
01-03-2022 16:30:49 MainClientExec.java DEBUG [Forwarding setTimeout on session 8d30f405c9928b65aa70d3d9f50cde25 to remote] execchain.MainClientExec 261 - Target auth state: UNCHALLENGED
01-03-2022 16:30:49 MainClientExec.java DEBUG [Forwarding setTimeout on session 8d30f405c9928b65aa70d3d9f50cde25 to remote] execchain.MainClientExec 267 - Proxy auth state: UNCHALLENGED
01-03-2022 16:30:49 LoggingManagedHttpClientConnection.java DEBUG [Forwarding setTimeout on session 8d30f405c9928b65aa70d3d9f50cde25 to remote] http.headers 133 - http-outgoing-4 >> POST /session/8d30f405c9928b65aa70d3d9f50cde25/timeouts HTTP/1.1
01-03-2022 16:30:49 LoggingManagedHttpClientConnection.java DEBUG [Forwarding setTimeout on session 8d30f405c9928b65aa70d3d9f50cde25 to remote] http.headers 136 - http-outgoing-4 >> Content-Type: application/json; charset=utf-8
01-03-2022 16:30:49 LoggingManagedHttpClientConnection.java DEBUG [Forwarding setTimeout on session 8d30f405c9928b65aa70d3d9f50cde25 to remote] http.headers 136 - http-outgoing-4 >> Content-Length: 18
01-03-2022 16:30:49 LoggingManagedHttpClientConnection.java DEBUG [Forwarding setTimeout on session 8d30f405c9928b65aa70d3d9f50cde25 to remote] http.headers 136 - http-outgoing-4 >> Host: localhost:29556
01-03-2022 16:30:49 LoggingManagedHttpClientConnection.java DEBUG [Forwarding setTimeout on session 8d30f405c9928b65aa70d3d9f50cde25 to remote] http.headers 136 - http-outgoing-4 >> Connection: Keep-Alive
01-03-2022 16:30:49 LoggingManagedHttpClientConnection.java DEBUG [Forwarding setTimeout on session 8d30f405c9928b65aa70d3d9f50cde25 to remote] http.headers 136 - http-outgoing-4 >> User-Agent: Apache-HttpClient/4.5.3 (Java/1.8.0_202)
01-03-2022 16:30:49 LoggingManagedHttpClientConnection.java DEBUG [Forwarding setTimeout on session 8d30f405c9928b65aa70d3d9f50cde25 to remote] http.headers 136 - http-outgoing-4 >> Accept-Encoding: gzip,deflate
01-03-2022 16:30:49 Wire.java DEBUG [Forwarding setTimeout on session 8d30f405c9928b65aa70d3d9f50cde25 to remote] http.wire 73 - http-outgoing-4 >> "POST /session/8d30f405c9928b65aa70d3d9f50cde25/timeouts HTTP/1.1[\r][\n]"
01-03-2022 16:30:49 Wire.java DEBUG [Forwarding setTimeout on session 8d30f405c9928b65aa70d3d9f50cde25 to remote] http.wire 73 - http-outgoing-4 >> "Content-Type: application/json; charset=utf-8[\r][\n]"
01-03-2022 16:30:49 Wire.java DEBUG [Forwarding setTimeout on session 8d30f405c9928b65aa70d3d9f50cde25 to remote] http.wire 73 - http-outgoing-4 >> "Content-Length: 18[\r][\n]"
01-03-2022 16:30:49 Wire.java DEBUG [Forwarding setTimeout on session 8d30f405c9928b65aa70d3d9f50cde25 to remote] http.wire 73 - http-outgoing-4 >> "Host: localhost:29556[\r][\n]"
01-03-2022 16:30:49 Wire.java DEBUG [Forwarding setTimeout on session 8d30f405c9928b65aa70d3d9f50cde25 to remote] http.wire 73 - http-outgoing-4 >> "Connection: Keep-Alive[\r][\n]"
01-03-2022 16:30:49 Wire.java DEBUG [Forwarding setTimeout on session 8d30f405c9928b65aa70d3d9f50cde25 to remote] http.wire 73 - http-outgoing-4 >> "User-Agent: Apache-HttpClient/4.5.3 (Java/1.8.0_202)[\r][\n]"
01-03-2022 16:30:49 Wire.java DEBUG [Forwarding setTimeout on session 8d30f405c9928b65aa70d3d9f50cde25 to remote] http.wire 73 - http-outgoing-4 >> "Accept-Encoding: gzip,deflate[\r][\n]"
01-03-2022 16:30:49 Wire.java DEBUG [Forwarding setTimeout on session 8d30f405c9928b65aa70d3d9f50cde25 to remote] http.wire 73 - http-outgoing-4 >> "[\r][\n]"
01-03-2022 16:30:49 Wire.java DEBUG [Forwarding setTimeout on session 8d30f405c9928b65aa70d3d9f50cde25 to remote] http.wire 87 - http-outgoing-4 >> "{"implicit":10000}"
01-03-2022 16:30:49 Wire.java DEBUG [Forwarding setTimeout on session 8d30f405c9928b65aa70d3d9f50cde25 to remote] http.wire 73 - http-outgoing-4 << "HTTP/1.1 200 OK[\r][\n]"
01-03-2022 16:30:49 Wire.java DEBUG [Forwarding setTimeout on session 8d30f405c9928b65aa70d3d9f50cde25 to remote] http.wire 73 - http-outgoing-4 << "Content-Length:14[\r][\n]"
01-03-2022 16:30:49 Wire.java DEBUG [Forwarding setTimeout on session 8d30f405c9928b65aa70d3d9f50cde25 to remote] http.wire 73 - http-outgoing-4 << "Content-Type:application/json; charset=utf-8[\r][\n]"
01-03-2022 16:30:49 Wire.java DEBUG [Forwarding setTimeout on session 8d30f405c9928b65aa70d3d9f50cde25 to remote] http.wire 73 - http-outgoing-4 << "cache-control:no-cache[\r][\n]"
01-03-2022 16:30:49 Wire.java DEBUG [Forwarding setTimeout on session 8d30f405c9928b65aa70d3d9f50cde25 to remote] http.wire 73 - http-outgoing-4 << "[\r][\n]"
01-03-2022 16:30:49 Wire.java DEBUG [Forwarding setTimeout on session 8d30f405c9928b65aa70d3d9f50cde25 to remote] http.wire 87 - http-outgoing-4 << "{"value":null}"
01-03-2022 16:30:49 LoggingManagedHttpClientConnection.java DEBUG [Forwarding setTimeout on session 8d30f405c9928b65aa70d3d9f50cde25 to remote] http.headers 122 - http-outgoing-4 << HTTP/1.1 200 OK
01-03-2022 16:30:49 LoggingManagedHttpClientConnection.java DEBUG [Forwarding setTimeout on session 8d30f405c9928b65aa70d3d9f50cde25 to remote] http.headers 125 - http-outgoing-4 << Content-Length:14
01-03-2022 16:30:49 LoggingManagedHttpClientConnection.java DEBUG [Forwarding setTimeout on session 8d30f405c9928b65aa70d3d9f50cde25 to remote] http.headers 125 - http-outgoing-4 << Content-Type:application/json; charset=utf-8
01-03-2022 16:30:49 LoggingManagedHttpClientConnection.java DEBUG [Forwarding setTimeout on session 8d30f405c9928b65aa70d3d9f50cde25 to remote] http.headers 125 - http-outgoing-4 << cache-control:no-cache
01-03-2022 16:30:49 MainClientExec.java DEBUG [Forwarding setTimeout on session 8d30f405c9928b65aa70d3d9f50cde25 to remote] execchain.MainClientExec 285 - Connection can be kept alive indefinitely
01-03-2022 16:30:49 PoolingHttpClientConnectionManager.java DEBUG [Forwarding setTimeout on session 8d30f405c9928b65aa70d3d9f50cde25 to remote] conn.PoolingHttpClientConnectionManager 320 - Connection [id: 4][route: {}->http://localhost:29556] can be kept alive indefinitely
01-03-2022 16:30:49 PoolingHttpClientConnectionManager.java DEBUG [Forwarding setTimeout on session 8d30f405c9928b65aa70d3d9f50cde25 to remote] conn.PoolingHttpClientConnectionManager 326 - Connection released: [id: 4][route: {}->http://localhost:29556][total kept alive: 5; route allocated: 1 of 2000; total allocated: 5 of 2000]
01-03-2022 16:30:49 RequestAddCookies.java DEBUG [Forwarding maximizeCurrentWindow on session 8d30f405c9928b65aa70d3d9f50cde25 to remote] protocol.RequestAddCookies 123 - CookieSpec selected: default
01-03-2022 16:30:49 RequestAuthCache.java DEBUG [Forwarding maximizeCurrentWindow on session 8d30f405c9928b65aa70d3d9f50cde25 to remote] protocol.RequestAuthCache 77 - Auth cache not set in the context
01-03-2022 16:30:49 PoolingHttpClientConnectionManager.java DEBUG [Forwarding maximizeCurrentWindow on session 8d30f405c9928b65aa70d3d9f50cde25 to remote] conn.PoolingHttpClientConnectionManager 255 - Connection request: [route: {}->http://localhost:29556][total kept alive: 5; route allocated: 1 of 2000; total allocated: 5 of 2000]
01-03-2022 16:30:49 PoolingHttpClientConnectionManager.java DEBUG [Forwarding maximizeCurrentWindow on session 8d30f405c9928b65aa70d3d9f50cde25 to remote] conn.PoolingHttpClientConnectionManager 288 - Connection leased: [id: 4][route: {}->http://localhost:29556][total kept alive: 4; route allocated: 1 of 2000; total allocated: 5 of 2000]
01-03-2022 16:30:49 MainClientExec.java DEBUG [Forwarding maximizeCurrentWindow on session 8d30f405c9928b65aa70d3d9f50cde25 to remote] execchain.MainClientExec 208 - Stale connection check
01-03-2022 16:30:49 Wire.java DEBUG [Forwarding maximizeCurrentWindow on session 8d30f405c9928b65aa70d3d9f50cde25 to remote] http.wire 87 - http-outgoing-4 << "[read] I/O error: Read timed out"
01-03-2022 16:30:49 LoggingManagedHttpClientConnection.java DEBUG [Forwarding maximizeCurrentWindow on session 8d30f405c9928b65aa70d3d9f50cde25 to remote] conn.DefaultManagedHttpClientConnection 88 - http-outgoing-4: set socket timeout to 10800000
01-03-2022 16:30:49 MainClientExec.java DEBUG [Forwarding maximizeCurrentWindow on session 8d30f405c9928b65aa70d3d9f50cde25 to remote] execchain.MainClientExec 256 - Executing request POST /session/8d30f405c9928b65aa70d3d9f50cde25/window/maximize HTTP/1.1
01-03-2022 16:30:49 MainClientExec.java DEBUG [Forwarding maximizeCurrentWindow on session 8d30f405c9928b65aa70d3d9f50cde25 to remote] execchain.MainClientExec 261 - Target auth state: UNCHALLENGED
01-03-2022 16:30:49 MainClientExec.java DEBUG [Forwarding maximizeCurrentWindow on session 8d30f405c9928b65aa70d3d9f50cde25 to remote] execchain.MainClientExec 267 - Proxy auth state: UNCHALLENGED
01-03-2022 16:30:49 LoggingManagedHttpClientConnection.java DEBUG [Forwarding maximizeCurrentWindow on session 8d30f405c9928b65aa70d3d9f50cde25 to remote] http.headers 133 - http-outgoing-4 >> POST /session/8d30f405c9928b65aa70d3d9f50cde25/window/maximize HTTP/1.1
01-03-2022 16:30:49 LoggingManagedHttpClientConnection.java DEBUG [Forwarding maximizeCurrentWindow on session 8d30f405c9928b65aa70d3d9f50cde25 to remote] http.headers 136 - http-outgoing-4 >> Content-Type: application/json; charset=utf-8
01-03-2022 16:30:49 LoggingManagedHttpClientConnection.java DEBUG [Forwarding maximizeCurrentWindow on session 8d30f405c9928b65aa70d3d9f50cde25 to remote] http.headers 136 - http-outgoing-4 >> Content-Length: 2
01-03-2022 16:30:49 LoggingManagedHttpClientConnection.java DEBUG [Forwarding maximizeCurrentWindow on session 8d30f405c9928b65aa70d3d9f50cde25 to remote] http.headers 136 - http-outgoing-4 >> Host: localhost:29556
01-03-2022 16:30:49 LoggingManagedHttpClientConnection.java DEBUG [Forwarding maximizeCurrentWindow on session 8d30f405c9928b65aa70d3d9f50cde25 to remote] http.headers 136 - http-outgoing-4 >> Connection: Keep-Alive
01-03-2022 16:30:49 LoggingManagedHttpClientConnection.java DEBUG [Forwarding maximizeCurrentWindow on session 8d30f405c9928b65aa70d3d9f50cde25 to remote] http.headers 136 - http-outgoing-4 >> User-Agent: Apache-HttpClient/4.5.3 (Java/1.8.0_202)
01-03-2022 16:30:49 LoggingManagedHttpClientConnection.java DEBUG [Forwarding maximizeCurrentWindow on session 8d30f405c9928b65aa70d3d9f50cde25 to remote] http.headers 136 - http-outgoing-4 >> Accept-Encoding: gzip,deflate
01-03-2022 16:30:49 Wire.java DEBUG [Forwarding maximizeCurrentWindow on session 8d30f405c9928b65aa70d3d9f50cde25 to remote] http.wire 73 - http-outgoing-4 >> "POST /session/8d30f405c9928b65aa70d3d9f50cde25/window/maximize HTTP/1.1[\r][\n]"
01-03-2022 16:30:49 Wire.java DEBUG [Forwarding maximizeCurrentWindow on session 8d30f405c9928b65aa70d3d9f50cde25 to remote] http.wire 73 - http-outgoing-4 >> "Content-Type: application/json; charset=utf-8[\r][\n]"
01-03-2022 16:30:49 Wire.java DEBUG [Forwarding maximizeCurrentWindow on session 8d30f405c9928b65aa70d3d9f50cde25 to remote] http.wire 73 - http-outgoing-4 >> "Content-Length: 2[\r][\n]"
01-03-2022 16:30:49 Wire.java DEBUG [Forwarding maximizeCurrentWindow on session 8d30f405c9928b65aa70d3d9f50cde25 to remote] http.wire 73 - http-outgoing-4 >> "Host: localhost:29556[\r][\n]"
01-03-2022 16:30:49 Wire.java DEBUG [Forwarding maximizeCurrentWindow on session 8d30f405c9928b65aa70d3d9f50cde25 to remote] http.wire 73 - http-outgoing-4 >> "Connection: Keep-Alive[\r][\n]"
01-03-2022 16:30:49 Wire.java DEBUG [Forwarding maximizeCurrentWindow on session 8d30f405c9928b65aa70d3d9f50cde25 to remote] http.wire 73 - http-outgoing-4 >> "User-Agent: Apache-HttpClient/4.5.3 (Java/1.8.0_202)[\r][\n]"
01-03-2022 16:30:49 Wire.java DEBUG [Forwarding maximizeCurrentWindow on session 8d30f405c9928b65aa70d3d9f50cde25 to remote] http.wire 73 - http-outgoing-4 >> "Accept-Encoding: gzip,deflate[\r][\n]"
01-03-2022 16:30:49 Wire.java DEBUG [Forwarding maximizeCurrentWindow on session 8d30f405c9928b65aa70d3d9f50cde25 to remote] http.wire 73 - http-outgoing-4 >> "[\r][\n]"
01-03-2022 16:30:49 Wire.java DEBUG [Forwarding maximizeCurrentWindow on session 8d30f405c9928b65aa70d3d9f50cde25 to remote] http.wire 87 - http-outgoing-4 >> "{}"
01-03-2022 16:30:49 Wire.java DEBUG [Forwarding maximizeCurrentWindow on session 8d30f405c9928b65aa70d3d9f50cde25 to remote] http.wire 73 - http-outgoing-4 << "HTTP/1.1 200 OK[\r][\n]"
01-03-2022 16:30:49 Wire.java DEBUG [Forwarding maximizeCurrentWindow on session 8d30f405c9928b65aa70d3d9f50cde25 to remote] http.wire 73 - http-outgoing-4 << "Content-Length:51[\r][\n]"
01-03-2022 16:30:49 Wire.java DEBUG [Forwarding maximizeCurrentWindow on session 8d30f405c9928b65aa70d3d9f50cde25 to remote] http.wire 73 - http-outgoing-4 << "Content-Type:application/json; charset=utf-8[\r][\n]"
01-03-2022 16:30:49 Wire.java DEBUG [Forwarding maximizeCurrentWindow on session 8d30f405c9928b65aa70d3d9f50cde25 to remote] http.wire 73 - http-outgoing-4 << "cache-control:no-cache[\r][\n]"
01-03-2022 16:30:49 Wire.java DEBUG [Forwarding maximizeCurrentWindow on session 8d30f405c9928b65aa70d3d9f50cde25 to remote] http.wire 73 - http-outgoing-4 << "[\r][\n]"
01-03-2022 16:30:49 Wire.java DEBUG [Forwarding maximizeCurrentWindow on session 8d30f405c9928b65aa70d3d9f50cde25 to remote] http.wire 87 - http-outgoing-4 << "{"value":{"height":744,"width":1376,"x":-8,"y":-8}}"
01-03-2022 16:30:49 LoggingManagedHttpClientConnection.java DEBUG [Forwarding maximizeCurrentWindow on session 8d30f405c9928b65aa70d3d9f50cde25 to remote] http.headers 122 - http-outgoing-4 << HTTP/1.1 200 OK
01-03-2022 16:30:49 LoggingManagedHttpClientConnection.java DEBUG [Forwarding maximizeCurrentWindow on session 8d30f405c9928b65aa70d3d9f50cde25 to remote] http.headers 125 - http-outgoing-4 << Content-Length:51
01-03-2022 16:30:49 LoggingManagedHttpClientConnection.java DEBUG [Forwarding maximizeCurrentWindow on session 8d30f405c9928b65aa70d3d9f50cde25 to remote] http.headers 125 - http-outgoing-4 << Content-Type:application/json; charset=utf-8
01-03-2022 16:30:49 LoggingManagedHttpClientConnection.java DEBUG [Forwarding maximizeCurrentWindow on session 8d30f405c9928b65aa70d3d9f50cde25 to remote] http.headers 125 - http-outgoing-4 << cache-control:no-cache
01-03-2022 16:30:49 MainClientExec.java DEBUG [Forwarding maximizeCurrentWindow on session 8d30f405c9928b65aa70d3d9f50cde25 to remote] execchain.MainClientExec 285 - Connection can be kept alive indefinitely
01-03-2022 16:30:49 PoolingHttpClientConnectionManager.java DEBUG [Forwarding maximizeCurrentWindow on session 8d30f405c9928b65aa70d3d9f50cde25 to remote] conn.PoolingHttpClientConnectionManager 320 - Connection [id: 4][route: {}->http://localhost:29556] can be kept alive indefinitely
01-03-2022 16:30:49 PoolingHttpClientConnectionManager.java DEBUG [Forwarding maximizeCurrentWindow on session 8d30f405c9928b65aa70d3d9f50cde25 to remote] conn.PoolingHttpClientConnectionManager 326 - Connection released: [id: 4][route: {}->http://localhost:29556][total kept alive: 5; route allocated: 1 of 2000; total allocated: 5 of 2000]
Before navigating to: 'https://kolhapur.gov.in/en/'
01-03-2022 16:30:49 RequestAddCookies.java DEBUG [Forwarding get on session 8d30f405c9928b65aa70d3d9f50cde25 to remote] protocol.RequestAddCookies 123 - CookieSpec selected: default
01-03-2022 16:30:49 RequestAuthCache.java DEBUG [Forwarding get on session 8d30f405c9928b65aa70d3d9f50cde25 to remote] protocol.RequestAuthCache 77 - Auth cache not set in the context
01-03-2022 16:30:49 PoolingHttpClientConnectionManager.java DEBUG [Forwarding get on session 8d30f405c9928b65aa70d3d9f50cde25 to remote] conn.PoolingHttpClientConnectionManager 255 - Connection request: [route: {}->http://localhost:29556][total kept alive: 5; route allocated: 1 of 2000; total allocated: 5 of 2000]
01-03-2022 16:30:49 PoolingHttpClientConnectionManager.java DEBUG [Forwarding get on session 8d30f405c9928b65aa70d3d9f50cde25 to remote] conn.PoolingHttpClientConnectionManager 288 - Connection leased: [id: 4][route: {}->http://localhost:29556][total kept alive: 4; route allocated: 1 of 2000; total allocated: 5 of 2000]
01-03-2022 16:30:49 MainClientExec.java DEBUG [Forwarding get on session 8d30f405c9928b65aa70d3d9f50cde25 to remote] execchain.MainClientExec 208 - Stale connection check
01-03-2022 16:30:49 Wire.java DEBUG [Forwarding get on session 8d30f405c9928b65aa70d3d9f50cde25 to remote] http.wire 87 - http-outgoing-4 << "[read] I/O error: Read timed out"
01-03-2022 16:30:49 LoggingManagedHttpClientConnection.java DEBUG [Forwarding get on session 8d30f405c9928b65aa70d3d9f50cde25 to remote] conn.DefaultManagedHttpClientConnection 88 - http-outgoing-4: set socket timeout to 10800000
01-03-2022 16:30:49 MainClientExec.java DEBUG [Forwarding get on session 8d30f405c9928b65aa70d3d9f50cde25 to remote] execchain.MainClientExec 256 - Executing request POST /session/8d30f405c9928b65aa70d3d9f50cde25/url HTTP/1.1
01-03-2022 16:30:49 MainClientExec.java DEBUG [Forwarding get on session 8d30f405c9928b65aa70d3d9f50cde25 to remote] execchain.MainClientExec 261 - Target auth state: UNCHALLENGED
01-03-2022 16:30:49 MainClientExec.java DEBUG [Forwarding get on session 8d30f405c9928b65aa70d3d9f50cde25 to remote] execchain.MainClientExec 267 - Proxy auth state: UNCHALLENGED
01-03-2022 16:30:49 LoggingManagedHttpClientConnection.java DEBUG [Forwarding get on session 8d30f405c9928b65aa70d3d9f50cde25 to remote] http.headers 133 - http-outgoing-4 >> POST /session/8d30f405c9928b65aa70d3d9f50cde25/url HTTP/1.1
01-03-2022 16:30:49 LoggingManagedHttpClientConnection.java DEBUG [Forwarding get on session 8d30f405c9928b65aa70d3d9f50cde25 to remote] http.headers 136 - http-outgoing-4 >> Content-Type: application/json; charset=utf-8
01-03-2022 16:30:49 LoggingManagedHttpClientConnection.java DEBUG [Forwarding get on session 8d30f405c9928b65aa70d3d9f50cde25 to remote] http.headers 136 - http-outgoing-4 >> Content-Length: 37
01-03-2022 16:30:49 LoggingManagedHttpClientConnection.java DEBUG [Forwarding get on session 8d30f405c9928b65aa70d3d9f50cde25 to remote] http.headers 136 - http-outgoing-4 >> Host: localhost:29556
01-03-2022 16:30:49 LoggingManagedHttpClientConnection.java DEBUG [Forwarding get on session 8d30f405c9928b65aa70d3d9f50cde25 to remote] http.headers 136 - http-outgoing-4 >> Connection: Keep-Alive
01-03-2022 16:30:49 LoggingManagedHttpClientConnection.java DEBUG [Forwarding get on session 8d30f405c9928b65aa70d3d9f50cde25 to remote] http.headers 136 - http-outgoing-4 >> User-Agent: Apache-HttpClient/4.5.3 (Java/1.8.0_202)
01-03-2022 16:30:49 LoggingManagedHttpClientConnection.java DEBUG [Forwarding get on session 8d30f405c9928b65aa70d3d9f50cde25 to remote] http.headers 136 - http-outgoing-4 >> Accept-Encoding: gzip,deflate
01-03-2022 16:30:49 Wire.java DEBUG [Forwarding get on session 8d30f405c9928b65aa70d3d9f50cde25 to remote] http.wire 73 - http-outgoing-4 >> "POST /session/8d30f405c9928b65aa70d3d9f50cde25/url HTTP/1.1[\r][\n]"
01-03-2022 16:30:49 Wire.java DEBUG [Forwarding get on session 8d30f405c9928b65aa70d3d9f50cde25 to remote] http.wire 73 - http-outgoing-4 >> "Content-Type: application/json; charset=utf-8[\r][\n]"
01-03-2022 16:30:49 Wire.java DEBUG [Forwarding get on session 8d30f405c9928b65aa70d3d9f50cde25 to remote] http.wire 73 - http-outgoing-4 >> "Content-Length: 37[\r][\n]"
01-03-2022 16:30:49 Wire.java DEBUG [Forwarding get on session 8d30f405c9928b65aa70d3d9f50cde25 to remote] http.wire 73 - http-outgoing-4 >> "Host: localhost:29556[\r][\n]"
01-03-2022 16:30:49 Wire.java DEBUG [Forwarding get on session 8d30f405c9928b65aa70d3d9f50cde25 to remote] http.wire 73 - http-outgoing-4 >> "Connection: Keep-Alive[\r][\n]"
01-03-2022 16:30:49 Wire.java DEBUG [Forwarding get on session 8d30f405c9928b65aa70d3d9f50cde25 to remote] http.wire 73 - http-outgoing-4 >> "User-Agent: Apache-HttpClient/4.5.3 (Java/1.8.0_202)[\r][\n]"
01-03-2022 16:30:49 Wire.java DEBUG [Forwarding get on session 8d30f405c9928b65aa70d3d9f50cde25 to remote] http.wire 73 - http-outgoing-4 >> "Accept-Encoding: gzip,deflate[\r][\n]"
01-03-2022 16:30:49 Wire.java DEBUG [Forwarding get on session 8d30f405c9928b65aa70d3d9f50cde25 to remote] http.wire 73 - http-outgoing-4 >> "[\r][\n]"
01-03-2022 16:30:49 Wire.java DEBUG [Forwarding get on session 8d30f405c9928b65aa70d3d9f50cde25 to remote] http.wire 87 - http-outgoing-4 >> "{"url":"https://kolhapur.gov.in/en/"}"
01-03-2022 16:31:10 Wire.java DEBUG [Forwarding get on session 8d30f405c9928b65aa70d3d9f50cde25 to remote] http.wire 73 - http-outgoing-4 << "HTTP/1.1 200 OK[\r][\n]"
01-03-2022 16:31:10 Wire.java DEBUG [Forwarding get on session 8d30f405c9928b65aa70d3d9f50cde25 to remote] http.wire 73 - http-outgoing-4 << "Content-Length:14[\r][\n]"
01-03-2022 16:31:10 Wire.java DEBUG [Forwarding get on session 8d30f405c9928b65aa70d3d9f50cde25 to remote] http.wire 73 - http-outgoing-4 << "Content-Type:application/json; charset=utf-8[\r][\n]"
01-03-2022 16:31:10 Wire.java DEBUG [Forwarding get on session 8d30f405c9928b65aa70d3d9f50cde25 to remote] http.wire 73 - http-outgoing-4 << "cache-control:no-cache[\r][\n]"
01-03-2022 16:31:10 Wire.java DEBUG [Forwarding get on session 8d30f405c9928b65aa70d3d9f50cde25 to remote] http.wire 73 - http-outgoing-4 << "[\r][\n]"
01-03-2022 16:31:10 Wire.java DEBUG [Forwarding get on session 8d30f405c9928b65aa70d3d9f50cde25 to remote] http.wire 87 - http-outgoing-4 << "{"value":null}"
01-03-2022 16:31:10 LoggingManagedHttpClientConnection.java DEBUG [Forwarding get on session 8d30f405c9928b65aa70d3d9f50cde25 to remote] http.headers 122 - http-outgoing-4 << HTTP/1.1 200 OK
01-03-2022 16:31:10 LoggingManagedHttpClientConnection.java DEBUG [Forwarding get on session 8d30f405c9928b65aa70d3d9f50cde25 to remote] http.headers 125 - http-outgoing-4 << Content-Length:14
01-03-2022 16:31:10 LoggingManagedHttpClientConnection.java DEBUG [Forwarding get on session 8d30f405c9928b65aa70d3d9f50cde25 to remote] http.headers 125 - http-outgoing-4 << Content-Type:application/json; charset=utf-8
01-03-2022 16:31:10 LoggingManagedHttpClientConnection.java DEBUG [Forwarding get on session 8d30f405c9928b65aa70d3d9f50cde25 to remote] http.headers 125 - http-outgoing-4 << cache-control:no-cache
01-03-2022 16:31:10 MainClientExec.java DEBUG [Forwarding get on session 8d30f405c9928b65aa70d3d9f50cde25 to remote] execchain.MainClientExec 285 - Connection can be kept alive indefinitely
01-03-2022 16:31:10 PoolingHttpClientConnectionManager.java DEBUG [Forwarding get on session 8d30f405c9928b65aa70d3d9f50cde25 to remote] conn.PoolingHttpClientConnectionManager 320 - Connection [id: 4][route: {}->http://localhost:29556] can be kept alive indefinitely
01-03-2022 16:31:10 PoolingHttpClientConnectionManager.java DEBUG [Forwarding get on session 8d30f405c9928b65aa70d3d9f50cde25 to remote] conn.PoolingHttpClientConnectionManager 326 - Connection released: [id: 4][route: {}->http://localhost:29556][total kept alive: 5; route allocated: 1 of 2000; total allocated: 5 of 2000]
Navigated to:'https://kolhapur.gov.in/en/'
01-03-2022 16:31:10 TestBase.java INFO  [main] KolhapurAutomationHybridFramework 61 - **************************url lauched*****************
Trying to find Element By : By.xpath: //a[text()='Feedback']
01-03-2022 16:31:10 RequestAddCookies.java DEBUG [Forwarding findElement on session 8d30f405c9928b65aa70d3d9f50cde25 to remote] protocol.RequestAddCookies 123 - CookieSpec selected: default
01-03-2022 16:31:10 RequestAuthCache.java DEBUG [Forwarding findElement on session 8d30f405c9928b65aa70d3d9f50cde25 to remote] protocol.RequestAuthCache 77 - Auth cache not set in the context
01-03-2022 16:31:10 PoolingHttpClientConnectionManager.java DEBUG [Forwarding findElement on session 8d30f405c9928b65aa70d3d9f50cde25 to remote] conn.PoolingHttpClientConnectionManager 255 - Connection request: [route: {}->http://localhost:29556][total kept alive: 5; route allocated: 1 of 2000; total allocated: 5 of 2000]
01-03-2022 16:31:10 PoolingHttpClientConnectionManager.java DEBUG [Forwarding findElement on session 8d30f405c9928b65aa70d3d9f50cde25 to remote] conn.PoolingHttpClientConnectionManager 288 - Connection leased: [id: 4][route: {}->http://localhost:29556][total kept alive: 4; route allocated: 1 of 2000; total allocated: 5 of 2000]
01-03-2022 16:31:10 MainClientExec.java DEBUG [Forwarding findElement on session 8d30f405c9928b65aa70d3d9f50cde25 to remote] execchain.MainClientExec 208 - Stale connection check
01-03-2022 16:31:10 Wire.java DEBUG [Forwarding findElement on session 8d30f405c9928b65aa70d3d9f50cde25 to remote] http.wire 87 - http-outgoing-4 << "[read] I/O error: Read timed out"
01-03-2022 16:31:10 LoggingManagedHttpClientConnection.java DEBUG [Forwarding findElement on session 8d30f405c9928b65aa70d3d9f50cde25 to remote] conn.DefaultManagedHttpClientConnection 88 - http-outgoing-4: set socket timeout to 10800000
01-03-2022 16:31:10 MainClientExec.java DEBUG [Forwarding findElement on session 8d30f405c9928b65aa70d3d9f50cde25 to remote] execchain.MainClientExec 256 - Executing request POST /session/8d30f405c9928b65aa70d3d9f50cde25/element HTTP/1.1
01-03-2022 16:31:10 MainClientExec.java DEBUG [Forwarding findElement on session 8d30f405c9928b65aa70d3d9f50cde25 to remote] execchain.MainClientExec 261 - Target auth state: UNCHALLENGED
01-03-2022 16:31:10 MainClientExec.java DEBUG [Forwarding findElement on session 8d30f405c9928b65aa70d3d9f50cde25 to remote] execchain.MainClientExec 267 - Proxy auth state: UNCHALLENGED
01-03-2022 16:31:10 LoggingManagedHttpClientConnection.java DEBUG [Forwarding findElement on session 8d30f405c9928b65aa70d3d9f50cde25 to remote] http.headers 133 - http-outgoing-4 >> POST /session/8d30f405c9928b65aa70d3d9f50cde25/element HTTP/1.1
01-03-2022 16:31:10 LoggingManagedHttpClientConnection.java DEBUG [Forwarding findElement on session 8d30f405c9928b65aa70d3d9f50cde25 to remote] http.headers 136 - http-outgoing-4 >> Content-Type: application/json; charset=utf-8
01-03-2022 16:31:10 LoggingManagedHttpClientConnection.java DEBUG [Forwarding findElement on session 8d30f405c9928b65aa70d3d9f50cde25 to remote] http.headers 136 - http-outgoing-4 >> Content-Length: 65
01-03-2022 16:31:10 LoggingManagedHttpClientConnection.java DEBUG [Forwarding findElement on session 8d30f405c9928b65aa70d3d9f50cde25 to remote] http.headers 136 - http-outgoing-4 >> Host: localhost:29556
01-03-2022 16:31:10 LoggingManagedHttpClientConnection.java DEBUG [Forwarding findElement on session 8d30f405c9928b65aa70d3d9f50cde25 to remote] http.headers 136 - http-outgoing-4 >> Connection: Keep-Alive
01-03-2022 16:31:10 LoggingManagedHttpClientConnection.java DEBUG [Forwarding findElement on session 8d30f405c9928b65aa70d3d9f50cde25 to remote] http.headers 136 - http-outgoing-4 >> User-Agent: Apache-HttpClient/4.5.3 (Java/1.8.0_202)
01-03-2022 16:31:10 LoggingManagedHttpClientConnection.java DEBUG [Forwarding findElement on session 8d30f405c9928b65aa70d3d9f50cde25 to remote] http.headers 136 - http-outgoing-4 >> Accept-Encoding: gzip,deflate
01-03-2022 16:31:10 Wire.java DEBUG [Forwarding findElement on session 8d30f405c9928b65aa70d3d9f50cde25 to remote] http.wire 73 - http-outgoing-4 >> "POST /session/8d30f405c9928b65aa70d3d9f50cde25/element HTTP/1.1[\r][\n]"
01-03-2022 16:31:10 Wire.java DEBUG [Forwarding findElement on session 8d30f405c9928b65aa70d3d9f50cde25 to remote] http.wire 73 - http-outgoing-4 >> "Content-Type: application/json; charset=utf-8[\r][\n]"
01-03-2022 16:31:10 Wire.java DEBUG [Forwarding findElement on session 8d30f405c9928b65aa70d3d9f50cde25 to remote] http.wire 73 - http-outgoing-4 >> "Content-Length: 65[\r][\n]"
01-03-2022 16:31:10 Wire.java DEBUG [Forwarding findElement on session 8d30f405c9928b65aa70d3d9f50cde25 to remote] http.wire 73 - http-outgoing-4 >> "Host: localhost:29556[\r][\n]"
01-03-2022 16:31:10 Wire.java DEBUG [Forwarding findElement on session 8d30f405c9928b65aa70d3d9f50cde25 to remote] http.wire 73 - http-outgoing-4 >> "Connection: Keep-Alive[\r][\n]"
01-03-2022 16:31:10 Wire.java DEBUG [Forwarding findElement on session 8d30f405c9928b65aa70d3d9f50cde25 to remote] http.wire 73 - http-outgoing-4 >> "User-Agent: Apache-HttpClient/4.5.3 (Java/1.8.0_202)[\r][\n]"
01-03-2022 16:31:10 Wire.java DEBUG [Forwarding findElement on session 8d30f405c9928b65aa70d3d9f50cde25 to remote] http.wire 73 - http-outgoing-4 >> "Accept-Encoding: gzip,deflate[\r][\n]"
01-03-2022 16:31:10 Wire.java DEBUG [Forwarding findElement on session 8d30f405c9928b65aa70d3d9f50cde25 to remote] http.wire 73 - http-outgoing-4 >> "[\r][\n]"
01-03-2022 16:31:10 Wire.java DEBUG [Forwarding findElement on session 8d30f405c9928b65aa70d3d9f50cde25 to remote] http.wire 87 - http-outgoing-4 >> "{"value":"//a[text()\u003d\u0027Feedback\u0027]","using":"xpath"}"
01-03-2022 16:31:10 Wire.java DEBUG [Forwarding findElement on session 8d30f405c9928b65aa70d3d9f50cde25 to remote] http.wire 73 - http-outgoing-4 << "HTTP/1.1 200 OK[\r][\n]"
01-03-2022 16:31:10 Wire.java DEBUG [Forwarding findElement on session 8d30f405c9928b65aa70d3d9f50cde25 to remote] http.wire 73 - http-outgoing-4 << "Content-Length:88[\r][\n]"
01-03-2022 16:31:10 Wire.java DEBUG [Forwarding findElement on session 8d30f405c9928b65aa70d3d9f50cde25 to remote] http.wire 73 - http-outgoing-4 << "Content-Type:application/json; charset=utf-8[\r][\n]"
01-03-2022 16:31:10 Wire.java DEBUG [Forwarding findElement on session 8d30f405c9928b65aa70d3d9f50cde25 to remote] http.wire 73 - http-outgoing-4 << "cache-control:no-cache[\r][\n]"
01-03-2022 16:31:10 Wire.java DEBUG [Forwarding findElement on session 8d30f405c9928b65aa70d3d9f50cde25 to remote] http.wire 73 - http-outgoing-4 << "[\r][\n]"
01-03-2022 16:31:10 Wire.java DEBUG [Forwarding findElement on session 8d30f405c9928b65aa70d3d9f50cde25 to remote] http.wire 87 - http-outgoing-4 << "{"value":{"element-6066-11e4-a52e-4f735466cecf":"97f42703-4365-4e53-a07f-a284e1c6a8a8"}}"
01-03-2022 16:31:10 LoggingManagedHttpClientConnection.java DEBUG [Forwarding findElement on session 8d30f405c9928b65aa70d3d9f50cde25 to remote] http.headers 122 - http-outgoing-4 << HTTP/1.1 200 OK
01-03-2022 16:31:10 LoggingManagedHttpClientConnection.java DEBUG [Forwarding findElement on session 8d30f405c9928b65aa70d3d9f50cde25 to remote] http.headers 125 - http-outgoing-4 << Content-Length:88
01-03-2022 16:31:10 LoggingManagedHttpClientConnection.java DEBUG [Forwarding findElement on session 8d30f405c9928b65aa70d3d9f50cde25 to remote] http.headers 125 - http-outgoing-4 << Content-Type:application/json; charset=utf-8
01-03-2022 16:31:10 LoggingManagedHttpClientConnection.java DEBUG [Forwarding findElement on session 8d30f405c9928b65aa70d3d9f50cde25 to remote] http.headers 125 - http-outgoing-4 << cache-control:no-cache
01-03-2022 16:31:10 MainClientExec.java DEBUG [Forwarding findElement on session 8d30f405c9928b65aa70d3d9f50cde25 to remote] execchain.MainClientExec 285 - Connection can be kept alive indefinitely
01-03-2022 16:31:10 PoolingHttpClientConnectionManager.java DEBUG [Forwarding findElement on session 8d30f405c9928b65aa70d3d9f50cde25 to remote] conn.PoolingHttpClientConnectionManager 320 - Connection [id: 4][route: {}->http://localhost:29556] can be kept alive indefinitely
01-03-2022 16:31:10 PoolingHttpClientConnectionManager.java DEBUG [Forwarding findElement on session 8d30f405c9928b65aa70d3d9f50cde25 to remote] conn.PoolingHttpClientConnectionManager 326 - Connection released: [id: 4][route: {}->http://localhost:29556][total kept alive: 5; route allocated: 1 of 2000; total allocated: 5 of 2000]
Found Element By : By.xpath: //a[text()='Feedback']
Trying to click on: [[ChromeDriver: chrome on WINDOWS (8d30f405c9928b65aa70d3d9f50cde25)] -> xpath: //a[text()='Feedback']]
01-03-2022 16:31:10 RequestAddCookies.java DEBUG [Forwarding clickElement on session 8d30f405c9928b65aa70d3d9f50cde25 to remote] protocol.RequestAddCookies 123 - CookieSpec selected: default
01-03-2022 16:31:10 RequestAuthCache.java DEBUG [Forwarding clickElement on session 8d30f405c9928b65aa70d3d9f50cde25 to remote] protocol.RequestAuthCache 77 - Auth cache not set in the context
01-03-2022 16:31:10 PoolingHttpClientConnectionManager.java DEBUG [Forwarding clickElement on session 8d30f405c9928b65aa70d3d9f50cde25 to remote] conn.PoolingHttpClientConnectionManager 255 - Connection request: [route: {}->http://localhost:29556][total kept alive: 5; route allocated: 1 of 2000; total allocated: 5 of 2000]
01-03-2022 16:31:10 PoolingHttpClientConnectionManager.java DEBUG [Forwarding clickElement on session 8d30f405c9928b65aa70d3d9f50cde25 to remote] conn.PoolingHttpClientConnectionManager 288 - Connection leased: [id: 4][route: {}->http://localhost:29556][total kept alive: 4; route allocated: 1 of 2000; total allocated: 5 of 2000]
01-03-2022 16:31:10 MainClientExec.java DEBUG [Forwarding clickElement on session 8d30f405c9928b65aa70d3d9f50cde25 to remote] execchain.MainClientExec 208 - Stale connection check
01-03-2022 16:31:10 Wire.java DEBUG [Forwarding clickElement on session 8d30f405c9928b65aa70d3d9f50cde25 to remote] http.wire 87 - http-outgoing-4 << "[read] I/O error: Read timed out"
01-03-2022 16:31:10 LoggingManagedHttpClientConnection.java DEBUG [Forwarding clickElement on session 8d30f405c9928b65aa70d3d9f50cde25 to remote] conn.DefaultManagedHttpClientConnection 88 - http-outgoing-4: set socket timeout to 10800000
01-03-2022 16:31:10 MainClientExec.java DEBUG [Forwarding clickElement on session 8d30f405c9928b65aa70d3d9f50cde25 to remote] execchain.MainClientExec 256 - Executing request POST /session/8d30f405c9928b65aa70d3d9f50cde25/element/97f42703-4365-4e53-a07f-a284e1c6a8a8/click HTTP/1.1
01-03-2022 16:31:10 MainClientExec.java DEBUG [Forwarding clickElement on session 8d30f405c9928b65aa70d3d9f50cde25 to remote] execchain.MainClientExec 261 - Target auth state: UNCHALLENGED
01-03-2022 16:31:10 MainClientExec.java DEBUG [Forwarding clickElement on session 8d30f405c9928b65aa70d3d9f50cde25 to remote] execchain.MainClientExec 267 - Proxy auth state: UNCHALLENGED
01-03-2022 16:31:10 LoggingManagedHttpClientConnection.java DEBUG [Forwarding clickElement on session 8d30f405c9928b65aa70d3d9f50cde25 to remote] http.headers 133 - http-outgoing-4 >> POST /session/8d30f405c9928b65aa70d3d9f50cde25/element/97f42703-4365-4e53-a07f-a284e1c6a8a8/click HTTP/1.1
01-03-2022 16:31:10 LoggingManagedHttpClientConnection.java DEBUG [Forwarding clickElement on session 8d30f405c9928b65aa70d3d9f50cde25 to remote] http.headers 136 - http-outgoing-4 >> Content-Type: application/json; charset=utf-8
01-03-2022 16:31:10 LoggingManagedHttpClientConnection.java DEBUG [Forwarding clickElement on session 8d30f405c9928b65aa70d3d9f50cde25 to remote] http.headers 136 - http-outgoing-4 >> Content-Length: 45
01-03-2022 16:31:10 LoggingManagedHttpClientConnection.java DEBUG [Forwarding clickElement on session 8d30f405c9928b65aa70d3d9f50cde25 to remote] http.headers 136 - http-outgoing-4 >> Host: localhost:29556
01-03-2022 16:31:10 LoggingManagedHttpClientConnection.java DEBUG [Forwarding clickElement on session 8d30f405c9928b65aa70d3d9f50cde25 to remote] http.headers 136 - http-outgoing-4 >> Connection: Keep-Alive
01-03-2022 16:31:10 LoggingManagedHttpClientConnection.java DEBUG [Forwarding clickElement on session 8d30f405c9928b65aa70d3d9f50cde25 to remote] http.headers 136 - http-outgoing-4 >> User-Agent: Apache-HttpClient/4.5.3 (Java/1.8.0_202)
01-03-2022 16:31:10 LoggingManagedHttpClientConnection.java DEBUG [Forwarding clickElement on session 8d30f405c9928b65aa70d3d9f50cde25 to remote] http.headers 136 - http-outgoing-4 >> Accept-Encoding: gzip,deflate
01-03-2022 16:31:10 Wire.java DEBUG [Forwarding clickElement on session 8d30f405c9928b65aa70d3d9f50cde25 to remote] http.wire 73 - http-outgoing-4 >> "POST /session/8d30f405c9928b65aa70d3d9f50cde25/element/97f42703-4365-4e53-a07f-a284e1c6a8a8/click HTTP/1.1[\r][\n]"
01-03-2022 16:31:10 Wire.java DEBUG [Forwarding clickElement on session 8d30f405c9928b65aa70d3d9f50cde25 to remote] http.wire 73 - http-outgoing-4 >> "Content-Type: application/json; charset=utf-8[\r][\n]"
01-03-2022 16:31:10 Wire.java DEBUG [Forwarding clickElement on session 8d30f405c9928b65aa70d3d9f50cde25 to remote] http.wire 73 - http-outgoing-4 >> "Content-Length: 45[\r][\n]"
01-03-2022 16:31:10 Wire.java DEBUG [Forwarding clickElement on session 8d30f405c9928b65aa70d3d9f50cde25 to remote] http.wire 73 - http-outgoing-4 >> "Host: localhost:29556[\r][\n]"
01-03-2022 16:31:10 Wire.java DEBUG [Forwarding clickElement on session 8d30f405c9928b65aa70d3d9f50cde25 to remote] http.wire 73 - http-outgoing-4 >> "Connection: Keep-Alive[\r][\n]"
01-03-2022 16:31:10 Wire.java DEBUG [Forwarding clickElement on session 8d30f405c9928b65aa70d3d9f50cde25 to remote] http.wire 73 - http-outgoing-4 >> "User-Agent: Apache-HttpClient/4.5.3 (Java/1.8.0_202)[\r][\n]"
01-03-2022 16:31:10 Wire.java DEBUG [Forwarding clickElement on session 8d30f405c9928b65aa70d3d9f50cde25 to remote] http.wire 73 - http-outgoing-4 >> "Accept-Encoding: gzip,deflate[\r][\n]"
01-03-2022 16:31:10 Wire.java DEBUG [Forwarding clickElement on session 8d30f405c9928b65aa70d3d9f50cde25 to remote] http.wire 73 - http-outgoing-4 >> "[\r][\n]"
01-03-2022 16:31:10 Wire.java DEBUG [Forwarding clickElement on session 8d30f405c9928b65aa70d3d9f50cde25 to remote] http.wire 87 - http-outgoing-4 >> "{"id":"97f42703-4365-4e53-a07f-a284e1c6a8a8"}"
01-03-2022 16:31:20 Wire.java DEBUG [Forwarding clickElement on session 8d30f405c9928b65aa70d3d9f50cde25 to remote] http.wire 73 - http-outgoing-4 << "HTTP/1.1 200 OK[\r][\n]"
01-03-2022 16:31:20 Wire.java DEBUG [Forwarding clickElement on session 8d30f405c9928b65aa70d3d9f50cde25 to remote] http.wire 73 - http-outgoing-4 << "Content-Length:14[\r][\n]"
01-03-2022 16:31:20 Wire.java DEBUG [Forwarding clickElement on session 8d30f405c9928b65aa70d3d9f50cde25 to remote] http.wire 73 - http-outgoing-4 << "Content-Type:application/json; charset=utf-8[\r][\n]"
01-03-2022 16:31:20 Wire.java DEBUG [Forwarding clickElement on session 8d30f405c9928b65aa70d3d9f50cde25 to remote] http.wire 73 - http-outgoing-4 << "cache-control:no-cache[\r][\n]"
01-03-2022 16:31:20 Wire.java DEBUG [Forwarding clickElement on session 8d30f405c9928b65aa70d3d9f50cde25 to remote] http.wire 73 - http-outgoing-4 << "[\r][\n]"
01-03-2022 16:31:20 Wire.java DEBUG [Forwarding clickElement on session 8d30f405c9928b65aa70d3d9f50cde25 to remote] http.wire 87 - http-outgoing-4 << "{"value":null}"
01-03-2022 16:31:20 LoggingManagedHttpClientConnection.java DEBUG [Forwarding clickElement on session 8d30f405c9928b65aa70d3d9f50cde25 to remote] http.headers 122 - http-outgoing-4 << HTTP/1.1 200 OK
01-03-2022 16:31:20 LoggingManagedHttpClientConnection.java DEBUG [Forwarding clickElement on session 8d30f405c9928b65aa70d3d9f50cde25 to remote] http.headers 125 - http-outgoing-4 << Content-Length:14
01-03-2022 16:31:20 LoggingManagedHttpClientConnection.java DEBUG [Forwarding clickElement on session 8d30f405c9928b65aa70d3d9f50cde25 to remote] http.headers 125 - http-outgoing-4 << Content-Type:application/json; charset=utf-8
01-03-2022 16:31:20 LoggingManagedHttpClientConnection.java DEBUG [Forwarding clickElement on session 8d30f405c9928b65aa70d3d9f50cde25 to remote] http.headers 125 - http-outgoing-4 << cache-control:no-cache
01-03-2022 16:31:20 MainClientExec.java DEBUG [Forwarding clickElement on session 8d30f405c9928b65aa70d3d9f50cde25 to remote] execchain.MainClientExec 285 - Connection can be kept alive indefinitely
01-03-2022 16:31:20 PoolingHttpClientConnectionManager.java DEBUG [Forwarding clickElement on session 8d30f405c9928b65aa70d3d9f50cde25 to remote] conn.PoolingHttpClientConnectionManager 320 - Connection [id: 4][route: {}->http://localhost:29556] can be kept alive indefinitely
01-03-2022 16:31:20 PoolingHttpClientConnectionManager.java DEBUG [Forwarding clickElement on session 8d30f405c9928b65aa70d3d9f50cde25 to remote] conn.PoolingHttpClientConnectionManager 326 - Connection released: [id: 4][route: {}->http://localhost:29556][total kept alive: 5; route allocated: 1 of 2000; total allocated: 5 of 2000]
Clicked on: [[ChromeDriver: chrome on WINDOWS (8d30f405c9928b65aa70d3d9f50cde25)] -> xpath: //a[text()='Feedback']]
Trying to find Element By : By.id: your-name
01-03-2022 16:31:20 RequestAddCookies.java DEBUG [Forwarding findElement on session 8d30f405c9928b65aa70d3d9f50cde25 to remote] protocol.RequestAddCookies 123 - CookieSpec selected: default
01-03-2022 16:31:20 RequestAuthCache.java DEBUG [Forwarding findElement on session 8d30f405c9928b65aa70d3d9f50cde25 to remote] protocol.RequestAuthCache 77 - Auth cache not set in the context
01-03-2022 16:31:20 PoolingHttpClientConnectionManager.java DEBUG [Forwarding findElement on session 8d30f405c9928b65aa70d3d9f50cde25 to remote] conn.PoolingHttpClientConnectionManager 255 - Connection request: [route: {}->http://localhost:29556][total kept alive: 5; route allocated: 1 of 2000; total allocated: 5 of 2000]
01-03-2022 16:31:20 PoolingHttpClientConnectionManager.java DEBUG [Forwarding findElement on session 8d30f405c9928b65aa70d3d9f50cde25 to remote] conn.PoolingHttpClientConnectionManager 288 - Connection leased: [id: 4][route: {}->http://localhost:29556][total kept alive: 4; route allocated: 1 of 2000; total allocated: 5 of 2000]
01-03-2022 16:31:20 MainClientExec.java DEBUG [Forwarding findElement on session 8d30f405c9928b65aa70d3d9f50cde25 to remote] execchain.MainClientExec 208 - Stale connection check
01-03-2022 16:31:20 Wire.java DEBUG [Forwarding findElement on session 8d30f405c9928b65aa70d3d9f50cde25 to remote] http.wire 87 - http-outgoing-4 << "[read] I/O error: Read timed out"
01-03-2022 16:31:20 LoggingManagedHttpClientConnection.java DEBUG [Forwarding findElement on session 8d30f405c9928b65aa70d3d9f50cde25 to remote] conn.DefaultManagedHttpClientConnection 88 - http-outgoing-4: set socket timeout to 10800000
01-03-2022 16:31:20 MainClientExec.java DEBUG [Forwarding findElement on session 8d30f405c9928b65aa70d3d9f50cde25 to remote] execchain.MainClientExec 256 - Executing request POST /session/8d30f405c9928b65aa70d3d9f50cde25/element HTTP/1.1
01-03-2022 16:31:20 MainClientExec.java DEBUG [Forwarding findElement on session 8d30f405c9928b65aa70d3d9f50cde25 to remote] execchain.MainClientExec 261 - Target auth state: UNCHALLENGED
01-03-2022 16:31:20 MainClientExec.java DEBUG [Forwarding findElement on session 8d30f405c9928b65aa70d3d9f50cde25 to remote] execchain.MainClientExec 267 - Proxy auth state: UNCHALLENGED
01-03-2022 16:31:20 LoggingManagedHttpClientConnection.java DEBUG [Forwarding findElement on session 8d30f405c9928b65aa70d3d9f50cde25 to remote] http.headers 133 - http-outgoing-4 >> POST /session/8d30f405c9928b65aa70d3d9f50cde25/element HTTP/1.1
01-03-2022 16:31:20 LoggingManagedHttpClientConnection.java DEBUG [Forwarding findElement on session 8d30f405c9928b65aa70d3d9f50cde25 to remote] http.headers 136 - http-outgoing-4 >> Content-Type: application/json; charset=utf-8
01-03-2022 16:31:20 LoggingManagedHttpClientConnection.java DEBUG [Forwarding findElement on session 8d30f405c9928b65aa70d3d9f50cde25 to remote] http.headers 136 - http-outgoing-4 >> Content-Length: 47
01-03-2022 16:31:20 LoggingManagedHttpClientConnection.java DEBUG [Forwarding findElement on session 8d30f405c9928b65aa70d3d9f50cde25 to remote] http.headers 136 - http-outgoing-4 >> Host: localhost:29556
01-03-2022 16:31:20 LoggingManagedHttpClientConnection.java DEBUG [Forwarding findElement on session 8d30f405c9928b65aa70d3d9f50cde25 to remote] http.headers 136 - http-outgoing-4 >> Connection: Keep-Alive
01-03-2022 16:31:20 LoggingManagedHttpClientConnection.java DEBUG [Forwarding findElement on session 8d30f405c9928b65aa70d3d9f50cde25 to remote] http.headers 136 - http-outgoing-4 >> User-Agent: Apache-HttpClient/4.5.3 (Java/1.8.0_202)
01-03-2022 16:31:20 LoggingManagedHttpClientConnection.java DEBUG [Forwarding findElement on session 8d30f405c9928b65aa70d3d9f50cde25 to remote] http.headers 136 - http-outgoing-4 >> Accept-Encoding: gzip,deflate
01-03-2022 16:31:20 Wire.java DEBUG [Forwarding findElement on session 8d30f405c9928b65aa70d3d9f50cde25 to remote] http.wire 73 - http-outgoing-4 >> "POST /session/8d30f405c9928b65aa70d3d9f50cde25/element HTTP/1.1[\r][\n]"
01-03-2022 16:31:20 Wire.java DEBUG [Forwarding findElement on session 8d30f405c9928b65aa70d3d9f50cde25 to remote] http.wire 73 - http-outgoing-4 >> "Content-Type: application/json; charset=utf-8[\r][\n]"
01-03-2022 16:31:20 Wire.java DEBUG [Forwarding findElement on session 8d30f405c9928b65aa70d3d9f50cde25 to remote] http.wire 73 - http-outgoing-4 >> "Content-Length: 47[\r][\n]"
01-03-2022 16:31:20 Wire.java DEBUG [Forwarding findElement on session 8d30f405c9928b65aa70d3d9f50cde25 to remote] http.wire 73 - http-outgoing-4 >> "Host: localhost:29556[\r][\n]"
01-03-2022 16:31:20 Wire.java DEBUG [Forwarding findElement on session 8d30f405c9928b65aa70d3d9f50cde25 to remote] http.wire 73 - http-outgoing-4 >> "Connection: Keep-Alive[\r][\n]"
01-03-2022 16:31:20 Wire.java DEBUG [Forwarding findElement on session 8d30f405c9928b65aa70d3d9f50cde25 to remote] http.wire 73 - http-outgoing-4 >> "User-Agent: Apache-HttpClient/4.5.3 (Java/1.8.0_202)[\r][\n]"
01-03-2022 16:31:20 Wire.java DEBUG [Forwarding findElement on session 8d30f405c9928b65aa70d3d9f50cde25 to remote] http.wire 73 - http-outgoing-4 >> "Accept-Encoding: gzip,deflate[\r][\n]"
01-03-2022 16:31:20 Wire.java DEBUG [Forwarding findElement on session 8d30f405c9928b65aa70d3d9f50cde25 to remote] http.wire 73 - http-outgoing-4 >> "[\r][\n]"
01-03-2022 16:31:20 Wire.java DEBUG [Forwarding findElement on session 8d30f405c9928b65aa70d3d9f50cde25 to remote] http.wire 87 - http-outgoing-4 >> "{"value":"#your\\-name","using":"css selector"}"
01-03-2022 16:31:20 Wire.java DEBUG [Forwarding findElement on session 8d30f405c9928b65aa70d3d9f50cde25 to remote] http.wire 73 - http-outgoing-4 << "HTTP/1.1 200 OK[\r][\n]"
01-03-2022 16:31:20 Wire.java DEBUG [Forwarding findElement on session 8d30f405c9928b65aa70d3d9f50cde25 to remote] http.wire 73 - http-outgoing-4 << "Content-Length:88[\r][\n]"
01-03-2022 16:31:20 Wire.java DEBUG [Forwarding findElement on session 8d30f405c9928b65aa70d3d9f50cde25 to remote] http.wire 73 - http-outgoing-4 << "Content-Type:application/json; charset=utf-8[\r][\n]"
01-03-2022 16:31:20 Wire.java DEBUG [Forwarding findElement on session 8d30f405c9928b65aa70d3d9f50cde25 to remote] http.wire 73 - http-outgoing-4 << "cache-control:no-cache[\r][\n]"
01-03-2022 16:31:20 Wire.java DEBUG [Forwarding findElement on session 8d30f405c9928b65aa70d3d9f50cde25 to remote] http.wire 73 - http-outgoing-4 << "[\r][\n]"
01-03-2022 16:31:20 Wire.java DEBUG [Forwarding findElement on session 8d30f405c9928b65aa70d3d9f50cde25 to remote] http.wire 87 - http-outgoing-4 << "{"value":{"element-6066-11e4-a52e-4f735466cecf":"8dc9efb0-2459-4ae4-aaae-af420e4c6790"}}"
01-03-2022 16:31:20 LoggingManagedHttpClientConnection.java DEBUG [Forwarding findElement on session 8d30f405c9928b65aa70d3d9f50cde25 to remote] http.headers 122 - http-outgoing-4 << HTTP/1.1 200 OK
01-03-2022 16:31:20 LoggingManagedHttpClientConnection.java DEBUG [Forwarding findElement on session 8d30f405c9928b65aa70d3d9f50cde25 to remote] http.headers 125 - http-outgoing-4 << Content-Length:88
01-03-2022 16:31:20 LoggingManagedHttpClientConnection.java DEBUG [Forwarding findElement on session 8d30f405c9928b65aa70d3d9f50cde25 to remote] http.headers 125 - http-outgoing-4 << Content-Type:application/json; charset=utf-8
01-03-2022 16:31:20 LoggingManagedHttpClientConnection.java DEBUG [Forwarding findElement on session 8d30f405c9928b65aa70d3d9f50cde25 to remote] http.headers 125 - http-outgoing-4 << cache-control:no-cache
01-03-2022 16:31:20 MainClientExec.java DEBUG [Forwarding findElement on session 8d30f405c9928b65aa70d3d9f50cde25 to remote] execchain.MainClientExec 285 - Connection can be kept alive indefinitely
01-03-2022 16:31:20 PoolingHttpClientConnectionManager.java DEBUG [Forwarding findElement on session 8d30f405c9928b65aa70d3d9f50cde25 to remote] conn.PoolingHttpClientConnectionManager 320 - Connection [id: 4][route: {}->http://localhost:29556] can be kept alive indefinitely
01-03-2022 16:31:20 PoolingHttpClientConnectionManager.java DEBUG [Forwarding findElement on session 8d30f405c9928b65aa70d3d9f50cde25 to remote] conn.PoolingHttpClientConnectionManager 326 - Connection released: [id: 4][route: {}->http://localhost:29556][total kept alive: 5; route allocated: 1 of 2000; total allocated: 5 of 2000]
Found Element By : By.id: your-name
01-03-2022 16:31:20 RequestAddCookies.java DEBUG [Forwarding sendKeysToElement on session 8d30f405c9928b65aa70d3d9f50cde25 to remote] protocol.RequestAddCookies 123 - CookieSpec selected: default
01-03-2022 16:31:20 RequestAuthCache.java DEBUG [Forwarding sendKeysToElement on session 8d30f405c9928b65aa70d3d9f50cde25 to remote] protocol.RequestAuthCache 77 - Auth cache not set in the context
01-03-2022 16:31:20 PoolingHttpClientConnectionManager.java DEBUG [Forwarding sendKeysToElement on session 8d30f405c9928b65aa70d3d9f50cde25 to remote] conn.PoolingHttpClientConnectionManager 255 - Connection request: [route: {}->http://localhost:29556][total kept alive: 5; route allocated: 1 of 2000; total allocated: 5 of 2000]
01-03-2022 16:31:20 PoolingHttpClientConnectionManager.java DEBUG [Forwarding sendKeysToElement on session 8d30f405c9928b65aa70d3d9f50cde25 to remote] conn.PoolingHttpClientConnectionManager 288 - Connection leased: [id: 4][route: {}->http://localhost:29556][total kept alive: 4; route allocated: 1 of 2000; total allocated: 5 of 2000]
01-03-2022 16:31:20 MainClientExec.java DEBUG [Forwarding sendKeysToElement on session 8d30f405c9928b65aa70d3d9f50cde25 to remote] execchain.MainClientExec 208 - Stale connection check
01-03-2022 16:31:20 Wire.java DEBUG [Forwarding sendKeysToElement on session 8d30f405c9928b65aa70d3d9f50cde25 to remote] http.wire 87 - http-outgoing-4 << "[read] I/O error: Read timed out"
01-03-2022 16:31:20 LoggingManagedHttpClientConnection.java DEBUG [Forwarding sendKeysToElement on session 8d30f405c9928b65aa70d3d9f50cde25 to remote] conn.DefaultManagedHttpClientConnection 88 - http-outgoing-4: set socket timeout to 10800000
01-03-2022 16:31:20 MainClientExec.java DEBUG [Forwarding sendKeysToElement on session 8d30f405c9928b65aa70d3d9f50cde25 to remote] execchain.MainClientExec 256 - Executing request POST /session/8d30f405c9928b65aa70d3d9f50cde25/element/8dc9efb0-2459-4ae4-aaae-af420e4c6790/value HTTP/1.1
01-03-2022 16:31:20 MainClientExec.java DEBUG [Forwarding sendKeysToElement on session 8d30f405c9928b65aa70d3d9f50cde25 to remote] execchain.MainClientExec 261 - Target auth state: UNCHALLENGED
01-03-2022 16:31:20 MainClientExec.java DEBUG [Forwarding sendKeysToElement on session 8d30f405c9928b65aa70d3d9f50cde25 to remote] execchain.MainClientExec 267 - Proxy auth state: UNCHALLENGED
01-03-2022 16:31:20 LoggingManagedHttpClientConnection.java DEBUG [Forwarding sendKeysToElement on session 8d30f405c9928b65aa70d3d9f50cde25 to remote] http.headers 133 - http-outgoing-4 >> POST /session/8d30f405c9928b65aa70d3d9f50cde25/element/8dc9efb0-2459-4ae4-aaae-af420e4c6790/value HTTP/1.1
01-03-2022 16:31:20 LoggingManagedHttpClientConnection.java DEBUG [Forwarding sendKeysToElement on session 8d30f405c9928b65aa70d3d9f50cde25 to remote] http.headers 136 - http-outgoing-4 >> Content-Type: application/json; charset=utf-8
01-03-2022 16:31:20 LoggingManagedHttpClientConnection.java DEBUG [Forwarding sendKeysToElement on session 8d30f405c9928b65aa70d3d9f50cde25 to remote] http.headers 136 - http-outgoing-4 >> Content-Length: 90
01-03-2022 16:31:20 LoggingManagedHttpClientConnection.java DEBUG [Forwarding sendKeysToElement on session 8d30f405c9928b65aa70d3d9f50cde25 to remote] http.headers 136 - http-outgoing-4 >> Host: localhost:29556
01-03-2022 16:31:20 LoggingManagedHttpClientConnection.java DEBUG [Forwarding sendKeysToElement on session 8d30f405c9928b65aa70d3d9f50cde25 to remote] http.headers 136 - http-outgoing-4 >> Connection: Keep-Alive
01-03-2022 16:31:20 LoggingManagedHttpClientConnection.java DEBUG [Forwarding sendKeysToElement on session 8d30f405c9928b65aa70d3d9f50cde25 to remote] http.headers 136 - http-outgoing-4 >> User-Agent: Apache-HttpClient/4.5.3 (Java/1.8.0_202)
01-03-2022 16:31:20 LoggingManagedHttpClientConnection.java DEBUG [Forwarding sendKeysToElement on session 8d30f405c9928b65aa70d3d9f50cde25 to remote] http.headers 136 - http-outgoing-4 >> Accept-Encoding: gzip,deflate
01-03-2022 16:31:20 Wire.java DEBUG [Forwarding sendKeysToElement on session 8d30f405c9928b65aa70d3d9f50cde25 to remote] http.wire 73 - http-outgoing-4 >> "POST /session/8d30f405c9928b65aa70d3d9f50cde25/element/8dc9efb0-2459-4ae4-aaae-af420e4c6790/value HTTP/1.1[\r][\n]"
01-03-2022 16:31:20 Wire.java DEBUG [Forwarding sendKeysToElement on session 8d30f405c9928b65aa70d3d9f50cde25 to remote] http.wire 73 - http-outgoing-4 >> "Content-Type: application/json; charset=utf-8[\r][\n]"
01-03-2022 16:31:20 Wire.java DEBUG [Forwarding sendKeysToElement on session 8d30f405c9928b65aa70d3d9f50cde25 to remote] http.wire 73 - http-outgoing-4 >> "Content-Length: 90[\r][\n]"
01-03-2022 16:31:20 Wire.java DEBUG [Forwarding sendKeysToElement on session 8d30f405c9928b65aa70d3d9f50cde25 to remote] http.wire 73 - http-outgoing-4 >> "Host: localhost:29556[\r][\n]"
01-03-2022 16:31:20 Wire.java DEBUG [Forwarding sendKeysToElement on session 8d30f405c9928b65aa70d3d9f50cde25 to remote] http.wire 73 - http-outgoing-4 >> "Connection: Keep-Alive[\r][\n]"
01-03-2022 16:31:20 Wire.java DEBUG [Forwarding sendKeysToElement on session 8d30f405c9928b65aa70d3d9f50cde25 to remote] http.wire 73 - http-outgoing-4 >> "User-Agent: Apache-HttpClient/4.5.3 (Java/1.8.0_202)[\r][\n]"
01-03-2022 16:31:20 Wire.java DEBUG [Forwarding sendKeysToElement on session 8d30f405c9928b65aa70d3d9f50cde25 to remote] http.wire 73 - http-outgoing-4 >> "Accept-Encoding: gzip,deflate[\r][\n]"
01-03-2022 16:31:20 Wire.java DEBUG [Forwarding sendKeysToElement on session 8d30f405c9928b65aa70d3d9f50cde25 to remote] http.wire 73 - http-outgoing-4 >> "[\r][\n]"
01-03-2022 16:31:20 Wire.java DEBUG [Forwarding sendKeysToElement on session 8d30f405c9928b65aa70d3d9f50cde25 to remote] http.wire 87 - http-outgoing-4 >> "{"id":"8dc9efb0-2459-4ae4-aaae-af420e4c6790","text":"Shyam","value":["S","h","y","a","m"]}"
01-03-2022 16:31:20 Wire.java DEBUG [Forwarding sendKeysToElement on session 8d30f405c9928b65aa70d3d9f50cde25 to remote] http.wire 73 - http-outgoing-4 << "HTTP/1.1 200 OK[\r][\n]"
01-03-2022 16:31:20 Wire.java DEBUG [Forwarding sendKeysToElement on session 8d30f405c9928b65aa70d3d9f50cde25 to remote] http.wire 73 - http-outgoing-4 << "Content-Length:14[\r][\n]"
01-03-2022 16:31:20 Wire.java DEBUG [Forwarding sendKeysToElement on session 8d30f405c9928b65aa70d3d9f50cde25 to remote] http.wire 73 - http-outgoing-4 << "Content-Type:application/json; charset=utf-8[\r][\n]"
01-03-2022 16:31:20 Wire.java DEBUG [Forwarding sendKeysToElement on session 8d30f405c9928b65aa70d3d9f50cde25 to remote] http.wire 73 - http-outgoing-4 << "cache-control:no-cache[\r][\n]"
01-03-2022 16:31:20 Wire.java DEBUG [Forwarding sendKeysToElement on session 8d30f405c9928b65aa70d3d9f50cde25 to remote] http.wire 73 - http-outgoing-4 << "[\r][\n]"
01-03-2022 16:31:20 Wire.java DEBUG [Forwarding sendKeysToElement on session 8d30f405c9928b65aa70d3d9f50cde25 to remote] http.wire 87 - http-outgoing-4 << "{"value":null}"
01-03-2022 16:31:20 LoggingManagedHttpClientConnection.java DEBUG [Forwarding sendKeysToElement on session 8d30f405c9928b65aa70d3d9f50cde25 to remote] http.headers 122 - http-outgoing-4 << HTTP/1.1 200 OK
01-03-2022 16:31:20 LoggingManagedHttpClientConnection.java DEBUG [Forwarding sendKeysToElement on session 8d30f405c9928b65aa70d3d9f50cde25 to remote] http.headers 125 - http-outgoing-4 << Content-Length:14
01-03-2022 16:31:20 LoggingManagedHttpClientConnection.java DEBUG [Forwarding sendKeysToElement on session 8d30f405c9928b65aa70d3d9f50cde25 to remote] http.headers 125 - http-outgoing-4 << Content-Type:application/json; charset=utf-8
01-03-2022 16:31:20 LoggingManagedHttpClientConnection.java DEBUG [Forwarding sendKeysToElement on session 8d30f405c9928b65aa70d3d9f50cde25 to remote] http.headers 125 - http-outgoing-4 << cache-control:no-cache
01-03-2022 16:31:20 MainClientExec.java DEBUG [Forwarding sendKeysToElement on session 8d30f405c9928b65aa70d3d9f50cde25 to remote] execchain.MainClientExec 285 - Connection can be kept alive indefinitely
01-03-2022 16:31:20 PoolingHttpClientConnectionManager.java DEBUG [Forwarding sendKeysToElement on session 8d30f405c9928b65aa70d3d9f50cde25 to remote] conn.PoolingHttpClientConnectionManager 320 - Connection [id: 4][route: {}->http://localhost:29556] can be kept alive indefinitely
01-03-2022 16:31:20 PoolingHttpClientConnectionManager.java DEBUG [Forwarding sendKeysToElement on session 8d30f405c9928b65aa70d3d9f50cde25 to remote] conn.PoolingHttpClientConnectionManager 326 - Connection released: [id: 4][route: {}->http://localhost:29556][total kept alive: 5; route allocated: 1 of 2000; total allocated: 5 of 2000]
Trying to find Element By : By.id: your-email
01-03-2022 16:31:20 RequestAddCookies.java DEBUG [Forwarding findElement on session 8d30f405c9928b65aa70d3d9f50cde25 to remote] protocol.RequestAddCookies 123 - CookieSpec selected: default
01-03-2022 16:31:20 RequestAuthCache.java DEBUG [Forwarding findElement on session 8d30f405c9928b65aa70d3d9f50cde25 to remote] protocol.RequestAuthCache 77 - Auth cache not set in the context
01-03-2022 16:31:20 PoolingHttpClientConnectionManager.java DEBUG [Forwarding findElement on session 8d30f405c9928b65aa70d3d9f50cde25 to remote] conn.PoolingHttpClientConnectionManager 255 - Connection request: [route: {}->http://localhost:29556][total kept alive: 5; route allocated: 1 of 2000; total allocated: 5 of 2000]
01-03-2022 16:31:20 PoolingHttpClientConnectionManager.java DEBUG [Forwarding findElement on session 8d30f405c9928b65aa70d3d9f50cde25 to remote] conn.PoolingHttpClientConnectionManager 288 - Connection leased: [id: 4][route: {}->http://localhost:29556][total kept alive: 4; route allocated: 1 of 2000; total allocated: 5 of 2000]
01-03-2022 16:31:20 MainClientExec.java DEBUG [Forwarding findElement on session 8d30f405c9928b65aa70d3d9f50cde25 to remote] execchain.MainClientExec 208 - Stale connection check
01-03-2022 16:31:20 Wire.java DEBUG [Forwarding findElement on session 8d30f405c9928b65aa70d3d9f50cde25 to remote] http.wire 87 - http-outgoing-4 << "[read] I/O error: Read timed out"
01-03-2022 16:31:20 LoggingManagedHttpClientConnection.java DEBUG [Forwarding findElement on session 8d30f405c9928b65aa70d3d9f50cde25 to remote] conn.DefaultManagedHttpClientConnection 88 - http-outgoing-4: set socket timeout to 10800000
01-03-2022 16:31:20 MainClientExec.java DEBUG [Forwarding findElement on session 8d30f405c9928b65aa70d3d9f50cde25 to remote] execchain.MainClientExec 256 - Executing request POST /session/8d30f405c9928b65aa70d3d9f50cde25/element HTTP/1.1
01-03-2022 16:31:20 MainClientExec.java DEBUG [Forwarding findElement on session 8d30f405c9928b65aa70d3d9f50cde25 to remote] execchain.MainClientExec 261 - Target auth state: UNCHALLENGED
01-03-2022 16:31:20 MainClientExec.java DEBUG [Forwarding findElement on session 8d30f405c9928b65aa70d3d9f50cde25 to remote] execchain.MainClientExec 267 - Proxy auth state: UNCHALLENGED
01-03-2022 16:31:20 LoggingManagedHttpClientConnection.java DEBUG [Forwarding findElement on session 8d30f405c9928b65aa70d3d9f50cde25 to remote] http.headers 133 - http-outgoing-4 >> POST /session/8d30f405c9928b65aa70d3d9f50cde25/element HTTP/1.1
01-03-2022 16:31:20 LoggingManagedHttpClientConnection.java DEBUG [Forwarding findElement on session 8d30f405c9928b65aa70d3d9f50cde25 to remote] http.headers 136 - http-outgoing-4 >> Content-Type: application/json; charset=utf-8
01-03-2022 16:31:20 LoggingManagedHttpClientConnection.java DEBUG [Forwarding findElement on session 8d30f405c9928b65aa70d3d9f50cde25 to remote] http.headers 136 - http-outgoing-4 >> Content-Length: 48
01-03-2022 16:31:20 LoggingManagedHttpClientConnection.java DEBUG [Forwarding findElement on session 8d30f405c9928b65aa70d3d9f50cde25 to remote] http.headers 136 - http-outgoing-4 >> Host: localhost:29556
01-03-2022 16:31:20 LoggingManagedHttpClientConnection.java DEBUG [Forwarding findElement on session 8d30f405c9928b65aa70d3d9f50cde25 to remote] http.headers 136 - http-outgoing-4 >> Connection: Keep-Alive
01-03-2022 16:31:20 LoggingManagedHttpClientConnection.java DEBUG [Forwarding findElement on session 8d30f405c9928b65aa70d3d9f50cde25 to remote] http.headers 136 - http-outgoing-4 >> User-Agent: Apache-HttpClient/4.5.3 (Java/1.8.0_202)
01-03-2022 16:31:20 LoggingManagedHttpClientConnection.java DEBUG [Forwarding findElement on session 8d30f405c9928b65aa70d3d9f50cde25 to remote] http.headers 136 - http-outgoing-4 >> Accept-Encoding: gzip,deflate
01-03-2022 16:31:20 Wire.java DEBUG [Forwarding findElement on session 8d30f405c9928b65aa70d3d9f50cde25 to remote] http.wire 73 - http-outgoing-4 >> "POST /session/8d30f405c9928b65aa70d3d9f50cde25/element HTTP/1.1[\r][\n]"
01-03-2022 16:31:20 Wire.java DEBUG [Forwarding findElement on session 8d30f405c9928b65aa70d3d9f50cde25 to remote] http.wire 73 - http-outgoing-4 >> "Content-Type: application/json; charset=utf-8[\r][\n]"
01-03-2022 16:31:20 Wire.java DEBUG [Forwarding findElement on session 8d30f405c9928b65aa70d3d9f50cde25 to remote] http.wire 73 - http-outgoing-4 >> "Content-Length: 48[\r][\n]"
01-03-2022 16:31:20 Wire.java DEBUG [Forwarding findElement on session 8d30f405c9928b65aa70d3d9f50cde25 to remote] http.wire 73 - http-outgoing-4 >> "Host: localhost:29556[\r][\n]"
01-03-2022 16:31:20 Wire.java DEBUG [Forwarding findElement on session 8d30f405c9928b65aa70d3d9f50cde25 to remote] http.wire 73 - http-outgoing-4 >> "Connection: Keep-Alive[\r][\n]"
01-03-2022 16:31:20 Wire.java DEBUG [Forwarding findElement on session 8d30f405c9928b65aa70d3d9f50cde25 to remote] http.wire 73 - http-outgoing-4 >> "User-Agent: Apache-HttpClient/4.5.3 (Java/1.8.0_202)[\r][\n]"
01-03-2022 16:31:20 Wire.java DEBUG [Forwarding findElement on session 8d30f405c9928b65aa70d3d9f50cde25 to remote] http.wire 73 - http-outgoing-4 >> "Accept-Encoding: gzip,deflate[\r][\n]"
01-03-2022 16:31:20 Wire.java DEBUG [Forwarding findElement on session 8d30f405c9928b65aa70d3d9f50cde25 to remote] http.wire 73 - http-outgoing-4 >> "[\r][\n]"
01-03-2022 16:31:20 Wire.java DEBUG [Forwarding findElement on session 8d30f405c9928b65aa70d3d9f50cde25 to remote] http.wire 87 - http-outgoing-4 >> "{"value":"#your\\-email","using":"css selector"}"
01-03-2022 16:31:20 Wire.java DEBUG [Forwarding findElement on session 8d30f405c9928b65aa70d3d9f50cde25 to remote] http.wire 73 - http-outgoing-4 << "HTTP/1.1 200 OK[\r][\n]"
01-03-2022 16:31:20 Wire.java DEBUG [Forwarding findElement on session 8d30f405c9928b65aa70d3d9f50cde25 to remote] http.wire 73 - http-outgoing-4 << "Content-Length:88[\r][\n]"
01-03-2022 16:31:20 Wire.java DEBUG [Forwarding findElement on session 8d30f405c9928b65aa70d3d9f50cde25 to remote] http.wire 73 - http-outgoing-4 << "Content-Type:application/json; charset=utf-8[\r][\n]"
01-03-2022 16:31:20 Wire.java DEBUG [Forwarding findElement on session 8d30f405c9928b65aa70d3d9f50cde25 to remote] http.wire 73 - http-outgoing-4 << "cache-control:no-cache[\r][\n]"
01-03-2022 16:31:20 Wire.java DEBUG [Forwarding findElement on session 8d30f405c9928b65aa70d3d9f50cde25 to remote] http.wire 73 - http-outgoing-4 << "[\r][\n]"
01-03-2022 16:31:20 Wire.java DEBUG [Forwarding findElement on session 8d30f405c9928b65aa70d3d9f50cde25 to remote] http.wire 87 - http-outgoing-4 << "{"value":{"element-6066-11e4-a52e-4f735466cecf":"8dbbbc1d-14fd-423a-a53c-242c15b51207"}}"
01-03-2022 16:31:20 LoggingManagedHttpClientConnection.java DEBUG [Forwarding findElement on session 8d30f405c9928b65aa70d3d9f50cde25 to remote] http.headers 122 - http-outgoing-4 << HTTP/1.1 200 OK
01-03-2022 16:31:20 LoggingManagedHttpClientConnection.java DEBUG [Forwarding findElement on session 8d30f405c9928b65aa70d3d9f50cde25 to remote] http.headers 125 - http-outgoing-4 << Content-Length:88
01-03-2022 16:31:20 LoggingManagedHttpClientConnection.java DEBUG [Forwarding findElement on session 8d30f405c9928b65aa70d3d9f50cde25 to remote] http.headers 125 - http-outgoing-4 << Content-Type:application/json; charset=utf-8
01-03-2022 16:31:20 LoggingManagedHttpClientConnection.java DEBUG [Forwarding findElement on session 8d30f405c9928b65aa70d3d9f50cde25 to remote] http.headers 125 - http-outgoing-4 << cache-control:no-cache
01-03-2022 16:31:20 MainClientExec.java DEBUG [Forwarding findElement on session 8d30f405c9928b65aa70d3d9f50cde25 to remote] execchain.MainClientExec 285 - Connection can be kept alive indefinitely
01-03-2022 16:31:20 PoolingHttpClientConnectionManager.java DEBUG [Forwarding findElement on session 8d30f405c9928b65aa70d3d9f50cde25 to remote] conn.PoolingHttpClientConnectionManager 320 - Connection [id: 4][route: {}->http://localhost:29556] can be kept alive indefinitely
01-03-2022 16:31:20 PoolingHttpClientConnectionManager.java DEBUG [Forwarding findElement on session 8d30f405c9928b65aa70d3d9f50cde25 to remote] conn.PoolingHttpClientConnectionManager 326 - Connection released: [id: 4][route: {}->http://localhost:29556][total kept alive: 5; route allocated: 1 of 2000; total allocated: 5 of 2000]
Found Element By : By.id: your-email
01-03-2022 16:31:20 RequestAddCookies.java DEBUG [Forwarding sendKeysToElement on session 8d30f405c9928b65aa70d3d9f50cde25 to remote] protocol.RequestAddCookies 123 - CookieSpec selected: default
01-03-2022 16:31:20 RequestAuthCache.java DEBUG [Forwarding sendKeysToElement on session 8d30f405c9928b65aa70d3d9f50cde25 to remote] protocol.RequestAuthCache 77 - Auth cache not set in the context
01-03-2022 16:31:20 PoolingHttpClientConnectionManager.java DEBUG [Forwarding sendKeysToElement on session 8d30f405c9928b65aa70d3d9f50cde25 to remote] conn.PoolingHttpClientConnectionManager 255 - Connection request: [route: {}->http://localhost:29556][total kept alive: 5; route allocated: 1 of 2000; total allocated: 5 of 2000]
01-03-2022 16:31:20 PoolingHttpClientConnectionManager.java DEBUG [Forwarding sendKeysToElement on session 8d30f405c9928b65aa70d3d9f50cde25 to remote] conn.PoolingHttpClientConnectionManager 288 - Connection leased: [id: 4][route: {}->http://localhost:29556][total kept alive: 4; route allocated: 1 of 2000; total allocated: 5 of 2000]
01-03-2022 16:31:20 MainClientExec.java DEBUG [Forwarding sendKeysToElement on session 8d30f405c9928b65aa70d3d9f50cde25 to remote] execchain.MainClientExec 208 - Stale connection check
01-03-2022 16:31:20 Wire.java DEBUG [Forwarding sendKeysToElement on session 8d30f405c9928b65aa70d3d9f50cde25 to remote] http.wire 87 - http-outgoing-4 << "[read] I/O error: Read timed out"
01-03-2022 16:31:20 LoggingManagedHttpClientConnection.java DEBUG [Forwarding sendKeysToElement on session 8d30f405c9928b65aa70d3d9f50cde25 to remote] conn.DefaultManagedHttpClientConnection 88 - http-outgoing-4: set socket timeout to 10800000
01-03-2022 16:31:20 MainClientExec.java DEBUG [Forwarding sendKeysToElement on session 8d30f405c9928b65aa70d3d9f50cde25 to remote] execchain.MainClientExec 256 - Executing request POST /session/8d30f405c9928b65aa70d3d9f50cde25/element/8dbbbc1d-14fd-423a-a53c-242c15b51207/value HTTP/1.1
01-03-2022 16:31:20 MainClientExec.java DEBUG [Forwarding sendKeysToElement on session 8d30f405c9928b65aa70d3d9f50cde25 to remote] execchain.MainClientExec 261 - Target auth state: UNCHALLENGED
01-03-2022 16:31:20 MainClientExec.java DEBUG [Forwarding sendKeysToElement on session 8d30f405c9928b65aa70d3d9f50cde25 to remote] execchain.MainClientExec 267 - Proxy auth state: UNCHALLENGED
01-03-2022 16:31:20 LoggingManagedHttpClientConnection.java DEBUG [Forwarding sendKeysToElement on session 8d30f405c9928b65aa70d3d9f50cde25 to remote] http.headers 133 - http-outgoing-4 >> POST /session/8d30f405c9928b65aa70d3d9f50cde25/element/8dbbbc1d-14fd-423a-a53c-242c15b51207/value HTTP/1.1
01-03-2022 16:31:20 LoggingManagedHttpClientConnection.java DEBUG [Forwarding sendKeysToElement on session 8d30f405c9928b65aa70d3d9f50cde25 to remote] http.headers 136 - http-outgoing-4 >> Content-Type: application/json; charset=utf-8
01-03-2022 16:31:20 LoggingManagedHttpClientConnection.java DEBUG [Forwarding sendKeysToElement on session 8d30f405c9928b65aa70d3d9f50cde25 to remote] http.headers 136 - http-outgoing-4 >> Content-Length: 180
01-03-2022 16:31:20 LoggingManagedHttpClientConnection.java DEBUG [Forwarding sendKeysToElement on session 8d30f405c9928b65aa70d3d9f50cde25 to remote] http.headers 136 - http-outgoing-4 >> Host: localhost:29556
01-03-2022 16:31:20 LoggingManagedHttpClientConnection.java DEBUG [Forwarding sendKeysToElement on session 8d30f405c9928b65aa70d3d9f50cde25 to remote] http.headers 136 - http-outgoing-4 >> Connection: Keep-Alive
01-03-2022 16:31:20 LoggingManagedHttpClientConnection.java DEBUG [Forwarding sendKeysToElement on session 8d30f405c9928b65aa70d3d9f50cde25 to remote] http.headers 136 - http-outgoing-4 >> User-Agent: Apache-HttpClient/4.5.3 (Java/1.8.0_202)
01-03-2022 16:31:20 LoggingManagedHttpClientConnection.java DEBUG [Forwarding sendKeysToElement on session 8d30f405c9928b65aa70d3d9f50cde25 to remote] http.headers 136 - http-outgoing-4 >> Accept-Encoding: gzip,deflate
01-03-2022 16:31:20 Wire.java DEBUG [Forwarding sendKeysToElement on session 8d30f405c9928b65aa70d3d9f50cde25 to remote] http.wire 73 - http-outgoing-4 >> "POST /session/8d30f405c9928b65aa70d3d9f50cde25/element/8dbbbc1d-14fd-423a-a53c-242c15b51207/value HTTP/1.1[\r][\n]"
01-03-2022 16:31:20 Wire.java DEBUG [Forwarding sendKeysToElement on session 8d30f405c9928b65aa70d3d9f50cde25 to remote] http.wire 73 - http-outgoing-4 >> "Content-Type: application/json; charset=utf-8[\r][\n]"
01-03-2022 16:31:20 Wire.java DEBUG [Forwarding sendKeysToElement on session 8d30f405c9928b65aa70d3d9f50cde25 to remote] http.wire 73 - http-outgoing-4 >> "Content-Length: 180[\r][\n]"
01-03-2022 16:31:20 Wire.java DEBUG [Forwarding sendKeysToElement on session 8d30f405c9928b65aa70d3d9f50cde25 to remote] http.wire 73 - http-outgoing-4 >> "Host: localhost:29556[\r][\n]"
01-03-2022 16:31:20 Wire.java DEBUG [Forwarding sendKeysToElement on session 8d30f405c9928b65aa70d3d9f50cde25 to remote] http.wire 73 - http-outgoing-4 >> "Connection: Keep-Alive[\r][\n]"
01-03-2022 16:31:20 Wire.java DEBUG [Forwarding sendKeysToElement on session 8d30f405c9928b65aa70d3d9f50cde25 to remote] http.wire 73 - http-outgoing-4 >> "User-Agent: Apache-HttpClient/4.5.3 (Java/1.8.0_202)[\r][\n]"
01-03-2022 16:31:20 Wire.java DEBUG [Forwarding sendKeysToElement on session 8d30f405c9928b65aa70d3d9f50cde25 to remote] http.wire 73 - http-outgoing-4 >> "Accept-Encoding: gzip,deflate[\r][\n]"
01-03-2022 16:31:20 Wire.java DEBUG [Forwarding sendKeysToElement on session 8d30f405c9928b65aa70d3d9f50cde25 to remote] http.wire 73 - http-outgoing-4 >> "[\r][\n]"
01-03-2022 16:31:20 Wire.java DEBUG [Forwarding sendKeysToElement on session 8d30f405c9928b65aa70d3d9f50cde25 to remote] http.wire 87 - http-outgoing-4 >> "{"id":"8dbbbc1d-14fd-423a-a53c-242c15b51207","text":"shyamantarkar@yahoo.com","value":["s","h","y","a","m","a","n","t","a","r","k","a","r","@","y","a","h","o","o",".","c","o","m"]}"
01-03-2022 16:31:20 Wire.java DEBUG [Forwarding sendKeysToElement on session 8d30f405c9928b65aa70d3d9f50cde25 to remote] http.wire 73 - http-outgoing-4 << "HTTP/1.1 200 OK[\r][\n]"
01-03-2022 16:31:20 Wire.java DEBUG [Forwarding sendKeysToElement on session 8d30f405c9928b65aa70d3d9f50cde25 to remote] http.wire 73 - http-outgoing-4 << "Content-Length:14[\r][\n]"
01-03-2022 16:31:20 Wire.java DEBUG [Forwarding sendKeysToElement on session 8d30f405c9928b65aa70d3d9f50cde25 to remote] http.wire 73 - http-outgoing-4 << "Content-Type:application/json; charset=utf-8[\r][\n]"
01-03-2022 16:31:20 Wire.java DEBUG [Forwarding sendKeysToElement on session 8d30f405c9928b65aa70d3d9f50cde25 to remote] http.wire 73 - http-outgoing-4 << "cache-control:no-cache[\r][\n]"
01-03-2022 16:31:20 Wire.java DEBUG [Forwarding sendKeysToElement on session 8d30f405c9928b65aa70d3d9f50cde25 to remote] http.wire 73 - http-outgoing-4 << "[\r][\n]"
01-03-2022 16:31:20 Wire.java DEBUG [Forwarding sendKeysToElement on session 8d30f405c9928b65aa70d3d9f50cde25 to remote] http.wire 87 - http-outgoing-4 << "{"value":null}"
01-03-2022 16:31:20 LoggingManagedHttpClientConnection.java DEBUG [Forwarding sendKeysToElement on session 8d30f405c9928b65aa70d3d9f50cde25 to remote] http.headers 122 - http-outgoing-4 << HTTP/1.1 200 OK
01-03-2022 16:31:20 LoggingManagedHttpClientConnection.java DEBUG [Forwarding sendKeysToElement on session 8d30f405c9928b65aa70d3d9f50cde25 to remote] http.headers 125 - http-outgoing-4 << Content-Length:14
01-03-2022 16:31:20 LoggingManagedHttpClientConnection.java DEBUG [Forwarding sendKeysToElement on session 8d30f405c9928b65aa70d3d9f50cde25 to remote] http.headers 125 - http-outgoing-4 << Content-Type:application/json; charset=utf-8
01-03-2022 16:31:20 LoggingManagedHttpClientConnection.java DEBUG [Forwarding sendKeysToElement on session 8d30f405c9928b65aa70d3d9f50cde25 to remote] http.headers 125 - http-outgoing-4 << cache-control:no-cache
01-03-2022 16:31:20 MainClientExec.java DEBUG [Forwarding sendKeysToElement on session 8d30f405c9928b65aa70d3d9f50cde25 to remote] execchain.MainClientExec 285 - Connection can be kept alive indefinitely
01-03-2022 16:31:20 PoolingHttpClientConnectionManager.java DEBUG [Forwarding sendKeysToElement on session 8d30f405c9928b65aa70d3d9f50cde25 to remote] conn.PoolingHttpClientConnectionManager 320 - Connection [id: 4][route: {}->http://localhost:29556] can be kept alive indefinitely
01-03-2022 16:31:20 PoolingHttpClientConnectionManager.java DEBUG [Forwarding sendKeysToElement on session 8d30f405c9928b65aa70d3d9f50cde25 to remote] conn.PoolingHttpClientConnectionManager 326 - Connection released: [id: 4][route: {}->http://localhost:29556][total kept alive: 5; route allocated: 1 of 2000; total allocated: 5 of 2000]
Trying to find Element By : By.id: your-subject
01-03-2022 16:31:20 RequestAddCookies.java DEBUG [Forwarding findElement on session 8d30f405c9928b65aa70d3d9f50cde25 to remote] protocol.RequestAddCookies 123 - CookieSpec selected: default
01-03-2022 16:31:20 RequestAuthCache.java DEBUG [Forwarding findElement on session 8d30f405c9928b65aa70d3d9f50cde25 to remote] protocol.RequestAuthCache 77 - Auth cache not set in the context
01-03-2022 16:31:20 PoolingHttpClientConnectionManager.java DEBUG [Forwarding findElement on session 8d30f405c9928b65aa70d3d9f50cde25 to remote] conn.PoolingHttpClientConnectionManager 255 - Connection request: [route: {}->http://localhost:29556][total kept alive: 5; route allocated: 1 of 2000; total allocated: 5 of 2000]
01-03-2022 16:31:20 PoolingHttpClientConnectionManager.java DEBUG [Forwarding findElement on session 8d30f405c9928b65aa70d3d9f50cde25 to remote] conn.PoolingHttpClientConnectionManager 288 - Connection leased: [id: 4][route: {}->http://localhost:29556][total kept alive: 4; route allocated: 1 of 2000; total allocated: 5 of 2000]
01-03-2022 16:31:20 MainClientExec.java DEBUG [Forwarding findElement on session 8d30f405c9928b65aa70d3d9f50cde25 to remote] execchain.MainClientExec 208 - Stale connection check
01-03-2022 16:31:20 Wire.java DEBUG [Forwarding findElement on session 8d30f405c9928b65aa70d3d9f50cde25 to remote] http.wire 87 - http-outgoing-4 << "[read] I/O error: Read timed out"
01-03-2022 16:31:20 LoggingManagedHttpClientConnection.java DEBUG [Forwarding findElement on session 8d30f405c9928b65aa70d3d9f50cde25 to remote] conn.DefaultManagedHttpClientConnection 88 - http-outgoing-4: set socket timeout to 10800000
01-03-2022 16:31:20 MainClientExec.java DEBUG [Forwarding findElement on session 8d30f405c9928b65aa70d3d9f50cde25 to remote] execchain.MainClientExec 256 - Executing request POST /session/8d30f405c9928b65aa70d3d9f50cde25/element HTTP/1.1
01-03-2022 16:31:20 MainClientExec.java DEBUG [Forwarding findElement on session 8d30f405c9928b65aa70d3d9f50cde25 to remote] execchain.MainClientExec 261 - Target auth state: UNCHALLENGED
01-03-2022 16:31:20 MainClientExec.java DEBUG [Forwarding findElement on session 8d30f405c9928b65aa70d3d9f50cde25 to remote] execchain.MainClientExec 267 - Proxy auth state: UNCHALLENGED
01-03-2022 16:31:20 LoggingManagedHttpClientConnection.java DEBUG [Forwarding findElement on session 8d30f405c9928b65aa70d3d9f50cde25 to remote] http.headers 133 - http-outgoing-4 >> POST /session/8d30f405c9928b65aa70d3d9f50cde25/element HTTP/1.1
01-03-2022 16:31:20 LoggingManagedHttpClientConnection.java DEBUG [Forwarding findElement on session 8d30f405c9928b65aa70d3d9f50cde25 to remote] http.headers 136 - http-outgoing-4 >> Content-Type: application/json; charset=utf-8
01-03-2022 16:31:20 LoggingManagedHttpClientConnection.java DEBUG [Forwarding findElement on session 8d30f405c9928b65aa70d3d9f50cde25 to remote] http.headers 136 - http-outgoing-4 >> Content-Length: 50
01-03-2022 16:31:20 LoggingManagedHttpClientConnection.java DEBUG [Forwarding findElement on session 8d30f405c9928b65aa70d3d9f50cde25 to remote] http.headers 136 - http-outgoing-4 >> Host: localhost:29556
01-03-2022 16:31:20 LoggingManagedHttpClientConnection.java DEBUG [Forwarding findElement on session 8d30f405c9928b65aa70d3d9f50cde25 to remote] http.headers 136 - http-outgoing-4 >> Connection: Keep-Alive
01-03-2022 16:31:20 LoggingManagedHttpClientConnection.java DEBUG [Forwarding findElement on session 8d30f405c9928b65aa70d3d9f50cde25 to remote] http.headers 136 - http-outgoing-4 >> User-Agent: Apache-HttpClient/4.5.3 (Java/1.8.0_202)
01-03-2022 16:31:20 LoggingManagedHttpClientConnection.java DEBUG [Forwarding findElement on session 8d30f405c9928b65aa70d3d9f50cde25 to remote] http.headers 136 - http-outgoing-4 >> Accept-Encoding: gzip,deflate
01-03-2022 16:31:20 Wire.java DEBUG [Forwarding findElement on session 8d30f405c9928b65aa70d3d9f50cde25 to remote] http.wire 73 - http-outgoing-4 >> "POST /session/8d30f405c9928b65aa70d3d9f50cde25/element HTTP/1.1[\r][\n]"
01-03-2022 16:31:20 Wire.java DEBUG [Forwarding findElement on session 8d30f405c9928b65aa70d3d9f50cde25 to remote] http.wire 73 - http-outgoing-4 >> "Content-Type: application/json; charset=utf-8[\r][\n]"
01-03-2022 16:31:20 Wire.java DEBUG [Forwarding findElement on session 8d30f405c9928b65aa70d3d9f50cde25 to remote] http.wire 73 - http-outgoing-4 >> "Content-Length: 50[\r][\n]"
01-03-2022 16:31:20 Wire.java DEBUG [Forwarding findElement on session 8d30f405c9928b65aa70d3d9f50cde25 to remote] http.wire 73 - http-outgoing-4 >> "Host: localhost:29556[\r][\n]"
01-03-2022 16:31:20 Wire.java DEBUG [Forwarding findElement on session 8d30f405c9928b65aa70d3d9f50cde25 to remote] http.wire 73 - http-outgoing-4 >> "Connection: Keep-Alive[\r][\n]"
01-03-2022 16:31:20 Wire.java DEBUG [Forwarding findElement on session 8d30f405c9928b65aa70d3d9f50cde25 to remote] http.wire 73 - http-outgoing-4 >> "User-Agent: Apache-HttpClient/4.5.3 (Java/1.8.0_202)[\r][\n]"
01-03-2022 16:31:20 Wire.java DEBUG [Forwarding findElement on session 8d30f405c9928b65aa70d3d9f50cde25 to remote] http.wire 73 - http-outgoing-4 >> "Accept-Encoding: gzip,deflate[\r][\n]"
01-03-2022 16:31:20 Wire.java DEBUG [Forwarding findElement on session 8d30f405c9928b65aa70d3d9f50cde25 to remote] http.wire 73 - http-outgoing-4 >> "[\r][\n]"
01-03-2022 16:31:20 Wire.java DEBUG [Forwarding findElement on session 8d30f405c9928b65aa70d3d9f50cde25 to remote] http.wire 87 - http-outgoing-4 >> "{"value":"#your\\-subject","using":"css selector"}"
01-03-2022 16:31:20 Wire.java DEBUG [Forwarding findElement on session 8d30f405c9928b65aa70d3d9f50cde25 to remote] http.wire 73 - http-outgoing-4 << "HTTP/1.1 200 OK[\r][\n]"
01-03-2022 16:31:20 Wire.java DEBUG [Forwarding findElement on session 8d30f405c9928b65aa70d3d9f50cde25 to remote] http.wire 73 - http-outgoing-4 << "Content-Length:88[\r][\n]"
01-03-2022 16:31:20 Wire.java DEBUG [Forwarding findElement on session 8d30f405c9928b65aa70d3d9f50cde25 to remote] http.wire 73 - http-outgoing-4 << "Content-Type:application/json; charset=utf-8[\r][\n]"
01-03-2022 16:31:20 Wire.java DEBUG [Forwarding findElement on session 8d30f405c9928b65aa70d3d9f50cde25 to remote] http.wire 73 - http-outgoing-4 << "cache-control:no-cache[\r][\n]"
01-03-2022 16:31:20 Wire.java DEBUG [Forwarding findElement on session 8d30f405c9928b65aa70d3d9f50cde25 to remote] http.wire 73 - http-outgoing-4 << "[\r][\n]"
01-03-2022 16:31:20 Wire.java DEBUG [Forwarding findElement on session 8d30f405c9928b65aa70d3d9f50cde25 to remote] http.wire 87 - http-outgoing-4 << "{"value":{"element-6066-11e4-a52e-4f735466cecf":"6e21cbc8-8433-4fee-8026-86e6c00eddd2"}}"
01-03-2022 16:31:20 LoggingManagedHttpClientConnection.java DEBUG [Forwarding findElement on session 8d30f405c9928b65aa70d3d9f50cde25 to remote] http.headers 122 - http-outgoing-4 << HTTP/1.1 200 OK
01-03-2022 16:31:20 LoggingManagedHttpClientConnection.java DEBUG [Forwarding findElement on session 8d30f405c9928b65aa70d3d9f50cde25 to remote] http.headers 125 - http-outgoing-4 << Content-Length:88
01-03-2022 16:31:20 LoggingManagedHttpClientConnection.java DEBUG [Forwarding findElement on session 8d30f405c9928b65aa70d3d9f50cde25 to remote] http.headers 125 - http-outgoing-4 << Content-Type:application/json; charset=utf-8
01-03-2022 16:31:20 LoggingManagedHttpClientConnection.java DEBUG [Forwarding findElement on session 8d30f405c9928b65aa70d3d9f50cde25 to remote] http.headers 125 - http-outgoing-4 << cache-control:no-cache
01-03-2022 16:31:20 MainClientExec.java DEBUG [Forwarding findElement on session 8d30f405c9928b65aa70d3d9f50cde25 to remote] execchain.MainClientExec 285 - Connection can be kept alive indefinitely
01-03-2022 16:31:20 PoolingHttpClientConnectionManager.java DEBUG [Forwarding findElement on session 8d30f405c9928b65aa70d3d9f50cde25 to remote] conn.PoolingHttpClientConnectionManager 320 - Connection [id: 4][route: {}->http://localhost:29556] can be kept alive indefinitely
01-03-2022 16:31:20 PoolingHttpClientConnectionManager.java DEBUG [Forwarding findElement on session 8d30f405c9928b65aa70d3d9f50cde25 to remote] conn.PoolingHttpClientConnectionManager 326 - Connection released: [id: 4][route: {}->http://localhost:29556][total kept alive: 5; route allocated: 1 of 2000; total allocated: 5 of 2000]
Found Element By : By.id: your-subject
01-03-2022 16:31:20 RequestAddCookies.java DEBUG [Forwarding sendKeysToElement on session 8d30f405c9928b65aa70d3d9f50cde25 to remote] protocol.RequestAddCookies 123 - CookieSpec selected: default
01-03-2022 16:31:20 RequestAuthCache.java DEBUG [Forwarding sendKeysToElement on session 8d30f405c9928b65aa70d3d9f50cde25 to remote] protocol.RequestAuthCache 77 - Auth cache not set in the context
01-03-2022 16:31:20 PoolingHttpClientConnectionManager.java DEBUG [Forwarding sendKeysToElement on session 8d30f405c9928b65aa70d3d9f50cde25 to remote] conn.PoolingHttpClientConnectionManager 255 - Connection request: [route: {}->http://localhost:29556][total kept alive: 5; route allocated: 1 of 2000; total allocated: 5 of 2000]
01-03-2022 16:31:20 PoolingHttpClientConnectionManager.java DEBUG [Forwarding sendKeysToElement on session 8d30f405c9928b65aa70d3d9f50cde25 to remote] conn.PoolingHttpClientConnectionManager 288 - Connection leased: [id: 4][route: {}->http://localhost:29556][total kept alive: 4; route allocated: 1 of 2000; total allocated: 5 of 2000]
01-03-2022 16:31:20 MainClientExec.java DEBUG [Forwarding sendKeysToElement on session 8d30f405c9928b65aa70d3d9f50cde25 to remote] execchain.MainClientExec 208 - Stale connection check
01-03-2022 16:31:20 Wire.java DEBUG [Forwarding sendKeysToElement on session 8d30f405c9928b65aa70d3d9f50cde25 to remote] http.wire 87 - http-outgoing-4 << "[read] I/O error: Read timed out"
01-03-2022 16:31:20 LoggingManagedHttpClientConnection.java DEBUG [Forwarding sendKeysToElement on session 8d30f405c9928b65aa70d3d9f50cde25 to remote] conn.DefaultManagedHttpClientConnection 88 - http-outgoing-4: set socket timeout to 10800000
01-03-2022 16:31:20 MainClientExec.java DEBUG [Forwarding sendKeysToElement on session 8d30f405c9928b65aa70d3d9f50cde25 to remote] execchain.MainClientExec 256 - Executing request POST /session/8d30f405c9928b65aa70d3d9f50cde25/element/6e21cbc8-8433-4fee-8026-86e6c00eddd2/value HTTP/1.1
01-03-2022 16:31:20 MainClientExec.java DEBUG [Forwarding sendKeysToElement on session 8d30f405c9928b65aa70d3d9f50cde25 to remote] execchain.MainClientExec 261 - Target auth state: UNCHALLENGED
01-03-2022 16:31:20 MainClientExec.java DEBUG [Forwarding sendKeysToElement on session 8d30f405c9928b65aa70d3d9f50cde25 to remote] execchain.MainClientExec 267 - Proxy auth state: UNCHALLENGED
01-03-2022 16:31:20 LoggingManagedHttpClientConnection.java DEBUG [Forwarding sendKeysToElement on session 8d30f405c9928b65aa70d3d9f50cde25 to remote] http.headers 133 - http-outgoing-4 >> POST /session/8d30f405c9928b65aa70d3d9f50cde25/element/6e21cbc8-8433-4fee-8026-86e6c00eddd2/value HTTP/1.1
01-03-2022 16:31:20 LoggingManagedHttpClientConnection.java DEBUG [Forwarding sendKeysToElement on session 8d30f405c9928b65aa70d3d9f50cde25 to remote] http.headers 136 - http-outgoing-4 >> Content-Type: application/json; charset=utf-8
01-03-2022 16:31:20 LoggingManagedHttpClientConnection.java DEBUG [Forwarding sendKeysToElement on session 8d30f405c9928b65aa70d3d9f50cde25 to remote] http.headers 136 - http-outgoing-4 >> Content-Length: 80
01-03-2022 16:31:20 LoggingManagedHttpClientConnection.java DEBUG [Forwarding sendKeysToElement on session 8d30f405c9928b65aa70d3d9f50cde25 to remote] http.headers 136 - http-outgoing-4 >> Host: localhost:29556
01-03-2022 16:31:20 LoggingManagedHttpClientConnection.java DEBUG [Forwarding sendKeysToElement on session 8d30f405c9928b65aa70d3d9f50cde25 to remote] http.headers 136 - http-outgoing-4 >> Connection: Keep-Alive
01-03-2022 16:31:20 LoggingManagedHttpClientConnection.java DEBUG [Forwarding sendKeysToElement on session 8d30f405c9928b65aa70d3d9f50cde25 to remote] http.headers 136 - http-outgoing-4 >> User-Agent: Apache-HttpClient/4.5.3 (Java/1.8.0_202)
01-03-2022 16:31:20 LoggingManagedHttpClientConnection.java DEBUG [Forwarding sendKeysToElement on session 8d30f405c9928b65aa70d3d9f50cde25 to remote] http.headers 136 - http-outgoing-4 >> Accept-Encoding: gzip,deflate
01-03-2022 16:31:20 Wire.java DEBUG [Forwarding sendKeysToElement on session 8d30f405c9928b65aa70d3d9f50cde25 to remote] http.wire 73 - http-outgoing-4 >> "POST /session/8d30f405c9928b65aa70d3d9f50cde25/element/6e21cbc8-8433-4fee-8026-86e6c00eddd2/value HTTP/1.1[\r][\n]"
01-03-2022 16:31:20 Wire.java DEBUG [Forwarding sendKeysToElement on session 8d30f405c9928b65aa70d3d9f50cde25 to remote] http.wire 73 - http-outgoing-4 >> "Content-Type: application/json; charset=utf-8[\r][\n]"
01-03-2022 16:31:20 Wire.java DEBUG [Forwarding sendKeysToElement on session 8d30f405c9928b65aa70d3d9f50cde25 to remote] http.wire 73 - http-outgoing-4 >> "Content-Length: 80[\r][\n]"
01-03-2022 16:31:20 Wire.java DEBUG [Forwarding sendKeysToElement on session 8d30f405c9928b65aa70d3d9f50cde25 to remote] http.wire 73 - http-outgoing-4 >> "Host: localhost:29556[\r][\n]"
01-03-2022 16:31:20 Wire.java DEBUG [Forwarding sendKeysToElement on session 8d30f405c9928b65aa70d3d9f50cde25 to remote] http.wire 73 - http-outgoing-4 >> "Connection: Keep-Alive[\r][\n]"
01-03-2022 16:31:20 Wire.java DEBUG [Forwarding sendKeysToElement on session 8d30f405c9928b65aa70d3d9f50cde25 to remote] http.wire 73 - http-outgoing-4 >> "User-Agent: Apache-HttpClient/4.5.3 (Java/1.8.0_202)[\r][\n]"
01-03-2022 16:31:20 Wire.java DEBUG [Forwarding sendKeysToElement on session 8d30f405c9928b65aa70d3d9f50cde25 to remote] http.wire 73 - http-outgoing-4 >> "Accept-Encoding: gzip,deflate[\r][\n]"
01-03-2022 16:31:20 Wire.java DEBUG [Forwarding sendKeysToElement on session 8d30f405c9928b65aa70d3d9f50cde25 to remote] http.wire 73 - http-outgoing-4 >> "[\r][\n]"
01-03-2022 16:31:20 Wire.java DEBUG [Forwarding sendKeysToElement on session 8d30f405c9928b65aa70d3d9f50cde25 to remote] http.wire 87 - http-outgoing-4 >> "{"id":"6e21cbc8-8433-4fee-8026-86e6c00eddd2","text":"Bio","value":["B","i","o"]}"
01-03-2022 16:31:20 Wire.java DEBUG [Forwarding sendKeysToElement on session 8d30f405c9928b65aa70d3d9f50cde25 to remote] http.wire 73 - http-outgoing-4 << "HTTP/1.1 200 OK[\r][\n]"
01-03-2022 16:31:20 Wire.java DEBUG [Forwarding sendKeysToElement on session 8d30f405c9928b65aa70d3d9f50cde25 to remote] http.wire 73 - http-outgoing-4 << "Content-Length:14[\r][\n]"
01-03-2022 16:31:20 Wire.java DEBUG [Forwarding sendKeysToElement on session 8d30f405c9928b65aa70d3d9f50cde25 to remote] http.wire 73 - http-outgoing-4 << "Content-Type:application/json; charset=utf-8[\r][\n]"
01-03-2022 16:31:20 Wire.java DEBUG [Forwarding sendKeysToElement on session 8d30f405c9928b65aa70d3d9f50cde25 to remote] http.wire 73 - http-outgoing-4 << "cache-control:no-cache[\r][\n]"
01-03-2022 16:31:20 Wire.java DEBUG [Forwarding sendKeysToElement on session 8d30f405c9928b65aa70d3d9f50cde25 to remote] http.wire 73 - http-outgoing-4 << "[\r][\n]"
01-03-2022 16:31:20 Wire.java DEBUG [Forwarding sendKeysToElement on session 8d30f405c9928b65aa70d3d9f50cde25 to remote] http.wire 87 - http-outgoing-4 << "{"value":null}"
01-03-2022 16:31:20 LoggingManagedHttpClientConnection.java DEBUG [Forwarding sendKeysToElement on session 8d30f405c9928b65aa70d3d9f50cde25 to remote] http.headers 122 - http-outgoing-4 << HTTP/1.1 200 OK
01-03-2022 16:31:20 LoggingManagedHttpClientConnection.java DEBUG [Forwarding sendKeysToElement on session 8d30f405c9928b65aa70d3d9f50cde25 to remote] http.headers 125 - http-outgoing-4 << Content-Length:14
01-03-2022 16:31:20 LoggingManagedHttpClientConnection.java DEBUG [Forwarding sendKeysToElement on session 8d30f405c9928b65aa70d3d9f50cde25 to remote] http.headers 125 - http-outgoing-4 << Content-Type:application/json; charset=utf-8
01-03-2022 16:31:20 LoggingManagedHttpClientConnection.java DEBUG [Forwarding sendKeysToElement on session 8d30f405c9928b65aa70d3d9f50cde25 to remote] http.headers 125 - http-outgoing-4 << cache-control:no-cache
01-03-2022 16:31:20 MainClientExec.java DEBUG [Forwarding sendKeysToElement on session 8d30f405c9928b65aa70d3d9f50cde25 to remote] execchain.MainClientExec 285 - Connection can be kept alive indefinitely
01-03-2022 16:31:20 PoolingHttpClientConnectionManager.java DEBUG [Forwarding sendKeysToElement on session 8d30f405c9928b65aa70d3d9f50cde25 to remote] conn.PoolingHttpClientConnectionManager 320 - Connection [id: 4][route: {}->http://localhost:29556] can be kept alive indefinitely
01-03-2022 16:31:20 PoolingHttpClientConnectionManager.java DEBUG [Forwarding sendKeysToElement on session 8d30f405c9928b65aa70d3d9f50cde25 to remote] conn.PoolingHttpClientConnectionManager 326 - Connection released: [id: 4][route: {}->http://localhost:29556][total kept alive: 5; route allocated: 1 of 2000; total allocated: 5 of 2000]
Trying to find Element By : By.id: your-message
01-03-2022 16:31:20 RequestAddCookies.java DEBUG [Forwarding findElement on session 8d30f405c9928b65aa70d3d9f50cde25 to remote] protocol.RequestAddCookies 123 - CookieSpec selected: default
01-03-2022 16:31:20 RequestAuthCache.java DEBUG [Forwarding findElement on session 8d30f405c9928b65aa70d3d9f50cde25 to remote] protocol.RequestAuthCache 77 - Auth cache not set in the context
01-03-2022 16:31:20 PoolingHttpClientConnectionManager.java DEBUG [Forwarding findElement on session 8d30f405c9928b65aa70d3d9f50cde25 to remote] conn.PoolingHttpClientConnectionManager 255 - Connection request: [route: {}->http://localhost:29556][total kept alive: 5; route allocated: 1 of 2000; total allocated: 5 of 2000]
01-03-2022 16:31:20 PoolingHttpClientConnectionManager.java DEBUG [Forwarding findElement on session 8d30f405c9928b65aa70d3d9f50cde25 to remote] conn.PoolingHttpClientConnectionManager 288 - Connection leased: [id: 4][route: {}->http://localhost:29556][total kept alive: 4; route allocated: 1 of 2000; total allocated: 5 of 2000]
01-03-2022 16:31:20 MainClientExec.java DEBUG [Forwarding findElement on session 8d30f405c9928b65aa70d3d9f50cde25 to remote] execchain.MainClientExec 208 - Stale connection check
01-03-2022 16:31:20 Wire.java DEBUG [Forwarding findElement on session 8d30f405c9928b65aa70d3d9f50cde25 to remote] http.wire 87 - http-outgoing-4 << "[read] I/O error: Read timed out"
01-03-2022 16:31:20 LoggingManagedHttpClientConnection.java DEBUG [Forwarding findElement on session 8d30f405c9928b65aa70d3d9f50cde25 to remote] conn.DefaultManagedHttpClientConnection 88 - http-outgoing-4: set socket timeout to 10800000
01-03-2022 16:31:20 MainClientExec.java DEBUG [Forwarding findElement on session 8d30f405c9928b65aa70d3d9f50cde25 to remote] execchain.MainClientExec 256 - Executing request POST /session/8d30f405c9928b65aa70d3d9f50cde25/element HTTP/1.1
01-03-2022 16:31:20 MainClientExec.java DEBUG [Forwarding findElement on session 8d30f405c9928b65aa70d3d9f50cde25 to remote] execchain.MainClientExec 261 - Target auth state: UNCHALLENGED
01-03-2022 16:31:20 MainClientExec.java DEBUG [Forwarding findElement on session 8d30f405c9928b65aa70d3d9f50cde25 to remote] execchain.MainClientExec 267 - Proxy auth state: UNCHALLENGED
01-03-2022 16:31:20 LoggingManagedHttpClientConnection.java DEBUG [Forwarding findElement on session 8d30f405c9928b65aa70d3d9f50cde25 to remote] http.headers 133 - http-outgoing-4 >> POST /session/8d30f405c9928b65aa70d3d9f50cde25/element HTTP/1.1
01-03-2022 16:31:20 LoggingManagedHttpClientConnection.java DEBUG [Forwarding findElement on session 8d30f405c9928b65aa70d3d9f50cde25 to remote] http.headers 136 - http-outgoing-4 >> Content-Type: application/json; charset=utf-8
01-03-2022 16:31:20 LoggingManagedHttpClientConnection.java DEBUG [Forwarding findElement on session 8d30f405c9928b65aa70d3d9f50cde25 to remote] http.headers 136 - http-outgoing-4 >> Content-Length: 50
01-03-2022 16:31:20 LoggingManagedHttpClientConnection.java DEBUG [Forwarding findElement on session 8d30f405c9928b65aa70d3d9f50cde25 to remote] http.headers 136 - http-outgoing-4 >> Host: localhost:29556
01-03-2022 16:31:20 LoggingManagedHttpClientConnection.java DEBUG [Forwarding findElement on session 8d30f405c9928b65aa70d3d9f50cde25 to remote] http.headers 136 - http-outgoing-4 >> Connection: Keep-Alive
01-03-2022 16:31:20 LoggingManagedHttpClientConnection.java DEBUG [Forwarding findElement on session 8d30f405c9928b65aa70d3d9f50cde25 to remote] http.headers 136 - http-outgoing-4 >> User-Agent: Apache-HttpClient/4.5.3 (Java/1.8.0_202)
01-03-2022 16:31:20 LoggingManagedHttpClientConnection.java DEBUG [Forwarding findElement on session 8d30f405c9928b65aa70d3d9f50cde25 to remote] http.headers 136 - http-outgoing-4 >> Accept-Encoding: gzip,deflate
01-03-2022 16:31:20 Wire.java DEBUG [Forwarding findElement on session 8d30f405c9928b65aa70d3d9f50cde25 to remote] http.wire 73 - http-outgoing-4 >> "POST /session/8d30f405c9928b65aa70d3d9f50cde25/element HTTP/1.1[\r][\n]"
01-03-2022 16:31:20 Wire.java DEBUG [Forwarding findElement on session 8d30f405c9928b65aa70d3d9f50cde25 to remote] http.wire 73 - http-outgoing-4 >> "Content-Type: application/json; charset=utf-8[\r][\n]"
01-03-2022 16:31:20 Wire.java DEBUG [Forwarding findElement on session 8d30f405c9928b65aa70d3d9f50cde25 to remote] http.wire 73 - http-outgoing-4 >> "Content-Length: 50[\r][\n]"
01-03-2022 16:31:20 Wire.java DEBUG [Forwarding findElement on session 8d30f405c9928b65aa70d3d9f50cde25 to remote] http.wire 73 - http-outgoing-4 >> "Host: localhost:29556[\r][\n]"
01-03-2022 16:31:20 Wire.java DEBUG [Forwarding findElement on session 8d30f405c9928b65aa70d3d9f50cde25 to remote] http.wire 73 - http-outgoing-4 >> "Connection: Keep-Alive[\r][\n]"
01-03-2022 16:31:20 Wire.java DEBUG [Forwarding findElement on session 8d30f405c9928b65aa70d3d9f50cde25 to remote] http.wire 73 - http-outgoing-4 >> "User-Agent: Apache-HttpClient/4.5.3 (Java/1.8.0_202)[\r][\n]"
01-03-2022 16:31:20 Wire.java DEBUG [Forwarding findElement on session 8d30f405c9928b65aa70d3d9f50cde25 to remote] http.wire 73 - http-outgoing-4 >> "Accept-Encoding: gzip,deflate[\r][\n]"
01-03-2022 16:31:20 Wire.java DEBUG [Forwarding findElement on session 8d30f405c9928b65aa70d3d9f50cde25 to remote] http.wire 73 - http-outgoing-4 >> "[\r][\n]"
01-03-2022 16:31:20 Wire.java DEBUG [Forwarding findElement on session 8d30f405c9928b65aa70d3d9f50cde25 to remote] http.wire 87 - http-outgoing-4 >> "{"value":"#your\\-message","using":"css selector"}"
01-03-2022 16:31:20 Wire.java DEBUG [Forwarding findElement on session 8d30f405c9928b65aa70d3d9f50cde25 to remote] http.wire 73 - http-outgoing-4 << "HTTP/1.1 200 OK[\r][\n]"
01-03-2022 16:31:20 Wire.java DEBUG [Forwarding findElement on session 8d30f405c9928b65aa70d3d9f50cde25 to remote] http.wire 73 - http-outgoing-4 << "Content-Length:88[\r][\n]"
01-03-2022 16:31:20 Wire.java DEBUG [Forwarding findElement on session 8d30f405c9928b65aa70d3d9f50cde25 to remote] http.wire 73 - http-outgoing-4 << "Content-Type:application/json; charset=utf-8[\r][\n]"
01-03-2022 16:31:20 Wire.java DEBUG [Forwarding findElement on session 8d30f405c9928b65aa70d3d9f50cde25 to remote] http.wire 73 - http-outgoing-4 << "cache-control:no-cache[\r][\n]"
01-03-2022 16:31:20 Wire.java DEBUG [Forwarding findElement on session 8d30f405c9928b65aa70d3d9f50cde25 to remote] http.wire 73 - http-outgoing-4 << "[\r][\n]"
01-03-2022 16:31:20 Wire.java DEBUG [Forwarding findElement on session 8d30f405c9928b65aa70d3d9f50cde25 to remote] http.wire 87 - http-outgoing-4 << "{"value":{"element-6066-11e4-a52e-4f735466cecf":"d92cdc6e-0318-4a74-a004-34ec17cb919d"}}"
01-03-2022 16:31:20 LoggingManagedHttpClientConnection.java DEBUG [Forwarding findElement on session 8d30f405c9928b65aa70d3d9f50cde25 to remote] http.headers 122 - http-outgoing-4 << HTTP/1.1 200 OK
01-03-2022 16:31:20 LoggingManagedHttpClientConnection.java DEBUG [Forwarding findElement on session 8d30f405c9928b65aa70d3d9f50cde25 to remote] http.headers 125 - http-outgoing-4 << Content-Length:88
01-03-2022 16:31:20 LoggingManagedHttpClientConnection.java DEBUG [Forwarding findElement on session 8d30f405c9928b65aa70d3d9f50cde25 to remote] http.headers 125 - http-outgoing-4 << Content-Type:application/json; charset=utf-8
01-03-2022 16:31:20 LoggingManagedHttpClientConnection.java DEBUG [Forwarding findElement on session 8d30f405c9928b65aa70d3d9f50cde25 to remote] http.headers 125 - http-outgoing-4 << cache-control:no-cache
01-03-2022 16:31:20 MainClientExec.java DEBUG [Forwarding findElement on session 8d30f405c9928b65aa70d3d9f50cde25 to remote] execchain.MainClientExec 285 - Connection can be kept alive indefinitely
01-03-2022 16:31:20 PoolingHttpClientConnectionManager.java DEBUG [Forwarding findElement on session 8d30f405c9928b65aa70d3d9f50cde25 to remote] conn.PoolingHttpClientConnectionManager 320 - Connection [id: 4][route: {}->http://localhost:29556] can be kept alive indefinitely
01-03-2022 16:31:20 PoolingHttpClientConnectionManager.java DEBUG [Forwarding findElement on session 8d30f405c9928b65aa70d3d9f50cde25 to remote] conn.PoolingHttpClientConnectionManager 326 - Connection released: [id: 4][route: {}->http://localhost:29556][total kept alive: 5; route allocated: 1 of 2000; total allocated: 5 of 2000]
Found Element By : By.id: your-message
01-03-2022 16:31:20 RequestAddCookies.java DEBUG [Forwarding sendKeysToElement on session 8d30f405c9928b65aa70d3d9f50cde25 to remote] protocol.RequestAddCookies 123 - CookieSpec selected: default
01-03-2022 16:31:20 RequestAuthCache.java DEBUG [Forwarding sendKeysToElement on session 8d30f405c9928b65aa70d3d9f50cde25 to remote] protocol.RequestAuthCache 77 - Auth cache not set in the context
01-03-2022 16:31:20 PoolingHttpClientConnectionManager.java DEBUG [Forwarding sendKeysToElement on session 8d30f405c9928b65aa70d3d9f50cde25 to remote] conn.PoolingHttpClientConnectionManager 255 - Connection request: [route: {}->http://localhost:29556][total kept alive: 5; route allocated: 1 of 2000; total allocated: 5 of 2000]
01-03-2022 16:31:20 PoolingHttpClientConnectionManager.java DEBUG [Forwarding sendKeysToElement on session 8d30f405c9928b65aa70d3d9f50cde25 to remote] conn.PoolingHttpClientConnectionManager 288 - Connection leased: [id: 4][route: {}->http://localhost:29556][total kept alive: 4; route allocated: 1 of 2000; total allocated: 5 of 2000]
01-03-2022 16:31:20 MainClientExec.java DEBUG [Forwarding sendKeysToElement on session 8d30f405c9928b65aa70d3d9f50cde25 to remote] execchain.MainClientExec 208 - Stale connection check
01-03-2022 16:31:20 Wire.java DEBUG [Forwarding sendKeysToElement on session 8d30f405c9928b65aa70d3d9f50cde25 to remote] http.wire 87 - http-outgoing-4 << "[read] I/O error: Read timed out"
01-03-2022 16:31:20 LoggingManagedHttpClientConnection.java DEBUG [Forwarding sendKeysToElement on session 8d30f405c9928b65aa70d3d9f50cde25 to remote] conn.DefaultManagedHttpClientConnection 88 - http-outgoing-4: set socket timeout to 10800000
01-03-2022 16:31:20 MainClientExec.java DEBUG [Forwarding sendKeysToElement on session 8d30f405c9928b65aa70d3d9f50cde25 to remote] execchain.MainClientExec 256 - Executing request POST /session/8d30f405c9928b65aa70d3d9f50cde25/element/d92cdc6e-0318-4a74-a004-34ec17cb919d/value HTTP/1.1
01-03-2022 16:31:20 MainClientExec.java DEBUG [Forwarding sendKeysToElement on session 8d30f405c9928b65aa70d3d9f50cde25 to remote] execchain.MainClientExec 261 - Target auth state: UNCHALLENGED
01-03-2022 16:31:20 MainClientExec.java DEBUG [Forwarding sendKeysToElement on session 8d30f405c9928b65aa70d3d9f50cde25 to remote] execchain.MainClientExec 267 - Proxy auth state: UNCHALLENGED
01-03-2022 16:31:20 LoggingManagedHttpClientConnection.java DEBUG [Forwarding sendKeysToElement on session 8d30f405c9928b65aa70d3d9f50cde25 to remote] http.headers 133 - http-outgoing-4 >> POST /session/8d30f405c9928b65aa70d3d9f50cde25/element/d92cdc6e-0318-4a74-a004-34ec17cb919d/value HTTP/1.1
01-03-2022 16:31:20 LoggingManagedHttpClientConnection.java DEBUG [Forwarding sendKeysToElement on session 8d30f405c9928b65aa70d3d9f50cde25 to remote] http.headers 136 - http-outgoing-4 >> Content-Type: application/json; charset=utf-8
01-03-2022 16:31:20 LoggingManagedHttpClientConnection.java DEBUG [Forwarding sendKeysToElement on session 8d30f405c9928b65aa70d3d9f50cde25 to remote] http.headers 136 - http-outgoing-4 >> Content-Length: 105
01-03-2022 16:31:20 LoggingManagedHttpClientConnection.java DEBUG [Forwarding sendKeysToElement on session 8d30f405c9928b65aa70d3d9f50cde25 to remote] http.headers 136 - http-outgoing-4 >> Host: localhost:29556
01-03-2022 16:31:20 LoggingManagedHttpClientConnection.java DEBUG [Forwarding sendKeysToElement on session 8d30f405c9928b65aa70d3d9f50cde25 to remote] http.headers 136 - http-outgoing-4 >> Connection: Keep-Alive
01-03-2022 16:31:20 LoggingManagedHttpClientConnection.java DEBUG [Forwarding sendKeysToElement on session 8d30f405c9928b65aa70d3d9f50cde25 to remote] http.headers 136 - http-outgoing-4 >> User-Agent: Apache-HttpClient/4.5.3 (Java/1.8.0_202)
01-03-2022 16:31:20 LoggingManagedHttpClientConnection.java DEBUG [Forwarding sendKeysToElement on session 8d30f405c9928b65aa70d3d9f50cde25 to remote] http.headers 136 - http-outgoing-4 >> Accept-Encoding: gzip,deflate
01-03-2022 16:31:20 Wire.java DEBUG [Forwarding sendKeysToElement on session 8d30f405c9928b65aa70d3d9f50cde25 to remote] http.wire 73 - http-outgoing-4 >> "POST /session/8d30f405c9928b65aa70d3d9f50cde25/element/d92cdc6e-0318-4a74-a004-34ec17cb919d/value HTTP/1.1[\r][\n]"
01-03-2022 16:31:20 Wire.java DEBUG [Forwarding sendKeysToElement on session 8d30f405c9928b65aa70d3d9f50cde25 to remote] http.wire 73 - http-outgoing-4 >> "Content-Type: application/json; charset=utf-8[\r][\n]"
01-03-2022 16:31:20 Wire.java DEBUG [Forwarding sendKeysToElement on session 8d30f405c9928b65aa70d3d9f50cde25 to remote] http.wire 73 - http-outgoing-4 >> "Content-Length: 105[\r][\n]"
01-03-2022 16:31:20 Wire.java DEBUG [Forwarding sendKeysToElement on session 8d30f405c9928b65aa70d3d9f50cde25 to remote] http.wire 73 - http-outgoing-4 >> "Host: localhost:29556[\r][\n]"
01-03-2022 16:31:20 Wire.java DEBUG [Forwarding sendKeysToElement on session 8d30f405c9928b65aa70d3d9f50cde25 to remote] http.wire 73 - http-outgoing-4 >> "Connection: Keep-Alive[\r][\n]"
01-03-2022 16:31:20 Wire.java DEBUG [Forwarding sendKeysToElement on session 8d30f405c9928b65aa70d3d9f50cde25 to remote] http.wire 73 - http-outgoing-4 >> "User-Agent: Apache-HttpClient/4.5.3 (Java/1.8.0_202)[\r][\n]"
01-03-2022 16:31:20 Wire.java DEBUG [Forwarding sendKeysToElement on session 8d30f405c9928b65aa70d3d9f50cde25 to remote] http.wire 73 - http-outgoing-4 >> "Accept-Encoding: gzip,deflate[\r][\n]"
01-03-2022 16:31:20 Wire.java DEBUG [Forwarding sendKeysToElement on session 8d30f405c9928b65aa70d3d9f50cde25 to remote] http.wire 73 - http-outgoing-4 >> "[\r][\n]"
01-03-2022 16:31:20 Wire.java DEBUG [Forwarding sendKeysToElement on session 8d30f405c9928b65aa70d3d9f50cde25 to remote] http.wire 87 - http-outgoing-4 >> "{"id":"d92cdc6e-0318-4a74-a004-34ec17cb919d","text":"wellcome","value":["w","e","l","l","c","o","m","e"]}"
01-03-2022 16:31:20 Wire.java DEBUG [Forwarding sendKeysToElement on session 8d30f405c9928b65aa70d3d9f50cde25 to remote] http.wire 73 - http-outgoing-4 << "HTTP/1.1 200 OK[\r][\n]"
01-03-2022 16:31:20 Wire.java DEBUG [Forwarding sendKeysToElement on session 8d30f405c9928b65aa70d3d9f50cde25 to remote] http.wire 73 - http-outgoing-4 << "Content-Length:14[\r][\n]"
01-03-2022 16:31:20 Wire.java DEBUG [Forwarding sendKeysToElement on session 8d30f405c9928b65aa70d3d9f50cde25 to remote] http.wire 73 - http-outgoing-4 << "Content-Type:application/json; charset=utf-8[\r][\n]"
01-03-2022 16:31:20 Wire.java DEBUG [Forwarding sendKeysToElement on session 8d30f405c9928b65aa70d3d9f50cde25 to remote] http.wire 73 - http-outgoing-4 << "cache-control:no-cache[\r][\n]"
01-03-2022 16:31:20 Wire.java DEBUG [Forwarding sendKeysToElement on session 8d30f405c9928b65aa70d3d9f50cde25 to remote] http.wire 73 - http-outgoing-4 << "[\r][\n]"
01-03-2022 16:31:20 Wire.java DEBUG [Forwarding sendKeysToElement on session 8d30f405c9928b65aa70d3d9f50cde25 to remote] http.wire 87 - http-outgoing-4 << "{"value":null}"
01-03-2022 16:31:20 LoggingManagedHttpClientConnection.java DEBUG [Forwarding sendKeysToElement on session 8d30f405c9928b65aa70d3d9f50cde25 to remote] http.headers 122 - http-outgoing-4 << HTTP/1.1 200 OK
01-03-2022 16:31:20 LoggingManagedHttpClientConnection.java DEBUG [Forwarding sendKeysToElement on session 8d30f405c9928b65aa70d3d9f50cde25 to remote] http.headers 125 - http-outgoing-4 << Content-Length:14
01-03-2022 16:31:20 LoggingManagedHttpClientConnection.java DEBUG [Forwarding sendKeysToElement on session 8d30f405c9928b65aa70d3d9f50cde25 to remote] http.headers 125 - http-outgoing-4 << Content-Type:application/json; charset=utf-8
01-03-2022 16:31:20 LoggingManagedHttpClientConnection.java DEBUG [Forwarding sendKeysToElement on session 8d30f405c9928b65aa70d3d9f50cde25 to remote] http.headers 125 - http-outgoing-4 << cache-control:no-cache
01-03-2022 16:31:20 MainClientExec.java DEBUG [Forwarding sendKeysToElement on session 8d30f405c9928b65aa70d3d9f50cde25 to remote] execchain.MainClientExec 285 - Connection can be kept alive indefinitely
01-03-2022 16:31:20 PoolingHttpClientConnectionManager.java DEBUG [Forwarding sendKeysToElement on session 8d30f405c9928b65aa70d3d9f50cde25 to remote] conn.PoolingHttpClientConnectionManager 320 - Connection [id: 4][route: {}->http://localhost:29556] can be kept alive indefinitely
01-03-2022 16:31:20 PoolingHttpClientConnectionManager.java DEBUG [Forwarding sendKeysToElement on session 8d30f405c9928b65aa70d3d9f50cde25 to remote] conn.PoolingHttpClientConnectionManager 326 - Connection released: [id: 4][route: {}->http://localhost:29556][total kept alive: 5; route allocated: 1 of 2000; total allocated: 5 of 2000]
]]></system-out>
    <system-err><![CDATA[Starting ChromeDriver 96.0.4664.45 (76e4c1bb2ab4671b8beba3444e61c0f17584b2fc-refs/branch-heads/4664@{#947}) on port 29556
Only local connections are allowed.
Please see https://chromedriver.chromium.org/security-considerations for suggestions on keeping ChromeDriver safe.
ChromeDriver was started successfully.
Jan 03, 2022 4:30:49 PM org.openqa.selenium.remote.ProtocolHandshake createSession
INFO: Detected dialect: W3C
]]></system-err>
  </testcase>
</testsuite>