<?xml version="1.0" encoding="UTF-8"?>
<!-- Generated by org.testng.reporters.JUnitReportReporter -->
<testsuite hostname="DESKTOP-G59H6AO" name="com.kolhapur.testcases.HomePageTest" tests="5" failures="0" timestamp="11 Dec 2021 04:51:02 GMT" time="142.271" errors="0">
  <testcase name="verify_howtosearch_link_test" time="15.104" classname="com.kolhapur.testcases.HomePageTest"/>
  <testcase name="verify_digital_india_logo_test" time="7.864" classname="com.kolhapur.testcases.HomePageTest"/>
  <testcase name="verify_publicutilities_link_test" time="8.631" classname="com.kolhapur.testcases.HomePageTest"/>
  <testcase name="verify_feedback_link_test" time="55.023" classname="com.kolhapur.testcases.HomePageTest"/>
  <testcase name="verify_directory_link_test" time="55.649" classname="com.kolhapur.testcases.HomePageTest"/>
</testsuite> <!-- com.kolhapur.testcases.HomePageTest -->
