<?xml version="1.0" encoding="UTF-8"?>
<!-- Generated by org.testng.reporters.JUnitReportReporter -->
<testsuite hostname="DESKTOP-G59H6AO" name="com.kolhapur.testcases.HomePageTest" tests="4" failures="0" timestamp="10 Dec 2021 18:04:26 GMT" time="42.817" errors="0">
  <testcase name="verify_directory_link_test" time="12.105" classname="com.kolhapur.testcases.HomePageTest"/>
  <testcase name="verify_feedback_link_test" time="9.479" classname="com.kolhapur.testcases.HomePageTest"/>
  <testcase name="verify_publicutilities_link_test" time="10.916" classname="com.kolhapur.testcases.HomePageTest"/>
  <testcase name="verify_howtosearch_link_test" time="10.317" classname="com.kolhapur.testcases.HomePageTest"/>
</testsuite> <!-- com.kolhapur.testcases.HomePageTest -->
