<?xml version="1.0" encoding="UTF-8"?>
<!-- Generated by org.testng.reporters.JUnitReportReporter -->
<testsuite hostname="DESKTOP-G59H6AO" name="com.kolhapur.testcases.FeedBackPageTest" tests="3" failures="0" timestamp="10 Dec 2021 19:10:49 GMT" time="47.478" errors="0">
  <testcase name="passdata_test" time="18.164" classname="com.kolhapur.testcases.FeedBackPageTest"/>
  <testcase name="passdata_test" time="16.208" classname="com.kolhapur.testcases.FeedBackPageTest"/>
  <testcase name="passdata_test" time="13.106" classname="com.kolhapur.testcases.FeedBackPageTest"/>
</testsuite> <!-- com.kolhapur.testcases.FeedBackPageTest -->
