<?xml version="1.0" encoding="UTF-8"?>
<!-- Generated by org.testng.reporters.JUnitReportReporter -->
<testsuite hostname="DESKTOP-G59H6AO" name="com.kolhapur.testcases.HomePageTest" tests="3" failures="0" timestamp="10 Dec 2021 16:44:47 GMT" time="66.436" errors="0">
  <testcase name="verify_directory_link_test" time="23.428" classname="com.kolhapur.testcases.HomePageTest"/>
  <testcase name="verify_howtosearch_link_test" time="20.569" classname="com.kolhapur.testcases.HomePageTest"/>
  <testcase name="verify_publicutilities_link_test" time="22.439" classname="com.kolhapur.testcases.HomePageTest"/>
</testsuite> <!-- com.kolhapur.testcases.HomePageTest -->
