<?xml version="1.0" encoding="UTF-8"?>
<!-- Generated by org.testng.reporters.JUnitReportReporter -->
<testsuite hostname="DESKTOP-G59H6AO" name="com.kolhapur.testcases.HomePageTest" tests="2" failures="0" timestamp="15 Dec 2021 07:09:30 GMT" time="22.804" errors="0">
  <testcase name="verify_public_utilities_link_test" time="13.295" classname="com.kolhapur.testcases.HomePageTest"/>
  <testcase name="verify_directory_link_test" time="9.509" classname="com.kolhapur.testcases.HomePageTest"/>
</testsuite> <!-- com.kolhapur.testcases.HomePageTest -->
