<?xml version="1.0" encoding="UTF-8"?>
<!-- Generated by org.testng.reporters.JUnitReportReporter -->
<testsuite hostname="DESKTOP-G59H6AO" name="com.kolhapur.testcases.PlaceToInterestPageTest" tests="1" failures="0" timestamp="31 Dec 2021 15:22:47 GMT" time="11.186" errors="0">
  <testcase name="capturetext_test" time="11.186" classname="com.kolhapur.testcases.PlaceToInterestPageTest"/>
</testsuite> <!-- com.kolhapur.testcases.PlaceToInterestPageTest -->
