<?xml version="1.0" encoding="UTF-8"?>
<!-- Generated by org.testng.reporters.JUnitReportReporter -->
<testsuite hostname="DESKTOP-G59H6AO" name="com.kolhapur.testcases.FeedBackPageTest" tests="3" failures="0" timestamp="11 Dec 2021 04:51:02 GMT" time="133.740" errors="0">
  <testcase name="passdata_test" time="45.452" classname="com.kolhapur.testcases.FeedBackPageTest"/>
  <testcase name="passdata_test" time="51.977" classname="com.kolhapur.testcases.FeedBackPageTest"/>
  <testcase name="passdata_test" time="36.311" classname="com.kolhapur.testcases.FeedBackPageTest"/>
</testsuite> <!-- com.kolhapur.testcases.FeedBackPageTest -->
