<?xml version="1.0" encoding="UTF-8"?>
<!-- Generated by org.testng.reporters.JUnitReportReporter -->
<testsuite hostname="DESKTOP-G59H6AO" name="com.kolhapur.testcases.HomePageTest" tests="3" failures="0" timestamp="10 Dec 2021 14:35:35 GMT" time="27.713" errors="0">
  <testcase name="verify_howtosearch_link_test" time="7.151" classname="com.kolhapur.testcases.HomePageTest"/>
  <testcase name="verify_publicutilities_link_test" time="8.814" classname="com.kolhapur.testcases.HomePageTest"/>
  <testcase name="verify_directory_link_test" time="11.748" classname="com.kolhapur.testcases.HomePageTest"/>
</testsuite> <!-- com.kolhapur.testcases.HomePageTest -->
