<?xml version="1.0" encoding="UTF-8"?>
<!-- Generated by org.testng.reporters.JUnitReportReporter -->
<testsuite hostname="DESKTOP-G59H6AO" name="com.kolhapur.testcases.HomePageTest" tests="2" failures="0" timestamp="2 Jan 2022 12:17:07 GMT" time="14.785" errors="0">
  <testcase name="place_to_interest_test" time="8.913" classname="com.kolhapur.testcases.HomePageTest"/>
  <testcase name="verify_newupdate_test" time="5.872" classname="com.kolhapur.testcases.HomePageTest"/>
</testsuite> <!-- com.kolhapur.testcases.HomePageTest -->
