<?xml version="1.0" encoding="UTF-8"?>
<!-- Generated by org.testng.reporters.JUnitReportReporter -->
<testsuite hostname="DESKTOP-G59H6AO" name="com.kolhapur.testcases.HomePageTest" tests="2" failures="0" timestamp="31 Dec 2021 14:54:17 GMT" time="24.904" errors="0">
  <testcase name="place_to_interest_test" time="13.433" classname="com.kolhapur.testcases.HomePageTest"/>
  <testcase name="verify_newupdate_test" time="11.471" classname="com.kolhapur.testcases.HomePageTest"/>
</testsuite> <!-- com.kolhapur.testcases.HomePageTest -->
