<?xml version="1.0" encoding="UTF-8"?>
<!-- Generated by org.testng.reporters.JUnitReportReporter -->
<testsuite hostname="DESKTOP-G59H6AO" name="com.kolhapue.testcases.HomePageTest" tests="3" failures="0" timestamp="10 Dec 2021 12:06:39 GMT" time="23.264" errors="0">
  <testcase name="verify_howtosearch_link_test" time="8.227" classname="com.kolhapue.testcases.HomePageTest"/>
  <testcase name="verify_directory_link_test" time="7.437" classname="com.kolhapue.testcases.HomePageTest"/>
  <testcase name="verify_publicutilities_link_test" time="7.600" classname="com.kolhapue.testcases.HomePageTest"/>
</testsuite> <!-- com.kolhapue.testcases.HomePageTest -->
