<?xml version="1.0" encoding="UTF-8"?>
<!-- Generated by org.testng.reporters.JUnitReportReporter -->
<testsuite hostname="DESKTOP-G59H6AO" name="com.kolhapur.testcases.FeedBackPageTest" tests="3" failures="0" timestamp="11 Dec 2021 05:18:23 GMT" time="260.447" errors="0">
  <testcase name="passdata_test" time="84.573" classname="com.kolhapur.testcases.FeedBackPageTest"/>
  <testcase name="passdata_test" time="75.559" classname="com.kolhapur.testcases.FeedBackPageTest"/>
  <testcase name="passdata_test" time="100.315" classname="com.kolhapur.testcases.FeedBackPageTest"/>
</testsuite> <!-- com.kolhapur.testcases.FeedBackPageTest -->
