<?xml version="1.0" encoding="UTF-8"?>
<!-- Generated by org.testng.reporters.JUnitReportReporter -->
<testsuite hostname="DESKTOP-G59H6AO" name="com.kolhapur.testcases.FeedBackPageTest" tests="3" failures="0" timestamp="3 Jan 2022 11:01:20 GMT" time="117.522" errors="0">
  <testcase name="passdata_test" time="32.629" classname="com.kolhapur.testcases.FeedBackPageTest"/>
  <testcase name="passdata_test" time="40.652" classname="com.kolhapur.testcases.FeedBackPageTest"/>
  <testcase name="passdata_test" time="44.241" classname="com.kolhapur.testcases.FeedBackPageTest"/>
</testsuite> <!-- com.kolhapur.testcases.FeedBackPageTest -->
