<?xml version="1.0" encoding="UTF-8"?>
<!-- Generated by org.testng.reporters.JUnitReportReporter -->
<testsuite hostname="DESKTOP-G59H6AO" name="com.kolhapur.testcases.HomePageTest" tests="2" failures="0" timestamp="3 Jan 2022 11:01:20 GMT" time="83.413" errors="0">
  <testcase name="verify_newupdate_test" time="30.791" classname="com.kolhapur.testcases.HomePageTest"/>
  <testcase name="place_to_interest_test" time="52.622" classname="com.kolhapur.testcases.HomePageTest"/>
</testsuite> <!-- com.kolhapur.testcases.HomePageTest -->
