<?xml version="1.0" encoding="UTF-8"?>
<!-- Generated by org.testng.reporters.JUnitReportReporter -->
<testsuite hostname="DESKTOP-G59H6AO" name="com.kolhapur.testcases.HomePageTest" tests="5" failures="0" timestamp="11 Dec 2021 05:18:23 GMT" time="161.314" errors="0">
  <testcase name="verify_howtosearch_link_test" time="24.174" classname="com.kolhapur.testcases.HomePageTest"/>
  <testcase name="verify_digital_india_logo_test" time="15.826" classname="com.kolhapur.testcases.HomePageTest"/>
  <testcase name="verify_public_utilities_link_test" time="14.615" classname="com.kolhapur.testcases.HomePageTest"/>
  <testcase name="verify_directory_link_test" time="25.630" classname="com.kolhapur.testcases.HomePageTest"/>
  <testcase name="verify_feedback_link_test" time="81.069" classname="com.kolhapur.testcases.HomePageTest"/>
</testsuite> <!-- com.kolhapur.testcases.HomePageTest -->
